<Event xmlns="http://schemas.microsoft.com/win/2004/08/events/event">
    <System>
      <Provider Name="Microsoft-Windows-Security-Auditing"/>
      <EventID>4624</EventID>
      <Level>0</Level>
      <Task>0</Task>
      <Opcode>0</Opcode>
      <Keywords>0x8020000000000000</Keywords>
      <TimeCreated SystemTime="2026-07-01T19:35:08Z"/>
      <EventRecordID>617620</EventRecordID>
      <Channel>Security</Channel>
      <Computer>win-admin-01.corp.local</Computer>
      <Security/>
    </System>
    <EventData>
    <Data Name="ArtifactEventId">artifact-winsec-20260706-005856</Data>
    <Data Name="TargetUserName">svc_app</Data>
    <Data Name="TargetDomainName">CORP</Data>
    <Data Name="IpAddress">10.20.20.87</Data>
    <Data Name="LogonType">10</Data>
    <Data Name="Status">0x0</Data>
    </EventData>
  </Event>
  <Event xmlns="http://schemas.microsoft.com/win/2004/08/events/event">
    <System>
      <Provider Name="Microsoft-Windows-Security-Auditing"/>
      <EventID>4624</EventID>
      <Level>0</Level>
      <Task>0</Task>
      <Opcode>0</Opcode>
      <Keywords>0x8020000000000000</Keywords>
      <TimeCreated SystemTime="2026-07-01T19:35:44Z"/>
      <EventRecordID>500829</EventRecordID>
      <Channel>Security</Channel>
      <Computer>finance-pc-07.corp.local</Computer>
      <Security/>
    </System>
    <EventData>
    <Data Name="ArtifactEventId">artifact-winsec-20260706-015704</Data>
    <Data Name="TargetUserName">developer.zhao</Data>
    <Data Name="TargetDomainName">CORP</Data>
    <Data Name="IpAddress">10.20.30.11</Data>
    <Data Name="LogonType">7</Data>
    <Data Name="Status">0x0</Data>
    </EventData>
  </Event>
  <Event xmlns="http://schemas.microsoft.com/win/2004/08/events/event">
    <System>
      <Provider Name="Microsoft-Windows-Security-Auditing"/>
      <EventID>4624</EventID>
      <Level>0</Level>
      <Task>0</Task>
      <Opcode>0</Opcode>
      <Keywords>0x8020000000000000</Keywords>
      <TimeCreated SystemTime="2026-07-01T19:35:59Z"/>
      <EventRecordID>619173</EventRecordID>
      <Channel>Security</Channel>
      <Computer>file-srv-01.corp.local</Computer>
      <Security/>
    </System>
    <EventData>
    <Data Name="ArtifactEventId">artifact-winsec-20260706-004006</Data>
    <Data Name="TargetUserName">developer.zhao</Data>
    <Data Name="TargetDomainName">CORP</Data>
    <Data Name="IpAddress">10.20.20.33</Data>
    <Data Name="LogonType">7</Data>
    <Data Name="Status">0x0</Data>
    </EventData>
  </Event>
  <Event xmlns="http://schemas.microsoft.com/win/2004/08/events/event">
    <System>
      <Provider Name="Microsoft-Windows-Security-Auditing"/>
      <EventID>4672</EventID>
      <Level>0</Level>
      <Task>0</Task>
      <Opcode>0</Opcode>
      <Keywords>0x8020000000000000</Keywords>
      <TimeCreated SystemTime="2026-07-01T19:37:46Z"/>
      <EventRecordID>384260</EventRecordID>
      <Channel>Security</Channel>
      <Computer>file-srv-01.corp.local</Computer>
      <Security/>
    </System>
    <EventData>
    <Data Name="ArtifactEventId">artifact-winsec-20260706-002891</Data>
    <Data Name="TargetUserName">admin.li</Data>
    <Data Name="TargetDomainName">CORP</Data>
    <Data Name="IpAddress">10.20.20.87</Data>
    <Data Name="LogonType">7</Data>
    <Data Name="Status">0x0</Data>
    </EventData>
  </Event>
  <Event xmlns="http://schemas.microsoft.com/win/2004/08/events/event">
    <System>
      <Provider Name="Microsoft-Windows-Security-Auditing"/>
      <EventID>4672</EventID>
      <Level>0</Level>
      <Task>0</Task>
      <Opcode>0</Opcode>
      <Keywords>0x8020000000000000</Keywords>
      <TimeCreated SystemTime="2026-07-01T19:38:17Z"/>
      <EventRecordID>532930</EventRecordID>
      <Channel>Security</Channel>
      <Computer>file-srv-01.corp.local</Computer>
      <Security/>
    </System>
    <EventData>
    <Data Name="ArtifactEventId">artifact-winsec-20260706-003088</Data>
    <Data Name="TargetUserName">admin.li</Data>
    <Data Name="TargetDomainName">CORP</Data>
    <Data Name="IpAddress">10.20.30.11</Data>
    <Data Name="LogonType">10</Data>
    <Data Name="Status">0x0</Data>
    </EventData>
  </Event>
  <Event xmlns="http://schemas.microsoft.com/win/2004/08/events/event">
    <System>
      <Provider Name="Microsoft-Windows-Security-Auditing"/>
      <EventID>4624</EventID>
      <Level>0</Level>
      <Task>0</Task>
      <Opcode>0</Opcode>
      <Keywords>0x8020000000000000</Keywords>
      <TimeCreated SystemTime="2026-07-01T19:38:20Z"/>
      <EventRecordID>424753</EventRecordID>
      <Channel>Security</Channel>
      <Computer>finance-pc-07.corp.local</Computer>
      <Security/>
    </System>
    <EventData>
    <Data Name="ArtifactEventId">artifact-winsec-20260706-005737</Data>
    <Data Name="TargetUserName">wang.mei</Data>
    <Data Name="TargetDomainName">CORP</Data>
    <Data Name="IpAddress">10.20.30.11</Data>
    <Data Name="LogonType">7</Data>
    <Data Name="Status">0x0</Data>
    </EventData>
  </Event>
  <Event xmlns="http://schemas.microsoft.com/win/2004/08/events/event">
    <System>
      <Provider Name="Microsoft-Windows-Security-Auditing"/>
      <EventID>4634</EventID>
      <Level>0</Level>
      <Task>0</Task>
      <Opcode>0</Opcode>
      <Keywords>0x8020000000000000</Keywords>
      <TimeCreated SystemTime="2026-07-01T19:38:24Z"/>
      <EventRecordID>767103</EventRecordID>
      <Channel>Security</Channel>
      <Computer>win-admin-01.corp.local</Computer>
      <Security/>
    </System>
    <EventData>
    <Data Name="ArtifactEventId">artifact-winsec-20260706-014895</Data>
    <Data Name="TargetUserName">svc_backup</Data>
    <Data Name="TargetDomainName">CORP</Data>
    <Data Name="IpAddress">10.20.20.33</Data>
    <Data Name="LogonType">2</Data>
    <Data Name="Status">0x0</Data>
    </EventData>
  </Event>
  <Event xmlns="http://schemas.microsoft.com/win/2004/08/events/event">
    <System>
      <Provider Name="Microsoft-Windows-Security-Auditing"/>
      <EventID>4625</EventID>
      <Level>0</Level>
      <Task>0</Task>
      <Opcode>0</Opcode>
      <Keywords>0x8020000000000000</Keywords>
      <TimeCreated SystemTime="2026-07-01T19:38:27Z"/>
      <EventRecordID>467770</EventRecordID>
      <Channel>Security</Channel>
      <Computer>win-admin-01.corp.local</Computer>
      <Security/>
    </System>
    <EventData>
    <Data Name="ArtifactEventId">artifact-winsec-20260706-007576</Data>
    <Data Name="TargetUserName">svc_app</Data>
    <Data Name="TargetDomainName">CORP</Data>
    <Data Name="IpAddress">10.20.25.87</Data>
    <Data Name="LogonType">2</Data>
    <Data Name="Status">0xc0000234</Data>
    </EventData>
  </Event>
  <Event xmlns="http://schemas.microsoft.com/win/2004/08/events/event">
    <System>
      <Provider Name="Microsoft-Windows-Security-Auditing"/>
      <EventID>4769</EventID>
      <Level>0</Level>
      <Task>0</Task>
      <Opcode>0</Opcode>
      <Keywords>0x8020000000000000</Keywords>
      <TimeCreated SystemTime="2026-07-01T19:38:35Z"/>
      <EventRecordID>765208</EventRecordID>
      <Channel>Security</Channel>
      <Computer>finance-pc-07.corp.local</Computer>
      <Security/>
    </System>
    <EventData>
    <Data Name="ArtifactEventId">artifact-winsec-20260706-014882</Data>
    <Data Name="TargetUserName">svc_backup</Data>
    <Data Name="TargetDomainName">CORP</Data>
    <Data Name="IpAddress">10.20.20.33</Data>
    <Data Name="LogonType">10</Data>
    <Data Name="Status">0x0</Data>
    </EventData>
  </Event>
  <Event xmlns="http://schemas.microsoft.com/win/2004/08/events/event">
    <System>
      <Provider Name="Microsoft-Windows-Security-Auditing"/>
      <EventID>4624</EventID>
      <Level>0</Level>
      <Task>0</Task>
      <Opcode>0</Opcode>
      <Keywords>0x8020000000000000</Keywords>
      <TimeCreated SystemTime="2026-07-01T19:38:39Z"/>
      <EventRecordID>246272</EventRecordID>
      <Channel>Security</Channel>
      <Computer>win-admin-01.corp.local</Computer>
      <Security/>
    </System>
    <EventData>
    <Data Name="ArtifactEventId">artifact-winsec-20260706-009654</Data>
    <Data Name="TargetUserName">svc_backup</Data>
    <Data Name="TargetDomainName">CORP</Data>
    <Data Name="IpAddress">10.20.20.87</Data>
    <Data Name="LogonType">2</Data>
    <Data Name="Status">0x0</Data>
    </EventData>
  </Event>
  <Event xmlns="http://schemas.microsoft.com/win/2004/08/events/event">
    <System>
      <Provider Name="Microsoft-Windows-Security-Auditing"/>
      <EventID>4624</EventID>
      <Level>0</Level>
      <Task>0</Task>
      <Opcode>0</Opcode>
      <Keywords>0x8020000000000000</Keywords>
      <TimeCreated SystemTime="2026-07-01T19:38:50Z"/>
      <EventRecordID>465046</EventRecordID>
      <Channel>Security</Channel>
      <Computer>finance-pc-07.corp.local</Computer>
      <Security/>
    </System>
    <EventData>
    <Data Name="ArtifactEventId">artifact-winsec-20260706-000677</Data>
    <Data Name="TargetUserName">chen.yu</Data>
    <Data Name="TargetDomainName">CORP</Data>
    <Data Name="IpAddress">10.20.30.11</Data>
    <Data Name="LogonType">3</Data>
    <Data Name="Status">0x0</Data>
    </EventData>
  </Event>
  <Event xmlns="http://schemas.microsoft.com/win/2004/08/events/event">
    <System>
      <Provider Name="Microsoft-Windows-Security-Auditing"/>
      <EventID>4634</EventID>
      <Level>0</Level>
      <Task>0</Task>
      <Opcode>0</Opcode>
      <Keywords>0x8020000000000000</Keywords>
      <TimeCreated SystemTime="2026-07-01T19:39:01Z"/>
      <EventRecordID>606914</EventRecordID>
      <Channel>Security</Channel>
      <Computer>ad-dc-01.corp.local</Computer>
      <Security/>
    </System>
    <EventData>
    <Data Name="ArtifactEventId">artifact-winsec-20260706-012634</Data>
    <Data Name="TargetUserName">wang.mei</Data>
    <Data Name="TargetDomainName">CORP</Data>
    <Data Name="IpAddress">10.20.20.87</Data>
    <Data Name="LogonType">2</Data>
    <Data Name="Status">0x0</Data>
    </EventData>
  </Event>
  <Event xmlns="http://schemas.microsoft.com/win/2004/08/events/event">
    <System>
      <Provider Name="Microsoft-Windows-Security-Auditing"/>
      <EventID>4624</EventID>
      <Level>0</Level>
      <Task>0</Task>
      <Opcode>0</Opcode>
      <Keywords>0x8020000000000000</Keywords>
      <TimeCreated SystemTime="2026-07-01T19:39:30Z"/>
      <EventRecordID>900889</EventRecordID>
      <Channel>Security</Channel>
      <Computer>file-srv-01.corp.local</Computer>
      <Security/>
    </System>
    <EventData>
    <Data Name="ArtifactEventId">artifact-winsec-20260706-011342</Data>
    <Data Name="TargetUserName">chen.yu</Data>
    <Data Name="TargetDomainName">CORP</Data>
    <Data Name="IpAddress">10.20.20.33</Data>
    <Data Name="LogonType">10</Data>
    <Data Name="Status">0x0</Data>
    </EventData>
  </Event>
  <Event xmlns="http://schemas.microsoft.com/win/2004/08/events/event">
    <System>
      <Provider Name="Microsoft-Windows-Security-Auditing"/>
      <EventID>4625</EventID>
      <Level>0</Level>
      <Task>0</Task>
      <Opcode>0</Opcode>
      <Keywords>0x8020000000000000</Keywords>
      <TimeCreated SystemTime="2026-07-01T19:39:35Z"/>
      <EventRecordID>879094</EventRecordID>
      <Channel>Security</Channel>
      <Computer>file-srv-01.corp.local</Computer>
      <Security/>
    </System>
    <EventData>
    <Data Name="ArtifactEventId">artifact-winsec-20260706-005434</Data>
    <Data Name="TargetUserName">svc_backup</Data>
    <Data Name="TargetDomainName">CORP</Data>
    <Data Name="IpAddress">10.20.30.11</Data>
    <Data Name="LogonType">7</Data>
    <Data Name="Status">0xc000006a</Data>
    </EventData>
  </Event>
  <Event xmlns="http://schemas.microsoft.com/win/2004/08/events/event">
    <System>
      <Provider Name="Microsoft-Windows-Security-Auditing"/>
      <EventID>4624</EventID>
      <Level>0</Level>
      <Task>0</Task>
      <Opcode>0</Opcode>
      <Keywords>0x8020000000000000</Keywords>
      <TimeCreated SystemTime="2026-07-01T19:40:56Z"/>
      <EventRecordID>149729</EventRecordID>
      <Channel>Security</Channel>
      <Computer>finance-pc-07.corp.local</Computer>
      <Security/>
    </System>
    <EventData>
    <Data Name="ArtifactEventId">artifact-winsec-20260706-015453</Data>
    <Data Name="TargetUserName">svc_app</Data>
    <Data Name="TargetDomainName">CORP</Data>
    <Data Name="IpAddress">10.20.30.11</Data>
    <Data Name="LogonType">2</Data>
    <Data Name="Status">0x0</Data>
    </EventData>
  </Event>
  <Event xmlns="http://schemas.microsoft.com/win/2004/08/events/event">
    <System>
      <Provider Name="Microsoft-Windows-Security-Auditing"/>
      <EventID>4625</EventID>
      <Level>0</Level>
      <Task>0</Task>
      <Opcode>0</Opcode>
      <Keywords>0x8020000000000000</Keywords>
      <TimeCreated SystemTime="2026-07-01T19:41:29Z"/>
      <EventRecordID>965674</EventRecordID>
      <Channel>Security</Channel>
      <Computer>win-admin-01.corp.local</Computer>
      <Security/>
    </System>
    <EventData>
    <Data Name="ArtifactEventId">artifact-winsec-20260706-004080</Data>
    <Data Name="TargetUserName">svc_app</Data>
    <Data Name="TargetDomainName">CORP</Data>
    <Data Name="IpAddress">10.20.20.33</Data>
    <Data Name="LogonType">3</Data>
    <Data Name="Status">0xc0000234</Data>
    </EventData>
  </Event>
  <Event xmlns="http://schemas.microsoft.com/win/2004/08/events/event">
    <System>
      <Provider Name="Microsoft-Windows-Security-Auditing"/>
      <EventID>4624</EventID>
      <Level>0</Level>
      <Task>0</Task>
      <Opcode>0</Opcode>
      <Keywords>0x8020000000000000</Keywords>
      <TimeCreated SystemTime="2026-07-01T19:41:55Z"/>
      <EventRecordID>873725</EventRecordID>
      <Channel>Security</Channel>
      <Computer>finance-pc-07.corp.local</Computer>
      <Security/>
    </System>
    <EventData>
    <Data Name="ArtifactEventId">artifact-winsec-20260706-011691</Data>
    <Data Name="TargetUserName">developer.zhao</Data>
    <Data Name="TargetDomainName">CORP</Data>
    <Data Name="IpAddress">10.20.20.87</Data>
    <Data Name="LogonType">7</Data>
    <Data Name="Status">0x0</Data>
    </EventData>
  </Event>
  <Event xmlns="http://schemas.microsoft.com/win/2004/08/events/event">
    <System>
      <Provider Name="Microsoft-Windows-Security-Auditing"/>
      <EventID>4624</EventID>
      <Level>0</Level>
      <Task>0</Task>
      <Opcode>0</Opcode>
      <Keywords>0x8020000000000000</Keywords>
      <TimeCreated SystemTime="2026-07-01T19:42:06Z"/>
      <EventRecordID>651438</EventRecordID>
      <Channel>Security</Channel>
      <Computer>finance-pc-07.corp.local</Computer>
      <Security/>
    </System>
    <EventData>
    <Data Name="ArtifactEventId">artifact-winsec-20260706-004141</Data>
    <Data Name="TargetUserName">svc_app</Data>
    <Data Name="TargetDomainName">CORP</Data>
    <Data Name="IpAddress">10.20.25.87</Data>
    <Data Name="LogonType">3</Data>
    <Data Name="Status">0x0</Data>
    </EventData>
  </Event>
  <Event xmlns="http://schemas.microsoft.com/win/2004/08/events/event">
    <System>
      <Provider Name="Microsoft-Windows-Security-Auditing"/>
      <EventID>4769</EventID>
      <Level>0</Level>
      <Task>0</Task>
      <Opcode>0</Opcode>
      <Keywords>0x8020000000000000</Keywords>
      <TimeCreated SystemTime="2026-07-01T19:42:16Z"/>
      <EventRecordID>804092</EventRecordID>
      <Channel>Security</Channel>
      <Computer>ad-dc-01.corp.local</Computer>
      <Security/>
    </System>
    <EventData>
    <Data Name="ArtifactEventId">artifact-winsec-20260706-000968</Data>
    <Data Name="TargetUserName">admin.li</Data>
    <Data Name="TargetDomainName">CORP</Data>
    <Data Name="IpAddress">10.20.20.87</Data>
    <Data Name="LogonType">2</Data>
    <Data Name="Status">0x0</Data>
    </EventData>
  </Event>
  <Event xmlns="http://schemas.microsoft.com/win/2004/08/events/event">
    <System>
      <Provider Name="Microsoft-Windows-Security-Auditing"/>
      <EventID>4769</EventID>
      <Level>0</Level>
      <Task>0</Task>
      <Opcode>0</Opcode>
      <Keywords>0x8020000000000000</Keywords>
      <TimeCreated SystemTime="2026-07-01T19:42:30Z"/>
      <EventRecordID>386853</EventRecordID>
      <Channel>Security</Channel>
      <Computer>win-admin-01.corp.local</Computer>
      <Security/>
    </System>
    <EventData>
    <Data Name="ArtifactEventId">artifact-winsec-20260706-009907</Data>
    <Data Name="TargetUserName">developer.zhao</Data>
    <Data Name="TargetDomainName">CORP</Data>
    <Data Name="IpAddress">10.20.25.87</Data>
    <Data Name="LogonType">10</Data>
    <Data Name="Status">0x0</Data>
    </EventData>
  </Event>
  <Event xmlns="http://schemas.microsoft.com/win/2004/08/events/event">
    <System>
      <Provider Name="Microsoft-Windows-Security-Auditing"/>
      <EventID>4634</EventID>
      <Level>0</Level>
      <Task>0</Task>
      <Opcode>0</Opcode>
      <Keywords>0x8020000000000000</Keywords>
      <TimeCreated SystemTime="2026-07-01T19:42:32Z"/>
      <EventRecordID>371213</EventRecordID>
      <Channel>Security</Channel>
      <Computer>ad-dc-01.corp.local</Computer>
      <Security/>
    </System>
    <EventData>
    <Data Name="ArtifactEventId">artifact-winsec-20260706-010581</Data>
    <Data Name="TargetUserName">svc_backup</Data>
    <Data Name="TargetDomainName">CORP</Data>
    <Data Name="IpAddress">10.20.25.87</Data>
    <Data Name="LogonType">3</Data>
    <Data Name="Status">0x0</Data>
    </EventData>
  </Event>
  <Event xmlns="http://schemas.microsoft.com/win/2004/08/events/event">
    <System>
      <Provider Name="Microsoft-Windows-Security-Auditing"/>
      <EventID>4768</EventID>
      <Level>0</Level>
      <Task>0</Task>
      <Opcode>0</Opcode>
      <Keywords>0x8020000000000000</Keywords>
      <TimeCreated SystemTime="2026-07-01T19:42:33Z"/>
      <EventRecordID>879145</EventRecordID>
      <Channel>Security</Channel>
      <Computer>finance-pc-07.corp.local</Computer>
      <Security/>
    </System>
    <EventData>
    <Data Name="ArtifactEventId">artifact-winsec-20260706-010514</Data>
    <Data Name="TargetUserName">svc_app</Data>
    <Data Name="TargetDomainName">CORP</Data>
    <Data Name="IpAddress">10.20.20.33</Data>
    <Data Name="LogonType">10</Data>
    <Data Name="Status">0x0</Data>
    </EventData>
  </Event>
  <Event xmlns="http://schemas.microsoft.com/win/2004/08/events/event">
    <System>
      <Provider Name="Microsoft-Windows-Security-Auditing"/>
      <EventID>4672</EventID>
      <Level>0</Level>
      <Task>0</Task>
      <Opcode>0</Opcode>
      <Keywords>0x8020000000000000</Keywords>
      <TimeCreated SystemTime="2026-07-01T19:43:34Z"/>
      <EventRecordID>593732</EventRecordID>
      <Channel>Security</Channel>
      <Computer>file-srv-01.corp.local</Computer>
      <Security/>
    </System>
    <EventData>
    <Data Name="ArtifactEventId">artifact-winsec-20260706-009638</Data>
    <Data Name="TargetUserName">chen.yu</Data>
    <Data Name="TargetDomainName">CORP</Data>
    <Data Name="IpAddress">10.20.20.33</Data>
    <Data Name="LogonType">2</Data>
    <Data Name="Status">0x0</Data>
    </EventData>
  </Event>
  <Event xmlns="http://schemas.microsoft.com/win/2004/08/events/event">
    <System>
      <Provider Name="Microsoft-Windows-Security-Auditing"/>
      <EventID>4625</EventID>
      <Level>0</Level>
      <Task>0</Task>
      <Opcode>0</Opcode>
      <Keywords>0x8020000000000000</Keywords>
      <TimeCreated SystemTime="2026-07-01T19:44:39Z"/>
      <EventRecordID>208902</EventRecordID>
      <Channel>Security</Channel>
      <Computer>finance-pc-07.corp.local</Computer>
      <Security/>
    </System>
    <EventData>
    <Data Name="ArtifactEventId">artifact-winsec-20260706-012269</Data>
    <Data Name="TargetUserName">svc_backup</Data>
    <Data Name="TargetDomainName">CORP</Data>
    <Data Name="IpAddress">10.20.30.11</Data>
    <Data Name="LogonType">7</Data>
    <Data Name="Status">0xc0000234</Data>
    </EventData>
  </Event>
  <Event xmlns="http://schemas.microsoft.com/win/2004/08/events/event">
    <System>
      <Provider Name="Microsoft-Windows-Security-Auditing"/>
      <EventID>4624</EventID>
      <Level>0</Level>
      <Task>0</Task>
      <Opcode>0</Opcode>
      <Keywords>0x8020000000000000</Keywords>
      <TimeCreated SystemTime="2026-07-01T19:44:47Z"/>
      <EventRecordID>246147</EventRecordID>
      <Channel>Security</Channel>
      <Computer>finance-pc-07.corp.local</Computer>
      <Security/>
    </System>
    <EventData>
    <Data Name="ArtifactEventId">artifact-winsec-20260706-004797</Data>
    <Data Name="TargetUserName">svc_backup</Data>
    <Data Name="TargetDomainName">CORP</Data>
    <Data Name="IpAddress">10.20.30.11</Data>
    <Data Name="LogonType">7</Data>
    <Data Name="Status">0x0</Data>
    </EventData>
  </Event>
  <Event xmlns="http://schemas.microsoft.com/win/2004/08/events/event">
    <System>
      <Provider Name="Microsoft-Windows-Security-Auditing"/>
      <EventID>4768</EventID>
      <Level>0</Level>
      <Task>0</Task>
      <Opcode>0</Opcode>
      <Keywords>0x8020000000000000</Keywords>
      <TimeCreated SystemTime="2026-07-01T19:46:17Z"/>
      <EventRecordID>786624</EventRecordID>
      <Channel>Security</Channel>
      <Computer>finance-pc-07.corp.local</Computer>
      <Security/>
    </System>
    <EventData>
    <Data Name="ArtifactEventId">artifact-winsec-20260706-013386</Data>
    <Data Name="TargetUserName">svc_app</Data>
    <Data Name="TargetDomainName">CORP</Data>
    <Data Name="IpAddress">10.20.30.11</Data>
    <Data Name="LogonType">7</Data>
    <Data Name="Status">0x0</Data>
    </EventData>
  </Event>
  <Event xmlns="http://schemas.microsoft.com/win/2004/08/events/event">
    <System>
      <Provider Name="Microsoft-Windows-Security-Auditing"/>
      <EventID>4768</EventID>
      <Level>0</Level>
      <Task>0</Task>
      <Opcode>0</Opcode>
      <Keywords>0x8020000000000000</Keywords>
      <TimeCreated SystemTime="2026-07-01T19:46:20Z"/>
      <EventRecordID>700979</EventRecordID>
      <Channel>Security</Channel>
      <Computer>ad-dc-01.corp.local</Computer>
      <Security/>
    </System>
    <EventData>
    <Data Name="ArtifactEventId">artifact-winsec-20260706-008581</Data>
    <Data Name="TargetUserName">developer.zhao</Data>
    <Data Name="TargetDomainName">CORP</Data>
    <Data Name="IpAddress">10.20.20.33</Data>
    <Data Name="LogonType">3</Data>
    <Data Name="Status">0x0</Data>
    </EventData>
  </Event>
  <Event xmlns="http://schemas.microsoft.com/win/2004/08/events/event">
    <System>
      <Provider Name="Microsoft-Windows-Security-Auditing"/>
      <EventID>4672</EventID>
      <Level>0</Level>
      <Task>0</Task>
      <Opcode>0</Opcode>
      <Keywords>0x8020000000000000</Keywords>
      <TimeCreated SystemTime="2026-07-01T19:46:34Z"/>
      <EventRecordID>992276</EventRecordID>
      <Channel>Security</Channel>
      <Computer>file-srv-01.corp.local</Computer>
      <Security/>
    </System>
    <EventData>
    <Data Name="ArtifactEventId">artifact-winsec-20260706-012244</Data>
    <Data Name="TargetUserName">wang.mei</Data>
    <Data Name="TargetDomainName">CORP</Data>
    <Data Name="IpAddress">10.20.20.33</Data>
    <Data Name="LogonType">10</Data>
    <Data Name="Status">0x0</Data>
    </EventData>
  </Event>
  <Event xmlns="http://schemas.microsoft.com/win/2004/08/events/event">
    <System>
      <Provider Name="Microsoft-Windows-Security-Auditing"/>
      <EventID>4624</EventID>
      <Level>0</Level>
      <Task>0</Task>
      <Opcode>0</Opcode>
      <Keywords>0x8020000000000000</Keywords>
      <TimeCreated SystemTime="2026-07-01T19:47:10Z"/>
      <EventRecordID>491770</EventRecordID>
      <Channel>Security</Channel>
      <Computer>file-srv-01.corp.local</Computer>
      <Security/>
    </System>
    <EventData>
    <Data Name="ArtifactEventId">artifact-winsec-20260706-000636</Data>
    <Data Name="TargetUserName">chen.yu</Data>
    <Data Name="TargetDomainName">CORP</Data>
    <Data Name="IpAddress">10.20.30.11</Data>
    <Data Name="LogonType">7</Data>
    <Data Name="Status">0x0</Data>
    </EventData>
  </Event>
  <Event xmlns="http://schemas.microsoft.com/win/2004/08/events/event">
    <System>
      <Provider Name="Microsoft-Windows-Security-Auditing"/>
      <EventID>4634</EventID>
      <Level>0</Level>
      <Task>0</Task>
      <Opcode>0</Opcode>
      <Keywords>0x8020000000000000</Keywords>
      <TimeCreated SystemTime="2026-07-01T19:47:17Z"/>
      <EventRecordID>219506</EventRecordID>
      <Channel>Security</Channel>
      <Computer>win-admin-01.corp.local</Computer>
      <Security/>
    </System>
    <EventData>
    <Data Name="ArtifactEventId">artifact-winsec-20260706-014082</Data>
    <Data Name="TargetUserName">svc_app</Data>
    <Data Name="TargetDomainName">CORP</Data>
    <Data Name="IpAddress">10.20.25.87</Data>
    <Data Name="LogonType">2</Data>
    <Data Name="Status">0x0</Data>
    </EventData>
  </Event>
  <Event xmlns="http://schemas.microsoft.com/win/2004/08/events/event">
    <System>
      <Provider Name="Microsoft-Windows-Security-Auditing"/>
      <EventID>4768</EventID>
      <Level>0</Level>
      <Task>0</Task>
      <Opcode>0</Opcode>
      <Keywords>0x8020000000000000</Keywords>
      <TimeCreated SystemTime="2026-07-01T19:47:40Z"/>
      <EventRecordID>922213</EventRecordID>
      <Channel>Security</Channel>
      <Computer>ad-dc-01.corp.local</Computer>
      <Security/>
    </System>
    <EventData>
    <Data Name="ArtifactEventId">artifact-winsec-20260706-009202</Data>
    <Data Name="TargetUserName">developer.zhao</Data>
    <Data Name="TargetDomainName">CORP</Data>
    <Data Name="IpAddress">10.20.20.33</Data>
    <Data Name="LogonType">10</Data>
    <Data Name="Status">0x0</Data>
    </EventData>
  </Event>
  <Event xmlns="http://schemas.microsoft.com/win/2004/08/events/event">
    <System>
      <Provider Name="Microsoft-Windows-Security-Auditing"/>
      <EventID>4625</EventID>
      <Level>0</Level>
      <Task>0</Task>
      <Opcode>0</Opcode>
      <Keywords>0x8020000000000000</Keywords>
      <TimeCreated SystemTime="2026-07-01T19:47:44Z"/>
      <EventRecordID>888515</EventRecordID>
      <Channel>Security</Channel>
      <Computer>ad-dc-01.corp.local</Computer>
      <Security/>
    </System>
    <EventData>
    <Data Name="ArtifactEventId">artifact-winsec-20260706-015724</Data>
    <Data Name="TargetUserName">wang.mei</Data>
    <Data Name="TargetDomainName">CORP</Data>
    <Data Name="IpAddress">10.20.20.87</Data>
    <Data Name="LogonType">3</Data>
    <Data Name="Status">0xc0000234</Data>
    </EventData>
  </Event>
  <Event xmlns="http://schemas.microsoft.com/win/2004/08/events/event">
    <System>
      <Provider Name="Microsoft-Windows-Security-Auditing"/>
      <EventID>4672</EventID>
      <Level>0</Level>
      <Task>0</Task>
      <Opcode>0</Opcode>
      <Keywords>0x8020000000000000</Keywords>
      <TimeCreated SystemTime="2026-07-01T19:47:59Z"/>
      <EventRecordID>370621</EventRecordID>
      <Channel>Security</Channel>
      <Computer>ad-dc-01.corp.local</Computer>
      <Security/>
    </System>
    <EventData>
    <Data Name="ArtifactEventId">artifact-winsec-20260706-015448</Data>
    <Data Name="TargetUserName">svc_backup</Data>
    <Data Name="TargetDomainName">CORP</Data>
    <Data Name="IpAddress">10.20.20.87</Data>
    <Data Name="LogonType">7</Data>
    <Data Name="Status">0x0</Data>
    </EventData>
  </Event>
  <Event xmlns="http://schemas.microsoft.com/win/2004/08/events/event">
    <System>
      <Provider Name="Microsoft-Windows-Security-Auditing"/>
      <EventID>4672</EventID>
      <Level>0</Level>
      <Task>0</Task>
      <Opcode>0</Opcode>
      <Keywords>0x8020000000000000</Keywords>
      <TimeCreated SystemTime="2026-07-01T19:48:22Z"/>
      <EventRecordID>999525</EventRecordID>
      <Channel>Security</Channel>
      <Computer>file-srv-01.corp.local</Computer>
      <Security/>
    </System>
    <EventData>
    <Data Name="ArtifactEventId">artifact-winsec-20260706-006471</Data>
    <Data Name="TargetUserName">admin.li</Data>
    <Data Name="TargetDomainName">CORP</Data>
    <Data Name="IpAddress">10.20.25.87</Data>
    <Data Name="LogonType">2</Data>
    <Data Name="Status">0x0</Data>
    </EventData>
  </Event>
  <Event xmlns="http://schemas.microsoft.com/win/2004/08/events/event">
    <System>
      <Provider Name="Microsoft-Windows-Security-Auditing"/>
      <EventID>4672</EventID>
      <Level>0</Level>
      <Task>0</Task>
      <Opcode>0</Opcode>
      <Keywords>0x8020000000000000</Keywords>
      <TimeCreated SystemTime="2026-07-01T19:49:56Z"/>
      <EventRecordID>962343</EventRecordID>
      <Channel>Security</Channel>
      <Computer>file-srv-01.corp.local</Computer>
      <Security/>
    </System>
    <EventData>
    <Data Name="ArtifactEventId">artifact-winsec-20260706-010428</Data>
    <Data Name="TargetUserName">developer.zhao</Data>
    <Data Name="TargetDomainName">CORP</Data>
    <Data Name="IpAddress">10.20.20.87</Data>
    <Data Name="LogonType">3</Data>
    <Data Name="Status">0x0</Data>
    </EventData>
  </Event>
  <Event xmlns="http://schemas.microsoft.com/win/2004/08/events/event">
    <System>
      <Provider Name="Microsoft-Windows-Security-Auditing"/>
      <EventID>4634</EventID>
      <Level>0</Level>
      <Task>0</Task>
      <Opcode>0</Opcode>
      <Keywords>0x8020000000000000</Keywords>
      <TimeCreated SystemTime="2026-07-01T19:50:37Z"/>
      <EventRecordID>789739</EventRecordID>
      <Channel>Security</Channel>
      <Computer>ad-dc-01.corp.local</Computer>
      <Security/>
    </System>
    <EventData>
    <Data Name="ArtifactEventId">artifact-winsec-20260706-015683</Data>
    <Data Name="TargetUserName">svc_app</Data>
    <Data Name="TargetDomainName">CORP</Data>
    <Data Name="IpAddress">10.20.20.87</Data>
    <Data Name="LogonType">7</Data>
    <Data Name="Status">0x0</Data>
    </EventData>
  </Event>
  <Event xmlns="http://schemas.microsoft.com/win/2004/08/events/event">
    <System>
      <Provider Name="Microsoft-Windows-Security-Auditing"/>
      <EventID>4624</EventID>
      <Level>0</Level>
      <Task>0</Task>
      <Opcode>0</Opcode>
      <Keywords>0x8020000000000000</Keywords>
      <TimeCreated SystemTime="2026-07-01T19:50:49Z"/>
      <EventRecordID>980113</EventRecordID>
      <Channel>Security</Channel>
      <Computer>finance-pc-07.corp.local</Computer>
      <Security/>
    </System>
    <EventData>
    <Data Name="ArtifactEventId">artifact-winsec-20260706-006333</Data>
    <Data Name="TargetUserName">svc_app</Data>
    <Data Name="TargetDomainName">CORP</Data>
    <Data Name="IpAddress">10.20.25.87</Data>
    <Data Name="LogonType">7</Data>
    <Data Name="Status">0x0</Data>
    </EventData>
  </Event>
  <Event xmlns="http://schemas.microsoft.com/win/2004/08/events/event">
    <System>
      <Provider Name="Microsoft-Windows-Security-Auditing"/>
      <EventID>4624</EventID>
      <Level>0</Level>
      <Task>0</Task>
      <Opcode>0</Opcode>
      <Keywords>0x8020000000000000</Keywords>
      <TimeCreated SystemTime="2026-07-01T19:52:05Z"/>
      <EventRecordID>735834</EventRecordID>
      <Channel>Security</Channel>
      <Computer>file-srv-01.corp.local</Computer>
      <Security/>
    </System>
    <EventData>
    <Data Name="ArtifactEventId">artifact-winsec-20260706-008697</Data>
    <Data Name="TargetUserName">admin.li</Data>
    <Data Name="TargetDomainName">CORP</Data>
    <Data Name="IpAddress">10.20.30.11</Data>
    <Data Name="LogonType">2</Data>
    <Data Name="Status">0x0</Data>
    </EventData>
  </Event>
  <Event xmlns="http://schemas.microsoft.com/win/2004/08/events/event">
    <System>
      <Provider Name="Microsoft-Windows-Security-Auditing"/>
      <EventID>4624</EventID>
      <Level>0</Level>
      <Task>0</Task>
      <Opcode>0</Opcode>
      <Keywords>0x8020000000000000</Keywords>
      <TimeCreated SystemTime="2026-07-01T19:52:55Z"/>
      <EventRecordID>235097</EventRecordID>
      <Channel>Security</Channel>
      <Computer>finance-pc-07.corp.local</Computer>
      <Security/>
    </System>
    <EventData>
    <Data Name="ArtifactEventId">artifact-winsec-20260706-010529</Data>
    <Data Name="TargetUserName">svc_backup</Data>
    <Data Name="TargetDomainName">CORP</Data>
    <Data Name="IpAddress">10.20.20.33</Data>
    <Data Name="LogonType">2</Data>
    <Data Name="Status">0x0</Data>
    </EventData>
  </Event>
  <Event xmlns="http://schemas.microsoft.com/win/2004/08/events/event">
    <System>
      <Provider Name="Microsoft-Windows-Security-Auditing"/>
      <EventID>4625</EventID>
      <Level>0</Level>
      <Task>0</Task>
      <Opcode>0</Opcode>
      <Keywords>0x8020000000000000</Keywords>
      <TimeCreated SystemTime="2026-07-01T19:52:56Z"/>
      <EventRecordID>311365</EventRecordID>
      <Channel>Security</Channel>
      <Computer>ad-dc-01.corp.local</Computer>
      <Security/>
    </System>
    <EventData>
    <Data Name="ArtifactEventId">artifact-winsec-20260706-007869</Data>
    <Data Name="TargetUserName">chen.yu</Data>
    <Data Name="TargetDomainName">CORP</Data>
    <Data Name="IpAddress">10.20.25.87</Data>
    <Data Name="LogonType">10</Data>
    <Data Name="Status">0xc000006d</Data>
    </EventData>
  </Event>
  <Event xmlns="http://schemas.microsoft.com/win/2004/08/events/event">
    <System>
      <Provider Name="Microsoft-Windows-Security-Auditing"/>
      <EventID>4768</EventID>
      <Level>0</Level>
      <Task>0</Task>
      <Opcode>0</Opcode>
      <Keywords>0x8020000000000000</Keywords>
      <TimeCreated SystemTime="2026-07-01T19:53:03Z"/>
      <EventRecordID>477392</EventRecordID>
      <Channel>Security</Channel>
      <Computer>file-srv-01.corp.local</Computer>
      <Security/>
    </System>
    <EventData>
    <Data Name="ArtifactEventId">artifact-winsec-20260706-001160</Data>
    <Data Name="TargetUserName">wang.mei</Data>
    <Data Name="TargetDomainName">CORP</Data>
    <Data Name="IpAddress">10.20.30.11</Data>
    <Data Name="LogonType">10</Data>
    <Data Name="Status">0x0</Data>
    </EventData>
  </Event>
  <Event xmlns="http://schemas.microsoft.com/win/2004/08/events/event">
    <System>
      <Provider Name="Microsoft-Windows-Security-Auditing"/>
      <EventID>4672</EventID>
      <Level>0</Level>
      <Task>0</Task>
      <Opcode>0</Opcode>
      <Keywords>0x8020000000000000</Keywords>
      <TimeCreated SystemTime="2026-07-01T19:53:19Z"/>
      <EventRecordID>219996</EventRecordID>
      <Channel>Security</Channel>
      <Computer>finance-pc-07.corp.local</Computer>
      <Security/>
    </System>
    <EventData>
    <Data Name="ArtifactEventId">artifact-winsec-20260706-002234</Data>
    <Data Name="TargetUserName">svc_backup</Data>
    <Data Name="TargetDomainName">CORP</Data>
    <Data Name="IpAddress">10.20.20.87</Data>
    <Data Name="LogonType">7</Data>
    <Data Name="Status">0x0</Data>
    </EventData>
  </Event>
  <Event xmlns="http://schemas.microsoft.com/win/2004/08/events/event">
    <System>
      <Provider Name="Microsoft-Windows-Security-Auditing"/>
      <EventID>4769</EventID>
      <Level>0</Level>
      <Task>0</Task>
      <Opcode>0</Opcode>
      <Keywords>0x8020000000000000</Keywords>
      <TimeCreated SystemTime="2026-07-01T19:53:35Z"/>
      <EventRecordID>273833</EventRecordID>
      <Channel>Security</Channel>
      <Computer>ad-dc-01.corp.local</Computer>
      <Security/>
    </System>
    <EventData>
    <Data Name="ArtifactEventId">artifact-winsec-20260706-007106</Data>
    <Data Name="TargetUserName">developer.zhao</Data>
    <Data Name="TargetDomainName">CORP</Data>
    <Data Name="IpAddress">10.20.25.87</Data>
    <Data Name="LogonType">2</Data>
    <Data Name="Status">0x0</Data>
    </EventData>
  </Event>
  <Event xmlns="http://schemas.microsoft.com/win/2004/08/events/event">
    <System>
      <Provider Name="Microsoft-Windows-Security-Auditing"/>
      <EventID>4624</EventID>
      <Level>0</Level>
      <Task>0</Task>
      <Opcode>0</Opcode>
      <Keywords>0x8020000000000000</Keywords>
      <TimeCreated SystemTime="2026-07-01T19:54:16Z"/>
      <EventRecordID>400327</EventRecordID>
      <Channel>Security</Channel>
      <Computer>file-srv-01.corp.local</Computer>
      <Security/>
    </System>
    <EventData>
    <Data Name="ArtifactEventId">artifact-winsec-20260706-015768</Data>
    <Data Name="TargetUserName">svc_app</Data>
    <Data Name="TargetDomainName">CORP</Data>
    <Data Name="IpAddress">10.20.20.87</Data>
    <Data Name="LogonType">7</Data>
    <Data Name="Status">0x0</Data>
    </EventData>
  </Event>
  <Event xmlns="http://schemas.microsoft.com/win/2004/08/events/event">
    <System>
      <Provider Name="Microsoft-Windows-Security-Auditing"/>
      <EventID>4769</EventID>
      <Level>0</Level>
      <Task>0</Task>
      <Opcode>0</Opcode>
      <Keywords>0x8020000000000000</Keywords>
      <TimeCreated SystemTime="2026-07-01T19:54:32Z"/>
      <EventRecordID>468667</EventRecordID>
      <Channel>Security</Channel>
      <Computer>file-srv-01.corp.local</Computer>
      <Security/>
    </System>
    <EventData>
    <Data Name="ArtifactEventId">artifact-winsec-20260706-007671</Data>
    <Data Name="TargetUserName">admin.li</Data>
    <Data Name="TargetDomainName">CORP</Data>
    <Data Name="IpAddress">10.20.25.87</Data>
    <Data Name="LogonType">2</Data>
    <Data Name="Status">0x0</Data>
    </EventData>
  </Event>
  <Event xmlns="http://schemas.microsoft.com/win/2004/08/events/event">
    <System>
      <Provider Name="Microsoft-Windows-Security-Auditing"/>
      <EventID>4624</EventID>
      <Level>0</Level>
      <Task>0</Task>
      <Opcode>0</Opcode>
      <Keywords>0x8020000000000000</Keywords>
      <TimeCreated SystemTime="2026-07-01T19:54:35Z"/>
      <EventRecordID>617924</EventRecordID>
      <Channel>Security</Channel>
      <Computer>ad-dc-01.corp.local</Computer>
      <Security/>
    </System>
    <EventData>
    <Data Name="ArtifactEventId">artifact-winsec-20260706-001201</Data>
    <Data Name="TargetUserName">wang.mei</Data>
    <Data Name="TargetDomainName">CORP</Data>
    <Data Name="IpAddress">10.20.20.33</Data>
    <Data Name="LogonType">10</Data>
    <Data Name="Status">0x0</Data>
    </EventData>
  </Event>
  <Event xmlns="http://schemas.microsoft.com/win/2004/08/events/event">
    <System>
      <Provider Name="Microsoft-Windows-Security-Auditing"/>
      <EventID>4624</EventID>
      <Level>0</Level>
      <Task>0</Task>
      <Opcode>0</Opcode>
      <Keywords>0x8020000000000000</Keywords>
      <TimeCreated SystemTime="2026-07-01T19:54:51Z"/>
      <EventRecordID>956021</EventRecordID>
      <Channel>Security</Channel>
      <Computer>file-srv-01.corp.local</Computer>
      <Security/>
    </System>
    <EventData>
    <Data Name="ArtifactEventId">artifact-winsec-20260706-014307</Data>
    <Data Name="TargetUserName">svc_backup</Data>
    <Data Name="TargetDomainName">CORP</Data>
    <Data Name="IpAddress">10.20.30.11</Data>
    <Data Name="LogonType">2</Data>
    <Data Name="Status">0x0</Data>
    </EventData>
  </Event>
  <Event xmlns="http://schemas.microsoft.com/win/2004/08/events/event">
    <System>
      <Provider Name="Microsoft-Windows-Security-Auditing"/>
      <EventID>4768</EventID>
      <Level>0</Level>
      <Task>0</Task>
      <Opcode>0</Opcode>
      <Keywords>0x8020000000000000</Keywords>
      <TimeCreated SystemTime="2026-07-01T19:55:24Z"/>
      <EventRecordID>922088</EventRecordID>
      <Channel>Security</Channel>
      <Computer>win-admin-01.corp.local</Computer>
      <Security/>
    </System>
    <EventData>
    <Data Name="ArtifactEventId">artifact-winsec-20260706-012417</Data>
    <Data Name="TargetUserName">developer.zhao</Data>
    <Data Name="TargetDomainName">CORP</Data>
    <Data Name="IpAddress">10.20.25.87</Data>
    <Data Name="LogonType">7</Data>
    <Data Name="Status">0x0</Data>
    </EventData>
  </Event>
  <Event xmlns="http://schemas.microsoft.com/win/2004/08/events/event">
    <System>
      <Provider Name="Microsoft-Windows-Security-Auditing"/>
      <EventID>4769</EventID>
      <Level>0</Level>
      <Task>0</Task>
      <Opcode>0</Opcode>
      <Keywords>0x8020000000000000</Keywords>
      <TimeCreated SystemTime="2026-07-01T19:55:40Z"/>
      <EventRecordID>678053</EventRecordID>
      <Channel>Security</Channel>
      <Computer>win-admin-01.corp.local</Computer>
      <Security/>
    </System>
    <EventData>
    <Data Name="ArtifactEventId">artifact-winsec-20260706-012921</Data>
    <Data Name="TargetUserName">svc_backup</Data>
    <Data Name="TargetDomainName">CORP</Data>
    <Data Name="IpAddress">10.20.30.11</Data>
    <Data Name="LogonType">2</Data>
    <Data Name="Status">0x0</Data>
    </EventData>
  </Event>
  <Event xmlns="http://schemas.microsoft.com/win/2004/08/events/event">
    <System>
      <Provider Name="Microsoft-Windows-Security-Auditing"/>
      <EventID>4624</EventID>
      <Level>0</Level>
      <Task>0</Task>
      <Opcode>0</Opcode>
      <Keywords>0x8020000000000000</Keywords>
      <TimeCreated SystemTime="2026-07-01T19:56:12Z"/>
      <EventRecordID>953974</EventRecordID>
      <Channel>Security</Channel>
      <Computer>ad-dc-01.corp.local</Computer>
      <Security/>
    </System>
    <EventData>
    <Data Name="ArtifactEventId">artifact-winsec-20260706-010238</Data>
    <Data Name="TargetUserName">chen.yu</Data>
    <Data Name="TargetDomainName">CORP</Data>
    <Data Name="IpAddress">10.20.30.11</Data>
    <Data Name="LogonType">2</Data>
    <Data Name="Status">0x0</Data>
    </EventData>
  </Event>
  <Event xmlns="http://schemas.microsoft.com/win/2004/08/events/event">
    <System>
      <Provider Name="Microsoft-Windows-Security-Auditing"/>
      <EventID>4672</EventID>
      <Level>0</Level>
      <Task>0</Task>
      <Opcode>0</Opcode>
      <Keywords>0x8020000000000000</Keywords>
      <TimeCreated SystemTime="2026-07-01T19:56:21Z"/>
      <EventRecordID>505217</EventRecordID>
      <Channel>Security</Channel>
      <Computer>finance-pc-07.corp.local</Computer>
      <Security/>
    </System>
    <EventData>
    <Data Name="ArtifactEventId">artifact-winsec-20260706-001524</Data>
    <Data Name="TargetUserName">wang.mei</Data>
    <Data Name="TargetDomainName">CORP</Data>
    <Data Name="IpAddress">10.20.20.33</Data>
    <Data Name="LogonType">2</Data>
    <Data Name="Status">0x0</Data>
    </EventData>
  </Event>
  <Event xmlns="http://schemas.microsoft.com/win/2004/08/events/event">
    <System>
      <Provider Name="Microsoft-Windows-Security-Auditing"/>
      <EventID>4625</EventID>
      <Level>0</Level>
      <Task>0</Task>
      <Opcode>0</Opcode>
      <Keywords>0x8020000000000000</Keywords>
      <TimeCreated SystemTime="2026-07-01T19:57:28Z"/>
      <EventRecordID>280029</EventRecordID>
      <Channel>Security</Channel>
      <Computer>win-admin-01.corp.local</Computer>
      <Security/>
    </System>
    <EventData>
    <Data Name="ArtifactEventId">artifact-winsec-20260706-012045</Data>
    <Data Name="TargetUserName">wang.mei</Data>
    <Data Name="TargetDomainName">CORP</Data>
    <Data Name="IpAddress">10.20.25.87</Data>
    <Data Name="LogonType">3</Data>
    <Data Name="Status">0xc000006d</Data>
    </EventData>
  </Event>
  <Event xmlns="http://schemas.microsoft.com/win/2004/08/events/event">
    <System>
      <Provider Name="Microsoft-Windows-Security-Auditing"/>
      <EventID>4769</EventID>
      <Level>0</Level>
      <Task>0</Task>
      <Opcode>0</Opcode>
      <Keywords>0x8020000000000000</Keywords>
      <TimeCreated SystemTime="2026-07-01T19:57:43Z"/>
      <EventRecordID>202164</EventRecordID>
      <Channel>Security</Channel>
      <Computer>ad-dc-01.corp.local</Computer>
      <Security/>
    </System>
    <EventData>
    <Data Name="ArtifactEventId">artifact-winsec-20260706-002552</Data>
    <Data Name="TargetUserName">svc_app</Data>
    <Data Name="TargetDomainName">CORP</Data>
    <Data Name="IpAddress">10.20.25.87</Data>
    <Data Name="LogonType">3</Data>
    <Data Name="Status">0x0</Data>
    </EventData>
  </Event>
  <Event xmlns="http://schemas.microsoft.com/win/2004/08/events/event">
    <System>
      <Provider Name="Microsoft-Windows-Security-Auditing"/>
      <EventID>4634</EventID>
      <Level>0</Level>
      <Task>0</Task>
      <Opcode>0</Opcode>
      <Keywords>0x8020000000000000</Keywords>
      <TimeCreated SystemTime="2026-07-01T19:57:55Z"/>
      <EventRecordID>672261</EventRecordID>
      <Channel>Security</Channel>
      <Computer>ad-dc-01.corp.local</Computer>
      <Security/>
    </System>
    <EventData>
    <Data Name="ArtifactEventId">artifact-winsec-20260706-014319</Data>
    <Data Name="TargetUserName">wang.mei</Data>
    <Data Name="TargetDomainName">CORP</Data>
    <Data Name="IpAddress">10.20.30.11</Data>
    <Data Name="LogonType">10</Data>
    <Data Name="Status">0x0</Data>
    </EventData>
  </Event>
  <Event xmlns="http://schemas.microsoft.com/win/2004/08/events/event">
    <System>
      <Provider Name="Microsoft-Windows-Security-Auditing"/>
      <EventID>4672</EventID>
      <Level>0</Level>
      <Task>0</Task>
      <Opcode>0</Opcode>
      <Keywords>0x8020000000000000</Keywords>
      <TimeCreated SystemTime="2026-07-01T19:58:38Z"/>
      <EventRecordID>653977</EventRecordID>
      <Channel>Security</Channel>
      <Computer>ad-dc-01.corp.local</Computer>
      <Security/>
    </System>
    <EventData>
    <Data Name="ArtifactEventId">artifact-winsec-20260706-015485</Data>
    <Data Name="TargetUserName">chen.yu</Data>
    <Data Name="TargetDomainName">CORP</Data>
    <Data Name="IpAddress">10.20.20.33</Data>
    <Data Name="LogonType">10</Data>
    <Data Name="Status">0x0</Data>
    </EventData>
  </Event>
  <Event xmlns="http://schemas.microsoft.com/win/2004/08/events/event">
    <System>
      <Provider Name="Microsoft-Windows-Security-Auditing"/>
      <EventID>4634</EventID>
      <Level>0</Level>
      <Task>0</Task>
      <Opcode>0</Opcode>
      <Keywords>0x8020000000000000</Keywords>
      <TimeCreated SystemTime="2026-07-01T19:58:54Z"/>
      <EventRecordID>857977</EventRecordID>
      <Channel>Security</Channel>
      <Computer>ad-dc-01.corp.local</Computer>
      <Security/>
    </System>
    <EventData>
    <Data Name="ArtifactEventId">artifact-winsec-20260706-001790</Data>
    <Data Name="TargetUserName">admin.li</Data>
    <Data Name="TargetDomainName">CORP</Data>
    <Data Name="IpAddress">10.20.20.33</Data>
    <Data Name="LogonType">7</Data>
    <Data Name="Status">0x0</Data>
    </EventData>
  </Event>
  <Event xmlns="http://schemas.microsoft.com/win/2004/08/events/event">
    <System>
      <Provider Name="Microsoft-Windows-Security-Auditing"/>
      <EventID>4672</EventID>
      <Level>0</Level>
      <Task>0</Task>
      <Opcode>0</Opcode>
      <Keywords>0x8020000000000000</Keywords>
      <TimeCreated SystemTime="2026-07-01T19:59:12Z"/>
      <EventRecordID>476721</EventRecordID>
      <Channel>Security</Channel>
      <Computer>win-admin-01.corp.local</Computer>
      <Security/>
    </System>
    <EventData>
    <Data Name="ArtifactEventId">artifact-winsec-20260706-004746</Data>
    <Data Name="TargetUserName">wang.mei</Data>
    <Data Name="TargetDomainName">CORP</Data>
    <Data Name="IpAddress">10.20.30.11</Data>
    <Data Name="LogonType">2</Data>
    <Data Name="Status">0x0</Data>
    </EventData>
  </Event>
  <Event xmlns="http://schemas.microsoft.com/win/2004/08/events/event">
    <System>
      <Provider Name="Microsoft-Windows-Security-Auditing"/>
      <EventID>4672</EventID>
      <Level>0</Level>
      <Task>0</Task>
      <Opcode>0</Opcode>
      <Keywords>0x8020000000000000</Keywords>
      <TimeCreated SystemTime="2026-07-01T19:59:35Z"/>
      <EventRecordID>468868</EventRecordID>
      <Channel>Security</Channel>
      <Computer>finance-pc-07.corp.local</Computer>
      <Security/>
    </System>
    <EventData>
    <Data Name="ArtifactEventId">artifact-winsec-20260706-008826</Data>
    <Data Name="TargetUserName">wang.mei</Data>
    <Data Name="TargetDomainName">CORP</Data>
    <Data Name="IpAddress">10.20.30.11</Data>
    <Data Name="LogonType">3</Data>
    <Data Name="Status">0x0</Data>
    </EventData>
  </Event>
  <Event xmlns="http://schemas.microsoft.com/win/2004/08/events/event">
    <System>
      <Provider Name="Microsoft-Windows-Security-Auditing"/>
      <EventID>4672</EventID>
      <Level>0</Level>
      <Task>0</Task>
      <Opcode>0</Opcode>
      <Keywords>0x8020000000000000</Keywords>
      <TimeCreated SystemTime="2026-07-01T19:59:46Z"/>
      <EventRecordID>309162</EventRecordID>
      <Channel>Security</Channel>
      <Computer>file-srv-01.corp.local</Computer>
      <Security/>
    </System>
    <EventData>
    <Data Name="ArtifactEventId">artifact-winsec-20260706-007384</Data>
    <Data Name="TargetUserName">chen.yu</Data>
    <Data Name="TargetDomainName">CORP</Data>
    <Data Name="IpAddress">10.20.25.87</Data>
    <Data Name="LogonType">3</Data>
    <Data Name="Status">0x0</Data>
    </EventData>
  </Event>
  