<Event xmlns="http://schemas.microsoft.com/win/2004/08/events/event">
    <System>
      <Provider Name="Microsoft-Windows-Security-Auditing"/>
      <EventID>4624</EventID>
      <Level>0</Level>
      <Task>0</Task>
      <Opcode>0</Opcode>
      <Keywords>0x8020000000000000</Keywords>
      <TimeCreated SystemTime="2026-07-01T17:57:06Z"/>
      <EventRecordID>775570</EventRecordID>
      <Channel>Security</Channel>
      <Computer>ad-dc-01.corp.local</Computer>
      <Security/>
    </System>
    <EventData>
    <Data Name="ArtifactEventId">artifact-winsec-20260706-003737</Data>
    <Data Name="TargetUserName">developer.zhao</Data>
    <Data Name="TargetDomainName">CORP</Data>
    <Data Name="IpAddress">10.20.25.87</Data>
    <Data Name="LogonType">2</Data>
    <Data Name="Status">0x0</Data>
    </EventData>
  </Event>
  <Event xmlns="http://schemas.microsoft.com/win/2004/08/events/event">
    <System>
      <Provider Name="Microsoft-Windows-Security-Auditing"/>
      <EventID>4769</EventID>
      <Level>0</Level>
      <Task>0</Task>
      <Opcode>0</Opcode>
      <Keywords>0x8020000000000000</Keywords>
      <TimeCreated SystemTime="2026-07-01T17:57:18Z"/>
      <EventRecordID>203423</EventRecordID>
      <Channel>Security</Channel>
      <Computer>file-srv-01.corp.local</Computer>
      <Security/>
    </System>
    <EventData>
    <Data Name="ArtifactEventId">artifact-winsec-20260706-004496</Data>
    <Data Name="TargetUserName">svc_app</Data>
    <Data Name="TargetDomainName">CORP</Data>
    <Data Name="IpAddress">10.20.30.11</Data>
    <Data Name="LogonType">7</Data>
    <Data Name="Status">0x0</Data>
    </EventData>
  </Event>
  <Event xmlns="http://schemas.microsoft.com/win/2004/08/events/event">
    <System>
      <Provider Name="Microsoft-Windows-Security-Auditing"/>
      <EventID>4672</EventID>
      <Level>0</Level>
      <Task>0</Task>
      <Opcode>0</Opcode>
      <Keywords>0x8020000000000000</Keywords>
      <TimeCreated SystemTime="2026-07-01T17:57:55Z"/>
      <EventRecordID>466832</EventRecordID>
      <Channel>Security</Channel>
      <Computer>finance-pc-07.corp.local</Computer>
      <Security/>
    </System>
    <EventData>
    <Data Name="ArtifactEventId">artifact-winsec-20260706-014427</Data>
    <Data Name="TargetUserName">chen.yu</Data>
    <Data Name="TargetDomainName">CORP</Data>
    <Data Name="IpAddress">10.20.20.87</Data>
    <Data Name="LogonType">3</Data>
    <Data Name="Status">0x0</Data>
    </EventData>
  </Event>
  <Event xmlns="http://schemas.microsoft.com/win/2004/08/events/event">
    <System>
      <Provider Name="Microsoft-Windows-Security-Auditing"/>
      <EventID>4624</EventID>
      <Level>0</Level>
      <Task>0</Task>
      <Opcode>0</Opcode>
      <Keywords>0x8020000000000000</Keywords>
      <TimeCreated SystemTime="2026-07-01T17:58:37Z"/>
      <EventRecordID>546062</EventRecordID>
      <Channel>Security</Channel>
      <Computer>finance-pc-07.corp.local</Computer>
      <Security/>
    </System>
    <EventData>
    <Data Name="ArtifactEventId">artifact-winsec-20260706-010643</Data>
    <Data Name="TargetUserName">chen.yu</Data>
    <Data Name="TargetDomainName">CORP</Data>
    <Data Name="IpAddress">10.20.20.33</Data>
    <Data Name="LogonType">2</Data>
    <Data Name="Status">0x0</Data>
    </EventData>
  </Event>
  <Event xmlns="http://schemas.microsoft.com/win/2004/08/events/event">
    <System>
      <Provider Name="Microsoft-Windows-Security-Auditing"/>
      <EventID>4624</EventID>
      <Level>0</Level>
      <Task>0</Task>
      <Opcode>0</Opcode>
      <Keywords>0x8020000000000000</Keywords>
      <TimeCreated SystemTime="2026-07-01T17:58:49Z"/>
      <EventRecordID>478921</EventRecordID>
      <Channel>Security</Channel>
      <Computer>ad-dc-01.corp.local</Computer>
      <Security/>
    </System>
    <EventData>
    <Data Name="ArtifactEventId">artifact-winsec-20260706-007122</Data>
    <Data Name="TargetUserName">svc_backup</Data>
    <Data Name="TargetDomainName">CORP</Data>
    <Data Name="IpAddress">10.20.20.87</Data>
    <Data Name="LogonType">10</Data>
    <Data Name="Status">0x0</Data>
    </EventData>
  </Event>
  <Event xmlns="http://schemas.microsoft.com/win/2004/08/events/event">
    <System>
      <Provider Name="Microsoft-Windows-Security-Auditing"/>
      <EventID>4624</EventID>
      <Level>0</Level>
      <Task>0</Task>
      <Opcode>0</Opcode>
      <Keywords>0x8020000000000000</Keywords>
      <TimeCreated SystemTime="2026-07-01T17:59:22Z"/>
      <EventRecordID>337729</EventRecordID>
      <Channel>Security</Channel>
      <Computer>win-admin-01.corp.local</Computer>
      <Security/>
    </System>
    <EventData>
    <Data Name="ArtifactEventId">artifact-winsec-20260706-015840</Data>
    <Data Name="TargetUserName">wang.mei</Data>
    <Data Name="TargetDomainName">CORP</Data>
    <Data Name="IpAddress">10.20.25.87</Data>
    <Data Name="LogonType">10</Data>
    <Data Name="Status">0x0</Data>
    </EventData>
  </Event>
  <Event xmlns="http://schemas.microsoft.com/win/2004/08/events/event">
    <System>
      <Provider Name="Microsoft-Windows-Security-Auditing"/>
      <EventID>4672</EventID>
      <Level>0</Level>
      <Task>0</Task>
      <Opcode>0</Opcode>
      <Keywords>0x8020000000000000</Keywords>
      <TimeCreated SystemTime="2026-07-01T18:02:36Z"/>
      <EventRecordID>329895</EventRecordID>
      <Channel>Security</Channel>
      <Computer>win-admin-01.corp.local</Computer>
      <Security/>
    </System>
    <EventData>
    <Data Name="ArtifactEventId">artifact-winsec-20260706-013786</Data>
    <Data Name="TargetUserName">wang.mei</Data>
    <Data Name="TargetDomainName">CORP</Data>
    <Data Name="IpAddress">10.20.25.87</Data>
    <Data Name="LogonType">7</Data>
    <Data Name="Status">0x0</Data>
    </EventData>
  </Event>
  <Event xmlns="http://schemas.microsoft.com/win/2004/08/events/event">
    <System>
      <Provider Name="Microsoft-Windows-Security-Auditing"/>
      <EventID>4768</EventID>
      <Level>0</Level>
      <Task>0</Task>
      <Opcode>0</Opcode>
      <Keywords>0x8020000000000000</Keywords>
      <TimeCreated SystemTime="2026-07-01T18:02:59Z"/>
      <EventRecordID>141453</EventRecordID>
      <Channel>Security</Channel>
      <Computer>finance-pc-07.corp.local</Computer>
      <Security/>
    </System>
    <EventData>
    <Data Name="ArtifactEventId">artifact-winsec-20260706-003947</Data>
    <Data Name="TargetUserName">admin.li</Data>
    <Data Name="TargetDomainName">CORP</Data>
    <Data Name="IpAddress">10.20.20.33</Data>
    <Data Name="LogonType">3</Data>
    <Data Name="Status">0x0</Data>
    </EventData>
  </Event>
  <Event xmlns="http://schemas.microsoft.com/win/2004/08/events/event">
    <System>
      <Provider Name="Microsoft-Windows-Security-Auditing"/>
      <EventID>4624</EventID>
      <Level>0</Level>
      <Task>0</Task>
      <Opcode>0</Opcode>
      <Keywords>0x8020000000000000</Keywords>
      <TimeCreated SystemTime="2026-07-01T18:03:13Z"/>
      <EventRecordID>186454</EventRecordID>
      <Channel>Security</Channel>
      <Computer>win-admin-01.corp.local</Computer>
      <Security/>
    </System>
    <EventData>
    <Data Name="ArtifactEventId">artifact-winsec-20260706-002703</Data>
    <Data Name="TargetUserName">wang.mei</Data>
    <Data Name="TargetDomainName">CORP</Data>
    <Data Name="IpAddress">10.20.30.11</Data>
    <Data Name="LogonType">10</Data>
    <Data Name="Status">0x0</Data>
    </EventData>
  </Event>
  <Event xmlns="http://schemas.microsoft.com/win/2004/08/events/event">
    <System>
      <Provider Name="Microsoft-Windows-Security-Auditing"/>
      <EventID>4624</EventID>
      <Level>0</Level>
      <Task>0</Task>
      <Opcode>0</Opcode>
      <Keywords>0x8020000000000000</Keywords>
      <TimeCreated SystemTime="2026-07-01T18:03:19Z"/>
      <EventRecordID>787599</EventRecordID>
      <Channel>Security</Channel>
      <Computer>ad-dc-01.corp.local</Computer>
      <Security/>
    </System>
    <EventData>
    <Data Name="ArtifactEventId">artifact-winsec-20260706-007542</Data>
    <Data Name="TargetUserName">svc_backup</Data>
    <Data Name="TargetDomainName">CORP</Data>
    <Data Name="IpAddress">10.20.25.87</Data>
    <Data Name="LogonType">2</Data>
    <Data Name="Status">0x0</Data>
    </EventData>
  </Event>
  <Event xmlns="http://schemas.microsoft.com/win/2004/08/events/event">
    <System>
      <Provider Name="Microsoft-Windows-Security-Auditing"/>
      <EventID>4624</EventID>
      <Level>0</Level>
      <Task>0</Task>
      <Opcode>0</Opcode>
      <Keywords>0x8020000000000000</Keywords>
      <TimeCreated SystemTime="2026-07-01T18:03:49Z"/>
      <EventRecordID>829740</EventRecordID>
      <Channel>Security</Channel>
      <Computer>finance-pc-07.corp.local</Computer>
      <Security/>
    </System>
    <EventData>
    <Data Name="ArtifactEventId">artifact-winsec-20260706-005820</Data>
    <Data Name="TargetUserName">developer.zhao</Data>
    <Data Name="TargetDomainName">CORP</Data>
    <Data Name="IpAddress">10.20.25.87</Data>
    <Data Name="LogonType">10</Data>
    <Data Name="Status">0x0</Data>
    </EventData>
  </Event>
  <Event xmlns="http://schemas.microsoft.com/win/2004/08/events/event">
    <System>
      <Provider Name="Microsoft-Windows-Security-Auditing"/>
      <EventID>4768</EventID>
      <Level>0</Level>
      <Task>0</Task>
      <Opcode>0</Opcode>
      <Keywords>0x8020000000000000</Keywords>
      <TimeCreated SystemTime="2026-07-01T18:04:07Z"/>
      <EventRecordID>679473</EventRecordID>
      <Channel>Security</Channel>
      <Computer>ad-dc-01.corp.local</Computer>
      <Security/>
    </System>
    <EventData>
    <Data Name="ArtifactEventId">artifact-winsec-20260706-005804</Data>
    <Data Name="TargetUserName">svc_app</Data>
    <Data Name="TargetDomainName">CORP</Data>
    <Data Name="IpAddress">10.20.25.87</Data>
    <Data Name="LogonType">10</Data>
    <Data Name="Status">0x0</Data>
    </EventData>
  </Event>
  <Event xmlns="http://schemas.microsoft.com/win/2004/08/events/event">
    <System>
      <Provider Name="Microsoft-Windows-Security-Auditing"/>
      <EventID>4624</EventID>
      <Level>0</Level>
      <Task>0</Task>
      <Opcode>0</Opcode>
      <Keywords>0x8020000000000000</Keywords>
      <TimeCreated SystemTime="2026-07-01T18:04:10Z"/>
      <EventRecordID>895453</EventRecordID>
      <Channel>Security</Channel>
      <Computer>file-srv-01.corp.local</Computer>
      <Security/>
    </System>
    <EventData>
    <Data Name="ArtifactEventId">artifact-winsec-20260706-009661</Data>
    <Data Name="TargetUserName">developer.zhao</Data>
    <Data Name="TargetDomainName">CORP</Data>
    <Data Name="IpAddress">10.20.20.33</Data>
    <Data Name="LogonType">7</Data>
    <Data Name="Status">0x0</Data>
    </EventData>
  </Event>
  <Event xmlns="http://schemas.microsoft.com/win/2004/08/events/event">
    <System>
      <Provider Name="Microsoft-Windows-Security-Auditing"/>
      <EventID>4624</EventID>
      <Level>0</Level>
      <Task>0</Task>
      <Opcode>0</Opcode>
      <Keywords>0x8020000000000000</Keywords>
      <TimeCreated SystemTime="2026-07-01T18:04:42Z"/>
      <EventRecordID>337890</EventRecordID>
      <Channel>Security</Channel>
      <Computer>finance-pc-07.corp.local</Computer>
      <Security/>
    </System>
    <EventData>
    <Data Name="ArtifactEventId">artifact-winsec-20260706-004209</Data>
    <Data Name="TargetUserName">admin.li</Data>
    <Data Name="TargetDomainName">CORP</Data>
    <Data Name="IpAddress">10.20.30.11</Data>
    <Data Name="LogonType">3</Data>
    <Data Name="Status">0x0</Data>
    </EventData>
  </Event>
  <Event xmlns="http://schemas.microsoft.com/win/2004/08/events/event">
    <System>
      <Provider Name="Microsoft-Windows-Security-Auditing"/>
      <EventID>4634</EventID>
      <Level>0</Level>
      <Task>0</Task>
      <Opcode>0</Opcode>
      <Keywords>0x8020000000000000</Keywords>
      <TimeCreated SystemTime="2026-07-01T18:04:59Z"/>
      <EventRecordID>675800</EventRecordID>
      <Channel>Security</Channel>
      <Computer>win-admin-01.corp.local</Computer>
      <Security/>
    </System>
    <EventData>
    <Data Name="ArtifactEventId">artifact-winsec-20260706-015391</Data>
    <Data Name="TargetUserName">svc_app</Data>
    <Data Name="TargetDomainName">CORP</Data>
    <Data Name="IpAddress">10.20.25.87</Data>
    <Data Name="LogonType">2</Data>
    <Data Name="Status">0x0</Data>
    </EventData>
  </Event>
  <Event xmlns="http://schemas.microsoft.com/win/2004/08/events/event">
    <System>
      <Provider Name="Microsoft-Windows-Security-Auditing"/>
      <EventID>4769</EventID>
      <Level>0</Level>
      <Task>0</Task>
      <Opcode>0</Opcode>
      <Keywords>0x8020000000000000</Keywords>
      <TimeCreated SystemTime="2026-07-01T18:05:09Z"/>
      <EventRecordID>399633</EventRecordID>
      <Channel>Security</Channel>
      <Computer>ad-dc-01.corp.local</Computer>
      <Security/>
    </System>
    <EventData>
    <Data Name="ArtifactEventId">artifact-winsec-20260706-002503</Data>
    <Data Name="TargetUserName">chen.yu</Data>
    <Data Name="TargetDomainName">CORP</Data>
    <Data Name="IpAddress">10.20.20.33</Data>
    <Data Name="LogonType">10</Data>
    <Data Name="Status">0x0</Data>
    </EventData>
  </Event>
  <Event xmlns="http://schemas.microsoft.com/win/2004/08/events/event">
    <System>
      <Provider Name="Microsoft-Windows-Security-Auditing"/>
      <EventID>4769</EventID>
      <Level>0</Level>
      <Task>0</Task>
      <Opcode>0</Opcode>
      <Keywords>0x8020000000000000</Keywords>
      <TimeCreated SystemTime="2026-07-01T18:05:10Z"/>
      <EventRecordID>633331</EventRecordID>
      <Channel>Security</Channel>
      <Computer>win-admin-01.corp.local</Computer>
      <Security/>
    </System>
    <EventData>
    <Data Name="ArtifactEventId">artifact-winsec-20260706-006442</Data>
    <Data Name="TargetUserName">svc_app</Data>
    <Data Name="TargetDomainName">CORP</Data>
    <Data Name="IpAddress">10.20.25.87</Data>
    <Data Name="LogonType">3</Data>
    <Data Name="Status">0x0</Data>
    </EventData>
  </Event>
  <Event xmlns="http://schemas.microsoft.com/win/2004/08/events/event">
    <System>
      <Provider Name="Microsoft-Windows-Security-Auditing"/>
      <EventID>4769</EventID>
      <Level>0</Level>
      <Task>0</Task>
      <Opcode>0</Opcode>
      <Keywords>0x8020000000000000</Keywords>
      <TimeCreated SystemTime="2026-07-01T18:05:21Z"/>
      <EventRecordID>647833</EventRecordID>
      <Channel>Security</Channel>
      <Computer>win-admin-01.corp.local</Computer>
      <Security/>
    </System>
    <EventData>
    <Data Name="ArtifactEventId">artifact-winsec-20260706-002467</Data>
    <Data Name="TargetUserName">developer.zhao</Data>
    <Data Name="TargetDomainName">CORP</Data>
    <Data Name="IpAddress">10.20.20.87</Data>
    <Data Name="LogonType">7</Data>
    <Data Name="Status">0x0</Data>
    </EventData>
  </Event>
  <Event xmlns="http://schemas.microsoft.com/win/2004/08/events/event">
    <System>
      <Provider Name="Microsoft-Windows-Security-Auditing"/>
      <EventID>4672</EventID>
      <Level>0</Level>
      <Task>0</Task>
      <Opcode>0</Opcode>
      <Keywords>0x8020000000000000</Keywords>
      <TimeCreated SystemTime="2026-07-01T18:05:36Z"/>
      <EventRecordID>704168</EventRecordID>
      <Channel>Security</Channel>
      <Computer>file-srv-01.corp.local</Computer>
      <Security/>
    </System>
    <EventData>
    <Data Name="ArtifactEventId">artifact-winsec-20260706-013724</Data>
    <Data Name="TargetUserName">chen.yu</Data>
    <Data Name="TargetDomainName">CORP</Data>
    <Data Name="IpAddress">10.20.30.11</Data>
    <Data Name="LogonType">7</Data>
    <Data Name="Status">0x0</Data>
    </EventData>
  </Event>
  <Event xmlns="http://schemas.microsoft.com/win/2004/08/events/event">
    <System>
      <Provider Name="Microsoft-Windows-Security-Auditing"/>
      <EventID>4769</EventID>
      <Level>0</Level>
      <Task>0</Task>
      <Opcode>0</Opcode>
      <Keywords>0x8020000000000000</Keywords>
      <TimeCreated SystemTime="2026-07-01T18:05:44Z"/>
      <EventRecordID>479153</EventRecordID>
      <Channel>Security</Channel>
      <Computer>finance-pc-07.corp.local</Computer>
      <Security/>
    </System>
    <EventData>
    <Data Name="ArtifactEventId">artifact-winsec-20260706-011247</Data>
    <Data Name="TargetUserName">svc_backup</Data>
    <Data Name="TargetDomainName">CORP</Data>
    <Data Name="IpAddress">10.20.20.87</Data>
    <Data Name="LogonType">7</Data>
    <Data Name="Status">0x0</Data>
    </EventData>
  </Event>
  <Event xmlns="http://schemas.microsoft.com/win/2004/08/events/event">
    <System>
      <Provider Name="Microsoft-Windows-Security-Auditing"/>
      <EventID>4624</EventID>
      <Level>0</Level>
      <Task>0</Task>
      <Opcode>0</Opcode>
      <Keywords>0x8020000000000000</Keywords>
      <TimeCreated SystemTime="2026-07-01T18:06:04Z"/>
      <EventRecordID>754912</EventRecordID>
      <Channel>Security</Channel>
      <Computer>file-srv-01.corp.local</Computer>
      <Security/>
    </System>
    <EventData>
    <Data Name="ArtifactEventId">artifact-winsec-20260706-007329</Data>
    <Data Name="TargetUserName">svc_backup</Data>
    <Data Name="TargetDomainName">CORP</Data>
    <Data Name="IpAddress">10.20.20.33</Data>
    <Data Name="LogonType">3</Data>
    <Data Name="Status">0x0</Data>
    </EventData>
  </Event>
  <Event xmlns="http://schemas.microsoft.com/win/2004/08/events/event">
    <System>
      <Provider Name="Microsoft-Windows-Security-Auditing"/>
      <EventID>4624</EventID>
      <Level>0</Level>
      <Task>0</Task>
      <Opcode>0</Opcode>
      <Keywords>0x8020000000000000</Keywords>
      <TimeCreated SystemTime="2026-07-01T18:07:43Z"/>
      <EventRecordID>617162</EventRecordID>
      <Channel>Security</Channel>
      <Computer>ad-dc-01.corp.local</Computer>
      <Security/>
    </System>
    <EventData>
    <Data Name="ArtifactEventId">artifact-winsec-20260706-003226</Data>
    <Data Name="TargetUserName">svc_backup</Data>
    <Data Name="TargetDomainName">CORP</Data>
    <Data Name="IpAddress">10.20.20.33</Data>
    <Data Name="LogonType">10</Data>
    <Data Name="Status">0x0</Data>
    </EventData>
  </Event>
  <Event xmlns="http://schemas.microsoft.com/win/2004/08/events/event">
    <System>
      <Provider Name="Microsoft-Windows-Security-Auditing"/>
      <EventID>4768</EventID>
      <Level>0</Level>
      <Task>0</Task>
      <Opcode>0</Opcode>
      <Keywords>0x8020000000000000</Keywords>
      <TimeCreated SystemTime="2026-07-01T18:07:56Z"/>
      <EventRecordID>377263</EventRecordID>
      <Channel>Security</Channel>
      <Computer>file-srv-01.corp.local</Computer>
      <Security/>
    </System>
    <EventData>
    <Data Name="ArtifactEventId">artifact-winsec-20260706-014419</Data>
    <Data Name="TargetUserName">svc_backup</Data>
    <Data Name="TargetDomainName">CORP</Data>
    <Data Name="IpAddress">10.20.20.33</Data>
    <Data Name="LogonType">7</Data>
    <Data Name="Status">0x0</Data>
    </EventData>
  </Event>
  <Event xmlns="http://schemas.microsoft.com/win/2004/08/events/event">
    <System>
      <Provider Name="Microsoft-Windows-Security-Auditing"/>
      <EventID>4625</EventID>
      <Level>0</Level>
      <Task>0</Task>
      <Opcode>0</Opcode>
      <Keywords>0x8020000000000000</Keywords>
      <TimeCreated SystemTime="2026-07-01T18:08:09Z"/>
      <EventRecordID>117135</EventRecordID>
      <Channel>Security</Channel>
      <Computer>file-srv-01.corp.local</Computer>
      <Security/>
    </System>
    <EventData>
    <Data Name="ArtifactEventId">artifact-winsec-20260706-008716</Data>
    <Data Name="TargetUserName">wang.mei</Data>
    <Data Name="TargetDomainName">CORP</Data>
    <Data Name="IpAddress">10.20.20.87</Data>
    <Data Name="LogonType">2</Data>
    <Data Name="Status">0xc000006d</Data>
    </EventData>
  </Event>
  <Event xmlns="http://schemas.microsoft.com/win/2004/08/events/event">
    <System>
      <Provider Name="Microsoft-Windows-Security-Auditing"/>
      <EventID>4624</EventID>
      <Level>0</Level>
      <Task>0</Task>
      <Opcode>0</Opcode>
      <Keywords>0x8020000000000000</Keywords>
      <TimeCreated SystemTime="2026-07-01T18:10:24Z"/>
      <EventRecordID>604588</EventRecordID>
      <Channel>Security</Channel>
      <Computer>win-admin-01.corp.local</Computer>
      <Security/>
    </System>
    <EventData>
    <Data Name="ArtifactEventId">artifact-winsec-20260706-006847</Data>
    <Data Name="TargetUserName">developer.zhao</Data>
    <Data Name="TargetDomainName">CORP</Data>
    <Data Name="IpAddress">10.20.25.87</Data>
    <Data Name="LogonType">7</Data>
    <Data Name="Status">0x0</Data>
    </EventData>
  </Event>
  <Event xmlns="http://schemas.microsoft.com/win/2004/08/events/event">
    <System>
      <Provider Name="Microsoft-Windows-Security-Auditing"/>
      <EventID>4634</EventID>
      <Level>0</Level>
      <Task>0</Task>
      <Opcode>0</Opcode>
      <Keywords>0x8020000000000000</Keywords>
      <TimeCreated SystemTime="2026-07-01T18:10:33Z"/>
      <EventRecordID>381332</EventRecordID>
      <Channel>Security</Channel>
      <Computer>file-srv-01.corp.local</Computer>
      <Security/>
    </System>
    <EventData>
    <Data Name="ArtifactEventId">artifact-winsec-20260706-015168</Data>
    <Data Name="TargetUserName">svc_app</Data>
    <Data Name="TargetDomainName">CORP</Data>
    <Data Name="IpAddress">10.20.20.87</Data>
    <Data Name="LogonType">3</Data>
    <Data Name="Status">0x0</Data>
    </EventData>
  </Event>
  <Event xmlns="http://schemas.microsoft.com/win/2004/08/events/event">
    <System>
      <Provider Name="Microsoft-Windows-Security-Auditing"/>
      <EventID>4624</EventID>
      <Level>0</Level>
      <Task>0</Task>
      <Opcode>0</Opcode>
      <Keywords>0x8020000000000000</Keywords>
      <TimeCreated SystemTime="2026-07-01T18:10:37Z"/>
      <EventRecordID>889185</EventRecordID>
      <Channel>Security</Channel>
      <Computer>ad-dc-01.corp.local</Computer>
      <Security/>
    </System>
    <EventData>
    <Data Name="ArtifactEventId">artifact-winsec-20260706-007448</Data>
    <Data Name="TargetUserName">svc_app</Data>
    <Data Name="TargetDomainName">CORP</Data>
    <Data Name="IpAddress">10.20.20.87</Data>
    <Data Name="LogonType">10</Data>
    <Data Name="Status">0x0</Data>
    </EventData>
  </Event>
  <Event xmlns="http://schemas.microsoft.com/win/2004/08/events/event">
    <System>
      <Provider Name="Microsoft-Windows-Security-Auditing"/>
      <EventID>4625</EventID>
      <Level>0</Level>
      <Task>0</Task>
      <Opcode>0</Opcode>
      <Keywords>0x8020000000000000</Keywords>
      <TimeCreated SystemTime="2026-07-01T18:10:52Z"/>
      <EventRecordID>304638</EventRecordID>
      <Channel>Security</Channel>
      <Computer>ad-dc-01.corp.local</Computer>
      <Security/>
    </System>
    <EventData>
    <Data Name="ArtifactEventId">artifact-winsec-20260706-004697</Data>
    <Data Name="TargetUserName">admin.li</Data>
    <Data Name="TargetDomainName">CORP</Data>
    <Data Name="IpAddress">10.20.30.11</Data>
    <Data Name="LogonType">7</Data>
    <Data Name="Status">0xc0000234</Data>
    </EventData>
  </Event>
  <Event xmlns="http://schemas.microsoft.com/win/2004/08/events/event">
    <System>
      <Provider Name="Microsoft-Windows-Security-Auditing"/>
      <EventID>4768</EventID>
      <Level>0</Level>
      <Task>0</Task>
      <Opcode>0</Opcode>
      <Keywords>0x8020000000000000</Keywords>
      <TimeCreated SystemTime="2026-07-01T18:10:56Z"/>
      <EventRecordID>851642</EventRecordID>
      <Channel>Security</Channel>
      <Computer>file-srv-01.corp.local</Computer>
      <Security/>
    </System>
    <EventData>
    <Data Name="ArtifactEventId">artifact-winsec-20260706-012702</Data>
    <Data Name="TargetUserName">chen.yu</Data>
    <Data Name="TargetDomainName">CORP</Data>
    <Data Name="IpAddress">10.20.20.87</Data>
    <Data Name="LogonType">10</Data>
    <Data Name="Status">0x0</Data>
    </EventData>
  </Event>
  <Event xmlns="http://schemas.microsoft.com/win/2004/08/events/event">
    <System>
      <Provider Name="Microsoft-Windows-Security-Auditing"/>
      <EventID>4624</EventID>
      <Level>0</Level>
      <Task>0</Task>
      <Opcode>0</Opcode>
      <Keywords>0x8020000000000000</Keywords>
      <TimeCreated SystemTime="2026-07-01T18:10:57Z"/>
      <EventRecordID>787219</EventRecordID>
      <Channel>Security</Channel>
      <Computer>finance-pc-07.corp.local</Computer>
      <Security/>
    </System>
    <EventData>
    <Data Name="ArtifactEventId">artifact-winsec-20260706-000551</Data>
    <Data Name="TargetUserName">chen.yu</Data>
    <Data Name="TargetDomainName">CORP</Data>
    <Data Name="IpAddress">10.20.30.11</Data>
    <Data Name="LogonType">7</Data>
    <Data Name="Status">0x0</Data>
    </EventData>
  </Event>
  <Event xmlns="http://schemas.microsoft.com/win/2004/08/events/event">
    <System>
      <Provider Name="Microsoft-Windows-Security-Auditing"/>
      <EventID>4624</EventID>
      <Level>0</Level>
      <Task>0</Task>
      <Opcode>0</Opcode>
      <Keywords>0x8020000000000000</Keywords>
      <TimeCreated SystemTime="2026-07-01T18:10:59Z"/>
      <EventRecordID>630797</EventRecordID>
      <Channel>Security</Channel>
      <Computer>finance-pc-07.corp.local</Computer>
      <Security/>
    </System>
    <EventData>
    <Data Name="ArtifactEventId">artifact-winsec-20260706-009708</Data>
    <Data Name="TargetUserName">developer.zhao</Data>
    <Data Name="TargetDomainName">CORP</Data>
    <Data Name="IpAddress">10.20.25.87</Data>
    <Data Name="LogonType">10</Data>
    <Data Name="Status">0x0</Data>
    </EventData>
  </Event>
  <Event xmlns="http://schemas.microsoft.com/win/2004/08/events/event">
    <System>
      <Provider Name="Microsoft-Windows-Security-Auditing"/>
      <EventID>4672</EventID>
      <Level>0</Level>
      <Task>0</Task>
      <Opcode>0</Opcode>
      <Keywords>0x8020000000000000</Keywords>
      <TimeCreated SystemTime="2026-07-01T18:11:57Z"/>
      <EventRecordID>622539</EventRecordID>
      <Channel>Security</Channel>
      <Computer>win-admin-01.corp.local</Computer>
      <Security/>
    </System>
    <EventData>
    <Data Name="ArtifactEventId">artifact-winsec-20260706-003225</Data>
    <Data Name="TargetUserName">svc_backup</Data>
    <Data Name="TargetDomainName">CORP</Data>
    <Data Name="IpAddress">10.20.20.87</Data>
    <Data Name="LogonType">10</Data>
    <Data Name="Status">0x0</Data>
    </EventData>
  </Event>
  <Event xmlns="http://schemas.microsoft.com/win/2004/08/events/event">
    <System>
      <Provider Name="Microsoft-Windows-Security-Auditing"/>
      <EventID>4624</EventID>
      <Level>0</Level>
      <Task>0</Task>
      <Opcode>0</Opcode>
      <Keywords>0x8020000000000000</Keywords>
      <TimeCreated SystemTime="2026-07-01T18:12:03Z"/>
      <EventRecordID>398929</EventRecordID>
      <Channel>Security</Channel>
      <Computer>finance-pc-07.corp.local</Computer>
      <Security/>
    </System>
    <EventData>
    <Data Name="ArtifactEventId">artifact-winsec-20260706-002551</Data>
    <Data Name="TargetUserName">admin.li</Data>
    <Data Name="TargetDomainName">CORP</Data>
    <Data Name="IpAddress">10.20.20.87</Data>
    <Data Name="LogonType">2</Data>
    <Data Name="Status">0x0</Data>
    </EventData>
  </Event>
  <Event xmlns="http://schemas.microsoft.com/win/2004/08/events/event">
    <System>
      <Provider Name="Microsoft-Windows-Security-Auditing"/>
      <EventID>4768</EventID>
      <Level>0</Level>
      <Task>0</Task>
      <Opcode>0</Opcode>
      <Keywords>0x8020000000000000</Keywords>
      <TimeCreated SystemTime="2026-07-01T18:12:39Z"/>
      <EventRecordID>954619</EventRecordID>
      <Channel>Security</Channel>
      <Computer>file-srv-01.corp.local</Computer>
      <Security/>
    </System>
    <EventData>
    <Data Name="ArtifactEventId">artifact-winsec-20260706-000150</Data>
    <Data Name="TargetUserName">chen.yu</Data>
    <Data Name="TargetDomainName">CORP</Data>
    <Data Name="IpAddress">10.20.20.33</Data>
    <Data Name="LogonType">7</Data>
    <Data Name="Status">0x0</Data>
    </EventData>
  </Event>
  <Event xmlns="http://schemas.microsoft.com/win/2004/08/events/event">
    <System>
      <Provider Name="Microsoft-Windows-Security-Auditing"/>
      <EventID>4624</EventID>
      <Level>0</Level>
      <Task>0</Task>
      <Opcode>0</Opcode>
      <Keywords>0x8020000000000000</Keywords>
      <TimeCreated SystemTime="2026-07-01T18:12:45Z"/>
      <EventRecordID>128413</EventRecordID>
      <Channel>Security</Channel>
      <Computer>finance-pc-07.corp.local</Computer>
      <Security/>
    </System>
    <EventData>
    <Data Name="ArtifactEventId">artifact-winsec-20260706-011531</Data>
    <Data Name="TargetUserName">chen.yu</Data>
    <Data Name="TargetDomainName">CORP</Data>
    <Data Name="IpAddress">10.20.20.87</Data>
    <Data Name="LogonType">2</Data>
    <Data Name="Status">0x0</Data>
    </EventData>
  </Event>
  <Event xmlns="http://schemas.microsoft.com/win/2004/08/events/event">
    <System>
      <Provider Name="Microsoft-Windows-Security-Auditing"/>
      <EventID>4625</EventID>
      <Level>0</Level>
      <Task>0</Task>
      <Opcode>0</Opcode>
      <Keywords>0x8020000000000000</Keywords>
      <TimeCreated SystemTime="2026-07-01T18:13:21Z"/>
      <EventRecordID>782588</EventRecordID>
      <Channel>Security</Channel>
      <Computer>win-admin-01.corp.local</Computer>
      <Security/>
    </System>
    <EventData>
    <Data Name="ArtifactEventId">artifact-winsec-20260706-008604</Data>
    <Data Name="TargetUserName">svc_backup</Data>
    <Data Name="TargetDomainName">CORP</Data>
    <Data Name="IpAddress">10.20.25.87</Data>
    <Data Name="LogonType">7</Data>
    <Data Name="Status">0xc000006d</Data>
    </EventData>
  </Event>
  <Event xmlns="http://schemas.microsoft.com/win/2004/08/events/event">
    <System>
      <Provider Name="Microsoft-Windows-Security-Auditing"/>
      <EventID>4624</EventID>
      <Level>0</Level>
      <Task>0</Task>
      <Opcode>0</Opcode>
      <Keywords>0x8020000000000000</Keywords>
      <TimeCreated SystemTime="2026-07-01T18:13:29Z"/>
      <EventRecordID>936145</EventRecordID>
      <Channel>Security</Channel>
      <Computer>finance-pc-07.corp.local</Computer>
      <Security/>
    </System>
    <EventData>
    <Data Name="ArtifactEventId">artifact-winsec-20260706-009790</Data>
    <Data Name="TargetUserName">wang.mei</Data>
    <Data Name="TargetDomainName">CORP</Data>
    <Data Name="IpAddress">10.20.30.11</Data>
    <Data Name="LogonType">3</Data>
    <Data Name="Status">0x0</Data>
    </EventData>
  </Event>
  <Event xmlns="http://schemas.microsoft.com/win/2004/08/events/event">
    <System>
      <Provider Name="Microsoft-Windows-Security-Auditing"/>
      <EventID>4672</EventID>
      <Level>0</Level>
      <Task>0</Task>
      <Opcode>0</Opcode>
      <Keywords>0x8020000000000000</Keywords>
      <TimeCreated SystemTime="2026-07-01T18:13:38Z"/>
      <EventRecordID>421995</EventRecordID>
      <Channel>Security</Channel>
      <Computer>file-srv-01.corp.local</Computer>
      <Security/>
    </System>
    <EventData>
    <Data Name="ArtifactEventId">artifact-winsec-20260706-012090</Data>
    <Data Name="TargetUserName">developer.zhao</Data>
    <Data Name="TargetDomainName">CORP</Data>
    <Data Name="IpAddress">10.20.20.87</Data>
    <Data Name="LogonType">3</Data>
    <Data Name="Status">0x0</Data>
    </EventData>
  </Event>
  <Event xmlns="http://schemas.microsoft.com/win/2004/08/events/event">
    <System>
      <Provider Name="Microsoft-Windows-Security-Auditing"/>
      <EventID>4624</EventID>
      <Level>0</Level>
      <Task>0</Task>
      <Opcode>0</Opcode>
      <Keywords>0x8020000000000000</Keywords>
      <TimeCreated SystemTime="2026-07-01T18:14:28Z"/>
      <EventRecordID>967532</EventRecordID>
      <Channel>Security</Channel>
      <Computer>file-srv-01.corp.local</Computer>
      <Security/>
    </System>
    <EventData>
    <Data Name="ArtifactEventId">artifact-winsec-20260706-004356</Data>
    <Data Name="TargetUserName">svc_app</Data>
    <Data Name="TargetDomainName">CORP</Data>
    <Data Name="IpAddress">10.20.20.33</Data>
    <Data Name="LogonType">10</Data>
    <Data Name="Status">0x0</Data>
    </EventData>
  </Event>
  <Event xmlns="http://schemas.microsoft.com/win/2004/08/events/event">
    <System>
      <Provider Name="Microsoft-Windows-Security-Auditing"/>
      <EventID>4624</EventID>
      <Level>0</Level>
      <Task>0</Task>
      <Opcode>0</Opcode>
      <Keywords>0x8020000000000000</Keywords>
      <TimeCreated SystemTime="2026-07-01T18:14:52Z"/>
      <EventRecordID>461208</EventRecordID>
      <Channel>Security</Channel>
      <Computer>ad-dc-01.corp.local</Computer>
      <Security/>
    </System>
    <EventData>
    <Data Name="ArtifactEventId">artifact-winsec-20260706-008876</Data>
    <Data Name="TargetUserName">wang.mei</Data>
    <Data Name="TargetDomainName">CORP</Data>
    <Data Name="IpAddress">10.20.20.87</Data>
    <Data Name="LogonType">10</Data>
    <Data Name="Status">0x0</Data>
    </EventData>
  </Event>
  <Event xmlns="http://schemas.microsoft.com/win/2004/08/events/event">
    <System>
      <Provider Name="Microsoft-Windows-Security-Auditing"/>
      <EventID>4625</EventID>
      <Level>0</Level>
      <Task>0</Task>
      <Opcode>0</Opcode>
      <Keywords>0x8020000000000000</Keywords>
      <TimeCreated SystemTime="2026-07-01T18:14:52Z"/>
      <EventRecordID>174089</EventRecordID>
      <Channel>Security</Channel>
      <Computer>finance-pc-07.corp.local</Computer>
      <Security/>
    </System>
    <EventData>
    <Data Name="ArtifactEventId">artifact-winsec-20260706-015381</Data>
    <Data Name="TargetUserName">chen.yu</Data>
    <Data Name="TargetDomainName">CORP</Data>
    <Data Name="IpAddress">10.20.20.33</Data>
    <Data Name="LogonType">10</Data>
    <Data Name="Status">0xc0000234</Data>
    </EventData>
  </Event>
  <Event xmlns="http://schemas.microsoft.com/win/2004/08/events/event">
    <System>
      <Provider Name="Microsoft-Windows-Security-Auditing"/>
      <EventID>4672</EventID>
      <Level>0</Level>
      <Task>0</Task>
      <Opcode>0</Opcode>
      <Keywords>0x8020000000000000</Keywords>
      <TimeCreated SystemTime="2026-07-01T18:15:20Z"/>
      <EventRecordID>116002</EventRecordID>
      <Channel>Security</Channel>
      <Computer>file-srv-01.corp.local</Computer>
      <Security/>
    </System>
    <EventData>
    <Data Name="ArtifactEventId">artifact-winsec-20260706-014312</Data>
    <Data Name="TargetUserName">wang.mei</Data>
    <Data Name="TargetDomainName">CORP</Data>
    <Data Name="IpAddress">10.20.20.33</Data>
    <Data Name="LogonType">3</Data>
    <Data Name="Status">0x0</Data>
    </EventData>
  </Event>
  <Event xmlns="http://schemas.microsoft.com/win/2004/08/events/event">
    <System>
      <Provider Name="Microsoft-Windows-Security-Auditing"/>
      <EventID>4625</EventID>
      <Level>0</Level>
      <Task>0</Task>
      <Opcode>0</Opcode>
      <Keywords>0x8020000000000000</Keywords>
      <TimeCreated SystemTime="2026-07-01T18:15:24Z"/>
      <EventRecordID>795932</EventRecordID>
      <Channel>Security</Channel>
      <Computer>file-srv-01.corp.local</Computer>
      <Security/>
    </System>
    <EventData>
    <Data Name="ArtifactEventId">artifact-winsec-20260706-011791</Data>
    <Data Name="TargetUserName">developer.zhao</Data>
    <Data Name="TargetDomainName">CORP</Data>
    <Data Name="IpAddress">10.20.20.33</Data>
    <Data Name="LogonType">3</Data>
    <Data Name="Status">0xc000006a</Data>
    </EventData>
  </Event>
  <Event xmlns="http://schemas.microsoft.com/win/2004/08/events/event">
    <System>
      <Provider Name="Microsoft-Windows-Security-Auditing"/>
      <EventID>4769</EventID>
      <Level>0</Level>
      <Task>0</Task>
      <Opcode>0</Opcode>
      <Keywords>0x8020000000000000</Keywords>
      <TimeCreated SystemTime="2026-07-01T18:15:32Z"/>
      <EventRecordID>461360</EventRecordID>
      <Channel>Security</Channel>
      <Computer>win-admin-01.corp.local</Computer>
      <Security/>
    </System>
    <EventData>
    <Data Name="ArtifactEventId">artifact-winsec-20260706-004430</Data>
    <Data Name="TargetUserName">developer.zhao</Data>
    <Data Name="TargetDomainName">CORP</Data>
    <Data Name="IpAddress">10.20.30.11</Data>
    <Data Name="LogonType">10</Data>
    <Data Name="Status">0x0</Data>
    </EventData>
  </Event>
  <Event xmlns="http://schemas.microsoft.com/win/2004/08/events/event">
    <System>
      <Provider Name="Microsoft-Windows-Security-Auditing"/>
      <EventID>4769</EventID>
      <Level>0</Level>
      <Task>0</Task>
      <Opcode>0</Opcode>
      <Keywords>0x8020000000000000</Keywords>
      <TimeCreated SystemTime="2026-07-01T18:15:45Z"/>
      <EventRecordID>283002</EventRecordID>
      <Channel>Security</Channel>
      <Computer>finance-pc-07.corp.local</Computer>
      <Security/>
    </System>
    <EventData>
    <Data Name="ArtifactEventId">artifact-winsec-20260706-008491</Data>
    <Data Name="TargetUserName">svc_app</Data>
    <Data Name="TargetDomainName">CORP</Data>
    <Data Name="IpAddress">10.20.30.11</Data>
    <Data Name="LogonType">7</Data>
    <Data Name="Status">0x0</Data>
    </EventData>
  </Event>
  <Event xmlns="http://schemas.microsoft.com/win/2004/08/events/event">
    <System>
      <Provider Name="Microsoft-Windows-Security-Auditing"/>
      <EventID>4624</EventID>
      <Level>0</Level>
      <Task>0</Task>
      <Opcode>0</Opcode>
      <Keywords>0x8020000000000000</Keywords>
      <TimeCreated SystemTime="2026-07-01T18:16:32Z"/>
      <EventRecordID>951299</EventRecordID>
      <Channel>Security</Channel>
      <Computer>file-srv-01.corp.local</Computer>
      <Security/>
    </System>
    <EventData>
    <Data Name="ArtifactEventId">artifact-winsec-20260706-002488</Data>
    <Data Name="TargetUserName">developer.zhao</Data>
    <Data Name="TargetDomainName">CORP</Data>
    <Data Name="IpAddress">10.20.25.87</Data>
    <Data Name="LogonType">10</Data>
    <Data Name="Status">0x0</Data>
    </EventData>
  </Event>
  <Event xmlns="http://schemas.microsoft.com/win/2004/08/events/event">
    <System>
      <Provider Name="Microsoft-Windows-Security-Auditing"/>
      <EventID>4624</EventID>
      <Level>0</Level>
      <Task>0</Task>
      <Opcode>0</Opcode>
      <Keywords>0x8020000000000000</Keywords>
      <TimeCreated SystemTime="2026-07-01T18:17:42Z"/>
      <EventRecordID>354440</EventRecordID>
      <Channel>Security</Channel>
      <Computer>win-admin-01.corp.local</Computer>
      <Security/>
    </System>
    <EventData>
    <Data Name="ArtifactEventId">artifact-winsec-20260706-007458</Data>
    <Data Name="TargetUserName">admin.li</Data>
    <Data Name="TargetDomainName">CORP</Data>
    <Data Name="IpAddress">10.20.25.87</Data>
    <Data Name="LogonType">10</Data>
    <Data Name="Status">0x0</Data>
    </EventData>
  </Event>
  <Event xmlns="http://schemas.microsoft.com/win/2004/08/events/event">
    <System>
      <Provider Name="Microsoft-Windows-Security-Auditing"/>
      <EventID>4634</EventID>
      <Level>0</Level>
      <Task>0</Task>
      <Opcode>0</Opcode>
      <Keywords>0x8020000000000000</Keywords>
      <TimeCreated SystemTime="2026-07-01T18:17:46Z"/>
      <EventRecordID>392361</EventRecordID>
      <Channel>Security</Channel>
      <Computer>win-admin-01.corp.local</Computer>
      <Security/>
    </System>
    <EventData>
    <Data Name="ArtifactEventId">artifact-winsec-20260706-013962</Data>
    <Data Name="TargetUserName">developer.zhao</Data>
    <Data Name="TargetDomainName">CORP</Data>
    <Data Name="IpAddress">10.20.30.11</Data>
    <Data Name="LogonType">3</Data>
    <Data Name="Status">0x0</Data>
    </EventData>
  </Event>
  <Event xmlns="http://schemas.microsoft.com/win/2004/08/events/event">
    <System>
      <Provider Name="Microsoft-Windows-Security-Auditing"/>
      <EventID>4769</EventID>
      <Level>0</Level>
      <Task>0</Task>
      <Opcode>0</Opcode>
      <Keywords>0x8020000000000000</Keywords>
      <TimeCreated SystemTime="2026-07-01T18:18:30Z"/>
      <EventRecordID>872197</EventRecordID>
      <Channel>Security</Channel>
      <Computer>ad-dc-01.corp.local</Computer>
      <Security/>
    </System>
    <EventData>
    <Data Name="ArtifactEventId">artifact-winsec-20260706-001037</Data>
    <Data Name="TargetUserName">svc_backup</Data>
    <Data Name="TargetDomainName">CORP</Data>
    <Data Name="IpAddress">10.20.30.11</Data>
    <Data Name="LogonType">7</Data>
    <Data Name="Status">0x0</Data>
    </EventData>
  </Event>
  <Event xmlns="http://schemas.microsoft.com/win/2004/08/events/event">
    <System>
      <Provider Name="Microsoft-Windows-Security-Auditing"/>
      <EventID>4634</EventID>
      <Level>0</Level>
      <Task>0</Task>
      <Opcode>0</Opcode>
      <Keywords>0x8020000000000000</Keywords>
      <TimeCreated SystemTime="2026-07-01T18:18:33Z"/>
      <EventRecordID>405569</EventRecordID>
      <Channel>Security</Channel>
      <Computer>finance-pc-07.corp.local</Computer>
      <Security/>
    </System>
    <EventData>
    <Data Name="ArtifactEventId">artifact-winsec-20260706-007488</Data>
    <Data Name="TargetUserName">wang.mei</Data>
    <Data Name="TargetDomainName">CORP</Data>
    <Data Name="IpAddress">10.20.30.11</Data>
    <Data Name="LogonType">7</Data>
    <Data Name="Status">0x0</Data>
    </EventData>
  </Event>
  <Event xmlns="http://schemas.microsoft.com/win/2004/08/events/event">
    <System>
      <Provider Name="Microsoft-Windows-Security-Auditing"/>
      <EventID>4624</EventID>
      <Level>0</Level>
      <Task>0</Task>
      <Opcode>0</Opcode>
      <Keywords>0x8020000000000000</Keywords>
      <TimeCreated SystemTime="2026-07-01T18:18:54Z"/>
      <EventRecordID>168058</EventRecordID>
      <Channel>Security</Channel>
      <Computer>win-admin-01.corp.local</Computer>
      <Security/>
    </System>
    <EventData>
    <Data Name="ArtifactEventId">artifact-winsec-20260706-015420</Data>
    <Data Name="TargetUserName">chen.yu</Data>
    <Data Name="TargetDomainName">CORP</Data>
    <Data Name="IpAddress">10.20.20.87</Data>
    <Data Name="LogonType">3</Data>
    <Data Name="Status">0x0</Data>
    </EventData>
  </Event>
  <Event xmlns="http://schemas.microsoft.com/win/2004/08/events/event">
    <System>
      <Provider Name="Microsoft-Windows-Security-Auditing"/>
      <EventID>4624</EventID>
      <Level>0</Level>
      <Task>0</Task>
      <Opcode>0</Opcode>
      <Keywords>0x8020000000000000</Keywords>
      <TimeCreated SystemTime="2026-07-01T18:18:55Z"/>
      <EventRecordID>350637</EventRecordID>
      <Channel>Security</Channel>
      <Computer>finance-pc-07.corp.local</Computer>
      <Security/>
    </System>
    <EventData>
    <Data Name="ArtifactEventId">artifact-winsec-20260706-006189</Data>
    <Data Name="TargetUserName">developer.zhao</Data>
    <Data Name="TargetDomainName">CORP</Data>
    <Data Name="IpAddress">10.20.25.87</Data>
    <Data Name="LogonType">3</Data>
    <Data Name="Status">0x0</Data>
    </EventData>
  </Event>
  <Event xmlns="http://schemas.microsoft.com/win/2004/08/events/event">
    <System>
      <Provider Name="Microsoft-Windows-Security-Auditing"/>
      <EventID>4634</EventID>
      <Level>0</Level>
      <Task>0</Task>
      <Opcode>0</Opcode>
      <Keywords>0x8020000000000000</Keywords>
      <TimeCreated SystemTime="2026-07-01T18:19:34Z"/>
      <EventRecordID>861239</EventRecordID>
      <Channel>Security</Channel>
      <Computer>win-admin-01.corp.local</Computer>
      <Security/>
    </System>
    <EventData>
    <Data Name="ArtifactEventId">artifact-winsec-20260706-008195</Data>
    <Data Name="TargetUserName">wang.mei</Data>
    <Data Name="TargetDomainName">CORP</Data>
    <Data Name="IpAddress">10.20.20.33</Data>
    <Data Name="LogonType">3</Data>
    <Data Name="Status">0x0</Data>
    </EventData>
  </Event>
  <Event xmlns="http://schemas.microsoft.com/win/2004/08/events/event">
    <System>
      <Provider Name="Microsoft-Windows-Security-Auditing"/>
      <EventID>4672</EventID>
      <Level>0</Level>
      <Task>0</Task>
      <Opcode>0</Opcode>
      <Keywords>0x8020000000000000</Keywords>
      <TimeCreated SystemTime="2026-07-01T18:20:07Z"/>
      <EventRecordID>402927</EventRecordID>
      <Channel>Security</Channel>
      <Computer>finance-pc-07.corp.local</Computer>
      <Security/>
    </System>
    <EventData>
    <Data Name="ArtifactEventId">artifact-winsec-20260706-014727</Data>
    <Data Name="TargetUserName">svc_backup</Data>
    <Data Name="TargetDomainName">CORP</Data>
    <Data Name="IpAddress">10.20.20.33</Data>
    <Data Name="LogonType">2</Data>
    <Data Name="Status">0x0</Data>
    </EventData>
  </Event>
  <Event xmlns="http://schemas.microsoft.com/win/2004/08/events/event">
    <System>
      <Provider Name="Microsoft-Windows-Security-Auditing"/>
      <EventID>4625</EventID>
      <Level>0</Level>
      <Task>0</Task>
      <Opcode>0</Opcode>
      <Keywords>0x8020000000000000</Keywords>
      <TimeCreated SystemTime="2026-07-01T18:20:30Z"/>
      <EventRecordID>221023</EventRecordID>
      <Channel>Security</Channel>
      <Computer>file-srv-01.corp.local</Computer>
      <Security/>
    </System>
    <EventData>
    <Data Name="ArtifactEventId">artifact-winsec-20260706-002866</Data>
    <Data Name="TargetUserName">admin.li</Data>
    <Data Name="TargetDomainName">CORP</Data>
    <Data Name="IpAddress">10.20.25.87</Data>
    <Data Name="LogonType">2</Data>
    <Data Name="Status">0xc000006d</Data>
    </EventData>
  </Event>
  <Event xmlns="http://schemas.microsoft.com/win/2004/08/events/event">
    <System>
      <Provider Name="Microsoft-Windows-Security-Auditing"/>
      <EventID>4624</EventID>
      <Level>0</Level>
      <Task>0</Task>
      <Opcode>0</Opcode>
      <Keywords>0x8020000000000000</Keywords>
      <TimeCreated SystemTime="2026-07-01T18:20:54Z"/>
      <EventRecordID>413605</EventRecordID>
      <Channel>Security</Channel>
      <Computer>ad-dc-01.corp.local</Computer>
      <Security/>
    </System>
    <EventData>
    <Data Name="ArtifactEventId">artifact-winsec-20260706-002977</Data>
    <Data Name="TargetUserName">svc_app</Data>
    <Data Name="TargetDomainName">CORP</Data>
    <Data Name="IpAddress">10.20.20.33</Data>
    <Data Name="LogonType">10</Data>
    <Data Name="Status">0x0</Data>
    </EventData>
  </Event>
  <Event xmlns="http://schemas.microsoft.com/win/2004/08/events/event">
    <System>
      <Provider Name="Microsoft-Windows-Security-Auditing"/>
      <EventID>4769</EventID>
      <Level>0</Level>
      <Task>0</Task>
      <Opcode>0</Opcode>
      <Keywords>0x8020000000000000</Keywords>
      <TimeCreated SystemTime="2026-07-01T18:21:06Z"/>
      <EventRecordID>178153</EventRecordID>
      <Channel>Security</Channel>
      <Computer>win-admin-01.corp.local</Computer>
      <Security/>
    </System>
    <EventData>
    <Data Name="ArtifactEventId">artifact-winsec-20260706-005674</Data>
    <Data Name="TargetUserName">wang.mei</Data>
    <Data Name="TargetDomainName">CORP</Data>
    <Data Name="IpAddress">10.20.20.33</Data>
    <Data Name="LogonType">7</Data>
    <Data Name="Status">0x0</Data>
    </EventData>
  </Event>
  <Event xmlns="http://schemas.microsoft.com/win/2004/08/events/event">
    <System>
      <Provider Name="Microsoft-Windows-Security-Auditing"/>
      <EventID>4769</EventID>
      <Level>0</Level>
      <Task>0</Task>
      <Opcode>0</Opcode>
      <Keywords>0x8020000000000000</Keywords>
      <TimeCreated SystemTime="2026-07-01T18:21:37Z"/>
      <EventRecordID>223189</EventRecordID>
      <Channel>Security</Channel>
      <Computer>ad-dc-01.corp.local</Computer>
      <Security/>
    </System>
    <EventData>
    <Data Name="ArtifactEventId">artifact-winsec-20260706-008609</Data>
    <Data Name="TargetUserName">svc_app</Data>
    <Data Name="TargetDomainName">CORP</Data>
    <Data Name="IpAddress">10.20.30.11</Data>
    <Data Name="LogonType">2</Data>
    <Data Name="Status">0x0</Data>
    </EventData>
  </Event>
  <Event xmlns="http://schemas.microsoft.com/win/2004/08/events/event">
    <System>
      <Provider Name="Microsoft-Windows-Security-Auditing"/>
      <EventID>4672</EventID>
      <Level>0</Level>
      <Task>0</Task>
      <Opcode>0</Opcode>
      <Keywords>0x8020000000000000</Keywords>
      <TimeCreated SystemTime="2026-07-01T18:21:38Z"/>
      <EventRecordID>932350</EventRecordID>
      <Channel>Security</Channel>
      <Computer>finance-pc-07.corp.local</Computer>
      <Security/>
    </System>
    <EventData>
    <Data Name="ArtifactEventId">artifact-winsec-20260706-008412</Data>
    <Data Name="TargetUserName">admin.li</Data>
    <Data Name="TargetDomainName">CORP</Data>
    <Data Name="IpAddress">10.20.20.87</Data>
    <Data Name="LogonType">7</Data>
    <Data Name="Status">0x0</Data>
    </EventData>
  </Event>
  