<Event xmlns="http://schemas.microsoft.com/win/2004/08/events/event">
    <System>
      <Provider Name="Microsoft-Windows-Security-Auditing"/>
      <EventID>4768</EventID>
      <Level>0</Level>
      <Task>0</Task>
      <Opcode>0</Opcode>
      <Keywords>0x8020000000000000</Keywords>
      <TimeCreated SystemTime="2026-07-01T22:20:25Z"/>
      <EventRecordID>892639</EventRecordID>
      <Channel>Security</Channel>
      <Computer>ad-dc-01.corp.local</Computer>
      <Security/>
    </System>
    <EventData>
    <Data Name="ArtifactEventId">artifact-winsec-20260706-002144</Data>
    <Data Name="TargetUserName">wang.mei</Data>
    <Data Name="TargetDomainName">CORP</Data>
    <Data Name="IpAddress">10.20.20.33</Data>
    <Data Name="LogonType">3</Data>
    <Data Name="Status">0x0</Data>
    </EventData>
  </Event>
  <Event xmlns="http://schemas.microsoft.com/win/2004/08/events/event">
    <System>
      <Provider Name="Microsoft-Windows-Security-Auditing"/>
      <EventID>4624</EventID>
      <Level>0</Level>
      <Task>0</Task>
      <Opcode>0</Opcode>
      <Keywords>0x8020000000000000</Keywords>
      <TimeCreated SystemTime="2026-07-01T22:21:42Z"/>
      <EventRecordID>499494</EventRecordID>
      <Channel>Security</Channel>
      <Computer>win-admin-01.corp.local</Computer>
      <Security/>
    </System>
    <EventData>
    <Data Name="ArtifactEventId">artifact-winsec-20260706-012240</Data>
    <Data Name="TargetUserName">developer.zhao</Data>
    <Data Name="TargetDomainName">CORP</Data>
    <Data Name="IpAddress">10.20.25.87</Data>
    <Data Name="LogonType">7</Data>
    <Data Name="Status">0x0</Data>
    </EventData>
  </Event>
  <Event xmlns="http://schemas.microsoft.com/win/2004/08/events/event">
    <System>
      <Provider Name="Microsoft-Windows-Security-Auditing"/>
      <EventID>4768</EventID>
      <Level>0</Level>
      <Task>0</Task>
      <Opcode>0</Opcode>
      <Keywords>0x8020000000000000</Keywords>
      <TimeCreated SystemTime="2026-07-01T22:22:09Z"/>
      <EventRecordID>552411</EventRecordID>
      <Channel>Security</Channel>
      <Computer>file-srv-01.corp.local</Computer>
      <Security/>
    </System>
    <EventData>
    <Data Name="ArtifactEventId">artifact-winsec-20260706-015425</Data>
    <Data Name="TargetUserName">svc_backup</Data>
    <Data Name="TargetDomainName">CORP</Data>
    <Data Name="IpAddress">10.20.25.87</Data>
    <Data Name="LogonType">3</Data>
    <Data Name="Status">0x0</Data>
    </EventData>
  </Event>
  <Event xmlns="http://schemas.microsoft.com/win/2004/08/events/event">
    <System>
      <Provider Name="Microsoft-Windows-Security-Auditing"/>
      <EventID>4634</EventID>
      <Level>0</Level>
      <Task>0</Task>
      <Opcode>0</Opcode>
      <Keywords>0x8020000000000000</Keywords>
      <TimeCreated SystemTime="2026-07-01T22:22:20Z"/>
      <EventRecordID>614180</EventRecordID>
      <Channel>Security</Channel>
      <Computer>file-srv-01.corp.local</Computer>
      <Security/>
    </System>
    <EventData>
    <Data Name="ArtifactEventId">artifact-winsec-20260706-006407</Data>
    <Data Name="TargetUserName">chen.yu</Data>
    <Data Name="TargetDomainName">CORP</Data>
    <Data Name="IpAddress">10.20.20.33</Data>
    <Data Name="LogonType">7</Data>
    <Data Name="Status">0x0</Data>
    </EventData>
  </Event>
  <Event xmlns="http://schemas.microsoft.com/win/2004/08/events/event">
    <System>
      <Provider Name="Microsoft-Windows-Security-Auditing"/>
      <EventID>4769</EventID>
      <Level>0</Level>
      <Task>0</Task>
      <Opcode>0</Opcode>
      <Keywords>0x8020000000000000</Keywords>
      <TimeCreated SystemTime="2026-07-01T22:23:17Z"/>
      <EventRecordID>422218</EventRecordID>
      <Channel>Security</Channel>
      <Computer>file-srv-01.corp.local</Computer>
      <Security/>
    </System>
    <EventData>
    <Data Name="ArtifactEventId">artifact-winsec-20260706-011333</Data>
    <Data Name="TargetUserName">svc_app</Data>
    <Data Name="TargetDomainName">CORP</Data>
    <Data Name="IpAddress">10.20.25.87</Data>
    <Data Name="LogonType">10</Data>
    <Data Name="Status">0x0</Data>
    </EventData>
  </Event>
  <Event xmlns="http://schemas.microsoft.com/win/2004/08/events/event">
    <System>
      <Provider Name="Microsoft-Windows-Security-Auditing"/>
      <EventID>4768</EventID>
      <Level>0</Level>
      <Task>0</Task>
      <Opcode>0</Opcode>
      <Keywords>0x8020000000000000</Keywords>
      <TimeCreated SystemTime="2026-07-01T22:23:46Z"/>
      <EventRecordID>739574</EventRecordID>
      <Channel>Security</Channel>
      <Computer>finance-pc-07.corp.local</Computer>
      <Security/>
    </System>
    <EventData>
    <Data Name="ArtifactEventId">artifact-winsec-20260706-013387</Data>
    <Data Name="TargetUserName">admin.li</Data>
    <Data Name="TargetDomainName">CORP</Data>
    <Data Name="IpAddress">10.20.25.87</Data>
    <Data Name="LogonType">2</Data>
    <Data Name="Status">0x0</Data>
    </EventData>
  </Event>
  <Event xmlns="http://schemas.microsoft.com/win/2004/08/events/event">
    <System>
      <Provider Name="Microsoft-Windows-Security-Auditing"/>
      <EventID>4625</EventID>
      <Level>0</Level>
      <Task>0</Task>
      <Opcode>0</Opcode>
      <Keywords>0x8020000000000000</Keywords>
      <TimeCreated SystemTime="2026-07-01T22:24:05Z"/>
      <EventRecordID>207514</EventRecordID>
      <Channel>Security</Channel>
      <Computer>ad-dc-01.corp.local</Computer>
      <Security/>
    </System>
    <EventData>
    <Data Name="ArtifactEventId">artifact-winsec-20260706-010397</Data>
    <Data Name="TargetUserName">svc_backup</Data>
    <Data Name="TargetDomainName">CORP</Data>
    <Data Name="IpAddress">10.20.30.11</Data>
    <Data Name="LogonType">7</Data>
    <Data Name="Status">0xc000006d</Data>
    </EventData>
  </Event>
  <Event xmlns="http://schemas.microsoft.com/win/2004/08/events/event">
    <System>
      <Provider Name="Microsoft-Windows-Security-Auditing"/>
      <EventID>4624</EventID>
      <Level>0</Level>
      <Task>0</Task>
      <Opcode>0</Opcode>
      <Keywords>0x8020000000000000</Keywords>
      <TimeCreated SystemTime="2026-07-01T22:24:39Z"/>
      <EventRecordID>777176</EventRecordID>
      <Channel>Security</Channel>
      <Computer>finance-pc-07.corp.local</Computer>
      <Security/>
    </System>
    <EventData>
    <Data Name="ArtifactEventId">artifact-winsec-20260706-004824</Data>
    <Data Name="TargetUserName">svc_backup</Data>
    <Data Name="TargetDomainName">CORP</Data>
    <Data Name="IpAddress">10.20.20.33</Data>
    <Data Name="LogonType">2</Data>
    <Data Name="Status">0x0</Data>
    </EventData>
  </Event>
  <Event xmlns="http://schemas.microsoft.com/win/2004/08/events/event">
    <System>
      <Provider Name="Microsoft-Windows-Security-Auditing"/>
      <EventID>4769</EventID>
      <Level>0</Level>
      <Task>0</Task>
      <Opcode>0</Opcode>
      <Keywords>0x8020000000000000</Keywords>
      <TimeCreated SystemTime="2026-07-01T22:25:10Z"/>
      <EventRecordID>134007</EventRecordID>
      <Channel>Security</Channel>
      <Computer>win-admin-01.corp.local</Computer>
      <Security/>
    </System>
    <EventData>
    <Data Name="ArtifactEventId">artifact-winsec-20260706-011600</Data>
    <Data Name="TargetUserName">chen.yu</Data>
    <Data Name="TargetDomainName">CORP</Data>
    <Data Name="IpAddress">10.20.25.87</Data>
    <Data Name="LogonType">2</Data>
    <Data Name="Status">0x0</Data>
    </EventData>
  </Event>
  <Event xmlns="http://schemas.microsoft.com/win/2004/08/events/event">
    <System>
      <Provider Name="Microsoft-Windows-Security-Auditing"/>
      <EventID>4624</EventID>
      <Level>0</Level>
      <Task>0</Task>
      <Opcode>0</Opcode>
      <Keywords>0x8020000000000000</Keywords>
      <TimeCreated SystemTime="2026-07-01T22:25:55Z"/>
      <EventRecordID>645862</EventRecordID>
      <Channel>Security</Channel>
      <Computer>win-admin-01.corp.local</Computer>
      <Security/>
    </System>
    <EventData>
    <Data Name="ArtifactEventId">artifact-winsec-20260706-005809</Data>
    <Data Name="TargetUserName">wang.mei</Data>
    <Data Name="TargetDomainName">CORP</Data>
    <Data Name="IpAddress">10.20.20.33</Data>
    <Data Name="LogonType">7</Data>
    <Data Name="Status">0x0</Data>
    </EventData>
  </Event>
  <Event xmlns="http://schemas.microsoft.com/win/2004/08/events/event">
    <System>
      <Provider Name="Microsoft-Windows-Security-Auditing"/>
      <EventID>4634</EventID>
      <Level>0</Level>
      <Task>0</Task>
      <Opcode>0</Opcode>
      <Keywords>0x8020000000000000</Keywords>
      <TimeCreated SystemTime="2026-07-01T22:26:11Z"/>
      <EventRecordID>277052</EventRecordID>
      <Channel>Security</Channel>
      <Computer>file-srv-01.corp.local</Computer>
      <Security/>
    </System>
    <EventData>
    <Data Name="ArtifactEventId">artifact-winsec-20260706-004469</Data>
    <Data Name="TargetUserName">developer.zhao</Data>
    <Data Name="TargetDomainName">CORP</Data>
    <Data Name="IpAddress">10.20.30.11</Data>
    <Data Name="LogonType">3</Data>
    <Data Name="Status">0x0</Data>
    </EventData>
  </Event>
  <Event xmlns="http://schemas.microsoft.com/win/2004/08/events/event">
    <System>
      <Provider Name="Microsoft-Windows-Security-Auditing"/>
      <EventID>4768</EventID>
      <Level>0</Level>
      <Task>0</Task>
      <Opcode>0</Opcode>
      <Keywords>0x8020000000000000</Keywords>
      <TimeCreated SystemTime="2026-07-01T22:26:42Z"/>
      <EventRecordID>483625</EventRecordID>
      <Channel>Security</Channel>
      <Computer>finance-pc-07.corp.local</Computer>
      <Security/>
    </System>
    <EventData>
    <Data Name="ArtifactEventId">artifact-winsec-20260706-007719</Data>
    <Data Name="TargetUserName">admin.li</Data>
    <Data Name="TargetDomainName">CORP</Data>
    <Data Name="IpAddress">10.20.30.11</Data>
    <Data Name="LogonType">10</Data>
    <Data Name="Status">0x0</Data>
    </EventData>
  </Event>
  <Event xmlns="http://schemas.microsoft.com/win/2004/08/events/event">
    <System>
      <Provider Name="Microsoft-Windows-Security-Auditing"/>
      <EventID>4769</EventID>
      <Level>0</Level>
      <Task>0</Task>
      <Opcode>0</Opcode>
      <Keywords>0x8020000000000000</Keywords>
      <TimeCreated SystemTime="2026-07-01T22:27:50Z"/>
      <EventRecordID>542323</EventRecordID>
      <Channel>Security</Channel>
      <Computer>win-admin-01.corp.local</Computer>
      <Security/>
    </System>
    <EventData>
    <Data Name="ArtifactEventId">artifact-winsec-20260706-005005</Data>
    <Data Name="TargetUserName">svc_app</Data>
    <Data Name="TargetDomainName">CORP</Data>
    <Data Name="IpAddress">10.20.25.87</Data>
    <Data Name="LogonType">3</Data>
    <Data Name="Status">0x0</Data>
    </EventData>
  </Event>
  <Event xmlns="http://schemas.microsoft.com/win/2004/08/events/event">
    <System>
      <Provider Name="Microsoft-Windows-Security-Auditing"/>
      <EventID>4625</EventID>
      <Level>0</Level>
      <Task>0</Task>
      <Opcode>0</Opcode>
      <Keywords>0x8020000000000000</Keywords>
      <TimeCreated SystemTime="2026-07-01T22:27:52Z"/>
      <EventRecordID>168975</EventRecordID>
      <Channel>Security</Channel>
      <Computer>finance-pc-07.corp.local</Computer>
      <Security/>
    </System>
    <EventData>
    <Data Name="ArtifactEventId">artifact-winsec-20260706-011415</Data>
    <Data Name="TargetUserName">admin.li</Data>
    <Data Name="TargetDomainName">CORP</Data>
    <Data Name="IpAddress">10.20.20.87</Data>
    <Data Name="LogonType">7</Data>
    <Data Name="Status">0xc000006d</Data>
    </EventData>
  </Event>
  <Event xmlns="http://schemas.microsoft.com/win/2004/08/events/event">
    <System>
      <Provider Name="Microsoft-Windows-Security-Auditing"/>
      <EventID>4625</EventID>
      <Level>0</Level>
      <Task>0</Task>
      <Opcode>0</Opcode>
      <Keywords>0x8020000000000000</Keywords>
      <TimeCreated SystemTime="2026-07-01T22:28:11Z"/>
      <EventRecordID>310929</EventRecordID>
      <Channel>Security</Channel>
      <Computer>file-srv-01.corp.local</Computer>
      <Security/>
    </System>
    <EventData>
    <Data Name="ArtifactEventId">artifact-winsec-20260706-004268</Data>
    <Data Name="TargetUserName">svc_app</Data>
    <Data Name="TargetDomainName">CORP</Data>
    <Data Name="IpAddress">10.20.20.33</Data>
    <Data Name="LogonType">7</Data>
    <Data Name="Status">0xc000006d</Data>
    </EventData>
  </Event>
  <Event xmlns="http://schemas.microsoft.com/win/2004/08/events/event">
    <System>
      <Provider Name="Microsoft-Windows-Security-Auditing"/>
      <EventID>4769</EventID>
      <Level>0</Level>
      <Task>0</Task>
      <Opcode>0</Opcode>
      <Keywords>0x8020000000000000</Keywords>
      <TimeCreated SystemTime="2026-07-01T22:28:16Z"/>
      <EventRecordID>571919</EventRecordID>
      <Channel>Security</Channel>
      <Computer>ad-dc-01.corp.local</Computer>
      <Security/>
    </System>
    <EventData>
    <Data Name="ArtifactEventId">artifact-winsec-20260706-002207</Data>
    <Data Name="TargetUserName">svc_app</Data>
    <Data Name="TargetDomainName">CORP</Data>
    <Data Name="IpAddress">10.20.30.11</Data>
    <Data Name="LogonType">7</Data>
    <Data Name="Status">0x0</Data>
    </EventData>
  </Event>
  <Event xmlns="http://schemas.microsoft.com/win/2004/08/events/event">
    <System>
      <Provider Name="Microsoft-Windows-Security-Auditing"/>
      <EventID>4672</EventID>
      <Level>0</Level>
      <Task>0</Task>
      <Opcode>0</Opcode>
      <Keywords>0x8020000000000000</Keywords>
      <TimeCreated SystemTime="2026-07-01T22:28:27Z"/>
      <EventRecordID>764513</EventRecordID>
      <Channel>Security</Channel>
      <Computer>finance-pc-07.corp.local</Computer>
      <Security/>
    </System>
    <EventData>
    <Data Name="ArtifactEventId">artifact-winsec-20260706-006552</Data>
    <Data Name="TargetUserName">svc_backup</Data>
    <Data Name="TargetDomainName">CORP</Data>
    <Data Name="IpAddress">10.20.25.87</Data>
    <Data Name="LogonType">2</Data>
    <Data Name="Status">0x0</Data>
    </EventData>
  </Event>
  <Event xmlns="http://schemas.microsoft.com/win/2004/08/events/event">
    <System>
      <Provider Name="Microsoft-Windows-Security-Auditing"/>
      <EventID>4624</EventID>
      <Level>0</Level>
      <Task>0</Task>
      <Opcode>0</Opcode>
      <Keywords>0x8020000000000000</Keywords>
      <TimeCreated SystemTime="2026-07-01T22:28:30Z"/>
      <EventRecordID>420294</EventRecordID>
      <Channel>Security</Channel>
      <Computer>finance-pc-07.corp.local</Computer>
      <Security/>
    </System>
    <EventData>
    <Data Name="ArtifactEventId">artifact-winsec-20260706-005062</Data>
    <Data Name="TargetUserName">svc_app</Data>
    <Data Name="TargetDomainName">CORP</Data>
    <Data Name="IpAddress">10.20.30.11</Data>
    <Data Name="LogonType">10</Data>
    <Data Name="Status">0x0</Data>
    </EventData>
  </Event>
  <Event xmlns="http://schemas.microsoft.com/win/2004/08/events/event">
    <System>
      <Provider Name="Microsoft-Windows-Security-Auditing"/>
      <EventID>4624</EventID>
      <Level>0</Level>
      <Task>0</Task>
      <Opcode>0</Opcode>
      <Keywords>0x8020000000000000</Keywords>
      <TimeCreated SystemTime="2026-07-01T22:28:57Z"/>
      <EventRecordID>470123</EventRecordID>
      <Channel>Security</Channel>
      <Computer>ad-dc-01.corp.local</Computer>
      <Security/>
    </System>
    <EventData>
    <Data Name="ArtifactEventId">artifact-winsec-20260706-014251</Data>
    <Data Name="TargetUserName">admin.li</Data>
    <Data Name="TargetDomainName">CORP</Data>
    <Data Name="IpAddress">10.20.20.87</Data>
    <Data Name="LogonType">3</Data>
    <Data Name="Status">0x0</Data>
    </EventData>
  </Event>
  <Event xmlns="http://schemas.microsoft.com/win/2004/08/events/event">
    <System>
      <Provider Name="Microsoft-Windows-Security-Auditing"/>
      <EventID>4768</EventID>
      <Level>0</Level>
      <Task>0</Task>
      <Opcode>0</Opcode>
      <Keywords>0x8020000000000000</Keywords>
      <TimeCreated SystemTime="2026-07-01T22:30:09Z"/>
      <EventRecordID>960372</EventRecordID>
      <Channel>Security</Channel>
      <Computer>finance-pc-07.corp.local</Computer>
      <Security/>
    </System>
    <EventData>
    <Data Name="ArtifactEventId">artifact-winsec-20260706-012914</Data>
    <Data Name="TargetUserName">admin.li</Data>
    <Data Name="TargetDomainName">CORP</Data>
    <Data Name="IpAddress">10.20.25.87</Data>
    <Data Name="LogonType">7</Data>
    <Data Name="Status">0x0</Data>
    </EventData>
  </Event>
  <Event xmlns="http://schemas.microsoft.com/win/2004/08/events/event">
    <System>
      <Provider Name="Microsoft-Windows-Security-Auditing"/>
      <EventID>4625</EventID>
      <Level>0</Level>
      <Task>0</Task>
      <Opcode>0</Opcode>
      <Keywords>0x8020000000000000</Keywords>
      <TimeCreated SystemTime="2026-07-01T22:30:48Z"/>
      <EventRecordID>418055</EventRecordID>
      <Channel>Security</Channel>
      <Computer>win-admin-01.corp.local</Computer>
      <Security/>
    </System>
    <EventData>
    <Data Name="ArtifactEventId">artifact-winsec-20260706-015493</Data>
    <Data Name="TargetUserName">svc_backup</Data>
    <Data Name="TargetDomainName">CORP</Data>
    <Data Name="IpAddress">10.20.25.87</Data>
    <Data Name="LogonType">10</Data>
    <Data Name="Status">0xc000006a</Data>
    </EventData>
  </Event>
  <Event xmlns="http://schemas.microsoft.com/win/2004/08/events/event">
    <System>
      <Provider Name="Microsoft-Windows-Security-Auditing"/>
      <EventID>4768</EventID>
      <Level>0</Level>
      <Task>0</Task>
      <Opcode>0</Opcode>
      <Keywords>0x8020000000000000</Keywords>
      <TimeCreated SystemTime="2026-07-01T22:31:17Z"/>
      <EventRecordID>869508</EventRecordID>
      <Channel>Security</Channel>
      <Computer>file-srv-01.corp.local</Computer>
      <Security/>
    </System>
    <EventData>
    <Data Name="ArtifactEventId">artifact-winsec-20260706-002776</Data>
    <Data Name="TargetUserName">wang.mei</Data>
    <Data Name="TargetDomainName">CORP</Data>
    <Data Name="IpAddress">10.20.25.87</Data>
    <Data Name="LogonType">2</Data>
    <Data Name="Status">0x0</Data>
    </EventData>
  </Event>
  <Event xmlns="http://schemas.microsoft.com/win/2004/08/events/event">
    <System>
      <Provider Name="Microsoft-Windows-Security-Auditing"/>
      <EventID>4624</EventID>
      <Level>0</Level>
      <Task>0</Task>
      <Opcode>0</Opcode>
      <Keywords>0x8020000000000000</Keywords>
      <TimeCreated SystemTime="2026-07-01T22:31:18Z"/>
      <EventRecordID>641172</EventRecordID>
      <Channel>Security</Channel>
      <Computer>win-admin-01.corp.local</Computer>
      <Security/>
    </System>
    <EventData>
    <Data Name="ArtifactEventId">artifact-winsec-20260706-007759</Data>
    <Data Name="TargetUserName">wang.mei</Data>
    <Data Name="TargetDomainName">CORP</Data>
    <Data Name="IpAddress">10.20.30.11</Data>
    <Data Name="LogonType">3</Data>
    <Data Name="Status">0x0</Data>
    </EventData>
  </Event>
  <Event xmlns="http://schemas.microsoft.com/win/2004/08/events/event">
    <System>
      <Provider Name="Microsoft-Windows-Security-Auditing"/>
      <EventID>4624</EventID>
      <Level>0</Level>
      <Task>0</Task>
      <Opcode>0</Opcode>
      <Keywords>0x8020000000000000</Keywords>
      <TimeCreated SystemTime="2026-07-01T22:31:59Z"/>
      <EventRecordID>352608</EventRecordID>
      <Channel>Security</Channel>
      <Computer>win-admin-01.corp.local</Computer>
      <Security/>
    </System>
    <EventData>
    <Data Name="ArtifactEventId">artifact-winsec-20260706-013516</Data>
    <Data Name="TargetUserName">wang.mei</Data>
    <Data Name="TargetDomainName">CORP</Data>
    <Data Name="IpAddress">10.20.20.87</Data>
    <Data Name="LogonType">7</Data>
    <Data Name="Status">0x0</Data>
    </EventData>
  </Event>
  <Event xmlns="http://schemas.microsoft.com/win/2004/08/events/event">
    <System>
      <Provider Name="Microsoft-Windows-Security-Auditing"/>
      <EventID>4768</EventID>
      <Level>0</Level>
      <Task>0</Task>
      <Opcode>0</Opcode>
      <Keywords>0x8020000000000000</Keywords>
      <TimeCreated SystemTime="2026-07-01T22:32:05Z"/>
      <EventRecordID>217516</EventRecordID>
      <Channel>Security</Channel>
      <Computer>finance-pc-07.corp.local</Computer>
      <Security/>
    </System>
    <EventData>
    <Data Name="ArtifactEventId">artifact-winsec-20260706-008368</Data>
    <Data Name="TargetUserName">admin.li</Data>
    <Data Name="TargetDomainName">CORP</Data>
    <Data Name="IpAddress">10.20.20.87</Data>
    <Data Name="LogonType">2</Data>
    <Data Name="Status">0x0</Data>
    </EventData>
  </Event>
  <Event xmlns="http://schemas.microsoft.com/win/2004/08/events/event">
    <System>
      <Provider Name="Microsoft-Windows-Security-Auditing"/>
      <EventID>4672</EventID>
      <Level>0</Level>
      <Task>0</Task>
      <Opcode>0</Opcode>
      <Keywords>0x8020000000000000</Keywords>
      <TimeCreated SystemTime="2026-07-01T22:32:57Z"/>
      <EventRecordID>285908</EventRecordID>
      <Channel>Security</Channel>
      <Computer>finance-pc-07.corp.local</Computer>
      <Security/>
    </System>
    <EventData>
    <Data Name="ArtifactEventId">artifact-winsec-20260706-015807</Data>
    <Data Name="TargetUserName">admin.li</Data>
    <Data Name="TargetDomainName">CORP</Data>
    <Data Name="IpAddress">10.20.20.87</Data>
    <Data Name="LogonType">7</Data>
    <Data Name="Status">0x0</Data>
    </EventData>
  </Event>
  <Event xmlns="http://schemas.microsoft.com/win/2004/08/events/event">
    <System>
      <Provider Name="Microsoft-Windows-Security-Auditing"/>
      <EventID>4624</EventID>
      <Level>0</Level>
      <Task>0</Task>
      <Opcode>0</Opcode>
      <Keywords>0x8020000000000000</Keywords>
      <TimeCreated SystemTime="2026-07-01T22:33:00Z"/>
      <EventRecordID>936209</EventRecordID>
      <Channel>Security</Channel>
      <Computer>file-srv-01.corp.local</Computer>
      <Security/>
    </System>
    <EventData>
    <Data Name="ArtifactEventId">artifact-winsec-20260706-009817</Data>
    <Data Name="TargetUserName">developer.zhao</Data>
    <Data Name="TargetDomainName">CORP</Data>
    <Data Name="IpAddress">10.20.25.87</Data>
    <Data Name="LogonType">2</Data>
    <Data Name="Status">0x0</Data>
    </EventData>
  </Event>
  <Event xmlns="http://schemas.microsoft.com/win/2004/08/events/event">
    <System>
      <Provider Name="Microsoft-Windows-Security-Auditing"/>
      <EventID>4624</EventID>
      <Level>0</Level>
      <Task>0</Task>
      <Opcode>0</Opcode>
      <Keywords>0x8020000000000000</Keywords>
      <TimeCreated SystemTime="2026-07-01T22:33:31Z"/>
      <EventRecordID>447333</EventRecordID>
      <Channel>Security</Channel>
      <Computer>win-admin-01.corp.local</Computer>
      <Security/>
    </System>
    <EventData>
    <Data Name="ArtifactEventId">artifact-winsec-20260706-012357</Data>
    <Data Name="TargetUserName">developer.zhao</Data>
    <Data Name="TargetDomainName">CORP</Data>
    <Data Name="IpAddress">10.20.20.87</Data>
    <Data Name="LogonType">7</Data>
    <Data Name="Status">0x0</Data>
    </EventData>
  </Event>
  <Event xmlns="http://schemas.microsoft.com/win/2004/08/events/event">
    <System>
      <Provider Name="Microsoft-Windows-Security-Auditing"/>
      <EventID>4625</EventID>
      <Level>0</Level>
      <Task>0</Task>
      <Opcode>0</Opcode>
      <Keywords>0x8020000000000000</Keywords>
      <TimeCreated SystemTime="2026-07-01T22:34:28Z"/>
      <EventRecordID>807596</EventRecordID>
      <Channel>Security</Channel>
      <Computer>file-srv-01.corp.local</Computer>
      <Security/>
    </System>
    <EventData>
    <Data Name="ArtifactEventId">artifact-winsec-20260706-009673</Data>
    <Data Name="TargetUserName">admin.li</Data>
    <Data Name="TargetDomainName">CORP</Data>
    <Data Name="IpAddress">10.20.30.11</Data>
    <Data Name="LogonType">2</Data>
    <Data Name="Status">0xc000006d</Data>
    </EventData>
  </Event>
  <Event xmlns="http://schemas.microsoft.com/win/2004/08/events/event">
    <System>
      <Provider Name="Microsoft-Windows-Security-Auditing"/>
      <EventID>4634</EventID>
      <Level>0</Level>
      <Task>0</Task>
      <Opcode>0</Opcode>
      <Keywords>0x8020000000000000</Keywords>
      <TimeCreated SystemTime="2026-07-01T22:34:29Z"/>
      <EventRecordID>444658</EventRecordID>
      <Channel>Security</Channel>
      <Computer>file-srv-01.corp.local</Computer>
      <Security/>
    </System>
    <EventData>
    <Data Name="ArtifactEventId">artifact-winsec-20260706-002287</Data>
    <Data Name="TargetUserName">admin.li</Data>
    <Data Name="TargetDomainName">CORP</Data>
    <Data Name="IpAddress">10.20.30.11</Data>
    <Data Name="LogonType">3</Data>
    <Data Name="Status">0x0</Data>
    </EventData>
  </Event>
  <Event xmlns="http://schemas.microsoft.com/win/2004/08/events/event">
    <System>
      <Provider Name="Microsoft-Windows-Security-Auditing"/>
      <EventID>4625</EventID>
      <Level>0</Level>
      <Task>0</Task>
      <Opcode>0</Opcode>
      <Keywords>0x8020000000000000</Keywords>
      <TimeCreated SystemTime="2026-07-01T22:34:59Z"/>
      <EventRecordID>375601</EventRecordID>
      <Channel>Security</Channel>
      <Computer>finance-pc-07.corp.local</Computer>
      <Security/>
    </System>
    <EventData>
    <Data Name="ArtifactEventId">artifact-winsec-20260706-011134</Data>
    <Data Name="TargetUserName">svc_backup</Data>
    <Data Name="TargetDomainName">CORP</Data>
    <Data Name="IpAddress">10.20.20.87</Data>
    <Data Name="LogonType">2</Data>
    <Data Name="Status">0xc0000234</Data>
    </EventData>
  </Event>
  <Event xmlns="http://schemas.microsoft.com/win/2004/08/events/event">
    <System>
      <Provider Name="Microsoft-Windows-Security-Auditing"/>
      <EventID>4672</EventID>
      <Level>0</Level>
      <Task>0</Task>
      <Opcode>0</Opcode>
      <Keywords>0x8020000000000000</Keywords>
      <TimeCreated SystemTime="2026-07-01T22:35:34Z"/>
      <EventRecordID>377211</EventRecordID>
      <Channel>Security</Channel>
      <Computer>win-admin-01.corp.local</Computer>
      <Security/>
    </System>
    <EventData>
    <Data Name="ArtifactEventId">artifact-winsec-20260706-007734</Data>
    <Data Name="TargetUserName">wang.mei</Data>
    <Data Name="TargetDomainName">CORP</Data>
    <Data Name="IpAddress">10.20.20.87</Data>
    <Data Name="LogonType">3</Data>
    <Data Name="Status">0x0</Data>
    </EventData>
  </Event>
  <Event xmlns="http://schemas.microsoft.com/win/2004/08/events/event">
    <System>
      <Provider Name="Microsoft-Windows-Security-Auditing"/>
      <EventID>4768</EventID>
      <Level>0</Level>
      <Task>0</Task>
      <Opcode>0</Opcode>
      <Keywords>0x8020000000000000</Keywords>
      <TimeCreated SystemTime="2026-07-01T22:36:13Z"/>
      <EventRecordID>114414</EventRecordID>
      <Channel>Security</Channel>
      <Computer>ad-dc-01.corp.local</Computer>
      <Security/>
    </System>
    <EventData>
    <Data Name="ArtifactEventId">artifact-winsec-20260706-011715</Data>
    <Data Name="TargetUserName">chen.yu</Data>
    <Data Name="TargetDomainName">CORP</Data>
    <Data Name="IpAddress">10.20.25.87</Data>
    <Data Name="LogonType">2</Data>
    <Data Name="Status">0x0</Data>
    </EventData>
  </Event>
  <Event xmlns="http://schemas.microsoft.com/win/2004/08/events/event">
    <System>
      <Provider Name="Microsoft-Windows-Security-Auditing"/>
      <EventID>4634</EventID>
      <Level>0</Level>
      <Task>0</Task>
      <Opcode>0</Opcode>
      <Keywords>0x8020000000000000</Keywords>
      <TimeCreated SystemTime="2026-07-01T22:36:41Z"/>
      <EventRecordID>798982</EventRecordID>
      <Channel>Security</Channel>
      <Computer>ad-dc-01.corp.local</Computer>
      <Security/>
    </System>
    <EventData>
    <Data Name="ArtifactEventId">artifact-winsec-20260706-013182</Data>
    <Data Name="TargetUserName">svc_app</Data>
    <Data Name="TargetDomainName">CORP</Data>
    <Data Name="IpAddress">10.20.20.33</Data>
    <Data Name="LogonType">10</Data>
    <Data Name="Status">0x0</Data>
    </EventData>
  </Event>
  <Event xmlns="http://schemas.microsoft.com/win/2004/08/events/event">
    <System>
      <Provider Name="Microsoft-Windows-Security-Auditing"/>
      <EventID>4768</EventID>
      <Level>0</Level>
      <Task>0</Task>
      <Opcode>0</Opcode>
      <Keywords>0x8020000000000000</Keywords>
      <TimeCreated SystemTime="2026-07-01T22:37:13Z"/>
      <EventRecordID>352312</EventRecordID>
      <Channel>Security</Channel>
      <Computer>finance-pc-07.corp.local</Computer>
      <Security/>
    </System>
    <EventData>
    <Data Name="ArtifactEventId">artifact-winsec-20260706-011641</Data>
    <Data Name="TargetUserName">svc_backup</Data>
    <Data Name="TargetDomainName">CORP</Data>
    <Data Name="IpAddress">10.20.30.11</Data>
    <Data Name="LogonType">3</Data>
    <Data Name="Status">0x0</Data>
    </EventData>
  </Event>
  <Event xmlns="http://schemas.microsoft.com/win/2004/08/events/event">
    <System>
      <Provider Name="Microsoft-Windows-Security-Auditing"/>
      <EventID>4672</EventID>
      <Level>0</Level>
      <Task>0</Task>
      <Opcode>0</Opcode>
      <Keywords>0x8020000000000000</Keywords>
      <TimeCreated SystemTime="2026-07-01T22:37:45Z"/>
      <EventRecordID>855769</EventRecordID>
      <Channel>Security</Channel>
      <Computer>file-srv-01.corp.local</Computer>
      <Security/>
    </System>
    <EventData>
    <Data Name="ArtifactEventId">artifact-winsec-20260706-014530</Data>
    <Data Name="TargetUserName">svc_backup</Data>
    <Data Name="TargetDomainName">CORP</Data>
    <Data Name="IpAddress">10.20.20.87</Data>
    <Data Name="LogonType">3</Data>
    <Data Name="Status">0x0</Data>
    </EventData>
  </Event>
  <Event xmlns="http://schemas.microsoft.com/win/2004/08/events/event">
    <System>
      <Provider Name="Microsoft-Windows-Security-Auditing"/>
      <EventID>4625</EventID>
      <Level>0</Level>
      <Task>0</Task>
      <Opcode>0</Opcode>
      <Keywords>0x8020000000000000</Keywords>
      <TimeCreated SystemTime="2026-07-01T22:38:06Z"/>
      <EventRecordID>828126</EventRecordID>
      <Channel>Security</Channel>
      <Computer>file-srv-01.corp.local</Computer>
      <Security/>
    </System>
    <EventData>
    <Data Name="ArtifactEventId">artifact-winsec-20260706-014099</Data>
    <Data Name="TargetUserName">developer.zhao</Data>
    <Data Name="TargetDomainName">CORP</Data>
    <Data Name="IpAddress">10.20.30.11</Data>
    <Data Name="LogonType">7</Data>
    <Data Name="Status">0xc000006d</Data>
    </EventData>
  </Event>
  <Event xmlns="http://schemas.microsoft.com/win/2004/08/events/event">
    <System>
      <Provider Name="Microsoft-Windows-Security-Auditing"/>
      <EventID>4624</EventID>
      <Level>0</Level>
      <Task>0</Task>
      <Opcode>0</Opcode>
      <Keywords>0x8020000000000000</Keywords>
      <TimeCreated SystemTime="2026-07-01T22:39:11Z"/>
      <EventRecordID>494362</EventRecordID>
      <Channel>Security</Channel>
      <Computer>finance-pc-07.corp.local</Computer>
      <Security/>
    </System>
    <EventData>
    <Data Name="ArtifactEventId">artifact-winsec-20260706-002474</Data>
    <Data Name="TargetUserName">developer.zhao</Data>
    <Data Name="TargetDomainName">CORP</Data>
    <Data Name="IpAddress">10.20.30.11</Data>
    <Data Name="LogonType">3</Data>
    <Data Name="Status">0x0</Data>
    </EventData>
  </Event>
  <Event xmlns="http://schemas.microsoft.com/win/2004/08/events/event">
    <System>
      <Provider Name="Microsoft-Windows-Security-Auditing"/>
      <EventID>4624</EventID>
      <Level>0</Level>
      <Task>0</Task>
      <Opcode>0</Opcode>
      <Keywords>0x8020000000000000</Keywords>
      <TimeCreated SystemTime="2026-07-01T22:39:13Z"/>
      <EventRecordID>658448</EventRecordID>
      <Channel>Security</Channel>
      <Computer>file-srv-01.corp.local</Computer>
      <Security/>
    </System>
    <EventData>
    <Data Name="ArtifactEventId">artifact-winsec-20260706-013949</Data>
    <Data Name="TargetUserName">svc_backup</Data>
    <Data Name="TargetDomainName">CORP</Data>
    <Data Name="IpAddress">10.20.20.87</Data>
    <Data Name="LogonType">3</Data>
    <Data Name="Status">0x0</Data>
    </EventData>
  </Event>
  <Event xmlns="http://schemas.microsoft.com/win/2004/08/events/event">
    <System>
      <Provider Name="Microsoft-Windows-Security-Auditing"/>
      <EventID>4624</EventID>
      <Level>0</Level>
      <Task>0</Task>
      <Opcode>0</Opcode>
      <Keywords>0x8020000000000000</Keywords>
      <TimeCreated SystemTime="2026-07-01T22:39:29Z"/>
      <EventRecordID>563933</EventRecordID>
      <Channel>Security</Channel>
      <Computer>finance-pc-07.corp.local</Computer>
      <Security/>
    </System>
    <EventData>
    <Data Name="ArtifactEventId">artifact-winsec-20260706-012562</Data>
    <Data Name="TargetUserName">chen.yu</Data>
    <Data Name="TargetDomainName">CORP</Data>
    <Data Name="IpAddress">10.20.20.33</Data>
    <Data Name="LogonType">2</Data>
    <Data Name="Status">0x0</Data>
    </EventData>
  </Event>
  <Event xmlns="http://schemas.microsoft.com/win/2004/08/events/event">
    <System>
      <Provider Name="Microsoft-Windows-Security-Auditing"/>
      <EventID>4625</EventID>
      <Level>0</Level>
      <Task>0</Task>
      <Opcode>0</Opcode>
      <Keywords>0x8020000000000000</Keywords>
      <TimeCreated SystemTime="2026-07-01T22:39:30Z"/>
      <EventRecordID>330785</EventRecordID>
      <Channel>Security</Channel>
      <Computer>file-srv-01.corp.local</Computer>
      <Security/>
    </System>
    <EventData>
    <Data Name="ArtifactEventId">artifact-winsec-20260706-002980</Data>
    <Data Name="TargetUserName">chen.yu</Data>
    <Data Name="TargetDomainName">CORP</Data>
    <Data Name="IpAddress">10.20.20.33</Data>
    <Data Name="LogonType">3</Data>
    <Data Name="Status">0xc000006d</Data>
    </EventData>
  </Event>
  <Event xmlns="http://schemas.microsoft.com/win/2004/08/events/event">
    <System>
      <Provider Name="Microsoft-Windows-Security-Auditing"/>
      <EventID>4672</EventID>
      <Level>0</Level>
      <Task>0</Task>
      <Opcode>0</Opcode>
      <Keywords>0x8020000000000000</Keywords>
      <TimeCreated SystemTime="2026-07-01T22:39:41Z"/>
      <EventRecordID>311236</EventRecordID>
      <Channel>Security</Channel>
      <Computer>ad-dc-01.corp.local</Computer>
      <Security/>
    </System>
    <EventData>
    <Data Name="ArtifactEventId">artifact-winsec-20260706-004891</Data>
    <Data Name="TargetUserName">wang.mei</Data>
    <Data Name="TargetDomainName">CORP</Data>
    <Data Name="IpAddress">10.20.30.11</Data>
    <Data Name="LogonType">7</Data>
    <Data Name="Status">0x0</Data>
    </EventData>
  </Event>
  <Event xmlns="http://schemas.microsoft.com/win/2004/08/events/event">
    <System>
      <Provider Name="Microsoft-Windows-Security-Auditing"/>
      <EventID>4624</EventID>
      <Level>0</Level>
      <Task>0</Task>
      <Opcode>0</Opcode>
      <Keywords>0x8020000000000000</Keywords>
      <TimeCreated SystemTime="2026-07-01T22:39:46Z"/>
      <EventRecordID>202530</EventRecordID>
      <Channel>Security</Channel>
      <Computer>win-admin-01.corp.local</Computer>
      <Security/>
    </System>
    <EventData>
    <Data Name="ArtifactEventId">artifact-winsec-20260706-003455</Data>
    <Data Name="TargetUserName">developer.zhao</Data>
    <Data Name="TargetDomainName">CORP</Data>
    <Data Name="IpAddress">10.20.25.87</Data>
    <Data Name="LogonType">2</Data>
    <Data Name="Status">0x0</Data>
    </EventData>
  </Event>
  <Event xmlns="http://schemas.microsoft.com/win/2004/08/events/event">
    <System>
      <Provider Name="Microsoft-Windows-Security-Auditing"/>
      <EventID>4634</EventID>
      <Level>0</Level>
      <Task>0</Task>
      <Opcode>0</Opcode>
      <Keywords>0x8020000000000000</Keywords>
      <TimeCreated SystemTime="2026-07-01T22:39:51Z"/>
      <EventRecordID>271880</EventRecordID>
      <Channel>Security</Channel>
      <Computer>file-srv-01.corp.local</Computer>
      <Security/>
    </System>
    <EventData>
    <Data Name="ArtifactEventId">artifact-winsec-20260706-006505</Data>
    <Data Name="TargetUserName">svc_backup</Data>
    <Data Name="TargetDomainName">CORP</Data>
    <Data Name="IpAddress">10.20.25.87</Data>
    <Data Name="LogonType">3</Data>
    <Data Name="Status">0x0</Data>
    </EventData>
  </Event>
  <Event xmlns="http://schemas.microsoft.com/win/2004/08/events/event">
    <System>
      <Provider Name="Microsoft-Windows-Security-Auditing"/>
      <EventID>4672</EventID>
      <Level>0</Level>
      <Task>0</Task>
      <Opcode>0</Opcode>
      <Keywords>0x8020000000000000</Keywords>
      <TimeCreated SystemTime="2026-07-01T22:41:32Z"/>
      <EventRecordID>172373</EventRecordID>
      <Channel>Security</Channel>
      <Computer>finance-pc-07.corp.local</Computer>
      <Security/>
    </System>
    <EventData>
    <Data Name="ArtifactEventId">artifact-winsec-20260706-015975</Data>
    <Data Name="TargetUserName">svc_backup</Data>
    <Data Name="TargetDomainName">CORP</Data>
    <Data Name="IpAddress">10.20.20.33</Data>
    <Data Name="LogonType">3</Data>
    <Data Name="Status">0x0</Data>
    </EventData>
  </Event>
  <Event xmlns="http://schemas.microsoft.com/win/2004/08/events/event">
    <System>
      <Provider Name="Microsoft-Windows-Security-Auditing"/>
      <EventID>4672</EventID>
      <Level>0</Level>
      <Task>0</Task>
      <Opcode>0</Opcode>
      <Keywords>0x8020000000000000</Keywords>
      <TimeCreated SystemTime="2026-07-01T22:41:51Z"/>
      <EventRecordID>231267</EventRecordID>
      <Channel>Security</Channel>
      <Computer>ad-dc-01.corp.local</Computer>
      <Security/>
    </System>
    <EventData>
    <Data Name="ArtifactEventId">artifact-winsec-20260706-005269</Data>
    <Data Name="TargetUserName">developer.zhao</Data>
    <Data Name="TargetDomainName">CORP</Data>
    <Data Name="IpAddress">10.20.25.87</Data>
    <Data Name="LogonType">7</Data>
    <Data Name="Status">0x0</Data>
    </EventData>
  </Event>
  <Event xmlns="http://schemas.microsoft.com/win/2004/08/events/event">
    <System>
      <Provider Name="Microsoft-Windows-Security-Auditing"/>
      <EventID>4624</EventID>
      <Level>0</Level>
      <Task>0</Task>
      <Opcode>0</Opcode>
      <Keywords>0x8020000000000000</Keywords>
      <TimeCreated SystemTime="2026-07-01T22:41:54Z"/>
      <EventRecordID>615139</EventRecordID>
      <Channel>Security</Channel>
      <Computer>win-admin-01.corp.local</Computer>
      <Security/>
    </System>
    <EventData>
    <Data Name="ArtifactEventId">artifact-winsec-20260706-012563</Data>
    <Data Name="TargetUserName">chen.yu</Data>
    <Data Name="TargetDomainName">CORP</Data>
    <Data Name="IpAddress">10.20.20.33</Data>
    <Data Name="LogonType">2</Data>
    <Data Name="Status">0x0</Data>
    </EventData>
  </Event>
  <Event xmlns="http://schemas.microsoft.com/win/2004/08/events/event">
    <System>
      <Provider Name="Microsoft-Windows-Security-Auditing"/>
      <EventID>4769</EventID>
      <Level>0</Level>
      <Task>0</Task>
      <Opcode>0</Opcode>
      <Keywords>0x8020000000000000</Keywords>
      <TimeCreated SystemTime="2026-07-01T22:43:32Z"/>
      <EventRecordID>710112</EventRecordID>
      <Channel>Security</Channel>
      <Computer>win-admin-01.corp.local</Computer>
      <Security/>
    </System>
    <EventData>
    <Data Name="ArtifactEventId">artifact-winsec-20260706-014173</Data>
    <Data Name="TargetUserName">admin.li</Data>
    <Data Name="TargetDomainName">CORP</Data>
    <Data Name="IpAddress">10.20.20.33</Data>
    <Data Name="LogonType">7</Data>
    <Data Name="Status">0x0</Data>
    </EventData>
  </Event>
  <Event xmlns="http://schemas.microsoft.com/win/2004/08/events/event">
    <System>
      <Provider Name="Microsoft-Windows-Security-Auditing"/>
      <EventID>4672</EventID>
      <Level>0</Level>
      <Task>0</Task>
      <Opcode>0</Opcode>
      <Keywords>0x8020000000000000</Keywords>
      <TimeCreated SystemTime="2026-07-01T22:43:33Z"/>
      <EventRecordID>173814</EventRecordID>
      <Channel>Security</Channel>
      <Computer>win-admin-01.corp.local</Computer>
      <Security/>
    </System>
    <EventData>
    <Data Name="ArtifactEventId">artifact-winsec-20260706-002412</Data>
    <Data Name="TargetUserName">developer.zhao</Data>
    <Data Name="TargetDomainName">CORP</Data>
    <Data Name="IpAddress">10.20.20.33</Data>
    <Data Name="LogonType">3</Data>
    <Data Name="Status">0x0</Data>
    </EventData>
  </Event>
  <Event xmlns="http://schemas.microsoft.com/win/2004/08/events/event">
    <System>
      <Provider Name="Microsoft-Windows-Security-Auditing"/>
      <EventID>4634</EventID>
      <Level>0</Level>
      <Task>0</Task>
      <Opcode>0</Opcode>
      <Keywords>0x8020000000000000</Keywords>
      <TimeCreated SystemTime="2026-07-01T22:44:41Z"/>
      <EventRecordID>446976</EventRecordID>
      <Channel>Security</Channel>
      <Computer>finance-pc-07.corp.local</Computer>
      <Security/>
    </System>
    <EventData>
    <Data Name="ArtifactEventId">artifact-winsec-20260706-007294</Data>
    <Data Name="TargetUserName">developer.zhao</Data>
    <Data Name="TargetDomainName">CORP</Data>
    <Data Name="IpAddress">10.20.25.87</Data>
    <Data Name="LogonType">7</Data>
    <Data Name="Status">0x0</Data>
    </EventData>
  </Event>
  <Event xmlns="http://schemas.microsoft.com/win/2004/08/events/event">
    <System>
      <Provider Name="Microsoft-Windows-Security-Auditing"/>
      <EventID>4624</EventID>
      <Level>0</Level>
      <Task>0</Task>
      <Opcode>0</Opcode>
      <Keywords>0x8020000000000000</Keywords>
      <TimeCreated SystemTime="2026-07-01T22:44:53Z"/>
      <EventRecordID>666404</EventRecordID>
      <Channel>Security</Channel>
      <Computer>file-srv-01.corp.local</Computer>
      <Security/>
    </System>
    <EventData>
    <Data Name="ArtifactEventId">artifact-winsec-20260706-008416</Data>
    <Data Name="TargetUserName">developer.zhao</Data>
    <Data Name="TargetDomainName">CORP</Data>
    <Data Name="IpAddress">10.20.20.87</Data>
    <Data Name="LogonType">2</Data>
    <Data Name="Status">0x0</Data>
    </EventData>
  </Event>
  <Event xmlns="http://schemas.microsoft.com/win/2004/08/events/event">
    <System>
      <Provider Name="Microsoft-Windows-Security-Auditing"/>
      <EventID>4624</EventID>
      <Level>0</Level>
      <Task>0</Task>
      <Opcode>0</Opcode>
      <Keywords>0x8020000000000000</Keywords>
      <TimeCreated SystemTime="2026-07-01T22:44:56Z"/>
      <EventRecordID>876645</EventRecordID>
      <Channel>Security</Channel>
      <Computer>win-admin-01.corp.local</Computer>
      <Security/>
    </System>
    <EventData>
    <Data Name="ArtifactEventId">artifact-winsec-20260706-008880</Data>
    <Data Name="TargetUserName">admin.li</Data>
    <Data Name="TargetDomainName">CORP</Data>
    <Data Name="IpAddress">10.20.25.87</Data>
    <Data Name="LogonType">2</Data>
    <Data Name="Status">0x0</Data>
    </EventData>
  </Event>
  <Event xmlns="http://schemas.microsoft.com/win/2004/08/events/event">
    <System>
      <Provider Name="Microsoft-Windows-Security-Auditing"/>
      <EventID>4769</EventID>
      <Level>0</Level>
      <Task>0</Task>
      <Opcode>0</Opcode>
      <Keywords>0x8020000000000000</Keywords>
      <TimeCreated SystemTime="2026-07-01T22:45:00Z"/>
      <EventRecordID>662851</EventRecordID>
      <Channel>Security</Channel>
      <Computer>win-admin-01.corp.local</Computer>
      <Security/>
    </System>
    <EventData>
    <Data Name="ArtifactEventId">artifact-winsec-20260706-014206</Data>
    <Data Name="TargetUserName">svc_backup</Data>
    <Data Name="TargetDomainName">CORP</Data>
    <Data Name="IpAddress">10.20.30.11</Data>
    <Data Name="LogonType">3</Data>
    <Data Name="Status">0x0</Data>
    </EventData>
  </Event>
  <Event xmlns="http://schemas.microsoft.com/win/2004/08/events/event">
    <System>
      <Provider Name="Microsoft-Windows-Security-Auditing"/>
      <EventID>4768</EventID>
      <Level>0</Level>
      <Task>0</Task>
      <Opcode>0</Opcode>
      <Keywords>0x8020000000000000</Keywords>
      <TimeCreated SystemTime="2026-07-01T22:45:15Z"/>
      <EventRecordID>433484</EventRecordID>
      <Channel>Security</Channel>
      <Computer>file-srv-01.corp.local</Computer>
      <Security/>
    </System>
    <EventData>
    <Data Name="ArtifactEventId">artifact-winsec-20260706-012306</Data>
    <Data Name="TargetUserName">wang.mei</Data>
    <Data Name="TargetDomainName">CORP</Data>
    <Data Name="IpAddress">10.20.30.11</Data>
    <Data Name="LogonType">2</Data>
    <Data Name="Status">0x0</Data>
    </EventData>
  </Event>
  <Event xmlns="http://schemas.microsoft.com/win/2004/08/events/event">
    <System>
      <Provider Name="Microsoft-Windows-Security-Auditing"/>
      <EventID>4768</EventID>
      <Level>0</Level>
      <Task>0</Task>
      <Opcode>0</Opcode>
      <Keywords>0x8020000000000000</Keywords>
      <TimeCreated SystemTime="2026-07-01T22:45:52Z"/>
      <EventRecordID>394909</EventRecordID>
      <Channel>Security</Channel>
      <Computer>ad-dc-01.corp.local</Computer>
      <Security/>
    </System>
    <EventData>
    <Data Name="ArtifactEventId">artifact-winsec-20260706-000654</Data>
    <Data Name="TargetUserName">developer.zhao</Data>
    <Data Name="TargetDomainName">CORP</Data>
    <Data Name="IpAddress">10.20.20.87</Data>
    <Data Name="LogonType">3</Data>
    <Data Name="Status">0x0</Data>
    </EventData>
  </Event>
  <Event xmlns="http://schemas.microsoft.com/win/2004/08/events/event">
    <System>
      <Provider Name="Microsoft-Windows-Security-Auditing"/>
      <EventID>4634</EventID>
      <Level>0</Level>
      <Task>0</Task>
      <Opcode>0</Opcode>
      <Keywords>0x8020000000000000</Keywords>
      <TimeCreated SystemTime="2026-07-01T22:47:53Z"/>
      <EventRecordID>920678</EventRecordID>
      <Channel>Security</Channel>
      <Computer>file-srv-01.corp.local</Computer>
      <Security/>
    </System>
    <EventData>
    <Data Name="ArtifactEventId">artifact-winsec-20260706-013872</Data>
    <Data Name="TargetUserName">developer.zhao</Data>
    <Data Name="TargetDomainName">CORP</Data>
    <Data Name="IpAddress">10.20.25.87</Data>
    <Data Name="LogonType">3</Data>
    <Data Name="Status">0x0</Data>
    </EventData>
  </Event>
  <Event xmlns="http://schemas.microsoft.com/win/2004/08/events/event">
    <System>
      <Provider Name="Microsoft-Windows-Security-Auditing"/>
      <EventID>4634</EventID>
      <Level>0</Level>
      <Task>0</Task>
      <Opcode>0</Opcode>
      <Keywords>0x8020000000000000</Keywords>
      <TimeCreated SystemTime="2026-07-01T22:48:23Z"/>
      <EventRecordID>205101</EventRecordID>
      <Channel>Security</Channel>
      <Computer>file-srv-01.corp.local</Computer>
      <Security/>
    </System>
    <EventData>
    <Data Name="ArtifactEventId">artifact-winsec-20260706-011676</Data>
    <Data Name="TargetUserName">admin.li</Data>
    <Data Name="TargetDomainName">CORP</Data>
    <Data Name="IpAddress">10.20.20.33</Data>
    <Data Name="LogonType">2</Data>
    <Data Name="Status">0x0</Data>
    </EventData>
  </Event>
  <Event xmlns="http://schemas.microsoft.com/win/2004/08/events/event">
    <System>
      <Provider Name="Microsoft-Windows-Security-Auditing"/>
      <EventID>4625</EventID>
      <Level>0</Level>
      <Task>0</Task>
      <Opcode>0</Opcode>
      <Keywords>0x8020000000000000</Keywords>
      <TimeCreated SystemTime="2026-07-01T22:48:46Z"/>
      <EventRecordID>956807</EventRecordID>
      <Channel>Security</Channel>
      <Computer>ad-dc-01.corp.local</Computer>
      <Security/>
    </System>
    <EventData>
    <Data Name="ArtifactEventId">artifact-winsec-20260706-005548</Data>
    <Data Name="TargetUserName">chen.yu</Data>
    <Data Name="TargetDomainName">CORP</Data>
    <Data Name="IpAddress">10.20.20.33</Data>
    <Data Name="LogonType">3</Data>
    <Data Name="Status">0xc000006d</Data>
    </EventData>
  </Event>
  <Event xmlns="http://schemas.microsoft.com/win/2004/08/events/event">
    <System>
      <Provider Name="Microsoft-Windows-Security-Auditing"/>
      <EventID>4624</EventID>
      <Level>0</Level>
      <Task>0</Task>
      <Opcode>0</Opcode>
      <Keywords>0x8020000000000000</Keywords>
      <TimeCreated SystemTime="2026-07-01T22:48:50Z"/>
      <EventRecordID>983262</EventRecordID>
      <Channel>Security</Channel>
      <Computer>finance-pc-07.corp.local</Computer>
      <Security/>
    </System>
    <EventData>
    <Data Name="ArtifactEventId">artifact-winsec-20260706-004460</Data>
    <Data Name="TargetUserName">chen.yu</Data>
    <Data Name="TargetDomainName">CORP</Data>
    <Data Name="IpAddress">10.20.20.33</Data>
    <Data Name="LogonType">10</Data>
    <Data Name="Status">0x0</Data>
    </EventData>
  </Event>
  