<Event xmlns="http://schemas.microsoft.com/win/2004/08/events/event">
    <System>
      <Provider Name="Microsoft-Windows-Security-Auditing"/>
      <EventID>4769</EventID>
      <Level>0</Level>
      <Task>0</Task>
      <Opcode>0</Opcode>
      <Keywords>0x8020000000000000</Keywords>
      <TimeCreated SystemTime="2026-07-02T07:29:29Z"/>
      <EventRecordID>914687</EventRecordID>
      <Channel>Security</Channel>
      <Computer>finance-pc-07.corp.local</Computer>
      <Security/>
    </System>
    <EventData>
    <Data Name="ArtifactEventId">artifact-winsec-20260706-009382</Data>
    <Data Name="TargetUserName">developer.zhao</Data>
    <Data Name="TargetDomainName">CORP</Data>
    <Data Name="IpAddress">10.20.25.87</Data>
    <Data Name="LogonType">7</Data>
    <Data Name="Status">0x0</Data>
    </EventData>
  </Event>
  <Event xmlns="http://schemas.microsoft.com/win/2004/08/events/event">
    <System>
      <Provider Name="Microsoft-Windows-Security-Auditing"/>
      <EventID>4672</EventID>
      <Level>0</Level>
      <Task>0</Task>
      <Opcode>0</Opcode>
      <Keywords>0x8020000000000000</Keywords>
      <TimeCreated SystemTime="2026-07-02T07:30:36Z"/>
      <EventRecordID>511204</EventRecordID>
      <Channel>Security</Channel>
      <Computer>ad-dc-01.corp.local</Computer>
      <Security/>
    </System>
    <EventData>
    <Data Name="ArtifactEventId">artifact-winsec-20260706-006673</Data>
    <Data Name="TargetUserName">chen.yu</Data>
    <Data Name="TargetDomainName">CORP</Data>
    <Data Name="IpAddress">10.20.25.87</Data>
    <Data Name="LogonType">2</Data>
    <Data Name="Status">0x0</Data>
    </EventData>
  </Event>
  <Event xmlns="http://schemas.microsoft.com/win/2004/08/events/event">
    <System>
      <Provider Name="Microsoft-Windows-Security-Auditing"/>
      <EventID>4624</EventID>
      <Level>0</Level>
      <Task>0</Task>
      <Opcode>0</Opcode>
      <Keywords>0x8020000000000000</Keywords>
      <TimeCreated SystemTime="2026-07-02T07:30:56Z"/>
      <EventRecordID>628774</EventRecordID>
      <Channel>Security</Channel>
      <Computer>file-srv-01.corp.local</Computer>
      <Security/>
    </System>
    <EventData>
    <Data Name="ArtifactEventId">artifact-winsec-20260706-001577</Data>
    <Data Name="TargetUserName">chen.yu</Data>
    <Data Name="TargetDomainName">CORP</Data>
    <Data Name="IpAddress">10.20.20.33</Data>
    <Data Name="LogonType">3</Data>
    <Data Name="Status">0x0</Data>
    </EventData>
  </Event>
  <Event xmlns="http://schemas.microsoft.com/win/2004/08/events/event">
    <System>
      <Provider Name="Microsoft-Windows-Security-Auditing"/>
      <EventID>4624</EventID>
      <Level>0</Level>
      <Task>0</Task>
      <Opcode>0</Opcode>
      <Keywords>0x8020000000000000</Keywords>
      <TimeCreated SystemTime="2026-07-02T07:31:49Z"/>
      <EventRecordID>839055</EventRecordID>
      <Channel>Security</Channel>
      <Computer>ad-dc-01.corp.local</Computer>
      <Security/>
    </System>
    <EventData>
    <Data Name="ArtifactEventId">artifact-winsec-20260706-005523</Data>
    <Data Name="TargetUserName">svc_app</Data>
    <Data Name="TargetDomainName">CORP</Data>
    <Data Name="IpAddress">10.20.30.11</Data>
    <Data Name="LogonType">7</Data>
    <Data Name="Status">0x0</Data>
    </EventData>
  </Event>
  <Event xmlns="http://schemas.microsoft.com/win/2004/08/events/event">
    <System>
      <Provider Name="Microsoft-Windows-Security-Auditing"/>
      <EventID>4624</EventID>
      <Level>0</Level>
      <Task>0</Task>
      <Opcode>0</Opcode>
      <Keywords>0x8020000000000000</Keywords>
      <TimeCreated SystemTime="2026-07-02T07:32:18Z"/>
      <EventRecordID>271683</EventRecordID>
      <Channel>Security</Channel>
      <Computer>finance-pc-07.corp.local</Computer>
      <Security/>
    </System>
    <EventData>
    <Data Name="ArtifactEventId">artifact-winsec-20260706-005339</Data>
    <Data Name="TargetUserName">wang.mei</Data>
    <Data Name="TargetDomainName">CORP</Data>
    <Data Name="IpAddress">10.20.20.87</Data>
    <Data Name="LogonType">2</Data>
    <Data Name="Status">0x0</Data>
    </EventData>
  </Event>
  <Event xmlns="http://schemas.microsoft.com/win/2004/08/events/event">
    <System>
      <Provider Name="Microsoft-Windows-Security-Auditing"/>
      <EventID>4625</EventID>
      <Level>0</Level>
      <Task>0</Task>
      <Opcode>0</Opcode>
      <Keywords>0x8020000000000000</Keywords>
      <TimeCreated SystemTime="2026-07-02T07:33:23Z"/>
      <EventRecordID>475963</EventRecordID>
      <Channel>Security</Channel>
      <Computer>finance-pc-07.corp.local</Computer>
      <Security/>
    </System>
    <EventData>
    <Data Name="ArtifactEventId">artifact-winsec-20260706-006796</Data>
    <Data Name="TargetUserName">admin.li</Data>
    <Data Name="TargetDomainName">CORP</Data>
    <Data Name="IpAddress">10.20.25.87</Data>
    <Data Name="LogonType">10</Data>
    <Data Name="Status">0xc000006d</Data>
    </EventData>
  </Event>
  <Event xmlns="http://schemas.microsoft.com/win/2004/08/events/event">
    <System>
      <Provider Name="Microsoft-Windows-Security-Auditing"/>
      <EventID>4672</EventID>
      <Level>0</Level>
      <Task>0</Task>
      <Opcode>0</Opcode>
      <Keywords>0x8020000000000000</Keywords>
      <TimeCreated SystemTime="2026-07-02T07:33:23Z"/>
      <EventRecordID>160455</EventRecordID>
      <Channel>Security</Channel>
      <Computer>win-admin-01.corp.local</Computer>
      <Security/>
    </System>
    <EventData>
    <Data Name="ArtifactEventId">artifact-winsec-20260706-009474</Data>
    <Data Name="TargetUserName">wang.mei</Data>
    <Data Name="TargetDomainName">CORP</Data>
    <Data Name="IpAddress">10.20.20.87</Data>
    <Data Name="LogonType">7</Data>
    <Data Name="Status">0x0</Data>
    </EventData>
  </Event>
  <Event xmlns="http://schemas.microsoft.com/win/2004/08/events/event">
    <System>
      <Provider Name="Microsoft-Windows-Security-Auditing"/>
      <EventID>4624</EventID>
      <Level>0</Level>
      <Task>0</Task>
      <Opcode>0</Opcode>
      <Keywords>0x8020000000000000</Keywords>
      <TimeCreated SystemTime="2026-07-02T07:33:41Z"/>
      <EventRecordID>175749</EventRecordID>
      <Channel>Security</Channel>
      <Computer>win-admin-01.corp.local</Computer>
      <Security/>
    </System>
    <EventData>
    <Data Name="ArtifactEventId">artifact-winsec-20260706-004670</Data>
    <Data Name="TargetUserName">svc_app</Data>
    <Data Name="TargetDomainName">CORP</Data>
    <Data Name="IpAddress">10.20.20.87</Data>
    <Data Name="LogonType">2</Data>
    <Data Name="Status">0x0</Data>
    </EventData>
  </Event>
  <Event xmlns="http://schemas.microsoft.com/win/2004/08/events/event">
    <System>
      <Provider Name="Microsoft-Windows-Security-Auditing"/>
      <EventID>4768</EventID>
      <Level>0</Level>
      <Task>0</Task>
      <Opcode>0</Opcode>
      <Keywords>0x8020000000000000</Keywords>
      <TimeCreated SystemTime="2026-07-02T07:34:00Z"/>
      <EventRecordID>560798</EventRecordID>
      <Channel>Security</Channel>
      <Computer>win-admin-01.corp.local</Computer>
      <Security/>
    </System>
    <EventData>
    <Data Name="ArtifactEventId">artifact-winsec-20260706-000578</Data>
    <Data Name="TargetUserName">svc_backup</Data>
    <Data Name="TargetDomainName">CORP</Data>
    <Data Name="IpAddress">10.20.30.11</Data>
    <Data Name="LogonType">3</Data>
    <Data Name="Status">0x0</Data>
    </EventData>
  </Event>
  <Event xmlns="http://schemas.microsoft.com/win/2004/08/events/event">
    <System>
      <Provider Name="Microsoft-Windows-Security-Auditing"/>
      <EventID>4672</EventID>
      <Level>0</Level>
      <Task>0</Task>
      <Opcode>0</Opcode>
      <Keywords>0x8020000000000000</Keywords>
      <TimeCreated SystemTime="2026-07-02T07:34:58Z"/>
      <EventRecordID>381646</EventRecordID>
      <Channel>Security</Channel>
      <Computer>win-admin-01.corp.local</Computer>
      <Security/>
    </System>
    <EventData>
    <Data Name="ArtifactEventId">artifact-winsec-20260706-004266</Data>
    <Data Name="TargetUserName">svc_app</Data>
    <Data Name="TargetDomainName">CORP</Data>
    <Data Name="IpAddress">10.20.20.87</Data>
    <Data Name="LogonType">7</Data>
    <Data Name="Status">0x0</Data>
    </EventData>
  </Event>
  <Event xmlns="http://schemas.microsoft.com/win/2004/08/events/event">
    <System>
      <Provider Name="Microsoft-Windows-Security-Auditing"/>
      <EventID>4624</EventID>
      <Level>0</Level>
      <Task>0</Task>
      <Opcode>0</Opcode>
      <Keywords>0x8020000000000000</Keywords>
      <TimeCreated SystemTime="2026-07-02T07:36:33Z"/>
      <EventRecordID>568741</EventRecordID>
      <Channel>Security</Channel>
      <Computer>ad-dc-01.corp.local</Computer>
      <Security/>
    </System>
    <EventData>
    <Data Name="ArtifactEventId">artifact-winsec-20260706-008205</Data>
    <Data Name="TargetUserName">svc_app</Data>
    <Data Name="TargetDomainName">CORP</Data>
    <Data Name="IpAddress">10.20.20.33</Data>
    <Data Name="LogonType">3</Data>
    <Data Name="Status">0x0</Data>
    </EventData>
  </Event>
  <Event xmlns="http://schemas.microsoft.com/win/2004/08/events/event">
    <System>
      <Provider Name="Microsoft-Windows-Security-Auditing"/>
      <EventID>4672</EventID>
      <Level>0</Level>
      <Task>0</Task>
      <Opcode>0</Opcode>
      <Keywords>0x8020000000000000</Keywords>
      <TimeCreated SystemTime="2026-07-02T07:37:05Z"/>
      <EventRecordID>214678</EventRecordID>
      <Channel>Security</Channel>
      <Computer>win-admin-01.corp.local</Computer>
      <Security/>
    </System>
    <EventData>
    <Data Name="ArtifactEventId">artifact-winsec-20260706-000396</Data>
    <Data Name="TargetUserName">chen.yu</Data>
    <Data Name="TargetDomainName">CORP</Data>
    <Data Name="IpAddress">10.20.20.87</Data>
    <Data Name="LogonType">10</Data>
    <Data Name="Status">0x0</Data>
    </EventData>
  </Event>
  <Event xmlns="http://schemas.microsoft.com/win/2004/08/events/event">
    <System>
      <Provider Name="Microsoft-Windows-Security-Auditing"/>
      <EventID>4768</EventID>
      <Level>0</Level>
      <Task>0</Task>
      <Opcode>0</Opcode>
      <Keywords>0x8020000000000000</Keywords>
      <TimeCreated SystemTime="2026-07-02T07:37:25Z"/>
      <EventRecordID>592431</EventRecordID>
      <Channel>Security</Channel>
      <Computer>ad-dc-01.corp.local</Computer>
      <Security/>
    </System>
    <EventData>
    <Data Name="ArtifactEventId">artifact-winsec-20260706-002135</Data>
    <Data Name="TargetUserName">wang.mei</Data>
    <Data Name="TargetDomainName">CORP</Data>
    <Data Name="IpAddress">10.20.30.11</Data>
    <Data Name="LogonType">2</Data>
    <Data Name="Status">0x0</Data>
    </EventData>
  </Event>
  <Event xmlns="http://schemas.microsoft.com/win/2004/08/events/event">
    <System>
      <Provider Name="Microsoft-Windows-Security-Auditing"/>
      <EventID>4672</EventID>
      <Level>0</Level>
      <Task>0</Task>
      <Opcode>0</Opcode>
      <Keywords>0x8020000000000000</Keywords>
      <TimeCreated SystemTime="2026-07-02T07:38:42Z"/>
      <EventRecordID>419001</EventRecordID>
      <Channel>Security</Channel>
      <Computer>file-srv-01.corp.local</Computer>
      <Security/>
    </System>
    <EventData>
    <Data Name="ArtifactEventId">artifact-winsec-20260706-001591</Data>
    <Data Name="TargetUserName">svc_backup</Data>
    <Data Name="TargetDomainName">CORP</Data>
    <Data Name="IpAddress">10.20.30.11</Data>
    <Data Name="LogonType">10</Data>
    <Data Name="Status">0x0</Data>
    </EventData>
  </Event>
  <Event xmlns="http://schemas.microsoft.com/win/2004/08/events/event">
    <System>
      <Provider Name="Microsoft-Windows-Security-Auditing"/>
      <EventID>4672</EventID>
      <Level>0</Level>
      <Task>0</Task>
      <Opcode>0</Opcode>
      <Keywords>0x8020000000000000</Keywords>
      <TimeCreated SystemTime="2026-07-02T07:39:22Z"/>
      <EventRecordID>761334</EventRecordID>
      <Channel>Security</Channel>
      <Computer>file-srv-01.corp.local</Computer>
      <Security/>
    </System>
    <EventData>
    <Data Name="ArtifactEventId">artifact-winsec-20260706-013712</Data>
    <Data Name="TargetUserName">chen.yu</Data>
    <Data Name="TargetDomainName">CORP</Data>
    <Data Name="IpAddress">10.20.20.33</Data>
    <Data Name="LogonType">7</Data>
    <Data Name="Status">0x0</Data>
    </EventData>
  </Event>
  <Event xmlns="http://schemas.microsoft.com/win/2004/08/events/event">
    <System>
      <Provider Name="Microsoft-Windows-Security-Auditing"/>
      <EventID>4672</EventID>
      <Level>0</Level>
      <Task>0</Task>
      <Opcode>0</Opcode>
      <Keywords>0x8020000000000000</Keywords>
      <TimeCreated SystemTime="2026-07-02T07:39:23Z"/>
      <EventRecordID>318807</EventRecordID>
      <Channel>Security</Channel>
      <Computer>file-srv-01.corp.local</Computer>
      <Security/>
    </System>
    <EventData>
    <Data Name="ArtifactEventId">artifact-winsec-20260706-011610</Data>
    <Data Name="TargetUserName">chen.yu</Data>
    <Data Name="TargetDomainName">CORP</Data>
    <Data Name="IpAddress">10.20.20.87</Data>
    <Data Name="LogonType">3</Data>
    <Data Name="Status">0x0</Data>
    </EventData>
  </Event>
  <Event xmlns="http://schemas.microsoft.com/win/2004/08/events/event">
    <System>
      <Provider Name="Microsoft-Windows-Security-Auditing"/>
      <EventID>4624</EventID>
      <Level>0</Level>
      <Task>0</Task>
      <Opcode>0</Opcode>
      <Keywords>0x8020000000000000</Keywords>
      <TimeCreated SystemTime="2026-07-02T07:39:55Z"/>
      <EventRecordID>414526</EventRecordID>
      <Channel>Security</Channel>
      <Computer>finance-pc-07.corp.local</Computer>
      <Security/>
    </System>
    <EventData>
    <Data Name="ArtifactEventId">artifact-winsec-20260706-002477</Data>
    <Data Name="TargetUserName">developer.zhao</Data>
    <Data Name="TargetDomainName">CORP</Data>
    <Data Name="IpAddress">10.20.25.87</Data>
    <Data Name="LogonType">10</Data>
    <Data Name="Status">0x0</Data>
    </EventData>
  </Event>
  <Event xmlns="http://schemas.microsoft.com/win/2004/08/events/event">
    <System>
      <Provider Name="Microsoft-Windows-Security-Auditing"/>
      <EventID>4769</EventID>
      <Level>0</Level>
      <Task>0</Task>
      <Opcode>0</Opcode>
      <Keywords>0x8020000000000000</Keywords>
      <TimeCreated SystemTime="2026-07-02T07:39:58Z"/>
      <EventRecordID>792555</EventRecordID>
      <Channel>Security</Channel>
      <Computer>file-srv-01.corp.local</Computer>
      <Security/>
    </System>
    <EventData>
    <Data Name="ArtifactEventId">artifact-winsec-20260706-007259</Data>
    <Data Name="TargetUserName">svc_backup</Data>
    <Data Name="TargetDomainName">CORP</Data>
    <Data Name="IpAddress">10.20.20.33</Data>
    <Data Name="LogonType">10</Data>
    <Data Name="Status">0x0</Data>
    </EventData>
  </Event>
  <Event xmlns="http://schemas.microsoft.com/win/2004/08/events/event">
    <System>
      <Provider Name="Microsoft-Windows-Security-Auditing"/>
      <EventID>4624</EventID>
      <Level>0</Level>
      <Task>0</Task>
      <Opcode>0</Opcode>
      <Keywords>0x8020000000000000</Keywords>
      <TimeCreated SystemTime="2026-07-02T07:40:03Z"/>
      <EventRecordID>594400</EventRecordID>
      <Channel>Security</Channel>
      <Computer>win-admin-01.corp.local</Computer>
      <Security/>
    </System>
    <EventData>
    <Data Name="ArtifactEventId">artifact-winsec-20260706-011593</Data>
    <Data Name="TargetUserName">developer.zhao</Data>
    <Data Name="TargetDomainName">CORP</Data>
    <Data Name="IpAddress">10.20.20.87</Data>
    <Data Name="LogonType">10</Data>
    <Data Name="Status">0x0</Data>
    </EventData>
  </Event>
  <Event xmlns="http://schemas.microsoft.com/win/2004/08/events/event">
    <System>
      <Provider Name="Microsoft-Windows-Security-Auditing"/>
      <EventID>4624</EventID>
      <Level>0</Level>
      <Task>0</Task>
      <Opcode>0</Opcode>
      <Keywords>0x8020000000000000</Keywords>
      <TimeCreated SystemTime="2026-07-02T07:40:25Z"/>
      <EventRecordID>104274</EventRecordID>
      <Channel>Security</Channel>
      <Computer>win-admin-01.corp.local</Computer>
      <Security/>
    </System>
    <EventData>
    <Data Name="ArtifactEventId">artifact-winsec-20260706-004899</Data>
    <Data Name="TargetUserName">wang.mei</Data>
    <Data Name="TargetDomainName">CORP</Data>
    <Data Name="IpAddress">10.20.20.87</Data>
    <Data Name="LogonType">2</Data>
    <Data Name="Status">0x0</Data>
    </EventData>
  </Event>
  <Event xmlns="http://schemas.microsoft.com/win/2004/08/events/event">
    <System>
      <Provider Name="Microsoft-Windows-Security-Auditing"/>
      <EventID>4624</EventID>
      <Level>0</Level>
      <Task>0</Task>
      <Opcode>0</Opcode>
      <Keywords>0x8020000000000000</Keywords>
      <TimeCreated SystemTime="2026-07-02T07:41:27Z"/>
      <EventRecordID>827996</EventRecordID>
      <Channel>Security</Channel>
      <Computer>file-srv-01.corp.local</Computer>
      <Security/>
    </System>
    <EventData>
    <Data Name="ArtifactEventId">artifact-winsec-20260706-006481</Data>
    <Data Name="TargetUserName">admin.li</Data>
    <Data Name="TargetDomainName">CORP</Data>
    <Data Name="IpAddress">10.20.20.87</Data>
    <Data Name="LogonType">2</Data>
    <Data Name="Status">0x0</Data>
    </EventData>
  </Event>
  <Event xmlns="http://schemas.microsoft.com/win/2004/08/events/event">
    <System>
      <Provider Name="Microsoft-Windows-Security-Auditing"/>
      <EventID>4634</EventID>
      <Level>0</Level>
      <Task>0</Task>
      <Opcode>0</Opcode>
      <Keywords>0x8020000000000000</Keywords>
      <TimeCreated SystemTime="2026-07-02T07:41:38Z"/>
      <EventRecordID>415305</EventRecordID>
      <Channel>Security</Channel>
      <Computer>file-srv-01.corp.local</Computer>
      <Security/>
    </System>
    <EventData>
    <Data Name="ArtifactEventId">artifact-winsec-20260706-015585</Data>
    <Data Name="TargetUserName">developer.zhao</Data>
    <Data Name="TargetDomainName">CORP</Data>
    <Data Name="IpAddress">10.20.30.11</Data>
    <Data Name="LogonType">7</Data>
    <Data Name="Status">0x0</Data>
    </EventData>
  </Event>
  <Event xmlns="http://schemas.microsoft.com/win/2004/08/events/event">
    <System>
      <Provider Name="Microsoft-Windows-Security-Auditing"/>
      <EventID>4768</EventID>
      <Level>0</Level>
      <Task>0</Task>
      <Opcode>0</Opcode>
      <Keywords>0x8020000000000000</Keywords>
      <TimeCreated SystemTime="2026-07-02T07:42:12Z"/>
      <EventRecordID>319951</EventRecordID>
      <Channel>Security</Channel>
      <Computer>win-admin-01.corp.local</Computer>
      <Security/>
    </System>
    <EventData>
    <Data Name="ArtifactEventId">artifact-winsec-20260706-013007</Data>
    <Data Name="TargetUserName">svc_backup</Data>
    <Data Name="TargetDomainName">CORP</Data>
    <Data Name="IpAddress">10.20.25.87</Data>
    <Data Name="LogonType">3</Data>
    <Data Name="Status">0x0</Data>
    </EventData>
  </Event>
  <Event xmlns="http://schemas.microsoft.com/win/2004/08/events/event">
    <System>
      <Provider Name="Microsoft-Windows-Security-Auditing"/>
      <EventID>4624</EventID>
      <Level>0</Level>
      <Task>0</Task>
      <Opcode>0</Opcode>
      <Keywords>0x8020000000000000</Keywords>
      <TimeCreated SystemTime="2026-07-02T07:43:59Z"/>
      <EventRecordID>271996</EventRecordID>
      <Channel>Security</Channel>
      <Computer>file-srv-01.corp.local</Computer>
      <Security/>
    </System>
    <EventData>
    <Data Name="ArtifactEventId">artifact-winsec-20260706-010637</Data>
    <Data Name="TargetUserName">developer.zhao</Data>
    <Data Name="TargetDomainName">CORP</Data>
    <Data Name="IpAddress">10.20.20.33</Data>
    <Data Name="LogonType">10</Data>
    <Data Name="Status">0x0</Data>
    </EventData>
  </Event>
  <Event xmlns="http://schemas.microsoft.com/win/2004/08/events/event">
    <System>
      <Provider Name="Microsoft-Windows-Security-Auditing"/>
      <EventID>4768</EventID>
      <Level>0</Level>
      <Task>0</Task>
      <Opcode>0</Opcode>
      <Keywords>0x8020000000000000</Keywords>
      <TimeCreated SystemTime="2026-07-02T07:44:05Z"/>
      <EventRecordID>259332</EventRecordID>
      <Channel>Security</Channel>
      <Computer>file-srv-01.corp.local</Computer>
      <Security/>
    </System>
    <EventData>
    <Data Name="ArtifactEventId">artifact-winsec-20260706-015837</Data>
    <Data Name="TargetUserName">admin.li</Data>
    <Data Name="TargetDomainName">CORP</Data>
    <Data Name="IpAddress">10.20.25.87</Data>
    <Data Name="LogonType">7</Data>
    <Data Name="Status">0x0</Data>
    </EventData>
  </Event>
  <Event xmlns="http://schemas.microsoft.com/win/2004/08/events/event">
    <System>
      <Provider Name="Microsoft-Windows-Security-Auditing"/>
      <EventID>4624</EventID>
      <Level>0</Level>
      <Task>0</Task>
      <Opcode>0</Opcode>
      <Keywords>0x8020000000000000</Keywords>
      <TimeCreated SystemTime="2026-07-02T07:44:13Z"/>
      <EventRecordID>242108</EventRecordID>
      <Channel>Security</Channel>
      <Computer>file-srv-01.corp.local</Computer>
      <Security/>
    </System>
    <EventData>
    <Data Name="ArtifactEventId">artifact-winsec-20260706-015464</Data>
    <Data Name="TargetUserName">svc_backup</Data>
    <Data Name="TargetDomainName">CORP</Data>
    <Data Name="IpAddress">10.20.25.87</Data>
    <Data Name="LogonType">3</Data>
    <Data Name="Status">0x0</Data>
    </EventData>
  </Event>
  <Event xmlns="http://schemas.microsoft.com/win/2004/08/events/event">
    <System>
      <Provider Name="Microsoft-Windows-Security-Auditing"/>
      <EventID>4768</EventID>
      <Level>0</Level>
      <Task>0</Task>
      <Opcode>0</Opcode>
      <Keywords>0x8020000000000000</Keywords>
      <TimeCreated SystemTime="2026-07-02T07:44:51Z"/>
      <EventRecordID>839937</EventRecordID>
      <Channel>Security</Channel>
      <Computer>finance-pc-07.corp.local</Computer>
      <Security/>
    </System>
    <EventData>
    <Data Name="ArtifactEventId">artifact-winsec-20260706-005494</Data>
    <Data Name="TargetUserName">svc_backup</Data>
    <Data Name="TargetDomainName">CORP</Data>
    <Data Name="IpAddress">10.20.25.87</Data>
    <Data Name="LogonType">2</Data>
    <Data Name="Status">0x0</Data>
    </EventData>
  </Event>
  <Event xmlns="http://schemas.microsoft.com/win/2004/08/events/event">
    <System>
      <Provider Name="Microsoft-Windows-Security-Auditing"/>
      <EventID>4672</EventID>
      <Level>0</Level>
      <Task>0</Task>
      <Opcode>0</Opcode>
      <Keywords>0x8020000000000000</Keywords>
      <TimeCreated SystemTime="2026-07-02T07:44:58Z"/>
      <EventRecordID>225443</EventRecordID>
      <Channel>Security</Channel>
      <Computer>finance-pc-07.corp.local</Computer>
      <Security/>
    </System>
    <EventData>
    <Data Name="ArtifactEventId">artifact-winsec-20260706-012058</Data>
    <Data Name="TargetUserName">chen.yu</Data>
    <Data Name="TargetDomainName">CORP</Data>
    <Data Name="IpAddress">10.20.20.33</Data>
    <Data Name="LogonType">3</Data>
    <Data Name="Status">0x0</Data>
    </EventData>
  </Event>
  <Event xmlns="http://schemas.microsoft.com/win/2004/08/events/event">
    <System>
      <Provider Name="Microsoft-Windows-Security-Auditing"/>
      <EventID>4672</EventID>
      <Level>0</Level>
      <Task>0</Task>
      <Opcode>0</Opcode>
      <Keywords>0x8020000000000000</Keywords>
      <TimeCreated SystemTime="2026-07-02T07:45:01Z"/>
      <EventRecordID>258210</EventRecordID>
      <Channel>Security</Channel>
      <Computer>win-admin-01.corp.local</Computer>
      <Security/>
    </System>
    <EventData>
    <Data Name="ArtifactEventId">artifact-winsec-20260706-001392</Data>
    <Data Name="TargetUserName">chen.yu</Data>
    <Data Name="TargetDomainName">CORP</Data>
    <Data Name="IpAddress">10.20.20.33</Data>
    <Data Name="LogonType">3</Data>
    <Data Name="Status">0x0</Data>
    </EventData>
  </Event>
  <Event xmlns="http://schemas.microsoft.com/win/2004/08/events/event">
    <System>
      <Provider Name="Microsoft-Windows-Security-Auditing"/>
      <EventID>4625</EventID>
      <Level>0</Level>
      <Task>0</Task>
      <Opcode>0</Opcode>
      <Keywords>0x8020000000000000</Keywords>
      <TimeCreated SystemTime="2026-07-02T07:45:16Z"/>
      <EventRecordID>895011</EventRecordID>
      <Channel>Security</Channel>
      <Computer>finance-pc-07.corp.local</Computer>
      <Security/>
    </System>
    <EventData>
    <Data Name="ArtifactEventId">artifact-winsec-20260706-004110</Data>
    <Data Name="TargetUserName">svc_app</Data>
    <Data Name="TargetDomainName">CORP</Data>
    <Data Name="IpAddress">10.20.20.33</Data>
    <Data Name="LogonType">2</Data>
    <Data Name="Status">0xc0000234</Data>
    </EventData>
  </Event>
  <Event xmlns="http://schemas.microsoft.com/win/2004/08/events/event">
    <System>
      <Provider Name="Microsoft-Windows-Security-Auditing"/>
      <EventID>4672</EventID>
      <Level>0</Level>
      <Task>0</Task>
      <Opcode>0</Opcode>
      <Keywords>0x8020000000000000</Keywords>
      <TimeCreated SystemTime="2026-07-02T07:45:16Z"/>
      <EventRecordID>901873</EventRecordID>
      <Channel>Security</Channel>
      <Computer>file-srv-01.corp.local</Computer>
      <Security/>
    </System>
    <EventData>
    <Data Name="ArtifactEventId">artifact-winsec-20260706-014525</Data>
    <Data Name="TargetUserName">svc_app</Data>
    <Data Name="TargetDomainName">CORP</Data>
    <Data Name="IpAddress">10.20.25.87</Data>
    <Data Name="LogonType">3</Data>
    <Data Name="Status">0x0</Data>
    </EventData>
  </Event>
  <Event xmlns="http://schemas.microsoft.com/win/2004/08/events/event">
    <System>
      <Provider Name="Microsoft-Windows-Security-Auditing"/>
      <EventID>4624</EventID>
      <Level>0</Level>
      <Task>0</Task>
      <Opcode>0</Opcode>
      <Keywords>0x8020000000000000</Keywords>
      <TimeCreated SystemTime="2026-07-02T07:45:31Z"/>
      <EventRecordID>426400</EventRecordID>
      <Channel>Security</Channel>
      <Computer>finance-pc-07.corp.local</Computer>
      <Security/>
    </System>
    <EventData>
    <Data Name="ArtifactEventId">artifact-winsec-20260706-003635</Data>
    <Data Name="TargetUserName">svc_backup</Data>
    <Data Name="TargetDomainName">CORP</Data>
    <Data Name="IpAddress">10.20.20.87</Data>
    <Data Name="LogonType">10</Data>
    <Data Name="Status">0x0</Data>
    </EventData>
  </Event>
  <Event xmlns="http://schemas.microsoft.com/win/2004/08/events/event">
    <System>
      <Provider Name="Microsoft-Windows-Security-Auditing"/>
      <EventID>4769</EventID>
      <Level>0</Level>
      <Task>0</Task>
      <Opcode>0</Opcode>
      <Keywords>0x8020000000000000</Keywords>
      <TimeCreated SystemTime="2026-07-02T07:45:46Z"/>
      <EventRecordID>453104</EventRecordID>
      <Channel>Security</Channel>
      <Computer>finance-pc-07.corp.local</Computer>
      <Security/>
    </System>
    <EventData>
    <Data Name="ArtifactEventId">artifact-winsec-20260706-002854</Data>
    <Data Name="TargetUserName">wang.mei</Data>
    <Data Name="TargetDomainName">CORP</Data>
    <Data Name="IpAddress">10.20.20.87</Data>
    <Data Name="LogonType">2</Data>
    <Data Name="Status">0x0</Data>
    </EventData>
  </Event>
  <Event xmlns="http://schemas.microsoft.com/win/2004/08/events/event">
    <System>
      <Provider Name="Microsoft-Windows-Security-Auditing"/>
      <EventID>4624</EventID>
      <Level>0</Level>
      <Task>0</Task>
      <Opcode>0</Opcode>
      <Keywords>0x8020000000000000</Keywords>
      <TimeCreated SystemTime="2026-07-02T07:45:51Z"/>
      <EventRecordID>478616</EventRecordID>
      <Channel>Security</Channel>
      <Computer>ad-dc-01.corp.local</Computer>
      <Security/>
    </System>
    <EventData>
    <Data Name="ArtifactEventId">artifact-winsec-20260706-004451</Data>
    <Data Name="TargetUserName">developer.zhao</Data>
    <Data Name="TargetDomainName">CORP</Data>
    <Data Name="IpAddress">10.20.20.87</Data>
    <Data Name="LogonType">7</Data>
    <Data Name="Status">0x0</Data>
    </EventData>
  </Event>
  <Event xmlns="http://schemas.microsoft.com/win/2004/08/events/event">
    <System>
      <Provider Name="Microsoft-Windows-Security-Auditing"/>
      <EventID>4672</EventID>
      <Level>0</Level>
      <Task>0</Task>
      <Opcode>0</Opcode>
      <Keywords>0x8020000000000000</Keywords>
      <TimeCreated SystemTime="2026-07-02T07:45:53Z"/>
      <EventRecordID>526776</EventRecordID>
      <Channel>Security</Channel>
      <Computer>win-admin-01.corp.local</Computer>
      <Security/>
    </System>
    <EventData>
    <Data Name="ArtifactEventId">artifact-winsec-20260706-000184</Data>
    <Data Name="TargetUserName">svc_app</Data>
    <Data Name="TargetDomainName">CORP</Data>
    <Data Name="IpAddress">10.20.20.33</Data>
    <Data Name="LogonType">3</Data>
    <Data Name="Status">0x0</Data>
    </EventData>
  </Event>
  <Event xmlns="http://schemas.microsoft.com/win/2004/08/events/event">
    <System>
      <Provider Name="Microsoft-Windows-Security-Auditing"/>
      <EventID>4625</EventID>
      <Level>0</Level>
      <Task>0</Task>
      <Opcode>0</Opcode>
      <Keywords>0x8020000000000000</Keywords>
      <TimeCreated SystemTime="2026-07-02T07:46:40Z"/>
      <EventRecordID>150121</EventRecordID>
      <Channel>Security</Channel>
      <Computer>finance-pc-07.corp.local</Computer>
      <Security/>
    </System>
    <EventData>
    <Data Name="ArtifactEventId">artifact-winsec-20260706-000437</Data>
    <Data Name="TargetUserName">admin.li</Data>
    <Data Name="TargetDomainName">CORP</Data>
    <Data Name="IpAddress">10.20.20.33</Data>
    <Data Name="LogonType">3</Data>
    <Data Name="Status">0xc0000234</Data>
    </EventData>
  </Event>
  <Event xmlns="http://schemas.microsoft.com/win/2004/08/events/event">
    <System>
      <Provider Name="Microsoft-Windows-Security-Auditing"/>
      <EventID>4624</EventID>
      <Level>0</Level>
      <Task>0</Task>
      <Opcode>0</Opcode>
      <Keywords>0x8020000000000000</Keywords>
      <TimeCreated SystemTime="2026-07-02T07:47:34Z"/>
      <EventRecordID>694302</EventRecordID>
      <Channel>Security</Channel>
      <Computer>file-srv-01.corp.local</Computer>
      <Security/>
    </System>
    <EventData>
    <Data Name="ArtifactEventId">artifact-winsec-20260706-000215</Data>
    <Data Name="TargetUserName">svc_app</Data>
    <Data Name="TargetDomainName">CORP</Data>
    <Data Name="IpAddress">10.20.30.11</Data>
    <Data Name="LogonType">3</Data>
    <Data Name="Status">0x0</Data>
    </EventData>
  </Event>
  <Event xmlns="http://schemas.microsoft.com/win/2004/08/events/event">
    <System>
      <Provider Name="Microsoft-Windows-Security-Auditing"/>
      <EventID>4625</EventID>
      <Level>0</Level>
      <Task>0</Task>
      <Opcode>0</Opcode>
      <Keywords>0x8020000000000000</Keywords>
      <TimeCreated SystemTime="2026-07-02T07:47:49Z"/>
      <EventRecordID>791502</EventRecordID>
      <Channel>Security</Channel>
      <Computer>ad-dc-01.corp.local</Computer>
      <Security/>
    </System>
    <EventData>
    <Data Name="ArtifactEventId">artifact-winsec-20260706-008094</Data>
    <Data Name="TargetUserName">developer.zhao</Data>
    <Data Name="TargetDomainName">CORP</Data>
    <Data Name="IpAddress">10.20.30.11</Data>
    <Data Name="LogonType">7</Data>
    <Data Name="Status">0xc000006d</Data>
    </EventData>
  </Event>
  <Event xmlns="http://schemas.microsoft.com/win/2004/08/events/event">
    <System>
      <Provider Name="Microsoft-Windows-Security-Auditing"/>
      <EventID>4768</EventID>
      <Level>0</Level>
      <Task>0</Task>
      <Opcode>0</Opcode>
      <Keywords>0x8020000000000000</Keywords>
      <TimeCreated SystemTime="2026-07-02T07:47:56Z"/>
      <EventRecordID>795176</EventRecordID>
      <Channel>Security</Channel>
      <Computer>ad-dc-01.corp.local</Computer>
      <Security/>
    </System>
    <EventData>
    <Data Name="ArtifactEventId">artifact-winsec-20260706-004261</Data>
    <Data Name="TargetUserName">wang.mei</Data>
    <Data Name="TargetDomainName">CORP</Data>
    <Data Name="IpAddress">10.20.20.87</Data>
    <Data Name="LogonType">2</Data>
    <Data Name="Status">0x0</Data>
    </EventData>
  </Event>
  <Event xmlns="http://schemas.microsoft.com/win/2004/08/events/event">
    <System>
      <Provider Name="Microsoft-Windows-Security-Auditing"/>
      <EventID>4769</EventID>
      <Level>0</Level>
      <Task>0</Task>
      <Opcode>0</Opcode>
      <Keywords>0x8020000000000000</Keywords>
      <TimeCreated SystemTime="2026-07-02T07:48:07Z"/>
      <EventRecordID>894096</EventRecordID>
      <Channel>Security</Channel>
      <Computer>finance-pc-07.corp.local</Computer>
      <Security/>
    </System>
    <EventData>
    <Data Name="ArtifactEventId">artifact-winsec-20260706-004447</Data>
    <Data Name="TargetUserName">admin.li</Data>
    <Data Name="TargetDomainName">CORP</Data>
    <Data Name="IpAddress">10.20.20.87</Data>
    <Data Name="LogonType">7</Data>
    <Data Name="Status">0x0</Data>
    </EventData>
  </Event>
  <Event xmlns="http://schemas.microsoft.com/win/2004/08/events/event">
    <System>
      <Provider Name="Microsoft-Windows-Security-Auditing"/>
      <EventID>4624</EventID>
      <Level>0</Level>
      <Task>0</Task>
      <Opcode>0</Opcode>
      <Keywords>0x8020000000000000</Keywords>
      <TimeCreated SystemTime="2026-07-02T07:48:54Z"/>
      <EventRecordID>267814</EventRecordID>
      <Channel>Security</Channel>
      <Computer>ad-dc-01.corp.local</Computer>
      <Security/>
    </System>
    <EventData>
    <Data Name="ArtifactEventId">artifact-winsec-20260706-005650</Data>
    <Data Name="TargetUserName">wang.mei</Data>
    <Data Name="TargetDomainName">CORP</Data>
    <Data Name="IpAddress">10.20.25.87</Data>
    <Data Name="LogonType">3</Data>
    <Data Name="Status">0x0</Data>
    </EventData>
  </Event>
  <Event xmlns="http://schemas.microsoft.com/win/2004/08/events/event">
    <System>
      <Provider Name="Microsoft-Windows-Security-Auditing"/>
      <EventID>4624</EventID>
      <Level>0</Level>
      <Task>0</Task>
      <Opcode>0</Opcode>
      <Keywords>0x8020000000000000</Keywords>
      <TimeCreated SystemTime="2026-07-02T07:49:07Z"/>
      <EventRecordID>251558</EventRecordID>
      <Channel>Security</Channel>
      <Computer>finance-pc-07.corp.local</Computer>
      <Security/>
    </System>
    <EventData>
    <Data Name="ArtifactEventId">artifact-winsec-20260706-000609</Data>
    <Data Name="TargetUserName">chen.yu</Data>
    <Data Name="TargetDomainName">CORP</Data>
    <Data Name="IpAddress">10.20.20.87</Data>
    <Data Name="LogonType">7</Data>
    <Data Name="Status">0x0</Data>
    </EventData>
  </Event>
  <Event xmlns="http://schemas.microsoft.com/win/2004/08/events/event">
    <System>
      <Provider Name="Microsoft-Windows-Security-Auditing"/>
      <EventID>4624</EventID>
      <Level>0</Level>
      <Task>0</Task>
      <Opcode>0</Opcode>
      <Keywords>0x8020000000000000</Keywords>
      <TimeCreated SystemTime="2026-07-02T07:49:38Z"/>
      <EventRecordID>905113</EventRecordID>
      <Channel>Security</Channel>
      <Computer>file-srv-01.corp.local</Computer>
      <Security/>
    </System>
    <EventData>
    <Data Name="ArtifactEventId">artifact-winsec-20260706-010471</Data>
    <Data Name="TargetUserName">svc_backup</Data>
    <Data Name="TargetDomainName">CORP</Data>
    <Data Name="IpAddress">10.20.20.33</Data>
    <Data Name="LogonType">2</Data>
    <Data Name="Status">0x0</Data>
    </EventData>
  </Event>
  <Event xmlns="http://schemas.microsoft.com/win/2004/08/events/event">
    <System>
      <Provider Name="Microsoft-Windows-Security-Auditing"/>
      <EventID>4624</EventID>
      <Level>0</Level>
      <Task>0</Task>
      <Opcode>0</Opcode>
      <Keywords>0x8020000000000000</Keywords>
      <TimeCreated SystemTime="2026-07-02T07:50:08Z"/>
      <EventRecordID>373566</EventRecordID>
      <Channel>Security</Channel>
      <Computer>ad-dc-01.corp.local</Computer>
      <Security/>
    </System>
    <EventData>
    <Data Name="ArtifactEventId">artifact-winsec-20260706-015416</Data>
    <Data Name="TargetUserName">svc_backup</Data>
    <Data Name="TargetDomainName">CORP</Data>
    <Data Name="IpAddress">10.20.20.87</Data>
    <Data Name="LogonType">3</Data>
    <Data Name="Status">0x0</Data>
    </EventData>
  </Event>
  <Event xmlns="http://schemas.microsoft.com/win/2004/08/events/event">
    <System>
      <Provider Name="Microsoft-Windows-Security-Auditing"/>
      <EventID>4624</EventID>
      <Level>0</Level>
      <Task>0</Task>
      <Opcode>0</Opcode>
      <Keywords>0x8020000000000000</Keywords>
      <TimeCreated SystemTime="2026-07-02T07:51:46Z"/>
      <EventRecordID>925811</EventRecordID>
      <Channel>Security</Channel>
      <Computer>file-srv-01.corp.local</Computer>
      <Security/>
    </System>
    <EventData>
    <Data Name="ArtifactEventId">artifact-winsec-20260706-004966</Data>
    <Data Name="TargetUserName">wang.mei</Data>
    <Data Name="TargetDomainName">CORP</Data>
    <Data Name="IpAddress">10.20.20.87</Data>
    <Data Name="LogonType">7</Data>
    <Data Name="Status">0x0</Data>
    </EventData>
  </Event>
  <Event xmlns="http://schemas.microsoft.com/win/2004/08/events/event">
    <System>
      <Provider Name="Microsoft-Windows-Security-Auditing"/>
      <EventID>4634</EventID>
      <Level>0</Level>
      <Task>0</Task>
      <Opcode>0</Opcode>
      <Keywords>0x8020000000000000</Keywords>
      <TimeCreated SystemTime="2026-07-02T07:52:01Z"/>
      <EventRecordID>509918</EventRecordID>
      <Channel>Security</Channel>
      <Computer>file-srv-01.corp.local</Computer>
      <Security/>
    </System>
    <EventData>
    <Data Name="ArtifactEventId">artifact-winsec-20260706-006650</Data>
    <Data Name="TargetUserName">wang.mei</Data>
    <Data Name="TargetDomainName">CORP</Data>
    <Data Name="IpAddress">10.20.20.87</Data>
    <Data Name="LogonType">7</Data>
    <Data Name="Status">0x0</Data>
    </EventData>
  </Event>
  <Event xmlns="http://schemas.microsoft.com/win/2004/08/events/event">
    <System>
      <Provider Name="Microsoft-Windows-Security-Auditing"/>
      <EventID>4624</EventID>
      <Level>0</Level>
      <Task>0</Task>
      <Opcode>0</Opcode>
      <Keywords>0x8020000000000000</Keywords>
      <TimeCreated SystemTime="2026-07-02T07:52:15Z"/>
      <EventRecordID>314391</EventRecordID>
      <Channel>Security</Channel>
      <Computer>finance-pc-07.corp.local</Computer>
      <Security/>
    </System>
    <EventData>
    <Data Name="ArtifactEventId">artifact-winsec-20260706-015320</Data>
    <Data Name="TargetUserName">wang.mei</Data>
    <Data Name="TargetDomainName">CORP</Data>
    <Data Name="IpAddress">10.20.30.11</Data>
    <Data Name="LogonType">7</Data>
    <Data Name="Status">0x0</Data>
    </EventData>
  </Event>
  <Event xmlns="http://schemas.microsoft.com/win/2004/08/events/event">
    <System>
      <Provider Name="Microsoft-Windows-Security-Auditing"/>
      <EventID>4624</EventID>
      <Level>0</Level>
      <Task>0</Task>
      <Opcode>0</Opcode>
      <Keywords>0x8020000000000000</Keywords>
      <TimeCreated SystemTime="2026-07-02T07:52:54Z"/>
      <EventRecordID>380092</EventRecordID>
      <Channel>Security</Channel>
      <Computer>win-admin-01.corp.local</Computer>
      <Security/>
    </System>
    <EventData>
    <Data Name="ArtifactEventId">artifact-winsec-20260706-009432</Data>
    <Data Name="TargetUserName">svc_app</Data>
    <Data Name="TargetDomainName">CORP</Data>
    <Data Name="IpAddress">10.20.25.87</Data>
    <Data Name="LogonType">3</Data>
    <Data Name="Status">0x0</Data>
    </EventData>
  </Event>
  <Event xmlns="http://schemas.microsoft.com/win/2004/08/events/event">
    <System>
      <Provider Name="Microsoft-Windows-Security-Auditing"/>
      <EventID>4624</EventID>
      <Level>0</Level>
      <Task>0</Task>
      <Opcode>0</Opcode>
      <Keywords>0x8020000000000000</Keywords>
      <TimeCreated SystemTime="2026-07-02T07:53:20Z"/>
      <EventRecordID>684495</EventRecordID>
      <Channel>Security</Channel>
      <Computer>finance-pc-07.corp.local</Computer>
      <Security/>
    </System>
    <EventData>
    <Data Name="ArtifactEventId">artifact-winsec-20260706-002658</Data>
    <Data Name="TargetUserName">wang.mei</Data>
    <Data Name="TargetDomainName">CORP</Data>
    <Data Name="IpAddress">10.20.20.33</Data>
    <Data Name="LogonType">10</Data>
    <Data Name="Status">0x0</Data>
    </EventData>
  </Event>
  <Event xmlns="http://schemas.microsoft.com/win/2004/08/events/event">
    <System>
      <Provider Name="Microsoft-Windows-Security-Auditing"/>
      <EventID>4769</EventID>
      <Level>0</Level>
      <Task>0</Task>
      <Opcode>0</Opcode>
      <Keywords>0x8020000000000000</Keywords>
      <TimeCreated SystemTime="2026-07-02T07:53:45Z"/>
      <EventRecordID>640980</EventRecordID>
      <Channel>Security</Channel>
      <Computer>file-srv-01.corp.local</Computer>
      <Security/>
    </System>
    <EventData>
    <Data Name="ArtifactEventId">artifact-winsec-20260706-006096</Data>
    <Data Name="TargetUserName">svc_backup</Data>
    <Data Name="TargetDomainName">CORP</Data>
    <Data Name="IpAddress">10.20.20.33</Data>
    <Data Name="LogonType">3</Data>
    <Data Name="Status">0x0</Data>
    </EventData>
  </Event>
  <Event xmlns="http://schemas.microsoft.com/win/2004/08/events/event">
    <System>
      <Provider Name="Microsoft-Windows-Security-Auditing"/>
      <EventID>4769</EventID>
      <Level>0</Level>
      <Task>0</Task>
      <Opcode>0</Opcode>
      <Keywords>0x8020000000000000</Keywords>
      <TimeCreated SystemTime="2026-07-02T07:53:47Z"/>
      <EventRecordID>749050</EventRecordID>
      <Channel>Security</Channel>
      <Computer>finance-pc-07.corp.local</Computer>
      <Security/>
    </System>
    <EventData>
    <Data Name="ArtifactEventId">artifact-winsec-20260706-014033</Data>
    <Data Name="TargetUserName">svc_backup</Data>
    <Data Name="TargetDomainName">CORP</Data>
    <Data Name="IpAddress">10.20.25.87</Data>
    <Data Name="LogonType">2</Data>
    <Data Name="Status">0x0</Data>
    </EventData>
  </Event>
  <Event xmlns="http://schemas.microsoft.com/win/2004/08/events/event">
    <System>
      <Provider Name="Microsoft-Windows-Security-Auditing"/>
      <EventID>4624</EventID>
      <Level>0</Level>
      <Task>0</Task>
      <Opcode>0</Opcode>
      <Keywords>0x8020000000000000</Keywords>
      <TimeCreated SystemTime="2026-07-02T07:55:33Z"/>
      <EventRecordID>963590</EventRecordID>
      <Channel>Security</Channel>
      <Computer>file-srv-01.corp.local</Computer>
      <Security/>
    </System>
    <EventData>
    <Data Name="ArtifactEventId">artifact-winsec-20260706-001611</Data>
    <Data Name="TargetUserName">admin.li</Data>
    <Data Name="TargetDomainName">CORP</Data>
    <Data Name="IpAddress">10.20.20.33</Data>
    <Data Name="LogonType">10</Data>
    <Data Name="Status">0x0</Data>
    </EventData>
  </Event>
  <Event xmlns="http://schemas.microsoft.com/win/2004/08/events/event">
    <System>
      <Provider Name="Microsoft-Windows-Security-Auditing"/>
      <EventID>4624</EventID>
      <Level>0</Level>
      <Task>0</Task>
      <Opcode>0</Opcode>
      <Keywords>0x8020000000000000</Keywords>
      <TimeCreated SystemTime="2026-07-02T07:56:09Z"/>
      <EventRecordID>848987</EventRecordID>
      <Channel>Security</Channel>
      <Computer>win-admin-01.corp.local</Computer>
      <Security/>
    </System>
    <EventData>
    <Data Name="ArtifactEventId">artifact-winsec-20260706-006052</Data>
    <Data Name="TargetUserName">developer.zhao</Data>
    <Data Name="TargetDomainName">CORP</Data>
    <Data Name="IpAddress">10.20.30.11</Data>
    <Data Name="LogonType">7</Data>
    <Data Name="Status">0x0</Data>
    </EventData>
  </Event>
  <Event xmlns="http://schemas.microsoft.com/win/2004/08/events/event">
    <System>
      <Provider Name="Microsoft-Windows-Security-Auditing"/>
      <EventID>4634</EventID>
      <Level>0</Level>
      <Task>0</Task>
      <Opcode>0</Opcode>
      <Keywords>0x8020000000000000</Keywords>
      <TimeCreated SystemTime="2026-07-02T07:56:58Z"/>
      <EventRecordID>316012</EventRecordID>
      <Channel>Security</Channel>
      <Computer>file-srv-01.corp.local</Computer>
      <Security/>
    </System>
    <EventData>
    <Data Name="ArtifactEventId">artifact-winsec-20260706-003146</Data>
    <Data Name="TargetUserName">wang.mei</Data>
    <Data Name="TargetDomainName">CORP</Data>
    <Data Name="IpAddress">10.20.20.33</Data>
    <Data Name="LogonType">10</Data>
    <Data Name="Status">0x0</Data>
    </EventData>
  </Event>
  <Event xmlns="http://schemas.microsoft.com/win/2004/08/events/event">
    <System>
      <Provider Name="Microsoft-Windows-Security-Auditing"/>
      <EventID>4768</EventID>
      <Level>0</Level>
      <Task>0</Task>
      <Opcode>0</Opcode>
      <Keywords>0x8020000000000000</Keywords>
      <TimeCreated SystemTime="2026-07-02T07:57:36Z"/>
      <EventRecordID>893215</EventRecordID>
      <Channel>Security</Channel>
      <Computer>ad-dc-01.corp.local</Computer>
      <Security/>
    </System>
    <EventData>
    <Data Name="ArtifactEventId">artifact-winsec-20260706-013196</Data>
    <Data Name="TargetUserName">chen.yu</Data>
    <Data Name="TargetDomainName">CORP</Data>
    <Data Name="IpAddress">10.20.30.11</Data>
    <Data Name="LogonType">7</Data>
    <Data Name="Status">0x0</Data>
    </EventData>
  </Event>
  <Event xmlns="http://schemas.microsoft.com/win/2004/08/events/event">
    <System>
      <Provider Name="Microsoft-Windows-Security-Auditing"/>
      <EventID>4624</EventID>
      <Level>0</Level>
      <Task>0</Task>
      <Opcode>0</Opcode>
      <Keywords>0x8020000000000000</Keywords>
      <TimeCreated SystemTime="2026-07-02T07:57:41Z"/>
      <EventRecordID>244027</EventRecordID>
      <Channel>Security</Channel>
      <Computer>file-srv-01.corp.local</Computer>
      <Security/>
    </System>
    <EventData>
    <Data Name="ArtifactEventId">artifact-winsec-20260706-004488</Data>
    <Data Name="TargetUserName">chen.yu</Data>
    <Data Name="TargetDomainName">CORP</Data>
    <Data Name="IpAddress">10.20.20.87</Data>
    <Data Name="LogonType">10</Data>
    <Data Name="Status">0x0</Data>
    </EventData>
  </Event>
  <Event xmlns="http://schemas.microsoft.com/win/2004/08/events/event">
    <System>
      <Provider Name="Microsoft-Windows-Security-Auditing"/>
      <EventID>4634</EventID>
      <Level>0</Level>
      <Task>0</Task>
      <Opcode>0</Opcode>
      <Keywords>0x8020000000000000</Keywords>
      <TimeCreated SystemTime="2026-07-02T07:57:49Z"/>
      <EventRecordID>362629</EventRecordID>
      <Channel>Security</Channel>
      <Computer>win-admin-01.corp.local</Computer>
      <Security/>
    </System>
    <EventData>
    <Data Name="ArtifactEventId">artifact-winsec-20260706-005312</Data>
    <Data Name="TargetUserName">developer.zhao</Data>
    <Data Name="TargetDomainName">CORP</Data>
    <Data Name="IpAddress">10.20.20.87</Data>
    <Data Name="LogonType">2</Data>
    <Data Name="Status">0x0</Data>
    </EventData>
  </Event>
  <Event xmlns="http://schemas.microsoft.com/win/2004/08/events/event">
    <System>
      <Provider Name="Microsoft-Windows-Security-Auditing"/>
      <EventID>4768</EventID>
      <Level>0</Level>
      <Task>0</Task>
      <Opcode>0</Opcode>
      <Keywords>0x8020000000000000</Keywords>
      <TimeCreated SystemTime="2026-07-02T07:57:51Z"/>
      <EventRecordID>993387</EventRecordID>
      <Channel>Security</Channel>
      <Computer>finance-pc-07.corp.local</Computer>
      <Security/>
    </System>
    <EventData>
    <Data Name="ArtifactEventId">artifact-winsec-20260706-015883</Data>
    <Data Name="TargetUserName">svc_backup</Data>
    <Data Name="TargetDomainName">CORP</Data>
    <Data Name="IpAddress">10.20.20.33</Data>
    <Data Name="LogonType">3</Data>
    <Data Name="Status">0x0</Data>
    </EventData>
  </Event>
  <Event xmlns="http://schemas.microsoft.com/win/2004/08/events/event">
    <System>
      <Provider Name="Microsoft-Windows-Security-Auditing"/>
      <EventID>4769</EventID>
      <Level>0</Level>
      <Task>0</Task>
      <Opcode>0</Opcode>
      <Keywords>0x8020000000000000</Keywords>
      <TimeCreated SystemTime="2026-07-02T07:57:56Z"/>
      <EventRecordID>270217</EventRecordID>
      <Channel>Security</Channel>
      <Computer>win-admin-01.corp.local</Computer>
      <Security/>
    </System>
    <EventData>
    <Data Name="ArtifactEventId">artifact-winsec-20260706-003750</Data>
    <Data Name="TargetUserName">developer.zhao</Data>
    <Data Name="TargetDomainName">CORP</Data>
    <Data Name="IpAddress">10.20.25.87</Data>
    <Data Name="LogonType">2</Data>
    <Data Name="Status">0x0</Data>
    </EventData>
  </Event>
  