<Event xmlns="http://schemas.microsoft.com/win/2004/08/events/event">
    <System>
      <Provider Name="Microsoft-Windows-Security-Auditing"/>
      <EventID>4624</EventID>
      <Level>0</Level>
      <Task>0</Task>
      <Opcode>0</Opcode>
      <Keywords>0x8020000000000000</Keywords>
      <TimeCreated SystemTime="2026-07-02T00:24:23Z"/>
      <EventRecordID>615981</EventRecordID>
      <Channel>Security</Channel>
      <Computer>file-srv-01.corp.local</Computer>
      <Security/>
    </System>
    <EventData>
    <Data Name="ArtifactEventId">artifact-winsec-20260706-006147</Data>
    <Data Name="TargetUserName">admin.li</Data>
    <Data Name="TargetDomainName">CORP</Data>
    <Data Name="IpAddress">10.20.25.87</Data>
    <Data Name="LogonType">3</Data>
    <Data Name="Status">0x0</Data>
    </EventData>
  </Event>
  <Event xmlns="http://schemas.microsoft.com/win/2004/08/events/event">
    <System>
      <Provider Name="Microsoft-Windows-Security-Auditing"/>
      <EventID>4634</EventID>
      <Level>0</Level>
      <Task>0</Task>
      <Opcode>0</Opcode>
      <Keywords>0x8020000000000000</Keywords>
      <TimeCreated SystemTime="2026-07-02T00:24:33Z"/>
      <EventRecordID>732236</EventRecordID>
      <Channel>Security</Channel>
      <Computer>ad-dc-01.corp.local</Computer>
      <Security/>
    </System>
    <EventData>
    <Data Name="ArtifactEventId">artifact-winsec-20260706-008568</Data>
    <Data Name="TargetUserName">svc_app</Data>
    <Data Name="TargetDomainName">CORP</Data>
    <Data Name="IpAddress">10.20.30.11</Data>
    <Data Name="LogonType">10</Data>
    <Data Name="Status">0x0</Data>
    </EventData>
  </Event>
  <Event xmlns="http://schemas.microsoft.com/win/2004/08/events/event">
    <System>
      <Provider Name="Microsoft-Windows-Security-Auditing"/>
      <EventID>4634</EventID>
      <Level>0</Level>
      <Task>0</Task>
      <Opcode>0</Opcode>
      <Keywords>0x8020000000000000</Keywords>
      <TimeCreated SystemTime="2026-07-02T00:25:05Z"/>
      <EventRecordID>457218</EventRecordID>
      <Channel>Security</Channel>
      <Computer>ad-dc-01.corp.local</Computer>
      <Security/>
    </System>
    <EventData>
    <Data Name="ArtifactEventId">artifact-winsec-20260706-006798</Data>
    <Data Name="TargetUserName">svc_app</Data>
    <Data Name="TargetDomainName">CORP</Data>
    <Data Name="IpAddress">10.20.20.33</Data>
    <Data Name="LogonType">7</Data>
    <Data Name="Status">0x0</Data>
    </EventData>
  </Event>
  <Event xmlns="http://schemas.microsoft.com/win/2004/08/events/event">
    <System>
      <Provider Name="Microsoft-Windows-Security-Auditing"/>
      <EventID>4624</EventID>
      <Level>0</Level>
      <Task>0</Task>
      <Opcode>0</Opcode>
      <Keywords>0x8020000000000000</Keywords>
      <TimeCreated SystemTime="2026-07-02T00:25:39Z"/>
      <EventRecordID>806108</EventRecordID>
      <Channel>Security</Channel>
      <Computer>file-srv-01.corp.local</Computer>
      <Security/>
    </System>
    <EventData>
    <Data Name="ArtifactEventId">artifact-winsec-20260706-000436</Data>
    <Data Name="TargetUserName">wang.mei</Data>
    <Data Name="TargetDomainName">CORP</Data>
    <Data Name="IpAddress">10.20.30.11</Data>
    <Data Name="LogonType">3</Data>
    <Data Name="Status">0x0</Data>
    </EventData>
  </Event>
  <Event xmlns="http://schemas.microsoft.com/win/2004/08/events/event">
    <System>
      <Provider Name="Microsoft-Windows-Security-Auditing"/>
      <EventID>4625</EventID>
      <Level>0</Level>
      <Task>0</Task>
      <Opcode>0</Opcode>
      <Keywords>0x8020000000000000</Keywords>
      <TimeCreated SystemTime="2026-07-02T00:25:45Z"/>
      <EventRecordID>956359</EventRecordID>
      <Channel>Security</Channel>
      <Computer>ad-dc-01.corp.local</Computer>
      <Security/>
    </System>
    <EventData>
    <Data Name="ArtifactEventId">artifact-winsec-20260706-008460</Data>
    <Data Name="TargetUserName">admin.li</Data>
    <Data Name="TargetDomainName">CORP</Data>
    <Data Name="IpAddress">10.20.25.87</Data>
    <Data Name="LogonType">3</Data>
    <Data Name="Status">0xc000006d</Data>
    </EventData>
  </Event>
  <Event xmlns="http://schemas.microsoft.com/win/2004/08/events/event">
    <System>
      <Provider Name="Microsoft-Windows-Security-Auditing"/>
      <EventID>4768</EventID>
      <Level>0</Level>
      <Task>0</Task>
      <Opcode>0</Opcode>
      <Keywords>0x8020000000000000</Keywords>
      <TimeCreated SystemTime="2026-07-02T00:26:13Z"/>
      <EventRecordID>930801</EventRecordID>
      <Channel>Security</Channel>
      <Computer>win-admin-01.corp.local</Computer>
      <Security/>
    </System>
    <EventData>
    <Data Name="ArtifactEventId">artifact-winsec-20260706-000822</Data>
    <Data Name="TargetUserName">wang.mei</Data>
    <Data Name="TargetDomainName">CORP</Data>
    <Data Name="IpAddress">10.20.30.11</Data>
    <Data Name="LogonType">2</Data>
    <Data Name="Status">0x0</Data>
    </EventData>
  </Event>
  <Event xmlns="http://schemas.microsoft.com/win/2004/08/events/event">
    <System>
      <Provider Name="Microsoft-Windows-Security-Auditing"/>
      <EventID>4672</EventID>
      <Level>0</Level>
      <Task>0</Task>
      <Opcode>0</Opcode>
      <Keywords>0x8020000000000000</Keywords>
      <TimeCreated SystemTime="2026-07-02T00:26:22Z"/>
      <EventRecordID>923543</EventRecordID>
      <Channel>Security</Channel>
      <Computer>win-admin-01.corp.local</Computer>
      <Security/>
    </System>
    <EventData>
    <Data Name="ArtifactEventId">artifact-winsec-20260706-009179</Data>
    <Data Name="TargetUserName">svc_backup</Data>
    <Data Name="TargetDomainName">CORP</Data>
    <Data Name="IpAddress">10.20.25.87</Data>
    <Data Name="LogonType">2</Data>
    <Data Name="Status">0x0</Data>
    </EventData>
  </Event>
  <Event xmlns="http://schemas.microsoft.com/win/2004/08/events/event">
    <System>
      <Provider Name="Microsoft-Windows-Security-Auditing"/>
      <EventID>4672</EventID>
      <Level>0</Level>
      <Task>0</Task>
      <Opcode>0</Opcode>
      <Keywords>0x8020000000000000</Keywords>
      <TimeCreated SystemTime="2026-07-02T00:27:11Z"/>
      <EventRecordID>481954</EventRecordID>
      <Channel>Security</Channel>
      <Computer>ad-dc-01.corp.local</Computer>
      <Security/>
    </System>
    <EventData>
    <Data Name="ArtifactEventId">artifact-winsec-20260706-013028</Data>
    <Data Name="TargetUserName">wang.mei</Data>
    <Data Name="TargetDomainName">CORP</Data>
    <Data Name="IpAddress">10.20.20.87</Data>
    <Data Name="LogonType">7</Data>
    <Data Name="Status">0x0</Data>
    </EventData>
  </Event>
  <Event xmlns="http://schemas.microsoft.com/win/2004/08/events/event">
    <System>
      <Provider Name="Microsoft-Windows-Security-Auditing"/>
      <EventID>4624</EventID>
      <Level>0</Level>
      <Task>0</Task>
      <Opcode>0</Opcode>
      <Keywords>0x8020000000000000</Keywords>
      <TimeCreated SystemTime="2026-07-02T00:27:24Z"/>
      <EventRecordID>986938</EventRecordID>
      <Channel>Security</Channel>
      <Computer>win-admin-01.corp.local</Computer>
      <Security/>
    </System>
    <EventData>
    <Data Name="ArtifactEventId">artifact-winsec-20260706-013209</Data>
    <Data Name="TargetUserName">svc_app</Data>
    <Data Name="TargetDomainName">CORP</Data>
    <Data Name="IpAddress">10.20.20.33</Data>
    <Data Name="LogonType">7</Data>
    <Data Name="Status">0x0</Data>
    </EventData>
  </Event>
  <Event xmlns="http://schemas.microsoft.com/win/2004/08/events/event">
    <System>
      <Provider Name="Microsoft-Windows-Security-Auditing"/>
      <EventID>4624</EventID>
      <Level>0</Level>
      <Task>0</Task>
      <Opcode>0</Opcode>
      <Keywords>0x8020000000000000</Keywords>
      <TimeCreated SystemTime="2026-07-02T00:27:31Z"/>
      <EventRecordID>688095</EventRecordID>
      <Channel>Security</Channel>
      <Computer>win-admin-01.corp.local</Computer>
      <Security/>
    </System>
    <EventData>
    <Data Name="ArtifactEventId">artifact-winsec-20260706-000562</Data>
    <Data Name="TargetUserName">wang.mei</Data>
    <Data Name="TargetDomainName">CORP</Data>
    <Data Name="IpAddress">10.20.30.11</Data>
    <Data Name="LogonType">3</Data>
    <Data Name="Status">0x0</Data>
    </EventData>
  </Event>
  <Event xmlns="http://schemas.microsoft.com/win/2004/08/events/event">
    <System>
      <Provider Name="Microsoft-Windows-Security-Auditing"/>
      <EventID>4625</EventID>
      <Level>0</Level>
      <Task>0</Task>
      <Opcode>0</Opcode>
      <Keywords>0x8020000000000000</Keywords>
      <TimeCreated SystemTime="2026-07-02T00:27:41Z"/>
      <EventRecordID>965081</EventRecordID>
      <Channel>Security</Channel>
      <Computer>file-srv-01.corp.local</Computer>
      <Security/>
    </System>
    <EventData>
    <Data Name="ArtifactEventId">artifact-winsec-20260706-004527</Data>
    <Data Name="TargetUserName">wang.mei</Data>
    <Data Name="TargetDomainName">CORP</Data>
    <Data Name="IpAddress">10.20.20.33</Data>
    <Data Name="LogonType">2</Data>
    <Data Name="Status">0xc000006a</Data>
    </EventData>
  </Event>
  <Event xmlns="http://schemas.microsoft.com/win/2004/08/events/event">
    <System>
      <Provider Name="Microsoft-Windows-Security-Auditing"/>
      <EventID>4634</EventID>
      <Level>0</Level>
      <Task>0</Task>
      <Opcode>0</Opcode>
      <Keywords>0x8020000000000000</Keywords>
      <TimeCreated SystemTime="2026-07-02T00:28:09Z"/>
      <EventRecordID>787322</EventRecordID>
      <Channel>Security</Channel>
      <Computer>win-admin-01.corp.local</Computer>
      <Security/>
    </System>
    <EventData>
    <Data Name="ArtifactEventId">artifact-winsec-20260706-000766</Data>
    <Data Name="TargetUserName">chen.yu</Data>
    <Data Name="TargetDomainName">CORP</Data>
    <Data Name="IpAddress">10.20.20.87</Data>
    <Data Name="LogonType">10</Data>
    <Data Name="Status">0x0</Data>
    </EventData>
  </Event>
  <Event xmlns="http://schemas.microsoft.com/win/2004/08/events/event">
    <System>
      <Provider Name="Microsoft-Windows-Security-Auditing"/>
      <EventID>4624</EventID>
      <Level>0</Level>
      <Task>0</Task>
      <Opcode>0</Opcode>
      <Keywords>0x8020000000000000</Keywords>
      <TimeCreated SystemTime="2026-07-02T00:28:23Z"/>
      <EventRecordID>132086</EventRecordID>
      <Channel>Security</Channel>
      <Computer>ad-dc-01.corp.local</Computer>
      <Security/>
    </System>
    <EventData>
    <Data Name="ArtifactEventId">artifact-winsec-20260706-001640</Data>
    <Data Name="TargetUserName">admin.li</Data>
    <Data Name="TargetDomainName">CORP</Data>
    <Data Name="IpAddress">10.20.30.11</Data>
    <Data Name="LogonType">2</Data>
    <Data Name="Status">0x0</Data>
    </EventData>
  </Event>
  <Event xmlns="http://schemas.microsoft.com/win/2004/08/events/event">
    <System>
      <Provider Name="Microsoft-Windows-Security-Auditing"/>
      <EventID>4624</EventID>
      <Level>0</Level>
      <Task>0</Task>
      <Opcode>0</Opcode>
      <Keywords>0x8020000000000000</Keywords>
      <TimeCreated SystemTime="2026-07-02T00:28:32Z"/>
      <EventRecordID>552861</EventRecordID>
      <Channel>Security</Channel>
      <Computer>ad-dc-01.corp.local</Computer>
      <Security/>
    </System>
    <EventData>
    <Data Name="ArtifactEventId">artifact-winsec-20260706-001323</Data>
    <Data Name="TargetUserName">svc_backup</Data>
    <Data Name="TargetDomainName">CORP</Data>
    <Data Name="IpAddress">10.20.30.11</Data>
    <Data Name="LogonType">7</Data>
    <Data Name="Status">0x0</Data>
    </EventData>
  </Event>
  <Event xmlns="http://schemas.microsoft.com/win/2004/08/events/event">
    <System>
      <Provider Name="Microsoft-Windows-Security-Auditing"/>
      <EventID>4672</EventID>
      <Level>0</Level>
      <Task>0</Task>
      <Opcode>0</Opcode>
      <Keywords>0x8020000000000000</Keywords>
      <TimeCreated SystemTime="2026-07-02T00:29:15Z"/>
      <EventRecordID>301994</EventRecordID>
      <Channel>Security</Channel>
      <Computer>win-admin-01.corp.local</Computer>
      <Security/>
    </System>
    <EventData>
    <Data Name="ArtifactEventId">artifact-winsec-20260706-006758</Data>
    <Data Name="TargetUserName">wang.mei</Data>
    <Data Name="TargetDomainName">CORP</Data>
    <Data Name="IpAddress">10.20.20.87</Data>
    <Data Name="LogonType">3</Data>
    <Data Name="Status">0x0</Data>
    </EventData>
  </Event>
  <Event xmlns="http://schemas.microsoft.com/win/2004/08/events/event">
    <System>
      <Provider Name="Microsoft-Windows-Security-Auditing"/>
      <EventID>4768</EventID>
      <Level>0</Level>
      <Task>0</Task>
      <Opcode>0</Opcode>
      <Keywords>0x8020000000000000</Keywords>
      <TimeCreated SystemTime="2026-07-02T00:29:24Z"/>
      <EventRecordID>546472</EventRecordID>
      <Channel>Security</Channel>
      <Computer>ad-dc-01.corp.local</Computer>
      <Security/>
    </System>
    <EventData>
    <Data Name="ArtifactEventId">artifact-winsec-20260706-013580</Data>
    <Data Name="TargetUserName">svc_app</Data>
    <Data Name="TargetDomainName">CORP</Data>
    <Data Name="IpAddress">10.20.20.87</Data>
    <Data Name="LogonType">7</Data>
    <Data Name="Status">0x0</Data>
    </EventData>
  </Event>
  <Event xmlns="http://schemas.microsoft.com/win/2004/08/events/event">
    <System>
      <Provider Name="Microsoft-Windows-Security-Auditing"/>
      <EventID>4768</EventID>
      <Level>0</Level>
      <Task>0</Task>
      <Opcode>0</Opcode>
      <Keywords>0x8020000000000000</Keywords>
      <TimeCreated SystemTime="2026-07-02T00:30:34Z"/>
      <EventRecordID>231009</EventRecordID>
      <Channel>Security</Channel>
      <Computer>finance-pc-07.corp.local</Computer>
      <Security/>
    </System>
    <EventData>
    <Data Name="ArtifactEventId">artifact-winsec-20260706-010305</Data>
    <Data Name="TargetUserName">developer.zhao</Data>
    <Data Name="TargetDomainName">CORP</Data>
    <Data Name="IpAddress">10.20.20.87</Data>
    <Data Name="LogonType">2</Data>
    <Data Name="Status">0x0</Data>
    </EventData>
  </Event>
  <Event xmlns="http://schemas.microsoft.com/win/2004/08/events/event">
    <System>
      <Provider Name="Microsoft-Windows-Security-Auditing"/>
      <EventID>4624</EventID>
      <Level>0</Level>
      <Task>0</Task>
      <Opcode>0</Opcode>
      <Keywords>0x8020000000000000</Keywords>
      <TimeCreated SystemTime="2026-07-02T00:30:38Z"/>
      <EventRecordID>643734</EventRecordID>
      <Channel>Security</Channel>
      <Computer>win-admin-01.corp.local</Computer>
      <Security/>
    </System>
    <EventData>
    <Data Name="ArtifactEventId">artifact-winsec-20260706-006502</Data>
    <Data Name="TargetUserName">svc_backup</Data>
    <Data Name="TargetDomainName">CORP</Data>
    <Data Name="IpAddress">10.20.30.11</Data>
    <Data Name="LogonType">7</Data>
    <Data Name="Status">0x0</Data>
    </EventData>
  </Event>
  <Event xmlns="http://schemas.microsoft.com/win/2004/08/events/event">
    <System>
      <Provider Name="Microsoft-Windows-Security-Auditing"/>
      <EventID>4624</EventID>
      <Level>0</Level>
      <Task>0</Task>
      <Opcode>0</Opcode>
      <Keywords>0x8020000000000000</Keywords>
      <TimeCreated SystemTime="2026-07-02T00:30:58Z"/>
      <EventRecordID>905195</EventRecordID>
      <Channel>Security</Channel>
      <Computer>file-srv-01.corp.local</Computer>
      <Security/>
    </System>
    <EventData>
    <Data Name="ArtifactEventId">artifact-winsec-20260706-000041</Data>
    <Data Name="TargetUserName">chen.yu</Data>
    <Data Name="TargetDomainName">CORP</Data>
    <Data Name="IpAddress">10.20.20.33</Data>
    <Data Name="LogonType">2</Data>
    <Data Name="Status">0x0</Data>
    </EventData>
  </Event>
  <Event xmlns="http://schemas.microsoft.com/win/2004/08/events/event">
    <System>
      <Provider Name="Microsoft-Windows-Security-Auditing"/>
      <EventID>4672</EventID>
      <Level>0</Level>
      <Task>0</Task>
      <Opcode>0</Opcode>
      <Keywords>0x8020000000000000</Keywords>
      <TimeCreated SystemTime="2026-07-02T00:31:22Z"/>
      <EventRecordID>225474</EventRecordID>
      <Channel>Security</Channel>
      <Computer>win-admin-01.corp.local</Computer>
      <Security/>
    </System>
    <EventData>
    <Data Name="ArtifactEventId">artifact-winsec-20260706-000531</Data>
    <Data Name="TargetUserName">chen.yu</Data>
    <Data Name="TargetDomainName">CORP</Data>
    <Data Name="IpAddress">10.20.20.33</Data>
    <Data Name="LogonType">3</Data>
    <Data Name="Status">0x0</Data>
    </EventData>
  </Event>
  <Event xmlns="http://schemas.microsoft.com/win/2004/08/events/event">
    <System>
      <Provider Name="Microsoft-Windows-Security-Auditing"/>
      <EventID>4624</EventID>
      <Level>0</Level>
      <Task>0</Task>
      <Opcode>0</Opcode>
      <Keywords>0x8020000000000000</Keywords>
      <TimeCreated SystemTime="2026-07-02T00:31:34Z"/>
      <EventRecordID>710055</EventRecordID>
      <Channel>Security</Channel>
      <Computer>win-admin-01.corp.local</Computer>
      <Security/>
    </System>
    <EventData>
    <Data Name="ArtifactEventId">artifact-winsec-20260706-000520</Data>
    <Data Name="TargetUserName">admin.li</Data>
    <Data Name="TargetDomainName">CORP</Data>
    <Data Name="IpAddress">10.20.25.87</Data>
    <Data Name="LogonType">2</Data>
    <Data Name="Status">0x0</Data>
    </EventData>
  </Event>
  <Event xmlns="http://schemas.microsoft.com/win/2004/08/events/event">
    <System>
      <Provider Name="Microsoft-Windows-Security-Auditing"/>
      <EventID>4768</EventID>
      <Level>0</Level>
      <Task>0</Task>
      <Opcode>0</Opcode>
      <Keywords>0x8020000000000000</Keywords>
      <TimeCreated SystemTime="2026-07-02T00:32:30Z"/>
      <EventRecordID>146797</EventRecordID>
      <Channel>Security</Channel>
      <Computer>ad-dc-01.corp.local</Computer>
      <Security/>
    </System>
    <EventData>
    <Data Name="ArtifactEventId">artifact-winsec-20260706-003060</Data>
    <Data Name="TargetUserName">developer.zhao</Data>
    <Data Name="TargetDomainName">CORP</Data>
    <Data Name="IpAddress">10.20.30.11</Data>
    <Data Name="LogonType">10</Data>
    <Data Name="Status">0x0</Data>
    </EventData>
  </Event>
  <Event xmlns="http://schemas.microsoft.com/win/2004/08/events/event">
    <System>
      <Provider Name="Microsoft-Windows-Security-Auditing"/>
      <EventID>4672</EventID>
      <Level>0</Level>
      <Task>0</Task>
      <Opcode>0</Opcode>
      <Keywords>0x8020000000000000</Keywords>
      <TimeCreated SystemTime="2026-07-02T00:32:37Z"/>
      <EventRecordID>876077</EventRecordID>
      <Channel>Security</Channel>
      <Computer>win-admin-01.corp.local</Computer>
      <Security/>
    </System>
    <EventData>
    <Data Name="ArtifactEventId">artifact-winsec-20260706-011841</Data>
    <Data Name="TargetUserName">svc_app</Data>
    <Data Name="TargetDomainName">CORP</Data>
    <Data Name="IpAddress">10.20.25.87</Data>
    <Data Name="LogonType">7</Data>
    <Data Name="Status">0x0</Data>
    </EventData>
  </Event>
  <Event xmlns="http://schemas.microsoft.com/win/2004/08/events/event">
    <System>
      <Provider Name="Microsoft-Windows-Security-Auditing"/>
      <EventID>4672</EventID>
      <Level>0</Level>
      <Task>0</Task>
      <Opcode>0</Opcode>
      <Keywords>0x8020000000000000</Keywords>
      <TimeCreated SystemTime="2026-07-02T00:33:11Z"/>
      <EventRecordID>259268</EventRecordID>
      <Channel>Security</Channel>
      <Computer>finance-pc-07.corp.local</Computer>
      <Security/>
    </System>
    <EventData>
    <Data Name="ArtifactEventId">artifact-winsec-20260706-009133</Data>
    <Data Name="TargetUserName">wang.mei</Data>
    <Data Name="TargetDomainName">CORP</Data>
    <Data Name="IpAddress">10.20.30.11</Data>
    <Data Name="LogonType">2</Data>
    <Data Name="Status">0x0</Data>
    </EventData>
  </Event>
  <Event xmlns="http://schemas.microsoft.com/win/2004/08/events/event">
    <System>
      <Provider Name="Microsoft-Windows-Security-Auditing"/>
      <EventID>4634</EventID>
      <Level>0</Level>
      <Task>0</Task>
      <Opcode>0</Opcode>
      <Keywords>0x8020000000000000</Keywords>
      <TimeCreated SystemTime="2026-07-02T00:33:29Z"/>
      <EventRecordID>389688</EventRecordID>
      <Channel>Security</Channel>
      <Computer>win-admin-01.corp.local</Computer>
      <Security/>
    </System>
    <EventData>
    <Data Name="ArtifactEventId">artifact-winsec-20260706-001883</Data>
    <Data Name="TargetUserName">svc_app</Data>
    <Data Name="TargetDomainName">CORP</Data>
    <Data Name="IpAddress">10.20.20.87</Data>
    <Data Name="LogonType">2</Data>
    <Data Name="Status">0x0</Data>
    </EventData>
  </Event>
  <Event xmlns="http://schemas.microsoft.com/win/2004/08/events/event">
    <System>
      <Provider Name="Microsoft-Windows-Security-Auditing"/>
      <EventID>4624</EventID>
      <Level>0</Level>
      <Task>0</Task>
      <Opcode>0</Opcode>
      <Keywords>0x8020000000000000</Keywords>
      <TimeCreated SystemTime="2026-07-02T00:33:39Z"/>
      <EventRecordID>394228</EventRecordID>
      <Channel>Security</Channel>
      <Computer>file-srv-01.corp.local</Computer>
      <Security/>
    </System>
    <EventData>
    <Data Name="ArtifactEventId">artifact-winsec-20260706-001723</Data>
    <Data Name="TargetUserName">chen.yu</Data>
    <Data Name="TargetDomainName">CORP</Data>
    <Data Name="IpAddress">10.20.25.87</Data>
    <Data Name="LogonType">10</Data>
    <Data Name="Status">0x0</Data>
    </EventData>
  </Event>
  <Event xmlns="http://schemas.microsoft.com/win/2004/08/events/event">
    <System>
      <Provider Name="Microsoft-Windows-Security-Auditing"/>
      <EventID>4625</EventID>
      <Level>0</Level>
      <Task>0</Task>
      <Opcode>0</Opcode>
      <Keywords>0x8020000000000000</Keywords>
      <TimeCreated SystemTime="2026-07-02T00:33:44Z"/>
      <EventRecordID>756378</EventRecordID>
      <Channel>Security</Channel>
      <Computer>win-admin-01.corp.local</Computer>
      <Security/>
    </System>
    <EventData>
    <Data Name="ArtifactEventId">artifact-winsec-20260706-012080</Data>
    <Data Name="TargetUserName">svc_backup</Data>
    <Data Name="TargetDomainName">CORP</Data>
    <Data Name="IpAddress">10.20.30.11</Data>
    <Data Name="LogonType">3</Data>
    <Data Name="Status">0xc0000234</Data>
    </EventData>
  </Event>
  <Event xmlns="http://schemas.microsoft.com/win/2004/08/events/event">
    <System>
      <Provider Name="Microsoft-Windows-Security-Auditing"/>
      <EventID>4624</EventID>
      <Level>0</Level>
      <Task>0</Task>
      <Opcode>0</Opcode>
      <Keywords>0x8020000000000000</Keywords>
      <TimeCreated SystemTime="2026-07-02T00:34:04Z"/>
      <EventRecordID>810637</EventRecordID>
      <Channel>Security</Channel>
      <Computer>finance-pc-07.corp.local</Computer>
      <Security/>
    </System>
    <EventData>
    <Data Name="ArtifactEventId">artifact-winsec-20260706-014007</Data>
    <Data Name="TargetUserName">admin.li</Data>
    <Data Name="TargetDomainName">CORP</Data>
    <Data Name="IpAddress">10.20.25.87</Data>
    <Data Name="LogonType">7</Data>
    <Data Name="Status">0x0</Data>
    </EventData>
  </Event>
  <Event xmlns="http://schemas.microsoft.com/win/2004/08/events/event">
    <System>
      <Provider Name="Microsoft-Windows-Security-Auditing"/>
      <EventID>4672</EventID>
      <Level>0</Level>
      <Task>0</Task>
      <Opcode>0</Opcode>
      <Keywords>0x8020000000000000</Keywords>
      <TimeCreated SystemTime="2026-07-02T00:34:39Z"/>
      <EventRecordID>296356</EventRecordID>
      <Channel>Security</Channel>
      <Computer>file-srv-01.corp.local</Computer>
      <Security/>
    </System>
    <EventData>
    <Data Name="ArtifactEventId">artifact-winsec-20260706-015213</Data>
    <Data Name="TargetUserName">admin.li</Data>
    <Data Name="TargetDomainName">CORP</Data>
    <Data Name="IpAddress">10.20.25.87</Data>
    <Data Name="LogonType">2</Data>
    <Data Name="Status">0x0</Data>
    </EventData>
  </Event>
  <Event xmlns="http://schemas.microsoft.com/win/2004/08/events/event">
    <System>
      <Provider Name="Microsoft-Windows-Security-Auditing"/>
      <EventID>4624</EventID>
      <Level>0</Level>
      <Task>0</Task>
      <Opcode>0</Opcode>
      <Keywords>0x8020000000000000</Keywords>
      <TimeCreated SystemTime="2026-07-02T00:34:53Z"/>
      <EventRecordID>977840</EventRecordID>
      <Channel>Security</Channel>
      <Computer>finance-pc-07.corp.local</Computer>
      <Security/>
    </System>
    <EventData>
    <Data Name="ArtifactEventId">artifact-winsec-20260706-008688</Data>
    <Data Name="TargetUserName">svc_backup</Data>
    <Data Name="TargetDomainName">CORP</Data>
    <Data Name="IpAddress">10.20.30.11</Data>
    <Data Name="LogonType">10</Data>
    <Data Name="Status">0x0</Data>
    </EventData>
  </Event>
  <Event xmlns="http://schemas.microsoft.com/win/2004/08/events/event">
    <System>
      <Provider Name="Microsoft-Windows-Security-Auditing"/>
      <EventID>4624</EventID>
      <Level>0</Level>
      <Task>0</Task>
      <Opcode>0</Opcode>
      <Keywords>0x8020000000000000</Keywords>
      <TimeCreated SystemTime="2026-07-02T00:35:10Z"/>
      <EventRecordID>965638</EventRecordID>
      <Channel>Security</Channel>
      <Computer>win-admin-01.corp.local</Computer>
      <Security/>
    </System>
    <EventData>
    <Data Name="ArtifactEventId">artifact-winsec-20260706-010071</Data>
    <Data Name="TargetUserName">svc_backup</Data>
    <Data Name="TargetDomainName">CORP</Data>
    <Data Name="IpAddress">10.20.30.11</Data>
    <Data Name="LogonType">2</Data>
    <Data Name="Status">0x0</Data>
    </EventData>
  </Event>
  <Event xmlns="http://schemas.microsoft.com/win/2004/08/events/event">
    <System>
      <Provider Name="Microsoft-Windows-Security-Auditing"/>
      <EventID>4768</EventID>
      <Level>0</Level>
      <Task>0</Task>
      <Opcode>0</Opcode>
      <Keywords>0x8020000000000000</Keywords>
      <TimeCreated SystemTime="2026-07-02T00:35:56Z"/>
      <EventRecordID>538367</EventRecordID>
      <Channel>Security</Channel>
      <Computer>win-admin-01.corp.local</Computer>
      <Security/>
    </System>
    <EventData>
    <Data Name="ArtifactEventId">artifact-winsec-20260706-006028</Data>
    <Data Name="TargetUserName">svc_app</Data>
    <Data Name="TargetDomainName">CORP</Data>
    <Data Name="IpAddress">10.20.20.87</Data>
    <Data Name="LogonType">7</Data>
    <Data Name="Status">0x0</Data>
    </EventData>
  </Event>
  <Event xmlns="http://schemas.microsoft.com/win/2004/08/events/event">
    <System>
      <Provider Name="Microsoft-Windows-Security-Auditing"/>
      <EventID>4634</EventID>
      <Level>0</Level>
      <Task>0</Task>
      <Opcode>0</Opcode>
      <Keywords>0x8020000000000000</Keywords>
      <TimeCreated SystemTime="2026-07-02T00:36:41Z"/>
      <EventRecordID>948988</EventRecordID>
      <Channel>Security</Channel>
      <Computer>finance-pc-07.corp.local</Computer>
      <Security/>
    </System>
    <EventData>
    <Data Name="ArtifactEventId">artifact-winsec-20260706-012131</Data>
    <Data Name="TargetUserName">developer.zhao</Data>
    <Data Name="TargetDomainName">CORP</Data>
    <Data Name="IpAddress">10.20.25.87</Data>
    <Data Name="LogonType">10</Data>
    <Data Name="Status">0x0</Data>
    </EventData>
  </Event>
  <Event xmlns="http://schemas.microsoft.com/win/2004/08/events/event">
    <System>
      <Provider Name="Microsoft-Windows-Security-Auditing"/>
      <EventID>4624</EventID>
      <Level>0</Level>
      <Task>0</Task>
      <Opcode>0</Opcode>
      <Keywords>0x8020000000000000</Keywords>
      <TimeCreated SystemTime="2026-07-02T00:37:06Z"/>
      <EventRecordID>491513</EventRecordID>
      <Channel>Security</Channel>
      <Computer>ad-dc-01.corp.local</Computer>
      <Security/>
    </System>
    <EventData>
    <Data Name="ArtifactEventId">artifact-winsec-20260706-008069</Data>
    <Data Name="TargetUserName">svc_backup</Data>
    <Data Name="TargetDomainName">CORP</Data>
    <Data Name="IpAddress">10.20.20.87</Data>
    <Data Name="LogonType">3</Data>
    <Data Name="Status">0x0</Data>
    </EventData>
  </Event>
  <Event xmlns="http://schemas.microsoft.com/win/2004/08/events/event">
    <System>
      <Provider Name="Microsoft-Windows-Security-Auditing"/>
      <EventID>4624</EventID>
      <Level>0</Level>
      <Task>0</Task>
      <Opcode>0</Opcode>
      <Keywords>0x8020000000000000</Keywords>
      <TimeCreated SystemTime="2026-07-02T00:37:45Z"/>
      <EventRecordID>932689</EventRecordID>
      <Channel>Security</Channel>
      <Computer>win-admin-01.corp.local</Computer>
      <Security/>
    </System>
    <EventData>
    <Data Name="ArtifactEventId">artifact-winsec-20260706-001603</Data>
    <Data Name="TargetUserName">chen.yu</Data>
    <Data Name="TargetDomainName">CORP</Data>
    <Data Name="IpAddress">10.20.20.33</Data>
    <Data Name="LogonType">3</Data>
    <Data Name="Status">0x0</Data>
    </EventData>
  </Event>
  <Event xmlns="http://schemas.microsoft.com/win/2004/08/events/event">
    <System>
      <Provider Name="Microsoft-Windows-Security-Auditing"/>
      <EventID>4625</EventID>
      <Level>0</Level>
      <Task>0</Task>
      <Opcode>0</Opcode>
      <Keywords>0x8020000000000000</Keywords>
      <TimeCreated SystemTime="2026-07-02T00:38:21Z"/>
      <EventRecordID>307692</EventRecordID>
      <Channel>Security</Channel>
      <Computer>win-admin-01.corp.local</Computer>
      <Security/>
    </System>
    <EventData>
    <Data Name="ArtifactEventId">artifact-winsec-20260706-006797</Data>
    <Data Name="TargetUserName">chen.yu</Data>
    <Data Name="TargetDomainName">CORP</Data>
    <Data Name="IpAddress">10.20.30.11</Data>
    <Data Name="LogonType">7</Data>
    <Data Name="Status">0xc000006a</Data>
    </EventData>
  </Event>
  <Event xmlns="http://schemas.microsoft.com/win/2004/08/events/event">
    <System>
      <Provider Name="Microsoft-Windows-Security-Auditing"/>
      <EventID>4624</EventID>
      <Level>0</Level>
      <Task>0</Task>
      <Opcode>0</Opcode>
      <Keywords>0x8020000000000000</Keywords>
      <TimeCreated SystemTime="2026-07-02T00:38:34Z"/>
      <EventRecordID>461272</EventRecordID>
      <Channel>Security</Channel>
      <Computer>file-srv-01.corp.local</Computer>
      <Security/>
    </System>
    <EventData>
    <Data Name="ArtifactEventId">artifact-winsec-20260706-000737</Data>
    <Data Name="TargetUserName">svc_app</Data>
    <Data Name="TargetDomainName">CORP</Data>
    <Data Name="IpAddress">10.20.25.87</Data>
    <Data Name="LogonType">2</Data>
    <Data Name="Status">0x0</Data>
    </EventData>
  </Event>
  <Event xmlns="http://schemas.microsoft.com/win/2004/08/events/event">
    <System>
      <Provider Name="Microsoft-Windows-Security-Auditing"/>
      <EventID>4624</EventID>
      <Level>0</Level>
      <Task>0</Task>
      <Opcode>0</Opcode>
      <Keywords>0x8020000000000000</Keywords>
      <TimeCreated SystemTime="2026-07-02T00:38:40Z"/>
      <EventRecordID>418942</EventRecordID>
      <Channel>Security</Channel>
      <Computer>ad-dc-01.corp.local</Computer>
      <Security/>
    </System>
    <EventData>
    <Data Name="ArtifactEventId">artifact-winsec-20260706-007519</Data>
    <Data Name="TargetUserName">admin.li</Data>
    <Data Name="TargetDomainName">CORP</Data>
    <Data Name="IpAddress">10.20.30.11</Data>
    <Data Name="LogonType">3</Data>
    <Data Name="Status">0x0</Data>
    </EventData>
  </Event>
  <Event xmlns="http://schemas.microsoft.com/win/2004/08/events/event">
    <System>
      <Provider Name="Microsoft-Windows-Security-Auditing"/>
      <EventID>4624</EventID>
      <Level>0</Level>
      <Task>0</Task>
      <Opcode>0</Opcode>
      <Keywords>0x8020000000000000</Keywords>
      <TimeCreated SystemTime="2026-07-02T00:39:15Z"/>
      <EventRecordID>110442</EventRecordID>
      <Channel>Security</Channel>
      <Computer>ad-dc-01.corp.local</Computer>
      <Security/>
    </System>
    <EventData>
    <Data Name="ArtifactEventId">artifact-winsec-20260706-012180</Data>
    <Data Name="TargetUserName">wang.mei</Data>
    <Data Name="TargetDomainName">CORP</Data>
    <Data Name="IpAddress">10.20.20.33</Data>
    <Data Name="LogonType">7</Data>
    <Data Name="Status">0x0</Data>
    </EventData>
  </Event>
  <Event xmlns="http://schemas.microsoft.com/win/2004/08/events/event">
    <System>
      <Provider Name="Microsoft-Windows-Security-Auditing"/>
      <EventID>4624</EventID>
      <Level>0</Level>
      <Task>0</Task>
      <Opcode>0</Opcode>
      <Keywords>0x8020000000000000</Keywords>
      <TimeCreated SystemTime="2026-07-02T00:39:31Z"/>
      <EventRecordID>146002</EventRecordID>
      <Channel>Security</Channel>
      <Computer>win-admin-01.corp.local</Computer>
      <Security/>
    </System>
    <EventData>
    <Data Name="ArtifactEventId">artifact-winsec-20260706-006223</Data>
    <Data Name="TargetUserName">svc_backup</Data>
    <Data Name="TargetDomainName">CORP</Data>
    <Data Name="IpAddress">10.20.30.11</Data>
    <Data Name="LogonType">3</Data>
    <Data Name="Status">0x0</Data>
    </EventData>
  </Event>
  <Event xmlns="http://schemas.microsoft.com/win/2004/08/events/event">
    <System>
      <Provider Name="Microsoft-Windows-Security-Auditing"/>
      <EventID>4624</EventID>
      <Level>0</Level>
      <Task>0</Task>
      <Opcode>0</Opcode>
      <Keywords>0x8020000000000000</Keywords>
      <TimeCreated SystemTime="2026-07-02T00:40:06Z"/>
      <EventRecordID>946201</EventRecordID>
      <Channel>Security</Channel>
      <Computer>win-admin-01.corp.local</Computer>
      <Security/>
    </System>
    <EventData>
    <Data Name="ArtifactEventId">artifact-winsec-20260706-011177</Data>
    <Data Name="TargetUserName">admin.li</Data>
    <Data Name="TargetDomainName">CORP</Data>
    <Data Name="IpAddress">10.20.20.87</Data>
    <Data Name="LogonType">3</Data>
    <Data Name="Status">0x0</Data>
    </EventData>
  </Event>
  <Event xmlns="http://schemas.microsoft.com/win/2004/08/events/event">
    <System>
      <Provider Name="Microsoft-Windows-Security-Auditing"/>
      <EventID>4624</EventID>
      <Level>0</Level>
      <Task>0</Task>
      <Opcode>0</Opcode>
      <Keywords>0x8020000000000000</Keywords>
      <TimeCreated SystemTime="2026-07-02T00:40:09Z"/>
      <EventRecordID>277631</EventRecordID>
      <Channel>Security</Channel>
      <Computer>finance-pc-07.corp.local</Computer>
      <Security/>
    </System>
    <EventData>
    <Data Name="ArtifactEventId">artifact-winsec-20260706-012074</Data>
    <Data Name="TargetUserName">wang.mei</Data>
    <Data Name="TargetDomainName">CORP</Data>
    <Data Name="IpAddress">10.20.20.87</Data>
    <Data Name="LogonType">10</Data>
    <Data Name="Status">0x0</Data>
    </EventData>
  </Event>
  <Event xmlns="http://schemas.microsoft.com/win/2004/08/events/event">
    <System>
      <Provider Name="Microsoft-Windows-Security-Auditing"/>
      <EventID>4768</EventID>
      <Level>0</Level>
      <Task>0</Task>
      <Opcode>0</Opcode>
      <Keywords>0x8020000000000000</Keywords>
      <TimeCreated SystemTime="2026-07-02T00:40:54Z"/>
      <EventRecordID>777784</EventRecordID>
      <Channel>Security</Channel>
      <Computer>ad-dc-01.corp.local</Computer>
      <Security/>
    </System>
    <EventData>
    <Data Name="ArtifactEventId">artifact-winsec-20260706-006938</Data>
    <Data Name="TargetUserName">svc_backup</Data>
    <Data Name="TargetDomainName">CORP</Data>
    <Data Name="IpAddress">10.20.25.87</Data>
    <Data Name="LogonType">2</Data>
    <Data Name="Status">0x0</Data>
    </EventData>
  </Event>
  <Event xmlns="http://schemas.microsoft.com/win/2004/08/events/event">
    <System>
      <Provider Name="Microsoft-Windows-Security-Auditing"/>
      <EventID>4624</EventID>
      <Level>0</Level>
      <Task>0</Task>
      <Opcode>0</Opcode>
      <Keywords>0x8020000000000000</Keywords>
      <TimeCreated SystemTime="2026-07-02T00:41:30Z"/>
      <EventRecordID>548394</EventRecordID>
      <Channel>Security</Channel>
      <Computer>win-admin-01.corp.local</Computer>
      <Security/>
    </System>
    <EventData>
    <Data Name="ArtifactEventId">artifact-winsec-20260706-002440</Data>
    <Data Name="TargetUserName">developer.zhao</Data>
    <Data Name="TargetDomainName">CORP</Data>
    <Data Name="IpAddress">10.20.25.87</Data>
    <Data Name="LogonType">3</Data>
    <Data Name="Status">0x0</Data>
    </EventData>
  </Event>
  <Event xmlns="http://schemas.microsoft.com/win/2004/08/events/event">
    <System>
      <Provider Name="Microsoft-Windows-Security-Auditing"/>
      <EventID>4769</EventID>
      <Level>0</Level>
      <Task>0</Task>
      <Opcode>0</Opcode>
      <Keywords>0x8020000000000000</Keywords>
      <TimeCreated SystemTime="2026-07-02T00:42:26Z"/>
      <EventRecordID>445145</EventRecordID>
      <Channel>Security</Channel>
      <Computer>finance-pc-07.corp.local</Computer>
      <Security/>
    </System>
    <EventData>
    <Data Name="ArtifactEventId">artifact-winsec-20260706-000488</Data>
    <Data Name="TargetUserName">wang.mei</Data>
    <Data Name="TargetDomainName">CORP</Data>
    <Data Name="IpAddress">10.20.25.87</Data>
    <Data Name="LogonType">2</Data>
    <Data Name="Status">0x0</Data>
    </EventData>
  </Event>
  <Event xmlns="http://schemas.microsoft.com/win/2004/08/events/event">
    <System>
      <Provider Name="Microsoft-Windows-Security-Auditing"/>
      <EventID>4625</EventID>
      <Level>0</Level>
      <Task>0</Task>
      <Opcode>0</Opcode>
      <Keywords>0x8020000000000000</Keywords>
      <TimeCreated SystemTime="2026-07-02T00:42:36Z"/>
      <EventRecordID>316584</EventRecordID>
      <Channel>Security</Channel>
      <Computer>win-admin-01.corp.local</Computer>
      <Security/>
    </System>
    <EventData>
    <Data Name="ArtifactEventId">artifact-winsec-20260706-003022</Data>
    <Data Name="TargetUserName">developer.zhao</Data>
    <Data Name="TargetDomainName">CORP</Data>
    <Data Name="IpAddress">10.20.20.87</Data>
    <Data Name="LogonType">10</Data>
    <Data Name="Status">0xc0000234</Data>
    </EventData>
  </Event>
  <Event xmlns="http://schemas.microsoft.com/win/2004/08/events/event">
    <System>
      <Provider Name="Microsoft-Windows-Security-Auditing"/>
      <EventID>4624</EventID>
      <Level>0</Level>
      <Task>0</Task>
      <Opcode>0</Opcode>
      <Keywords>0x8020000000000000</Keywords>
      <TimeCreated SystemTime="2026-07-02T00:42:59Z"/>
      <EventRecordID>129666</EventRecordID>
      <Channel>Security</Channel>
      <Computer>file-srv-01.corp.local</Computer>
      <Security/>
    </System>
    <EventData>
    <Data Name="ArtifactEventId">artifact-winsec-20260706-006316</Data>
    <Data Name="TargetUserName">wang.mei</Data>
    <Data Name="TargetDomainName">CORP</Data>
    <Data Name="IpAddress">10.20.20.33</Data>
    <Data Name="LogonType">2</Data>
    <Data Name="Status">0x0</Data>
    </EventData>
  </Event>
  <Event xmlns="http://schemas.microsoft.com/win/2004/08/events/event">
    <System>
      <Provider Name="Microsoft-Windows-Security-Auditing"/>
      <EventID>4769</EventID>
      <Level>0</Level>
      <Task>0</Task>
      <Opcode>0</Opcode>
      <Keywords>0x8020000000000000</Keywords>
      <TimeCreated SystemTime="2026-07-02T00:43:15Z"/>
      <EventRecordID>816133</EventRecordID>
      <Channel>Security</Channel>
      <Computer>ad-dc-01.corp.local</Computer>
      <Security/>
    </System>
    <EventData>
    <Data Name="ArtifactEventId">artifact-winsec-20260706-013574</Data>
    <Data Name="TargetUserName">chen.yu</Data>
    <Data Name="TargetDomainName">CORP</Data>
    <Data Name="IpAddress">10.20.30.11</Data>
    <Data Name="LogonType">7</Data>
    <Data Name="Status">0x0</Data>
    </EventData>
  </Event>
  <Event xmlns="http://schemas.microsoft.com/win/2004/08/events/event">
    <System>
      <Provider Name="Microsoft-Windows-Security-Auditing"/>
      <EventID>4768</EventID>
      <Level>0</Level>
      <Task>0</Task>
      <Opcode>0</Opcode>
      <Keywords>0x8020000000000000</Keywords>
      <TimeCreated SystemTime="2026-07-02T00:44:26Z"/>
      <EventRecordID>822202</EventRecordID>
      <Channel>Security</Channel>
      <Computer>win-admin-01.corp.local</Computer>
      <Security/>
    </System>
    <EventData>
    <Data Name="ArtifactEventId">artifact-winsec-20260706-003185</Data>
    <Data Name="TargetUserName">svc_app</Data>
    <Data Name="TargetDomainName">CORP</Data>
    <Data Name="IpAddress">10.20.25.87</Data>
    <Data Name="LogonType">7</Data>
    <Data Name="Status">0x0</Data>
    </EventData>
  </Event>
  <Event xmlns="http://schemas.microsoft.com/win/2004/08/events/event">
    <System>
      <Provider Name="Microsoft-Windows-Security-Auditing"/>
      <EventID>4625</EventID>
      <Level>0</Level>
      <Task>0</Task>
      <Opcode>0</Opcode>
      <Keywords>0x8020000000000000</Keywords>
      <TimeCreated SystemTime="2026-07-02T00:44:40Z"/>
      <EventRecordID>142582</EventRecordID>
      <Channel>Security</Channel>
      <Computer>win-admin-01.corp.local</Computer>
      <Security/>
    </System>
    <EventData>
    <Data Name="ArtifactEventId">artifact-winsec-20260706-004170</Data>
    <Data Name="TargetUserName">wang.mei</Data>
    <Data Name="TargetDomainName">CORP</Data>
    <Data Name="IpAddress">10.20.25.87</Data>
    <Data Name="LogonType">2</Data>
    <Data Name="Status">0xc000006a</Data>
    </EventData>
  </Event>
  <Event xmlns="http://schemas.microsoft.com/win/2004/08/events/event">
    <System>
      <Provider Name="Microsoft-Windows-Security-Auditing"/>
      <EventID>4672</EventID>
      <Level>0</Level>
      <Task>0</Task>
      <Opcode>0</Opcode>
      <Keywords>0x8020000000000000</Keywords>
      <TimeCreated SystemTime="2026-07-02T00:44:41Z"/>
      <EventRecordID>409170</EventRecordID>
      <Channel>Security</Channel>
      <Computer>file-srv-01.corp.local</Computer>
      <Security/>
    </System>
    <EventData>
    <Data Name="ArtifactEventId">artifact-winsec-20260706-014260</Data>
    <Data Name="TargetUserName">admin.li</Data>
    <Data Name="TargetDomainName">CORP</Data>
    <Data Name="IpAddress">10.20.20.87</Data>
    <Data Name="LogonType">7</Data>
    <Data Name="Status">0x0</Data>
    </EventData>
  </Event>
  <Event xmlns="http://schemas.microsoft.com/win/2004/08/events/event">
    <System>
      <Provider Name="Microsoft-Windows-Security-Auditing"/>
      <EventID>4624</EventID>
      <Level>0</Level>
      <Task>0</Task>
      <Opcode>0</Opcode>
      <Keywords>0x8020000000000000</Keywords>
      <TimeCreated SystemTime="2026-07-02T00:45:11Z"/>
      <EventRecordID>727448</EventRecordID>
      <Channel>Security</Channel>
      <Computer>ad-dc-01.corp.local</Computer>
      <Security/>
    </System>
    <EventData>
    <Data Name="ArtifactEventId">artifact-winsec-20260706-011053</Data>
    <Data Name="TargetUserName">developer.zhao</Data>
    <Data Name="TargetDomainName">CORP</Data>
    <Data Name="IpAddress">10.20.20.87</Data>
    <Data Name="LogonType">3</Data>
    <Data Name="Status">0x0</Data>
    </EventData>
  </Event>
  <Event xmlns="http://schemas.microsoft.com/win/2004/08/events/event">
    <System>
      <Provider Name="Microsoft-Windows-Security-Auditing"/>
      <EventID>4624</EventID>
      <Level>0</Level>
      <Task>0</Task>
      <Opcode>0</Opcode>
      <Keywords>0x8020000000000000</Keywords>
      <TimeCreated SystemTime="2026-07-02T00:45:45Z"/>
      <EventRecordID>188116</EventRecordID>
      <Channel>Security</Channel>
      <Computer>ad-dc-01.corp.local</Computer>
      <Security/>
    </System>
    <EventData>
    <Data Name="ArtifactEventId">artifact-winsec-20260706-002647</Data>
    <Data Name="TargetUserName">chen.yu</Data>
    <Data Name="TargetDomainName">CORP</Data>
    <Data Name="IpAddress">10.20.30.11</Data>
    <Data Name="LogonType">7</Data>
    <Data Name="Status">0x0</Data>
    </EventData>
  </Event>
  <Event xmlns="http://schemas.microsoft.com/win/2004/08/events/event">
    <System>
      <Provider Name="Microsoft-Windows-Security-Auditing"/>
      <EventID>4672</EventID>
      <Level>0</Level>
      <Task>0</Task>
      <Opcode>0</Opcode>
      <Keywords>0x8020000000000000</Keywords>
      <TimeCreated SystemTime="2026-07-02T00:45:47Z"/>
      <EventRecordID>971865</EventRecordID>
      <Channel>Security</Channel>
      <Computer>win-admin-01.corp.local</Computer>
      <Security/>
    </System>
    <EventData>
    <Data Name="ArtifactEventId">artifact-winsec-20260706-007874</Data>
    <Data Name="TargetUserName">developer.zhao</Data>
    <Data Name="TargetDomainName">CORP</Data>
    <Data Name="IpAddress">10.20.25.87</Data>
    <Data Name="LogonType">10</Data>
    <Data Name="Status">0x0</Data>
    </EventData>
  </Event>
  <Event xmlns="http://schemas.microsoft.com/win/2004/08/events/event">
    <System>
      <Provider Name="Microsoft-Windows-Security-Auditing"/>
      <EventID>4624</EventID>
      <Level>0</Level>
      <Task>0</Task>
      <Opcode>0</Opcode>
      <Keywords>0x8020000000000000</Keywords>
      <TimeCreated SystemTime="2026-07-02T00:46:17Z"/>
      <EventRecordID>923423</EventRecordID>
      <Channel>Security</Channel>
      <Computer>win-admin-01.corp.local</Computer>
      <Security/>
    </System>
    <EventData>
    <Data Name="ArtifactEventId">artifact-winsec-20260706-002017</Data>
    <Data Name="TargetUserName">admin.li</Data>
    <Data Name="TargetDomainName">CORP</Data>
    <Data Name="IpAddress">10.20.25.87</Data>
    <Data Name="LogonType">7</Data>
    <Data Name="Status">0x0</Data>
    </EventData>
  </Event>
  <Event xmlns="http://schemas.microsoft.com/win/2004/08/events/event">
    <System>
      <Provider Name="Microsoft-Windows-Security-Auditing"/>
      <EventID>4624</EventID>
      <Level>0</Level>
      <Task>0</Task>
      <Opcode>0</Opcode>
      <Keywords>0x8020000000000000</Keywords>
      <TimeCreated SystemTime="2026-07-02T00:46:30Z"/>
      <EventRecordID>166065</EventRecordID>
      <Channel>Security</Channel>
      <Computer>finance-pc-07.corp.local</Computer>
      <Security/>
    </System>
    <EventData>
    <Data Name="ArtifactEventId">artifact-winsec-20260706-015189</Data>
    <Data Name="TargetUserName">chen.yu</Data>
    <Data Name="TargetDomainName">CORP</Data>
    <Data Name="IpAddress">10.20.20.33</Data>
    <Data Name="LogonType">7</Data>
    <Data Name="Status">0x0</Data>
    </EventData>
  </Event>
  <Event xmlns="http://schemas.microsoft.com/win/2004/08/events/event">
    <System>
      <Provider Name="Microsoft-Windows-Security-Auditing"/>
      <EventID>4634</EventID>
      <Level>0</Level>
      <Task>0</Task>
      <Opcode>0</Opcode>
      <Keywords>0x8020000000000000</Keywords>
      <TimeCreated SystemTime="2026-07-02T00:46:48Z"/>
      <EventRecordID>361927</EventRecordID>
      <Channel>Security</Channel>
      <Computer>win-admin-01.corp.local</Computer>
      <Security/>
    </System>
    <EventData>
    <Data Name="ArtifactEventId">artifact-winsec-20260706-012393</Data>
    <Data Name="TargetUserName">wang.mei</Data>
    <Data Name="TargetDomainName">CORP</Data>
    <Data Name="IpAddress">10.20.20.87</Data>
    <Data Name="LogonType">10</Data>
    <Data Name="Status">0x0</Data>
    </EventData>
  </Event>
  <Event xmlns="http://schemas.microsoft.com/win/2004/08/events/event">
    <System>
      <Provider Name="Microsoft-Windows-Security-Auditing"/>
      <EventID>4672</EventID>
      <Level>0</Level>
      <Task>0</Task>
      <Opcode>0</Opcode>
      <Keywords>0x8020000000000000</Keywords>
      <TimeCreated SystemTime="2026-07-02T00:47:06Z"/>
      <EventRecordID>377191</EventRecordID>
      <Channel>Security</Channel>
      <Computer>ad-dc-01.corp.local</Computer>
      <Security/>
    </System>
    <EventData>
    <Data Name="ArtifactEventId">artifact-winsec-20260706-011281</Data>
    <Data Name="TargetUserName">svc_app</Data>
    <Data Name="TargetDomainName">CORP</Data>
    <Data Name="IpAddress">10.20.25.87</Data>
    <Data Name="LogonType">7</Data>
    <Data Name="Status">0x0</Data>
    </EventData>
  </Event>
  <Event xmlns="http://schemas.microsoft.com/win/2004/08/events/event">
    <System>
      <Provider Name="Microsoft-Windows-Security-Auditing"/>
      <EventID>4769</EventID>
      <Level>0</Level>
      <Task>0</Task>
      <Opcode>0</Opcode>
      <Keywords>0x8020000000000000</Keywords>
      <TimeCreated SystemTime="2026-07-02T00:47:07Z"/>
      <EventRecordID>821470</EventRecordID>
      <Channel>Security</Channel>
      <Computer>win-admin-01.corp.local</Computer>
      <Security/>
    </System>
    <EventData>
    <Data Name="ArtifactEventId">artifact-winsec-20260706-015894</Data>
    <Data Name="TargetUserName">wang.mei</Data>
    <Data Name="TargetDomainName">CORP</Data>
    <Data Name="IpAddress">10.20.20.33</Data>
    <Data Name="LogonType">2</Data>
    <Data Name="Status">0x0</Data>
    </EventData>
  </Event>
  