<Event xmlns="http://schemas.microsoft.com/win/2004/08/events/event">
    <System>
      <Provider Name="Microsoft-Windows-Sysmon"/>
      <EventID>22</EventID>
      <Level>0</Level>
      <Task>0</Task>
      <Opcode>0</Opcode>
      <Keywords>0x8020000000000000</Keywords>
      <TimeCreated SystemTime="2026-07-02T08:32:25Z"/>
      <EventRecordID>813849</EventRecordID>
      <Channel>Microsoft-Windows-Sysmon/Operational</Channel>
      <Computer>finance-pc-07.corp.local</Computer>
      <Security/>
    </System>
    <EventData>
    <Data Name="ArtifactEventId">artifact-sysmon-20260706-004377</Data>
    <Data Name="Image">C:\Windows\System32\robocopy.exe</Data>
    <Data Name="CommandLine">powershell.exe -NoP -Command Get-Process</Data>
    <Data Name="User">CORP\chen.yu</Data>
    <Data Name="DestinationIp">10.20.40.10</Data>
    </EventData>
  </Event>
  <Event xmlns="http://schemas.microsoft.com/win/2004/08/events/event">
    <System>
      <Provider Name="Microsoft-Windows-Sysmon"/>
      <EventID>1</EventID>
      <Level>0</Level>
      <Task>0</Task>
      <Opcode>0</Opcode>
      <Keywords>0x8020000000000000</Keywords>
      <TimeCreated SystemTime="2026-07-02T08:33:30Z"/>
      <EventRecordID>682594</EventRecordID>
      <Channel>Microsoft-Windows-Sysmon/Operational</Channel>
      <Computer>win-admin-01.corp.local</Computer>
      <Security/>
    </System>
    <EventData>
    <Data Name="ArtifactEventId">artifact-sysmon-20260706-004391</Data>
    <Data Name="Image">C:\Windows\System32\WindowsPowerShell\v1.0\powershell.exe</Data>
    <Data Name="CommandLine">powershell.exe -NoP -Command Get-Process</Data>
    <Data Name="User">CORP\chen.yu</Data>
    <Data Name="DestinationIp">10.20.40.10</Data>
    </EventData>
  </Event>
  <Event xmlns="http://schemas.microsoft.com/win/2004/08/events/event">
    <System>
      <Provider Name="Microsoft-Windows-Sysmon"/>
      <EventID>1</EventID>
      <Level>0</Level>
      <Task>0</Task>
      <Opcode>0</Opcode>
      <Keywords>0x8020000000000000</Keywords>
      <TimeCreated SystemTime="2026-07-02T08:36:34Z"/>
      <EventRecordID>350705</EventRecordID>
      <Channel>Microsoft-Windows-Sysmon/Operational</Channel>
      <Computer>win-admin-01.corp.local</Computer>
      <Security/>
    </System>
    <EventData>
    <Data Name="ArtifactEventId">artifact-sysmon-20260706-005481</Data>
    <Data Name="Image">C:\Windows\System32\svchost.exe</Data>
    <Data Name="CommandLine">7z.exe l archive.7z</Data>
    <Data Name="User">CORP\admin.li</Data>
    <Data Name="DestinationIp">10.20.40.10</Data>
    </EventData>
  </Event>
  <Event xmlns="http://schemas.microsoft.com/win/2004/08/events/event">
    <System>
      <Provider Name="Microsoft-Windows-Sysmon"/>
      <EventID>1</EventID>
      <Level>0</Level>
      <Task>0</Task>
      <Opcode>0</Opcode>
      <Keywords>0x8020000000000000</Keywords>
      <TimeCreated SystemTime="2026-07-02T08:36:53Z"/>
      <EventRecordID>633367</EventRecordID>
      <Channel>Microsoft-Windows-Sysmon/Operational</Channel>
      <Computer>file-srv-01.corp.local</Computer>
      <Security/>
    </System>
    <EventData>
    <Data Name="ArtifactEventId">artifact-sysmon-20260706-005647</Data>
    <Data Name="Image">C:\Windows\System32\svchost.exe</Data>
    <Data Name="CommandLine">robocopy.exe C:\Data D:\Backup</Data>
    <Data Name="User">NT AUTHORITY\SYSTEM</Data>
    <Data Name="DestinationIp">10.20.40.10</Data>
    </EventData>
  </Event>
  <Event xmlns="http://schemas.microsoft.com/win/2004/08/events/event">
    <System>
      <Provider Name="Microsoft-Windows-Sysmon"/>
      <EventID>1</EventID>
      <Level>0</Level>
      <Task>0</Task>
      <Opcode>0</Opcode>
      <Keywords>0x8020000000000000</Keywords>
      <TimeCreated SystemTime="2026-07-02T08:37:04Z"/>
      <EventRecordID>629265</EventRecordID>
      <Channel>Microsoft-Windows-Sysmon/Operational</Channel>
      <Computer>ad-dc-01.corp.local</Computer>
      <Security/>
    </System>
    <EventData>
    <Data Name="ArtifactEventId">artifact-sysmon-20260706-003553</Data>
    <Data Name="Image">C:\Windows\System32\cmd.exe</Data>
    <Data Name="CommandLine">powershell.exe -NoP -Command Get-Process</Data>
    <Data Name="User">CORP\admin.li</Data>
    <Data Name="DestinationIp">203.0.113.188</Data>
    </EventData>
  </Event>
  <Event xmlns="http://schemas.microsoft.com/win/2004/08/events/event">
    <System>
      <Provider Name="Microsoft-Windows-Sysmon"/>
      <EventID>3</EventID>
      <Level>0</Level>
      <Task>0</Task>
      <Opcode>0</Opcode>
      <Keywords>0x8020000000000000</Keywords>
      <TimeCreated SystemTime="2026-07-02T08:39:57Z"/>
      <EventRecordID>698786</EventRecordID>
      <Channel>Microsoft-Windows-Sysmon/Operational</Channel>
      <Computer>win-admin-01.corp.local</Computer>
      <Security/>
    </System>
    <EventData>
    <Data Name="ArtifactEventId">artifact-sysmon-20260706-005826</Data>
    <Data Name="Image">C:\Windows\System32\WindowsPowerShell\v1.0\powershell.exe</Data>
    <Data Name="CommandLine">cmd.exe /c whoami</Data>
    <Data Name="User">NT AUTHORITY\SYSTEM</Data>
    <Data Name="DestinationIp">203.0.113.188</Data>
    </EventData>
  </Event>
  <Event xmlns="http://schemas.microsoft.com/win/2004/08/events/event">
    <System>
      <Provider Name="Microsoft-Windows-Sysmon"/>
      <EventID>1</EventID>
      <Level>0</Level>
      <Task>0</Task>
      <Opcode>0</Opcode>
      <Keywords>0x8020000000000000</Keywords>
      <TimeCreated SystemTime="2026-07-02T08:40:45Z"/>
      <EventRecordID>932514</EventRecordID>
      <Channel>Microsoft-Windows-Sysmon/Operational</Channel>
      <Computer>file-srv-01.corp.local</Computer>
      <Security/>
    </System>
    <EventData>
    <Data Name="ArtifactEventId">artifact-sysmon-20260706-003468</Data>
    <Data Name="Image">C:\Windows\System32\WindowsPowerShell\v1.0\powershell.exe</Data>
    <Data Name="CommandLine">7z.exe l archive.7z</Data>
    <Data Name="User">NT AUTHORITY\SYSTEM</Data>
    <Data Name="DestinationIp">10.20.40.10</Data>
    </EventData>
  </Event>
  <Event xmlns="http://schemas.microsoft.com/win/2004/08/events/event">
    <System>
      <Provider Name="Microsoft-Windows-Sysmon"/>
      <EventID>1</EventID>
      <Level>0</Level>
      <Task>0</Task>
      <Opcode>0</Opcode>
      <Keywords>0x8020000000000000</Keywords>
      <TimeCreated SystemTime="2026-07-02T08:40:53Z"/>
      <EventRecordID>111124</EventRecordID>
      <Channel>Microsoft-Windows-Sysmon/Operational</Channel>
      <Computer>file-srv-01.corp.local</Computer>
      <Security/>
    </System>
    <EventData>
    <Data Name="ArtifactEventId">artifact-sysmon-20260706-005454</Data>
    <Data Name="Image">C:\Windows\System32\robocopy.exe</Data>
    <Data Name="CommandLine">7z.exe l archive.7z</Data>
    <Data Name="User">NT AUTHORITY\SYSTEM</Data>
    <Data Name="DestinationIp">10.20.30.41</Data>
    </EventData>
  </Event>
  <Event xmlns="http://schemas.microsoft.com/win/2004/08/events/event">
    <System>
      <Provider Name="Microsoft-Windows-Sysmon"/>
      <EventID>1</EventID>
      <Level>0</Level>
      <Task>0</Task>
      <Opcode>0</Opcode>
      <Keywords>0x8020000000000000</Keywords>
      <TimeCreated SystemTime="2026-07-02T08:41:11Z"/>
      <EventRecordID>911222</EventRecordID>
      <Channel>Microsoft-Windows-Sysmon/Operational</Channel>
      <Computer>ad-dc-01.corp.local</Computer>
      <Security/>
    </System>
    <EventData>
    <Data Name="ArtifactEventId">artifact-sysmon-20260706-001374</Data>
    <Data Name="Image">C:\Windows\System32\WindowsPowerShell\v1.0\powershell.exe</Data>
    <Data Name="CommandLine">powershell.exe -NoP -Command Get-Process</Data>
    <Data Name="User">CORP\chen.yu</Data>
    <Data Name="DestinationIp">203.0.113.188</Data>
    </EventData>
  </Event>
  <Event xmlns="http://schemas.microsoft.com/win/2004/08/events/event">
    <System>
      <Provider Name="Microsoft-Windows-Sysmon"/>
      <EventID>7</EventID>
      <Level>0</Level>
      <Task>0</Task>
      <Opcode>0</Opcode>
      <Keywords>0x8020000000000000</Keywords>
      <TimeCreated SystemTime="2026-07-02T08:41:52Z"/>
      <EventRecordID>452559</EventRecordID>
      <Channel>Microsoft-Windows-Sysmon/Operational</Channel>
      <Computer>finance-pc-07.corp.local</Computer>
      <Security/>
    </System>
    <EventData>
    <Data Name="ArtifactEventId">artifact-sysmon-20260706-003669</Data>
    <Data Name="Image">C:\Windows\System32\cmd.exe</Data>
    <Data Name="CommandLine">svchost.exe -k netsvcs</Data>
    <Data Name="User">CORP\admin.li</Data>
    <Data Name="DestinationIp">10.20.30.41</Data>
    </EventData>
  </Event>
  <Event xmlns="http://schemas.microsoft.com/win/2004/08/events/event">
    <System>
      <Provider Name="Microsoft-Windows-Sysmon"/>
      <EventID>7</EventID>
      <Level>0</Level>
      <Task>0</Task>
      <Opcode>0</Opcode>
      <Keywords>0x8020000000000000</Keywords>
      <TimeCreated SystemTime="2026-07-02T08:41:55Z"/>
      <EventRecordID>923596</EventRecordID>
      <Channel>Microsoft-Windows-Sysmon/Operational</Channel>
      <Computer>win-admin-01.corp.local</Computer>
      <Security/>
    </System>
    <EventData>
    <Data Name="ArtifactEventId">artifact-sysmon-20260706-006058</Data>
    <Data Name="Image">C:\Windows\System32\svchost.exe</Data>
    <Data Name="CommandLine">7z.exe l archive.7z</Data>
    <Data Name="User">CORP\admin.li</Data>
    <Data Name="DestinationIp">10.20.30.41</Data>
    </EventData>
  </Event>
  <Event xmlns="http://schemas.microsoft.com/win/2004/08/events/event">
    <System>
      <Provider Name="Microsoft-Windows-Sysmon"/>
      <EventID>1</EventID>
      <Level>0</Level>
      <Task>0</Task>
      <Opcode>0</Opcode>
      <Keywords>0x8020000000000000</Keywords>
      <TimeCreated SystemTime="2026-07-02T08:43:12Z"/>
      <EventRecordID>175478</EventRecordID>
      <Channel>Microsoft-Windows-Sysmon/Operational</Channel>
      <Computer>finance-pc-07.corp.local</Computer>
      <Security/>
    </System>
    <EventData>
    <Data Name="ArtifactEventId">artifact-sysmon-20260706-006858</Data>
    <Data Name="Image">C:\Windows\System32\svchost.exe</Data>
    <Data Name="CommandLine">robocopy.exe C:\Data D:\Backup</Data>
    <Data Name="User">NT AUTHORITY\SYSTEM</Data>
    <Data Name="DestinationIp">10.20.30.41</Data>
    </EventData>
  </Event>
  <Event xmlns="http://schemas.microsoft.com/win/2004/08/events/event">
    <System>
      <Provider Name="Microsoft-Windows-Sysmon"/>
      <EventID>3</EventID>
      <Level>0</Level>
      <Task>0</Task>
      <Opcode>0</Opcode>
      <Keywords>0x8020000000000000</Keywords>
      <TimeCreated SystemTime="2026-07-02T08:43:55Z"/>
      <EventRecordID>366220</EventRecordID>
      <Channel>Microsoft-Windows-Sysmon/Operational</Channel>
      <Computer>finance-pc-07.corp.local</Computer>
      <Security/>
    </System>
    <EventData>
    <Data Name="ArtifactEventId">artifact-sysmon-20260706-002463</Data>
    <Data Name="Image">C:\Windows\System32\svchost.exe</Data>
    <Data Name="CommandLine">robocopy.exe C:\Data D:\Backup</Data>
    <Data Name="User">NT AUTHORITY\SYSTEM</Data>
    <Data Name="DestinationIp">10.20.30.41</Data>
    </EventData>
  </Event>
  <Event xmlns="http://schemas.microsoft.com/win/2004/08/events/event">
    <System>
      <Provider Name="Microsoft-Windows-Sysmon"/>
      <EventID>1</EventID>
      <Level>0</Level>
      <Task>0</Task>
      <Opcode>0</Opcode>
      <Keywords>0x8020000000000000</Keywords>
      <TimeCreated SystemTime="2026-07-02T08:44:35Z"/>
      <EventRecordID>477696</EventRecordID>
      <Channel>Microsoft-Windows-Sysmon/Operational</Channel>
      <Computer>file-srv-01.corp.local</Computer>
      <Security/>
    </System>
    <EventData>
    <Data Name="ArtifactEventId">artifact-sysmon-20260706-004747</Data>
    <Data Name="Image">C:\Program Files\7-Zip\7z.exe</Data>
    <Data Name="CommandLine">powershell.exe -NoP -Command Get-Process</Data>
    <Data Name="User">NT AUTHORITY\SYSTEM</Data>
    <Data Name="DestinationIp">203.0.113.188</Data>
    </EventData>
  </Event>
  <Event xmlns="http://schemas.microsoft.com/win/2004/08/events/event">
    <System>
      <Provider Name="Microsoft-Windows-Sysmon"/>
      <EventID>7</EventID>
      <Level>0</Level>
      <Task>0</Task>
      <Opcode>0</Opcode>
      <Keywords>0x8020000000000000</Keywords>
      <TimeCreated SystemTime="2026-07-02T08:45:44Z"/>
      <EventRecordID>386279</EventRecordID>
      <Channel>Microsoft-Windows-Sysmon/Operational</Channel>
      <Computer>ad-dc-01.corp.local</Computer>
      <Security/>
    </System>
    <EventData>
    <Data Name="ArtifactEventId">artifact-sysmon-20260706-003626</Data>
    <Data Name="Image">C:\Windows\System32\robocopy.exe</Data>
    <Data Name="CommandLine">svchost.exe -k netsvcs</Data>
    <Data Name="User">CORP\chen.yu</Data>
    <Data Name="DestinationIp">10.20.30.41</Data>
    </EventData>
  </Event>
  <Event xmlns="http://schemas.microsoft.com/win/2004/08/events/event">
    <System>
      <Provider Name="Microsoft-Windows-Sysmon"/>
      <EventID>1</EventID>
      <Level>0</Level>
      <Task>0</Task>
      <Opcode>0</Opcode>
      <Keywords>0x8020000000000000</Keywords>
      <TimeCreated SystemTime="2026-07-02T08:45:58Z"/>
      <EventRecordID>465123</EventRecordID>
      <Channel>Microsoft-Windows-Sysmon/Operational</Channel>
      <Computer>ad-dc-01.corp.local</Computer>
      <Security/>
    </System>
    <EventData>
    <Data Name="ArtifactEventId">artifact-sysmon-20260706-003950</Data>
    <Data Name="Image">C:\Windows\System32\WindowsPowerShell\v1.0\powershell.exe</Data>
    <Data Name="CommandLine">powershell.exe -NoP -Command Get-Process</Data>
    <Data Name="User">CORP\admin.li</Data>
    <Data Name="DestinationIp">203.0.113.188</Data>
    </EventData>
  </Event>
  <Event xmlns="http://schemas.microsoft.com/win/2004/08/events/event">
    <System>
      <Provider Name="Microsoft-Windows-Sysmon"/>
      <EventID>1</EventID>
      <Level>0</Level>
      <Task>0</Task>
      <Opcode>0</Opcode>
      <Keywords>0x8020000000000000</Keywords>
      <TimeCreated SystemTime="2026-07-02T08:47:05Z"/>
      <EventRecordID>275204</EventRecordID>
      <Channel>Microsoft-Windows-Sysmon/Operational</Channel>
      <Computer>file-srv-01.corp.local</Computer>
      <Security/>
    </System>
    <EventData>
    <Data Name="ArtifactEventId">artifact-sysmon-20260706-003932</Data>
    <Data Name="Image">C:\Windows\System32\cmd.exe</Data>
    <Data Name="CommandLine">7z.exe l archive.7z</Data>
    <Data Name="User">NT AUTHORITY\SYSTEM</Data>
    <Data Name="DestinationIp">203.0.113.188</Data>
    </EventData>
  </Event>
  <Event xmlns="http://schemas.microsoft.com/win/2004/08/events/event">
    <System>
      <Provider Name="Microsoft-Windows-Sysmon"/>
      <EventID>1</EventID>
      <Level>0</Level>
      <Task>0</Task>
      <Opcode>0</Opcode>
      <Keywords>0x8020000000000000</Keywords>
      <TimeCreated SystemTime="2026-07-02T08:49:37Z"/>
      <EventRecordID>121768</EventRecordID>
      <Channel>Microsoft-Windows-Sysmon/Operational</Channel>
      <Computer>ad-dc-01.corp.local</Computer>
      <Security/>
    </System>
    <EventData>
    <Data Name="ArtifactEventId">artifact-sysmon-20260706-006315</Data>
    <Data Name="Image">C:\Windows\System32\robocopy.exe</Data>
    <Data Name="CommandLine">robocopy.exe C:\Data D:\Backup</Data>
    <Data Name="User">CORP\chen.yu</Data>
    <Data Name="DestinationIp">10.20.30.41</Data>
    </EventData>
  </Event>
  <Event xmlns="http://schemas.microsoft.com/win/2004/08/events/event">
    <System>
      <Provider Name="Microsoft-Windows-Sysmon"/>
      <EventID>11</EventID>
      <Level>0</Level>
      <Task>0</Task>
      <Opcode>0</Opcode>
      <Keywords>0x8020000000000000</Keywords>
      <TimeCreated SystemTime="2026-07-02T08:52:02Z"/>
      <EventRecordID>201873</EventRecordID>
      <Channel>Microsoft-Windows-Sysmon/Operational</Channel>
      <Computer>ad-dc-01.corp.local</Computer>
      <Security/>
    </System>
    <EventData>
    <Data Name="ArtifactEventId">artifact-sysmon-20260706-001668</Data>
    <Data Name="Image">C:\Windows\System32\cmd.exe</Data>
    <Data Name="CommandLine">cmd.exe /c whoami</Data>
    <Data Name="User">CORP\admin.li</Data>
    <Data Name="DestinationIp">10.20.30.41</Data>
    </EventData>
  </Event>
  <Event xmlns="http://schemas.microsoft.com/win/2004/08/events/event">
    <System>
      <Provider Name="Microsoft-Windows-Sysmon"/>
      <EventID>1</EventID>
      <Level>0</Level>
      <Task>0</Task>
      <Opcode>0</Opcode>
      <Keywords>0x8020000000000000</Keywords>
      <TimeCreated SystemTime="2026-07-02T08:52:52Z"/>
      <EventRecordID>980004</EventRecordID>
      <Channel>Microsoft-Windows-Sysmon/Operational</Channel>
      <Computer>finance-pc-07.corp.local</Computer>
      <Security/>
    </System>
    <EventData>
    <Data Name="ArtifactEventId">artifact-sysmon-20260706-008902</Data>
    <Data Name="Image">C:\Program Files\7-Zip\7z.exe</Data>
    <Data Name="CommandLine">svchost.exe -k netsvcs</Data>
    <Data Name="User">CORP\chen.yu</Data>
    <Data Name="DestinationIp">10.20.40.10</Data>
    </EventData>
  </Event>
  <Event xmlns="http://schemas.microsoft.com/win/2004/08/events/event">
    <System>
      <Provider Name="Microsoft-Windows-Sysmon"/>
      <EventID>22</EventID>
      <Level>0</Level>
      <Task>0</Task>
      <Opcode>0</Opcode>
      <Keywords>0x8020000000000000</Keywords>
      <TimeCreated SystemTime="2026-07-02T08:52:57Z"/>
      <EventRecordID>113166</EventRecordID>
      <Channel>Microsoft-Windows-Sysmon/Operational</Channel>
      <Computer>win-admin-01.corp.local</Computer>
      <Security/>
    </System>
    <EventData>
    <Data Name="ArtifactEventId">artifact-sysmon-20260706-001474</Data>
    <Data Name="Image">C:\Windows\System32\WindowsPowerShell\v1.0\powershell.exe</Data>
    <Data Name="CommandLine">robocopy.exe C:\Data D:\Backup</Data>
    <Data Name="User">CORP\svc_backup</Data>
    <Data Name="DestinationIp">10.20.40.10</Data>
    </EventData>
  </Event>
  <Event xmlns="http://schemas.microsoft.com/win/2004/08/events/event">
    <System>
      <Provider Name="Microsoft-Windows-Sysmon"/>
      <EventID>7</EventID>
      <Level>0</Level>
      <Task>0</Task>
      <Opcode>0</Opcode>
      <Keywords>0x8020000000000000</Keywords>
      <TimeCreated SystemTime="2026-07-02T08:53:42Z"/>
      <EventRecordID>603171</EventRecordID>
      <Channel>Microsoft-Windows-Sysmon/Operational</Channel>
      <Computer>win-admin-01.corp.local</Computer>
      <Security/>
    </System>
    <EventData>
    <Data Name="ArtifactEventId">artifact-sysmon-20260706-005304</Data>
    <Data Name="Image">C:\Windows\System32\svchost.exe</Data>
    <Data Name="CommandLine">7z.exe l archive.7z</Data>
    <Data Name="User">CORP\svc_backup</Data>
    <Data Name="DestinationIp">10.20.30.41</Data>
    </EventData>
  </Event>
  <Event xmlns="http://schemas.microsoft.com/win/2004/08/events/event">
    <System>
      <Provider Name="Microsoft-Windows-Sysmon"/>
      <EventID>11</EventID>
      <Level>0</Level>
      <Task>0</Task>
      <Opcode>0</Opcode>
      <Keywords>0x8020000000000000</Keywords>
      <TimeCreated SystemTime="2026-07-02T08:54:24Z"/>
      <EventRecordID>908750</EventRecordID>
      <Channel>Microsoft-Windows-Sysmon/Operational</Channel>
      <Computer>file-srv-01.corp.local</Computer>
      <Security/>
    </System>
    <EventData>
    <Data Name="ArtifactEventId">artifact-sysmon-20260706-003219</Data>
    <Data Name="Image">C:\Windows\System32\robocopy.exe</Data>
    <Data Name="CommandLine">cmd.exe /c whoami</Data>
    <Data Name="User">CORP\svc_backup</Data>
    <Data Name="DestinationIp">10.20.40.10</Data>
    </EventData>
  </Event>
  <Event xmlns="http://schemas.microsoft.com/win/2004/08/events/event">
    <System>
      <Provider Name="Microsoft-Windows-Sysmon"/>
      <EventID>1</EventID>
      <Level>0</Level>
      <Task>0</Task>
      <Opcode>0</Opcode>
      <Keywords>0x8020000000000000</Keywords>
      <TimeCreated SystemTime="2026-07-02T08:54:48Z"/>
      <EventRecordID>858498</EventRecordID>
      <Channel>Microsoft-Windows-Sysmon/Operational</Channel>
      <Computer>file-srv-01.corp.local</Computer>
      <Security/>
    </System>
    <EventData>
    <Data Name="ArtifactEventId">artifact-sysmon-20260706-001168</Data>
    <Data Name="Image">C:\Windows\System32\svchost.exe</Data>
    <Data Name="CommandLine">cmd.exe /c whoami</Data>
    <Data Name="User">NT AUTHORITY\SYSTEM</Data>
    <Data Name="DestinationIp">203.0.113.188</Data>
    </EventData>
  </Event>
  <Event xmlns="http://schemas.microsoft.com/win/2004/08/events/event">
    <System>
      <Provider Name="Microsoft-Windows-Sysmon"/>
      <EventID>3</EventID>
      <Level>0</Level>
      <Task>0</Task>
      <Opcode>0</Opcode>
      <Keywords>0x8020000000000000</Keywords>
      <TimeCreated SystemTime="2026-07-02T08:56:47Z"/>
      <EventRecordID>665241</EventRecordID>
      <Channel>Microsoft-Windows-Sysmon/Operational</Channel>
      <Computer>file-srv-01.corp.local</Computer>
      <Security/>
    </System>
    <EventData>
    <Data Name="ArtifactEventId">artifact-sysmon-20260706-000164</Data>
    <Data Name="Image">C:\Windows\System32\svchost.exe</Data>
    <Data Name="CommandLine">svchost.exe -k netsvcs</Data>
    <Data Name="User">CORP\admin.li</Data>
    <Data Name="DestinationIp">10.20.40.10</Data>
    </EventData>
  </Event>
  <Event xmlns="http://schemas.microsoft.com/win/2004/08/events/event">
    <System>
      <Provider Name="Microsoft-Windows-Sysmon"/>
      <EventID>22</EventID>
      <Level>0</Level>
      <Task>0</Task>
      <Opcode>0</Opcode>
      <Keywords>0x8020000000000000</Keywords>
      <TimeCreated SystemTime="2026-07-02T08:59:19Z"/>
      <EventRecordID>662791</EventRecordID>
      <Channel>Microsoft-Windows-Sysmon/Operational</Channel>
      <Computer>ad-dc-01.corp.local</Computer>
      <Security/>
    </System>
    <EventData>
    <Data Name="ArtifactEventId">artifact-sysmon-20260706-006002</Data>
    <Data Name="Image">C:\Windows\System32\cmd.exe</Data>
    <Data Name="CommandLine">cmd.exe /c whoami</Data>
    <Data Name="User">CORP\admin.li</Data>
    <Data Name="DestinationIp">10.20.40.10</Data>
    </EventData>
  </Event>
  <Event xmlns="http://schemas.microsoft.com/win/2004/08/events/event">
    <System>
      <Provider Name="Microsoft-Windows-Sysmon"/>
      <EventID>7</EventID>
      <Level>0</Level>
      <Task>0</Task>
      <Opcode>0</Opcode>
      <Keywords>0x8020000000000000</Keywords>
      <TimeCreated SystemTime="2026-07-02T09:01:03Z"/>
      <EventRecordID>241984</EventRecordID>
      <Channel>Microsoft-Windows-Sysmon/Operational</Channel>
      <Computer>finance-pc-07.corp.local</Computer>
      <Security/>
    </System>
    <EventData>
    <Data Name="ArtifactEventId">artifact-sysmon-20260706-006957</Data>
    <Data Name="Image">C:\Windows\System32\robocopy.exe</Data>
    <Data Name="CommandLine">powershell.exe -NoP -Command Get-Process</Data>
    <Data Name="User">CORP\chen.yu</Data>
    <Data Name="DestinationIp">203.0.113.188</Data>
    </EventData>
  </Event>
  <Event xmlns="http://schemas.microsoft.com/win/2004/08/events/event">
    <System>
      <Provider Name="Microsoft-Windows-Sysmon"/>
      <EventID>22</EventID>
      <Level>0</Level>
      <Task>0</Task>
      <Opcode>0</Opcode>
      <Keywords>0x8020000000000000</Keywords>
      <TimeCreated SystemTime="2026-07-02T09:01:06Z"/>
      <EventRecordID>419889</EventRecordID>
      <Channel>Microsoft-Windows-Sysmon/Operational</Channel>
      <Computer>file-srv-01.corp.local</Computer>
      <Security/>
    </System>
    <EventData>
    <Data Name="ArtifactEventId">artifact-sysmon-20260706-001652</Data>
    <Data Name="Image">C:\Program Files\7-Zip\7z.exe</Data>
    <Data Name="CommandLine">robocopy.exe C:\Data D:\Backup</Data>
    <Data Name="User">CORP\svc_backup</Data>
    <Data Name="DestinationIp">10.20.30.41</Data>
    </EventData>
  </Event>
  <Event xmlns="http://schemas.microsoft.com/win/2004/08/events/event">
    <System>
      <Provider Name="Microsoft-Windows-Sysmon"/>
      <EventID>22</EventID>
      <Level>0</Level>
      <Task>0</Task>
      <Opcode>0</Opcode>
      <Keywords>0x8020000000000000</Keywords>
      <TimeCreated SystemTime="2026-07-02T09:02:20Z"/>
      <EventRecordID>551678</EventRecordID>
      <Channel>Microsoft-Windows-Sysmon/Operational</Channel>
      <Computer>file-srv-01.corp.local</Computer>
      <Security/>
    </System>
    <EventData>
    <Data Name="ArtifactEventId">artifact-sysmon-20260706-008637</Data>
    <Data Name="Image">C:\Windows\System32\WindowsPowerShell\v1.0\powershell.exe</Data>
    <Data Name="CommandLine">7z.exe l archive.7z</Data>
    <Data Name="User">CORP\svc_backup</Data>
    <Data Name="DestinationIp">10.20.30.41</Data>
    </EventData>
  </Event>
  <Event xmlns="http://schemas.microsoft.com/win/2004/08/events/event">
    <System>
      <Provider Name="Microsoft-Windows-Sysmon"/>
      <EventID>7</EventID>
      <Level>0</Level>
      <Task>0</Task>
      <Opcode>0</Opcode>
      <Keywords>0x8020000000000000</Keywords>
      <TimeCreated SystemTime="2026-07-02T09:03:06Z"/>
      <EventRecordID>606985</EventRecordID>
      <Channel>Microsoft-Windows-Sysmon/Operational</Channel>
      <Computer>finance-pc-07.corp.local</Computer>
      <Security/>
    </System>
    <EventData>
    <Data Name="ArtifactEventId">artifact-sysmon-20260706-002419</Data>
    <Data Name="Image">C:\Windows\System32\WindowsPowerShell\v1.0\powershell.exe</Data>
    <Data Name="CommandLine">svchost.exe -k netsvcs</Data>
    <Data Name="User">CORP\svc_backup</Data>
    <Data Name="DestinationIp">10.20.40.10</Data>
    </EventData>
  </Event>
  <Event xmlns="http://schemas.microsoft.com/win/2004/08/events/event">
    <System>
      <Provider Name="Microsoft-Windows-Sysmon"/>
      <EventID>11</EventID>
      <Level>0</Level>
      <Task>0</Task>
      <Opcode>0</Opcode>
      <Keywords>0x8020000000000000</Keywords>
      <TimeCreated SystemTime="2026-07-02T09:07:14Z"/>
      <EventRecordID>801600</EventRecordID>
      <Channel>Microsoft-Windows-Sysmon/Operational</Channel>
      <Computer>finance-pc-07.corp.local</Computer>
      <Security/>
    </System>
    <EventData>
    <Data Name="ArtifactEventId">artifact-sysmon-20260706-004969</Data>
    <Data Name="Image">C:\Program Files\7-Zip\7z.exe</Data>
    <Data Name="CommandLine">cmd.exe /c whoami</Data>
    <Data Name="User">CORP\svc_backup</Data>
    <Data Name="DestinationIp">203.0.113.188</Data>
    </EventData>
  </Event>
  <Event xmlns="http://schemas.microsoft.com/win/2004/08/events/event">
    <System>
      <Provider Name="Microsoft-Windows-Sysmon"/>
      <EventID>3</EventID>
      <Level>0</Level>
      <Task>0</Task>
      <Opcode>0</Opcode>
      <Keywords>0x8020000000000000</Keywords>
      <TimeCreated SystemTime="2026-07-02T09:09:22Z"/>
      <EventRecordID>968669</EventRecordID>
      <Channel>Microsoft-Windows-Sysmon/Operational</Channel>
      <Computer>ad-dc-01.corp.local</Computer>
      <Security/>
    </System>
    <EventData>
    <Data Name="ArtifactEventId">artifact-sysmon-20260706-000017</Data>
    <Data Name="Image">C:\Program Files\7-Zip\7z.exe</Data>
    <Data Name="CommandLine">7z.exe l archive.7z</Data>
    <Data Name="User">NT AUTHORITY\SYSTEM</Data>
    <Data Name="DestinationIp">10.20.30.41</Data>
    </EventData>
  </Event>
  <Event xmlns="http://schemas.microsoft.com/win/2004/08/events/event">
    <System>
      <Provider Name="Microsoft-Windows-Sysmon"/>
      <EventID>1</EventID>
      <Level>0</Level>
      <Task>0</Task>
      <Opcode>0</Opcode>
      <Keywords>0x8020000000000000</Keywords>
      <TimeCreated SystemTime="2026-07-02T09:09:25Z"/>
      <EventRecordID>606542</EventRecordID>
      <Channel>Microsoft-Windows-Sysmon/Operational</Channel>
      <Computer>file-srv-01.corp.local</Computer>
      <Security/>
    </System>
    <EventData>
    <Data Name="ArtifactEventId">artifact-sysmon-20260706-002740</Data>
    <Data Name="Image">C:\Windows\System32\WindowsPowerShell\v1.0\powershell.exe</Data>
    <Data Name="CommandLine">cmd.exe /c whoami</Data>
    <Data Name="User">CORP\chen.yu</Data>
    <Data Name="DestinationIp">10.20.40.10</Data>
    </EventData>
  </Event>
  <Event xmlns="http://schemas.microsoft.com/win/2004/08/events/event">
    <System>
      <Provider Name="Microsoft-Windows-Sysmon"/>
      <EventID>7</EventID>
      <Level>0</Level>
      <Task>0</Task>
      <Opcode>0</Opcode>
      <Keywords>0x8020000000000000</Keywords>
      <TimeCreated SystemTime="2026-07-02T09:10:24Z"/>
      <EventRecordID>678784</EventRecordID>
      <Channel>Microsoft-Windows-Sysmon/Operational</Channel>
      <Computer>finance-pc-07.corp.local</Computer>
      <Security/>
    </System>
    <EventData>
    <Data Name="ArtifactEventId">artifact-sysmon-20260706-005978</Data>
    <Data Name="Image">C:\Windows\System32\cmd.exe</Data>
    <Data Name="CommandLine">robocopy.exe C:\Data D:\Backup</Data>
    <Data Name="User">CORP\svc_backup</Data>
    <Data Name="DestinationIp">10.20.30.41</Data>
    </EventData>
  </Event>
  <Event xmlns="http://schemas.microsoft.com/win/2004/08/events/event">
    <System>
      <Provider Name="Microsoft-Windows-Sysmon"/>
      <EventID>1</EventID>
      <Level>0</Level>
      <Task>0</Task>
      <Opcode>0</Opcode>
      <Keywords>0x8020000000000000</Keywords>
      <TimeCreated SystemTime="2026-07-02T09:10:28Z"/>
      <EventRecordID>730124</EventRecordID>
      <Channel>Microsoft-Windows-Sysmon/Operational</Channel>
      <Computer>file-srv-01.corp.local</Computer>
      <Security/>
    </System>
    <EventData>
    <Data Name="ArtifactEventId">artifact-sysmon-20260706-003151</Data>
    <Data Name="Image">C:\Windows\System32\WindowsPowerShell\v1.0\powershell.exe</Data>
    <Data Name="CommandLine">cmd.exe /c whoami</Data>
    <Data Name="User">CORP\chen.yu</Data>
    <Data Name="DestinationIp">203.0.113.188</Data>
    </EventData>
  </Event>
  <Event xmlns="http://schemas.microsoft.com/win/2004/08/events/event">
    <System>
      <Provider Name="Microsoft-Windows-Sysmon"/>
      <EventID>1</EventID>
      <Level>0</Level>
      <Task>0</Task>
      <Opcode>0</Opcode>
      <Keywords>0x8020000000000000</Keywords>
      <TimeCreated SystemTime="2026-07-02T09:11:01Z"/>
      <EventRecordID>320735</EventRecordID>
      <Channel>Microsoft-Windows-Sysmon/Operational</Channel>
      <Computer>file-srv-01.corp.local</Computer>
      <Security/>
    </System>
    <EventData>
    <Data Name="ArtifactEventId">artifact-sysmon-20260706-005888</Data>
    <Data Name="Image">C:\Windows\System32\robocopy.exe</Data>
    <Data Name="CommandLine">powershell.exe -NoP -Command Get-Process</Data>
    <Data Name="User">CORP\admin.li</Data>
    <Data Name="DestinationIp">10.20.30.41</Data>
    </EventData>
  </Event>
  <Event xmlns="http://schemas.microsoft.com/win/2004/08/events/event">
    <System>
      <Provider Name="Microsoft-Windows-Sysmon"/>
      <EventID>1</EventID>
      <Level>0</Level>
      <Task>0</Task>
      <Opcode>0</Opcode>
      <Keywords>0x8020000000000000</Keywords>
      <TimeCreated SystemTime="2026-07-02T09:11:08Z"/>
      <EventRecordID>446633</EventRecordID>
      <Channel>Microsoft-Windows-Sysmon/Operational</Channel>
      <Computer>win-admin-01.corp.local</Computer>
      <Security/>
    </System>
    <EventData>
    <Data Name="ArtifactEventId">artifact-sysmon-20260706-002148</Data>
    <Data Name="Image">C:\Windows\System32\robocopy.exe</Data>
    <Data Name="CommandLine">powershell.exe -NoP -Command Get-Process</Data>
    <Data Name="User">NT AUTHORITY\SYSTEM</Data>
    <Data Name="DestinationIp">10.20.40.10</Data>
    </EventData>
  </Event>
  <Event xmlns="http://schemas.microsoft.com/win/2004/08/events/event">
    <System>
      <Provider Name="Microsoft-Windows-Sysmon"/>
      <EventID>7</EventID>
      <Level>0</Level>
      <Task>0</Task>
      <Opcode>0</Opcode>
      <Keywords>0x8020000000000000</Keywords>
      <TimeCreated SystemTime="2026-07-02T09:11:20Z"/>
      <EventRecordID>975639</EventRecordID>
      <Channel>Microsoft-Windows-Sysmon/Operational</Channel>
      <Computer>win-admin-01.corp.local</Computer>
      <Security/>
    </System>
    <EventData>
    <Data Name="ArtifactEventId">artifact-sysmon-20260706-004111</Data>
    <Data Name="Image">C:\Windows\System32\svchost.exe</Data>
    <Data Name="CommandLine">powershell.exe -NoP -Command Get-Process</Data>
    <Data Name="User">CORP\svc_backup</Data>
    <Data Name="DestinationIp">10.20.30.41</Data>
    </EventData>
  </Event>
  <Event xmlns="http://schemas.microsoft.com/win/2004/08/events/event">
    <System>
      <Provider Name="Microsoft-Windows-Sysmon"/>
      <EventID>1</EventID>
      <Level>0</Level>
      <Task>0</Task>
      <Opcode>0</Opcode>
      <Keywords>0x8020000000000000</Keywords>
      <TimeCreated SystemTime="2026-07-02T09:12:16Z"/>
      <EventRecordID>100647</EventRecordID>
      <Channel>Microsoft-Windows-Sysmon/Operational</Channel>
      <Computer>finance-pc-07.corp.local</Computer>
      <Security/>
    </System>
    <EventData>
    <Data Name="ArtifactEventId">artifact-sysmon-20260706-003235</Data>
    <Data Name="Image">C:\Windows\System32\svchost.exe</Data>
    <Data Name="CommandLine">robocopy.exe C:\Data D:\Backup</Data>
    <Data Name="User">NT AUTHORITY\SYSTEM</Data>
    <Data Name="DestinationIp">203.0.113.188</Data>
    </EventData>
  </Event>
  <Event xmlns="http://schemas.microsoft.com/win/2004/08/events/event">
    <System>
      <Provider Name="Microsoft-Windows-Sysmon"/>
      <EventID>7</EventID>
      <Level>0</Level>
      <Task>0</Task>
      <Opcode>0</Opcode>
      <Keywords>0x8020000000000000</Keywords>
      <TimeCreated SystemTime="2026-07-02T09:12:38Z"/>
      <EventRecordID>578879</EventRecordID>
      <Channel>Microsoft-Windows-Sysmon/Operational</Channel>
      <Computer>finance-pc-07.corp.local</Computer>
      <Security/>
    </System>
    <EventData>
    <Data Name="ArtifactEventId">artifact-sysmon-20260706-005294</Data>
    <Data Name="Image">C:\Windows\System32\svchost.exe</Data>
    <Data Name="CommandLine">svchost.exe -k netsvcs</Data>
    <Data Name="User">CORP\admin.li</Data>
    <Data Name="DestinationIp">203.0.113.188</Data>
    </EventData>
  </Event>
  <Event xmlns="http://schemas.microsoft.com/win/2004/08/events/event">
    <System>
      <Provider Name="Microsoft-Windows-Sysmon"/>
      <EventID>3</EventID>
      <Level>0</Level>
      <Task>0</Task>
      <Opcode>0</Opcode>
      <Keywords>0x8020000000000000</Keywords>
      <TimeCreated SystemTime="2026-07-02T09:13:10Z"/>
      <EventRecordID>425320</EventRecordID>
      <Channel>Microsoft-Windows-Sysmon/Operational</Channel>
      <Computer>win-admin-01.corp.local</Computer>
      <Security/>
    </System>
    <EventData>
    <Data Name="ArtifactEventId">artifact-sysmon-20260706-002682</Data>
    <Data Name="Image">C:\Windows\System32\WindowsPowerShell\v1.0\powershell.exe</Data>
    <Data Name="CommandLine">robocopy.exe C:\Data D:\Backup</Data>
    <Data Name="User">CORP\chen.yu</Data>
    <Data Name="DestinationIp">10.20.30.41</Data>
    </EventData>
  </Event>
  <Event xmlns="http://schemas.microsoft.com/win/2004/08/events/event">
    <System>
      <Provider Name="Microsoft-Windows-Sysmon"/>
      <EventID>7</EventID>
      <Level>0</Level>
      <Task>0</Task>
      <Opcode>0</Opcode>
      <Keywords>0x8020000000000000</Keywords>
      <TimeCreated SystemTime="2026-07-02T09:13:11Z"/>
      <EventRecordID>921259</EventRecordID>
      <Channel>Microsoft-Windows-Sysmon/Operational</Channel>
      <Computer>finance-pc-07.corp.local</Computer>
      <Security/>
    </System>
    <EventData>
    <Data Name="ArtifactEventId">artifact-sysmon-20260706-000880</Data>
    <Data Name="Image">C:\Windows\System32\robocopy.exe</Data>
    <Data Name="CommandLine">robocopy.exe C:\Data D:\Backup</Data>
    <Data Name="User">NT AUTHORITY\SYSTEM</Data>
    <Data Name="DestinationIp">10.20.30.41</Data>
    </EventData>
  </Event>
  <Event xmlns="http://schemas.microsoft.com/win/2004/08/events/event">
    <System>
      <Provider Name="Microsoft-Windows-Sysmon"/>
      <EventID>1</EventID>
      <Level>0</Level>
      <Task>0</Task>
      <Opcode>0</Opcode>
      <Keywords>0x8020000000000000</Keywords>
      <TimeCreated SystemTime="2026-07-02T09:13:37Z"/>
      <EventRecordID>936324</EventRecordID>
      <Channel>Microsoft-Windows-Sysmon/Operational</Channel>
      <Computer>win-admin-01.corp.local</Computer>
      <Security/>
    </System>
    <EventData>
    <Data Name="ArtifactEventId">artifact-sysmon-20260706-005926</Data>
    <Data Name="Image">C:\Program Files\7-Zip\7z.exe</Data>
    <Data Name="CommandLine">cmd.exe /c whoami</Data>
    <Data Name="User">NT AUTHORITY\SYSTEM</Data>
    <Data Name="DestinationIp">10.20.40.10</Data>
    </EventData>
  </Event>
  <Event xmlns="http://schemas.microsoft.com/win/2004/08/events/event">
    <System>
      <Provider Name="Microsoft-Windows-Sysmon"/>
      <EventID>22</EventID>
      <Level>0</Level>
      <Task>0</Task>
      <Opcode>0</Opcode>
      <Keywords>0x8020000000000000</Keywords>
      <TimeCreated SystemTime="2026-07-02T09:14:21Z"/>
      <EventRecordID>589898</EventRecordID>
      <Channel>Microsoft-Windows-Sysmon/Operational</Channel>
      <Computer>file-srv-01.corp.local</Computer>
      <Security/>
    </System>
    <EventData>
    <Data Name="ArtifactEventId">artifact-sysmon-20260706-007902</Data>
    <Data Name="Image">C:\Program Files\7-Zip\7z.exe</Data>
    <Data Name="CommandLine">robocopy.exe C:\Data D:\Backup</Data>
    <Data Name="User">CORP\svc_backup</Data>
    <Data Name="DestinationIp">10.20.40.10</Data>
    </EventData>
  </Event>
  <Event xmlns="http://schemas.microsoft.com/win/2004/08/events/event">
    <System>
      <Provider Name="Microsoft-Windows-Sysmon"/>
      <EventID>11</EventID>
      <Level>0</Level>
      <Task>0</Task>
      <Opcode>0</Opcode>
      <Keywords>0x8020000000000000</Keywords>
      <TimeCreated SystemTime="2026-07-02T09:15:04Z"/>
      <EventRecordID>257347</EventRecordID>
      <Channel>Microsoft-Windows-Sysmon/Operational</Channel>
      <Computer>win-admin-01.corp.local</Computer>
      <Security/>
    </System>
    <EventData>
    <Data Name="ArtifactEventId">artifact-sysmon-20260706-003169</Data>
    <Data Name="Image">C:\Windows\System32\cmd.exe</Data>
    <Data Name="CommandLine">robocopy.exe C:\Data D:\Backup</Data>
    <Data Name="User">CORP\chen.yu</Data>
    <Data Name="DestinationIp">10.20.30.41</Data>
    </EventData>
  </Event>
  <Event xmlns="http://schemas.microsoft.com/win/2004/08/events/event">
    <System>
      <Provider Name="Microsoft-Windows-Sysmon"/>
      <EventID>22</EventID>
      <Level>0</Level>
      <Task>0</Task>
      <Opcode>0</Opcode>
      <Keywords>0x8020000000000000</Keywords>
      <TimeCreated SystemTime="2026-07-02T09:15:40Z"/>
      <EventRecordID>930352</EventRecordID>
      <Channel>Microsoft-Windows-Sysmon/Operational</Channel>
      <Computer>file-srv-01.corp.local</Computer>
      <Security/>
    </System>
    <EventData>
    <Data Name="ArtifactEventId">artifact-sysmon-20260706-001299</Data>
    <Data Name="Image">C:\Windows\System32\cmd.exe</Data>
    <Data Name="CommandLine">cmd.exe /c whoami</Data>
    <Data Name="User">CORP\chen.yu</Data>
    <Data Name="DestinationIp">203.0.113.188</Data>
    </EventData>
  </Event>
  <Event xmlns="http://schemas.microsoft.com/win/2004/08/events/event">
    <System>
      <Provider Name="Microsoft-Windows-Sysmon"/>
      <EventID>7</EventID>
      <Level>0</Level>
      <Task>0</Task>
      <Opcode>0</Opcode>
      <Keywords>0x8020000000000000</Keywords>
      <TimeCreated SystemTime="2026-07-02T09:16:13Z"/>
      <EventRecordID>245148</EventRecordID>
      <Channel>Microsoft-Windows-Sysmon/Operational</Channel>
      <Computer>file-srv-01.corp.local</Computer>
      <Security/>
    </System>
    <EventData>
    <Data Name="ArtifactEventId">artifact-sysmon-20260706-003691</Data>
    <Data Name="Image">C:\Windows\System32\cmd.exe</Data>
    <Data Name="CommandLine">powershell.exe -NoP -Command Get-Process</Data>
    <Data Name="User">CORP\admin.li</Data>
    <Data Name="DestinationIp">10.20.40.10</Data>
    </EventData>
  </Event>
  <Event xmlns="http://schemas.microsoft.com/win/2004/08/events/event">
    <System>
      <Provider Name="Microsoft-Windows-Sysmon"/>
      <EventID>22</EventID>
      <Level>0</Level>
      <Task>0</Task>
      <Opcode>0</Opcode>
      <Keywords>0x8020000000000000</Keywords>
      <TimeCreated SystemTime="2026-07-02T09:17:34Z"/>
      <EventRecordID>947788</EventRecordID>
      <Channel>Microsoft-Windows-Sysmon/Operational</Channel>
      <Computer>win-admin-01.corp.local</Computer>
      <Security/>
    </System>
    <EventData>
    <Data Name="ArtifactEventId">artifact-sysmon-20260706-008789</Data>
    <Data Name="Image">C:\Windows\System32\svchost.exe</Data>
    <Data Name="CommandLine">cmd.exe /c whoami</Data>
    <Data Name="User">CORP\chen.yu</Data>
    <Data Name="DestinationIp">10.20.40.10</Data>
    </EventData>
  </Event>
  <Event xmlns="http://schemas.microsoft.com/win/2004/08/events/event">
    <System>
      <Provider Name="Microsoft-Windows-Sysmon"/>
      <EventID>7</EventID>
      <Level>0</Level>
      <Task>0</Task>
      <Opcode>0</Opcode>
      <Keywords>0x8020000000000000</Keywords>
      <TimeCreated SystemTime="2026-07-02T09:18:49Z"/>
      <EventRecordID>810920</EventRecordID>
      <Channel>Microsoft-Windows-Sysmon/Operational</Channel>
      <Computer>ad-dc-01.corp.local</Computer>
      <Security/>
    </System>
    <EventData>
    <Data Name="ArtifactEventId">artifact-sysmon-20260706-008595</Data>
    <Data Name="Image">C:\Windows\System32\svchost.exe</Data>
    <Data Name="CommandLine">cmd.exe /c whoami</Data>
    <Data Name="User">CORP\admin.li</Data>
    <Data Name="DestinationIp">203.0.113.188</Data>
    </EventData>
  </Event>
  <Event xmlns="http://schemas.microsoft.com/win/2004/08/events/event">
    <System>
      <Provider Name="Microsoft-Windows-Sysmon"/>
      <EventID>7</EventID>
      <Level>0</Level>
      <Task>0</Task>
      <Opcode>0</Opcode>
      <Keywords>0x8020000000000000</Keywords>
      <TimeCreated SystemTime="2026-07-02T09:18:58Z"/>
      <EventRecordID>230552</EventRecordID>
      <Channel>Microsoft-Windows-Sysmon/Operational</Channel>
      <Computer>file-srv-01.corp.local</Computer>
      <Security/>
    </System>
    <EventData>
    <Data Name="ArtifactEventId">artifact-sysmon-20260706-008765</Data>
    <Data Name="Image">C:\Windows\System32\robocopy.exe</Data>
    <Data Name="CommandLine">7z.exe l archive.7z</Data>
    <Data Name="User">CORP\chen.yu</Data>
    <Data Name="DestinationIp">10.20.40.10</Data>
    </EventData>
  </Event>
  <Event xmlns="http://schemas.microsoft.com/win/2004/08/events/event">
    <System>
      <Provider Name="Microsoft-Windows-Sysmon"/>
      <EventID>1</EventID>
      <Level>0</Level>
      <Task>0</Task>
      <Opcode>0</Opcode>
      <Keywords>0x8020000000000000</Keywords>
      <TimeCreated SystemTime="2026-07-02T09:19:03Z"/>
      <EventRecordID>938101</EventRecordID>
      <Channel>Microsoft-Windows-Sysmon/Operational</Channel>
      <Computer>ad-dc-01.corp.local</Computer>
      <Security/>
    </System>
    <EventData>
    <Data Name="ArtifactEventId">artifact-sysmon-20260706-006326</Data>
    <Data Name="Image">C:\Windows\System32\WindowsPowerShell\v1.0\powershell.exe</Data>
    <Data Name="CommandLine">7z.exe l archive.7z</Data>
    <Data Name="User">CORP\admin.li</Data>
    <Data Name="DestinationIp">10.20.40.10</Data>
    </EventData>
  </Event>
  <Event xmlns="http://schemas.microsoft.com/win/2004/08/events/event">
    <System>
      <Provider Name="Microsoft-Windows-Sysmon"/>
      <EventID>7</EventID>
      <Level>0</Level>
      <Task>0</Task>
      <Opcode>0</Opcode>
      <Keywords>0x8020000000000000</Keywords>
      <TimeCreated SystemTime="2026-07-02T09:19:18Z"/>
      <EventRecordID>697056</EventRecordID>
      <Channel>Microsoft-Windows-Sysmon/Operational</Channel>
      <Computer>win-admin-01.corp.local</Computer>
      <Security/>
    </System>
    <EventData>
    <Data Name="ArtifactEventId">artifact-sysmon-20260706-002553</Data>
    <Data Name="Image">C:\Windows\System32\robocopy.exe</Data>
    <Data Name="CommandLine">svchost.exe -k netsvcs</Data>
    <Data Name="User">CORP\svc_backup</Data>
    <Data Name="DestinationIp">10.20.30.41</Data>
    </EventData>
  </Event>
  <Event xmlns="http://schemas.microsoft.com/win/2004/08/events/event">
    <System>
      <Provider Name="Microsoft-Windows-Sysmon"/>
      <EventID>11</EventID>
      <Level>0</Level>
      <Task>0</Task>
      <Opcode>0</Opcode>
      <Keywords>0x8020000000000000</Keywords>
      <TimeCreated SystemTime="2026-07-02T09:20:17Z"/>
      <EventRecordID>242348</EventRecordID>
      <Channel>Microsoft-Windows-Sysmon/Operational</Channel>
      <Computer>win-admin-01.corp.local</Computer>
      <Security/>
    </System>
    <EventData>
    <Data Name="ArtifactEventId">artifact-sysmon-20260706-001619</Data>
    <Data Name="Image">C:\Windows\System32\robocopy.exe</Data>
    <Data Name="CommandLine">cmd.exe /c whoami</Data>
    <Data Name="User">CORP\chen.yu</Data>
    <Data Name="DestinationIp">203.0.113.188</Data>
    </EventData>
  </Event>
  <Event xmlns="http://schemas.microsoft.com/win/2004/08/events/event">
    <System>
      <Provider Name="Microsoft-Windows-Sysmon"/>
      <EventID>11</EventID>
      <Level>0</Level>
      <Task>0</Task>
      <Opcode>0</Opcode>
      <Keywords>0x8020000000000000</Keywords>
      <TimeCreated SystemTime="2026-07-02T09:21:39Z"/>
      <EventRecordID>147237</EventRecordID>
      <Channel>Microsoft-Windows-Sysmon/Operational</Channel>
      <Computer>win-admin-01.corp.local</Computer>
      <Security/>
    </System>
    <EventData>
    <Data Name="ArtifactEventId">artifact-sysmon-20260706-004276</Data>
    <Data Name="Image">C:\Windows\System32\cmd.exe</Data>
    <Data Name="CommandLine">powershell.exe -NoP -Command Get-Process</Data>
    <Data Name="User">NT AUTHORITY\SYSTEM</Data>
    <Data Name="DestinationIp">10.20.30.41</Data>
    </EventData>
  </Event>
  <Event xmlns="http://schemas.microsoft.com/win/2004/08/events/event">
    <System>
      <Provider Name="Microsoft-Windows-Sysmon"/>
      <EventID>1</EventID>
      <Level>0</Level>
      <Task>0</Task>
      <Opcode>0</Opcode>
      <Keywords>0x8020000000000000</Keywords>
      <TimeCreated SystemTime="2026-07-02T09:23:32Z"/>
      <EventRecordID>546566</EventRecordID>
      <Channel>Microsoft-Windows-Sysmon/Operational</Channel>
      <Computer>ad-dc-01.corp.local</Computer>
      <Security/>
    </System>
    <EventData>
    <Data Name="ArtifactEventId">artifact-sysmon-20260706-006307</Data>
    <Data Name="Image">C:\Windows\System32\WindowsPowerShell\v1.0\powershell.exe</Data>
    <Data Name="CommandLine">robocopy.exe C:\Data D:\Backup</Data>
    <Data Name="User">CORP\svc_backup</Data>
    <Data Name="DestinationIp">10.20.30.41</Data>
    </EventData>
  </Event>
  <Event xmlns="http://schemas.microsoft.com/win/2004/08/events/event">
    <System>
      <Provider Name="Microsoft-Windows-Sysmon"/>
      <EventID>1</EventID>
      <Level>0</Level>
      <Task>0</Task>
      <Opcode>0</Opcode>
      <Keywords>0x8020000000000000</Keywords>
      <TimeCreated SystemTime="2026-07-02T09:23:56Z"/>
      <EventRecordID>712384</EventRecordID>
      <Channel>Microsoft-Windows-Sysmon/Operational</Channel>
      <Computer>ad-dc-01.corp.local</Computer>
      <Security/>
    </System>
    <EventData>
    <Data Name="ArtifactEventId">artifact-sysmon-20260706-005217</Data>
    <Data Name="Image">C:\Program Files\7-Zip\7z.exe</Data>
    <Data Name="CommandLine">7z.exe l archive.7z</Data>
    <Data Name="User">NT AUTHORITY\SYSTEM</Data>
    <Data Name="DestinationIp">203.0.113.188</Data>
    </EventData>
  </Event>
  <Event xmlns="http://schemas.microsoft.com/win/2004/08/events/event">
    <System>
      <Provider Name="Microsoft-Windows-Sysmon"/>
      <EventID>3</EventID>
      <Level>0</Level>
      <Task>0</Task>
      <Opcode>0</Opcode>
      <Keywords>0x8020000000000000</Keywords>
      <TimeCreated SystemTime="2026-07-02T09:26:07Z"/>
      <EventRecordID>702792</EventRecordID>
      <Channel>Microsoft-Windows-Sysmon/Operational</Channel>
      <Computer>win-admin-01.corp.local</Computer>
      <Security/>
    </System>
    <EventData>
    <Data Name="ArtifactEventId">artifact-sysmon-20260706-003867</Data>
    <Data Name="Image">C:\Windows\System32\cmd.exe</Data>
    <Data Name="CommandLine">svchost.exe -k netsvcs</Data>
    <Data Name="User">CORP\svc_backup</Data>
    <Data Name="DestinationIp">10.20.30.41</Data>
    </EventData>
  </Event>
  <Event xmlns="http://schemas.microsoft.com/win/2004/08/events/event">
    <System>
      <Provider Name="Microsoft-Windows-Sysmon"/>
      <EventID>1</EventID>
      <Level>0</Level>
      <Task>0</Task>
      <Opcode>0</Opcode>
      <Keywords>0x8020000000000000</Keywords>
      <TimeCreated SystemTime="2026-07-02T09:27:07Z"/>
      <EventRecordID>944555</EventRecordID>
      <Channel>Microsoft-Windows-Sysmon/Operational</Channel>
      <Computer>win-admin-01.corp.local</Computer>
      <Security/>
    </System>
    <EventData>
    <Data Name="ArtifactEventId">artifact-sysmon-20260706-000558</Data>
    <Data Name="Image">C:\Windows\System32\cmd.exe</Data>
    <Data Name="CommandLine">7z.exe l archive.7z</Data>
    <Data Name="User">CORP\admin.li</Data>
    <Data Name="DestinationIp">203.0.113.188</Data>
    </EventData>
  </Event>
  