<Event xmlns="http://schemas.microsoft.com/win/2004/08/events/event">
    <System>
      <Provider Name="Microsoft-Windows-Sysmon"/>
      <EventID>1</EventID>
      <Level>0</Level>
      <Task>0</Task>
      <Opcode>0</Opcode>
      <Keywords>0x8020000000000000</Keywords>
      <TimeCreated SystemTime="2026-07-02T16:29:28Z"/>
      <EventRecordID>690792</EventRecordID>
      <Channel>Microsoft-Windows-Sysmon/Operational</Channel>
      <Computer>finance-pc-07.corp.local</Computer>
      <Security/>
    </System>
    <EventData>
    <Data Name="ArtifactEventId">artifact-sysmon-20260706-006169</Data>
    <Data Name="Image">C:\Program Files\7-Zip\7z.exe</Data>
    <Data Name="CommandLine">7z.exe l archive.7z</Data>
    <Data Name="User">CORP\admin.li</Data>
    <Data Name="DestinationIp">10.20.40.10</Data>
    </EventData>
  </Event>
  <Event xmlns="http://schemas.microsoft.com/win/2004/08/events/event">
    <System>
      <Provider Name="Microsoft-Windows-Sysmon"/>
      <EventID>7</EventID>
      <Level>0</Level>
      <Task>0</Task>
      <Opcode>0</Opcode>
      <Keywords>0x8020000000000000</Keywords>
      <TimeCreated SystemTime="2026-07-02T16:30:21Z"/>
      <EventRecordID>368671</EventRecordID>
      <Channel>Microsoft-Windows-Sysmon/Operational</Channel>
      <Computer>win-admin-01.corp.local</Computer>
      <Security/>
    </System>
    <EventData>
    <Data Name="ArtifactEventId">artifact-sysmon-20260706-001423</Data>
    <Data Name="Image">C:\Windows\System32\svchost.exe</Data>
    <Data Name="CommandLine">cmd.exe /c whoami</Data>
    <Data Name="User">NT AUTHORITY\SYSTEM</Data>
    <Data Name="DestinationIp">203.0.113.188</Data>
    </EventData>
  </Event>
  <Event xmlns="http://schemas.microsoft.com/win/2004/08/events/event">
    <System>
      <Provider Name="Microsoft-Windows-Sysmon"/>
      <EventID>1</EventID>
      <Level>0</Level>
      <Task>0</Task>
      <Opcode>0</Opcode>
      <Keywords>0x8020000000000000</Keywords>
      <TimeCreated SystemTime="2026-07-02T16:31:18Z"/>
      <EventRecordID>464474</EventRecordID>
      <Channel>Microsoft-Windows-Sysmon/Operational</Channel>
      <Computer>ad-dc-01.corp.local</Computer>
      <Security/>
    </System>
    <EventData>
    <Data Name="ArtifactEventId">artifact-sysmon-20260706-001189</Data>
    <Data Name="Image">C:\Program Files\7-Zip\7z.exe</Data>
    <Data Name="CommandLine">powershell.exe -NoP -Command Get-Process</Data>
    <Data Name="User">NT AUTHORITY\SYSTEM</Data>
    <Data Name="DestinationIp">10.20.40.10</Data>
    </EventData>
  </Event>
  <Event xmlns="http://schemas.microsoft.com/win/2004/08/events/event">
    <System>
      <Provider Name="Microsoft-Windows-Sysmon"/>
      <EventID>7</EventID>
      <Level>0</Level>
      <Task>0</Task>
      <Opcode>0</Opcode>
      <Keywords>0x8020000000000000</Keywords>
      <TimeCreated SystemTime="2026-07-02T16:33:18Z"/>
      <EventRecordID>115002</EventRecordID>
      <Channel>Microsoft-Windows-Sysmon/Operational</Channel>
      <Computer>finance-pc-07.corp.local</Computer>
      <Security/>
    </System>
    <EventData>
    <Data Name="ArtifactEventId">artifact-sysmon-20260706-005196</Data>
    <Data Name="Image">C:\Windows\System32\svchost.exe</Data>
    <Data Name="CommandLine">robocopy.exe C:\Data D:\Backup</Data>
    <Data Name="User">NT AUTHORITY\SYSTEM</Data>
    <Data Name="DestinationIp">203.0.113.188</Data>
    </EventData>
  </Event>
  <Event xmlns="http://schemas.microsoft.com/win/2004/08/events/event">
    <System>
      <Provider Name="Microsoft-Windows-Sysmon"/>
      <EventID>7</EventID>
      <Level>0</Level>
      <Task>0</Task>
      <Opcode>0</Opcode>
      <Keywords>0x8020000000000000</Keywords>
      <TimeCreated SystemTime="2026-07-02T16:33:25Z"/>
      <EventRecordID>499968</EventRecordID>
      <Channel>Microsoft-Windows-Sysmon/Operational</Channel>
      <Computer>file-srv-01.corp.local</Computer>
      <Security/>
    </System>
    <EventData>
    <Data Name="ArtifactEventId">artifact-sysmon-20260706-005630</Data>
    <Data Name="Image">C:\Program Files\7-Zip\7z.exe</Data>
    <Data Name="CommandLine">powershell.exe -NoP -Command Get-Process</Data>
    <Data Name="User">NT AUTHORITY\SYSTEM</Data>
    <Data Name="DestinationIp">203.0.113.188</Data>
    </EventData>
  </Event>
  <Event xmlns="http://schemas.microsoft.com/win/2004/08/events/event">
    <System>
      <Provider Name="Microsoft-Windows-Sysmon"/>
      <EventID>3</EventID>
      <Level>0</Level>
      <Task>0</Task>
      <Opcode>0</Opcode>
      <Keywords>0x8020000000000000</Keywords>
      <TimeCreated SystemTime="2026-07-02T16:33:58Z"/>
      <EventRecordID>419213</EventRecordID>
      <Channel>Microsoft-Windows-Sysmon/Operational</Channel>
      <Computer>finance-pc-07.corp.local</Computer>
      <Security/>
    </System>
    <EventData>
    <Data Name="ArtifactEventId">artifact-sysmon-20260706-004411</Data>
    <Data Name="Image">C:\Program Files\7-Zip\7z.exe</Data>
    <Data Name="CommandLine">powershell.exe -NoP -Command Get-Process</Data>
    <Data Name="User">NT AUTHORITY\SYSTEM</Data>
    <Data Name="DestinationIp">10.20.40.10</Data>
    </EventData>
  </Event>
  <Event xmlns="http://schemas.microsoft.com/win/2004/08/events/event">
    <System>
      <Provider Name="Microsoft-Windows-Sysmon"/>
      <EventID>7</EventID>
      <Level>0</Level>
      <Task>0</Task>
      <Opcode>0</Opcode>
      <Keywords>0x8020000000000000</Keywords>
      <TimeCreated SystemTime="2026-07-02T16:34:00Z"/>
      <EventRecordID>898260</EventRecordID>
      <Channel>Microsoft-Windows-Sysmon/Operational</Channel>
      <Computer>file-srv-01.corp.local</Computer>
      <Security/>
    </System>
    <EventData>
    <Data Name="ArtifactEventId">artifact-sysmon-20260706-007786</Data>
    <Data Name="Image">C:\Windows\System32\cmd.exe</Data>
    <Data Name="CommandLine">svchost.exe -k netsvcs</Data>
    <Data Name="User">CORP\svc_backup</Data>
    <Data Name="DestinationIp">10.20.40.10</Data>
    </EventData>
  </Event>
  <Event xmlns="http://schemas.microsoft.com/win/2004/08/events/event">
    <System>
      <Provider Name="Microsoft-Windows-Sysmon"/>
      <EventID>11</EventID>
      <Level>0</Level>
      <Task>0</Task>
      <Opcode>0</Opcode>
      <Keywords>0x8020000000000000</Keywords>
      <TimeCreated SystemTime="2026-07-02T16:34:56Z"/>
      <EventRecordID>557918</EventRecordID>
      <Channel>Microsoft-Windows-Sysmon/Operational</Channel>
      <Computer>finance-pc-07.corp.local</Computer>
      <Security/>
    </System>
    <EventData>
    <Data Name="ArtifactEventId">artifact-sysmon-20260706-007539</Data>
    <Data Name="Image">C:\Program Files\7-Zip\7z.exe</Data>
    <Data Name="CommandLine">svchost.exe -k netsvcs</Data>
    <Data Name="User">NT AUTHORITY\SYSTEM</Data>
    <Data Name="DestinationIp">10.20.30.41</Data>
    </EventData>
  </Event>
  <Event xmlns="http://schemas.microsoft.com/win/2004/08/events/event">
    <System>
      <Provider Name="Microsoft-Windows-Sysmon"/>
      <EventID>1</EventID>
      <Level>0</Level>
      <Task>0</Task>
      <Opcode>0</Opcode>
      <Keywords>0x8020000000000000</Keywords>
      <TimeCreated SystemTime="2026-07-02T16:35:06Z"/>
      <EventRecordID>707290</EventRecordID>
      <Channel>Microsoft-Windows-Sysmon/Operational</Channel>
      <Computer>ad-dc-01.corp.local</Computer>
      <Security/>
    </System>
    <EventData>
    <Data Name="ArtifactEventId">artifact-sysmon-20260706-003113</Data>
    <Data Name="Image">C:\Windows\System32\cmd.exe</Data>
    <Data Name="CommandLine">powershell.exe -NoP -Command Get-Process</Data>
    <Data Name="User">NT AUTHORITY\SYSTEM</Data>
    <Data Name="DestinationIp">10.20.30.41</Data>
    </EventData>
  </Event>
  <Event xmlns="http://schemas.microsoft.com/win/2004/08/events/event">
    <System>
      <Provider Name="Microsoft-Windows-Sysmon"/>
      <EventID>22</EventID>
      <Level>0</Level>
      <Task>0</Task>
      <Opcode>0</Opcode>
      <Keywords>0x8020000000000000</Keywords>
      <TimeCreated SystemTime="2026-07-02T16:35:13Z"/>
      <EventRecordID>767377</EventRecordID>
      <Channel>Microsoft-Windows-Sysmon/Operational</Channel>
      <Computer>win-admin-01.corp.local</Computer>
      <Security/>
    </System>
    <EventData>
    <Data Name="ArtifactEventId">artifact-sysmon-20260706-008322</Data>
    <Data Name="Image">C:\Windows\System32\svchost.exe</Data>
    <Data Name="CommandLine">svchost.exe -k netsvcs</Data>
    <Data Name="User">CORP\chen.yu</Data>
    <Data Name="DestinationIp">10.20.40.10</Data>
    </EventData>
  </Event>
  <Event xmlns="http://schemas.microsoft.com/win/2004/08/events/event">
    <System>
      <Provider Name="Microsoft-Windows-Sysmon"/>
      <EventID>1</EventID>
      <Level>0</Level>
      <Task>0</Task>
      <Opcode>0</Opcode>
      <Keywords>0x8020000000000000</Keywords>
      <TimeCreated SystemTime="2026-07-02T16:35:43Z"/>
      <EventRecordID>582289</EventRecordID>
      <Channel>Microsoft-Windows-Sysmon/Operational</Channel>
      <Computer>finance-pc-07.corp.local</Computer>
      <Security/>
    </System>
    <EventData>
    <Data Name="ArtifactEventId">artifact-sysmon-20260706-007331</Data>
    <Data Name="Image">C:\Windows\System32\robocopy.exe</Data>
    <Data Name="CommandLine">powershell.exe -NoP -Command Get-Process</Data>
    <Data Name="User">CORP\admin.li</Data>
    <Data Name="DestinationIp">10.20.30.41</Data>
    </EventData>
  </Event>
  <Event xmlns="http://schemas.microsoft.com/win/2004/08/events/event">
    <System>
      <Provider Name="Microsoft-Windows-Sysmon"/>
      <EventID>1</EventID>
      <Level>0</Level>
      <Task>0</Task>
      <Opcode>0</Opcode>
      <Keywords>0x8020000000000000</Keywords>
      <TimeCreated SystemTime="2026-07-02T16:36:00Z"/>
      <EventRecordID>314658</EventRecordID>
      <Channel>Microsoft-Windows-Sysmon/Operational</Channel>
      <Computer>finance-pc-07.corp.local</Computer>
      <Security/>
    </System>
    <EventData>
    <Data Name="ArtifactEventId">artifact-sysmon-20260706-004378</Data>
    <Data Name="Image">C:\Windows\System32\WindowsPowerShell\v1.0\powershell.exe</Data>
    <Data Name="CommandLine">svchost.exe -k netsvcs</Data>
    <Data Name="User">CORP\svc_backup</Data>
    <Data Name="DestinationIp">10.20.30.41</Data>
    </EventData>
  </Event>
  <Event xmlns="http://schemas.microsoft.com/win/2004/08/events/event">
    <System>
      <Provider Name="Microsoft-Windows-Sysmon"/>
      <EventID>22</EventID>
      <Level>0</Level>
      <Task>0</Task>
      <Opcode>0</Opcode>
      <Keywords>0x8020000000000000</Keywords>
      <TimeCreated SystemTime="2026-07-02T16:36:42Z"/>
      <EventRecordID>451473</EventRecordID>
      <Channel>Microsoft-Windows-Sysmon/Operational</Channel>
      <Computer>file-srv-01.corp.local</Computer>
      <Security/>
    </System>
    <EventData>
    <Data Name="ArtifactEventId">artifact-sysmon-20260706-000160</Data>
    <Data Name="Image">C:\Windows\System32\cmd.exe</Data>
    <Data Name="CommandLine">svchost.exe -k netsvcs</Data>
    <Data Name="User">NT AUTHORITY\SYSTEM</Data>
    <Data Name="DestinationIp">203.0.113.188</Data>
    </EventData>
  </Event>
  <Event xmlns="http://schemas.microsoft.com/win/2004/08/events/event">
    <System>
      <Provider Name="Microsoft-Windows-Sysmon"/>
      <EventID>11</EventID>
      <Level>0</Level>
      <Task>0</Task>
      <Opcode>0</Opcode>
      <Keywords>0x8020000000000000</Keywords>
      <TimeCreated SystemTime="2026-07-02T16:38:21Z"/>
      <EventRecordID>784103</EventRecordID>
      <Channel>Microsoft-Windows-Sysmon/Operational</Channel>
      <Computer>file-srv-01.corp.local</Computer>
      <Security/>
    </System>
    <EventData>
    <Data Name="ArtifactEventId">artifact-sysmon-20260706-002649</Data>
    <Data Name="Image">C:\Windows\System32\robocopy.exe</Data>
    <Data Name="CommandLine">svchost.exe -k netsvcs</Data>
    <Data Name="User">CORP\admin.li</Data>
    <Data Name="DestinationIp">10.20.30.41</Data>
    </EventData>
  </Event>
  <Event xmlns="http://schemas.microsoft.com/win/2004/08/events/event">
    <System>
      <Provider Name="Microsoft-Windows-Sysmon"/>
      <EventID>1</EventID>
      <Level>0</Level>
      <Task>0</Task>
      <Opcode>0</Opcode>
      <Keywords>0x8020000000000000</Keywords>
      <TimeCreated SystemTime="2026-07-02T16:40:27Z"/>
      <EventRecordID>245600</EventRecordID>
      <Channel>Microsoft-Windows-Sysmon/Operational</Channel>
      <Computer>finance-pc-07.corp.local</Computer>
      <Security/>
    </System>
    <EventData>
    <Data Name="ArtifactEventId">artifact-sysmon-20260706-004090</Data>
    <Data Name="Image">C:\Windows\System32\WindowsPowerShell\v1.0\powershell.exe</Data>
    <Data Name="CommandLine">cmd.exe /c whoami</Data>
    <Data Name="User">CORP\admin.li</Data>
    <Data Name="DestinationIp">10.20.40.10</Data>
    </EventData>
  </Event>
  <Event xmlns="http://schemas.microsoft.com/win/2004/08/events/event">
    <System>
      <Provider Name="Microsoft-Windows-Sysmon"/>
      <EventID>3</EventID>
      <Level>0</Level>
      <Task>0</Task>
      <Opcode>0</Opcode>
      <Keywords>0x8020000000000000</Keywords>
      <TimeCreated SystemTime="2026-07-02T16:40:29Z"/>
      <EventRecordID>136348</EventRecordID>
      <Channel>Microsoft-Windows-Sysmon/Operational</Channel>
      <Computer>finance-pc-07.corp.local</Computer>
      <Security/>
    </System>
    <EventData>
    <Data Name="ArtifactEventId">artifact-sysmon-20260706-001238</Data>
    <Data Name="Image">C:\Windows\System32\cmd.exe</Data>
    <Data Name="CommandLine">cmd.exe /c whoami</Data>
    <Data Name="User">CORP\chen.yu</Data>
    <Data Name="DestinationIp">10.20.30.41</Data>
    </EventData>
  </Event>
  <Event xmlns="http://schemas.microsoft.com/win/2004/08/events/event">
    <System>
      <Provider Name="Microsoft-Windows-Sysmon"/>
      <EventID>1</EventID>
      <Level>0</Level>
      <Task>0</Task>
      <Opcode>0</Opcode>
      <Keywords>0x8020000000000000</Keywords>
      <TimeCreated SystemTime="2026-07-02T16:41:14Z"/>
      <EventRecordID>783879</EventRecordID>
      <Channel>Microsoft-Windows-Sysmon/Operational</Channel>
      <Computer>file-srv-01.corp.local</Computer>
      <Security/>
    </System>
    <EventData>
    <Data Name="ArtifactEventId">artifact-sysmon-20260706-004966</Data>
    <Data Name="Image">C:\Windows\System32\WindowsPowerShell\v1.0\powershell.exe</Data>
    <Data Name="CommandLine">robocopy.exe C:\Data D:\Backup</Data>
    <Data Name="User">CORP\admin.li</Data>
    <Data Name="DestinationIp">10.20.30.41</Data>
    </EventData>
  </Event>
  <Event xmlns="http://schemas.microsoft.com/win/2004/08/events/event">
    <System>
      <Provider Name="Microsoft-Windows-Sysmon"/>
      <EventID>11</EventID>
      <Level>0</Level>
      <Task>0</Task>
      <Opcode>0</Opcode>
      <Keywords>0x8020000000000000</Keywords>
      <TimeCreated SystemTime="2026-07-02T16:41:48Z"/>
      <EventRecordID>108968</EventRecordID>
      <Channel>Microsoft-Windows-Sysmon/Operational</Channel>
      <Computer>ad-dc-01.corp.local</Computer>
      <Security/>
    </System>
    <EventData>
    <Data Name="ArtifactEventId">artifact-sysmon-20260706-006900</Data>
    <Data Name="Image">C:\Program Files\7-Zip\7z.exe</Data>
    <Data Name="CommandLine">powershell.exe -NoP -Command Get-Process</Data>
    <Data Name="User">CORP\svc_backup</Data>
    <Data Name="DestinationIp">203.0.113.188</Data>
    </EventData>
  </Event>
  <Event xmlns="http://schemas.microsoft.com/win/2004/08/events/event">
    <System>
      <Provider Name="Microsoft-Windows-Sysmon"/>
      <EventID>1</EventID>
      <Level>0</Level>
      <Task>0</Task>
      <Opcode>0</Opcode>
      <Keywords>0x8020000000000000</Keywords>
      <TimeCreated SystemTime="2026-07-02T16:42:20Z"/>
      <EventRecordID>602830</EventRecordID>
      <Channel>Microsoft-Windows-Sysmon/Operational</Channel>
      <Computer>win-admin-01.corp.local</Computer>
      <Security/>
    </System>
    <EventData>
    <Data Name="ArtifactEventId">artifact-sysmon-20260706-003906</Data>
    <Data Name="Image">C:\Windows\System32\cmd.exe</Data>
    <Data Name="CommandLine">robocopy.exe C:\Data D:\Backup</Data>
    <Data Name="User">NT AUTHORITY\SYSTEM</Data>
    <Data Name="DestinationIp">203.0.113.188</Data>
    </EventData>
  </Event>
  <Event xmlns="http://schemas.microsoft.com/win/2004/08/events/event">
    <System>
      <Provider Name="Microsoft-Windows-Sysmon"/>
      <EventID>11</EventID>
      <Level>0</Level>
      <Task>0</Task>
      <Opcode>0</Opcode>
      <Keywords>0x8020000000000000</Keywords>
      <TimeCreated SystemTime="2026-07-02T16:42:48Z"/>
      <EventRecordID>790919</EventRecordID>
      <Channel>Microsoft-Windows-Sysmon/Operational</Channel>
      <Computer>file-srv-01.corp.local</Computer>
      <Security/>
    </System>
    <EventData>
    <Data Name="ArtifactEventId">artifact-sysmon-20260706-004667</Data>
    <Data Name="Image">C:\Program Files\7-Zip\7z.exe</Data>
    <Data Name="CommandLine">svchost.exe -k netsvcs</Data>
    <Data Name="User">CORP\admin.li</Data>
    <Data Name="DestinationIp">203.0.113.188</Data>
    </EventData>
  </Event>
  <Event xmlns="http://schemas.microsoft.com/win/2004/08/events/event">
    <System>
      <Provider Name="Microsoft-Windows-Sysmon"/>
      <EventID>11</EventID>
      <Level>0</Level>
      <Task>0</Task>
      <Opcode>0</Opcode>
      <Keywords>0x8020000000000000</Keywords>
      <TimeCreated SystemTime="2026-07-02T16:43:03Z"/>
      <EventRecordID>150534</EventRecordID>
      <Channel>Microsoft-Windows-Sysmon/Operational</Channel>
      <Computer>ad-dc-01.corp.local</Computer>
      <Security/>
    </System>
    <EventData>
    <Data Name="ArtifactEventId">artifact-sysmon-20260706-006682</Data>
    <Data Name="Image">C:\Windows\System32\cmd.exe</Data>
    <Data Name="CommandLine">svchost.exe -k netsvcs</Data>
    <Data Name="User">CORP\svc_backup</Data>
    <Data Name="DestinationIp">203.0.113.188</Data>
    </EventData>
  </Event>
  <Event xmlns="http://schemas.microsoft.com/win/2004/08/events/event">
    <System>
      <Provider Name="Microsoft-Windows-Sysmon"/>
      <EventID>11</EventID>
      <Level>0</Level>
      <Task>0</Task>
      <Opcode>0</Opcode>
      <Keywords>0x8020000000000000</Keywords>
      <TimeCreated SystemTime="2026-07-02T16:43:33Z"/>
      <EventRecordID>275300</EventRecordID>
      <Channel>Microsoft-Windows-Sysmon/Operational</Channel>
      <Computer>win-admin-01.corp.local</Computer>
      <Security/>
    </System>
    <EventData>
    <Data Name="ArtifactEventId">artifact-sysmon-20260706-004987</Data>
    <Data Name="Image">C:\Program Files\7-Zip\7z.exe</Data>
    <Data Name="CommandLine">7z.exe l archive.7z</Data>
    <Data Name="User">CORP\chen.yu</Data>
    <Data Name="DestinationIp">203.0.113.188</Data>
    </EventData>
  </Event>
  <Event xmlns="http://schemas.microsoft.com/win/2004/08/events/event">
    <System>
      <Provider Name="Microsoft-Windows-Sysmon"/>
      <EventID>1</EventID>
      <Level>0</Level>
      <Task>0</Task>
      <Opcode>0</Opcode>
      <Keywords>0x8020000000000000</Keywords>
      <TimeCreated SystemTime="2026-07-02T16:43:39Z"/>
      <EventRecordID>253670</EventRecordID>
      <Channel>Microsoft-Windows-Sysmon/Operational</Channel>
      <Computer>file-srv-01.corp.local</Computer>
      <Security/>
    </System>
    <EventData>
    <Data Name="ArtifactEventId">artifact-sysmon-20260706-002836</Data>
    <Data Name="Image">C:\Windows\System32\cmd.exe</Data>
    <Data Name="CommandLine">robocopy.exe C:\Data D:\Backup</Data>
    <Data Name="User">CORP\svc_backup</Data>
    <Data Name="DestinationIp">203.0.113.188</Data>
    </EventData>
  </Event>
  <Event xmlns="http://schemas.microsoft.com/win/2004/08/events/event">
    <System>
      <Provider Name="Microsoft-Windows-Sysmon"/>
      <EventID>3</EventID>
      <Level>0</Level>
      <Task>0</Task>
      <Opcode>0</Opcode>
      <Keywords>0x8020000000000000</Keywords>
      <TimeCreated SystemTime="2026-07-02T16:44:53Z"/>
      <EventRecordID>396448</EventRecordID>
      <Channel>Microsoft-Windows-Sysmon/Operational</Channel>
      <Computer>finance-pc-07.corp.local</Computer>
      <Security/>
    </System>
    <EventData>
    <Data Name="ArtifactEventId">artifact-sysmon-20260706-002099</Data>
    <Data Name="Image">C:\Program Files\7-Zip\7z.exe</Data>
    <Data Name="CommandLine">robocopy.exe C:\Data D:\Backup</Data>
    <Data Name="User">CORP\chen.yu</Data>
    <Data Name="DestinationIp">203.0.113.188</Data>
    </EventData>
  </Event>
  <Event xmlns="http://schemas.microsoft.com/win/2004/08/events/event">
    <System>
      <Provider Name="Microsoft-Windows-Sysmon"/>
      <EventID>1</EventID>
      <Level>0</Level>
      <Task>0</Task>
      <Opcode>0</Opcode>
      <Keywords>0x8020000000000000</Keywords>
      <TimeCreated SystemTime="2026-07-02T16:45:48Z"/>
      <EventRecordID>422277</EventRecordID>
      <Channel>Microsoft-Windows-Sysmon/Operational</Channel>
      <Computer>finance-pc-07.corp.local</Computer>
      <Security/>
    </System>
    <EventData>
    <Data Name="ArtifactEventId">artifact-sysmon-20260706-006261</Data>
    <Data Name="Image">C:\Windows\System32\svchost.exe</Data>
    <Data Name="CommandLine">powershell.exe -NoP -Command Get-Process</Data>
    <Data Name="User">CORP\svc_backup</Data>
    <Data Name="DestinationIp">10.20.40.10</Data>
    </EventData>
  </Event>
  <Event xmlns="http://schemas.microsoft.com/win/2004/08/events/event">
    <System>
      <Provider Name="Microsoft-Windows-Sysmon"/>
      <EventID>1</EventID>
      <Level>0</Level>
      <Task>0</Task>
      <Opcode>0</Opcode>
      <Keywords>0x8020000000000000</Keywords>
      <TimeCreated SystemTime="2026-07-02T16:46:06Z"/>
      <EventRecordID>186543</EventRecordID>
      <Channel>Microsoft-Windows-Sysmon/Operational</Channel>
      <Computer>finance-pc-07.corp.local</Computer>
      <Security/>
    </System>
    <EventData>
    <Data Name="ArtifactEventId">artifact-sysmon-20260706-008096</Data>
    <Data Name="Image">C:\Windows\System32\cmd.exe</Data>
    <Data Name="CommandLine">cmd.exe /c whoami</Data>
    <Data Name="User">CORP\chen.yu</Data>
    <Data Name="DestinationIp">10.20.40.10</Data>
    </EventData>
  </Event>
  <Event xmlns="http://schemas.microsoft.com/win/2004/08/events/event">
    <System>
      <Provider Name="Microsoft-Windows-Sysmon"/>
      <EventID>1</EventID>
      <Level>0</Level>
      <Task>0</Task>
      <Opcode>0</Opcode>
      <Keywords>0x8020000000000000</Keywords>
      <TimeCreated SystemTime="2026-07-02T16:46:23Z"/>
      <EventRecordID>157551</EventRecordID>
      <Channel>Microsoft-Windows-Sysmon/Operational</Channel>
      <Computer>finance-pc-07.corp.local</Computer>
      <Security/>
    </System>
    <EventData>
    <Data Name="ArtifactEventId">artifact-sysmon-20260706-001520</Data>
    <Data Name="Image">C:\Windows\System32\robocopy.exe</Data>
    <Data Name="CommandLine">cmd.exe /c whoami</Data>
    <Data Name="User">CORP\chen.yu</Data>
    <Data Name="DestinationIp">10.20.30.41</Data>
    </EventData>
  </Event>
  <Event xmlns="http://schemas.microsoft.com/win/2004/08/events/event">
    <System>
      <Provider Name="Microsoft-Windows-Sysmon"/>
      <EventID>7</EventID>
      <Level>0</Level>
      <Task>0</Task>
      <Opcode>0</Opcode>
      <Keywords>0x8020000000000000</Keywords>
      <TimeCreated SystemTime="2026-07-02T16:47:32Z"/>
      <EventRecordID>896857</EventRecordID>
      <Channel>Microsoft-Windows-Sysmon/Operational</Channel>
      <Computer>file-srv-01.corp.local</Computer>
      <Security/>
    </System>
    <EventData>
    <Data Name="ArtifactEventId">artifact-sysmon-20260706-001066</Data>
    <Data Name="Image">C:\Windows\System32\svchost.exe</Data>
    <Data Name="CommandLine">powershell.exe -NoP -Command Get-Process</Data>
    <Data Name="User">CORP\svc_backup</Data>
    <Data Name="DestinationIp">203.0.113.188</Data>
    </EventData>
  </Event>
  <Event xmlns="http://schemas.microsoft.com/win/2004/08/events/event">
    <System>
      <Provider Name="Microsoft-Windows-Sysmon"/>
      <EventID>7</EventID>
      <Level>0</Level>
      <Task>0</Task>
      <Opcode>0</Opcode>
      <Keywords>0x8020000000000000</Keywords>
      <TimeCreated SystemTime="2026-07-02T16:47:36Z"/>
      <EventRecordID>701001</EventRecordID>
      <Channel>Microsoft-Windows-Sysmon/Operational</Channel>
      <Computer>file-srv-01.corp.local</Computer>
      <Security/>
    </System>
    <EventData>
    <Data Name="ArtifactEventId">artifact-sysmon-20260706-007404</Data>
    <Data Name="Image">C:\Windows\System32\WindowsPowerShell\v1.0\powershell.exe</Data>
    <Data Name="CommandLine">powershell.exe -NoP -Command Get-Process</Data>
    <Data Name="User">CORP\chen.yu</Data>
    <Data Name="DestinationIp">10.20.30.41</Data>
    </EventData>
  </Event>
  <Event xmlns="http://schemas.microsoft.com/win/2004/08/events/event">
    <System>
      <Provider Name="Microsoft-Windows-Sysmon"/>
      <EventID>1</EventID>
      <Level>0</Level>
      <Task>0</Task>
      <Opcode>0</Opcode>
      <Keywords>0x8020000000000000</Keywords>
      <TimeCreated SystemTime="2026-07-02T16:48:04Z"/>
      <EventRecordID>922072</EventRecordID>
      <Channel>Microsoft-Windows-Sysmon/Operational</Channel>
      <Computer>ad-dc-01.corp.local</Computer>
      <Security/>
    </System>
    <EventData>
    <Data Name="ArtifactEventId">artifact-sysmon-20260706-007557</Data>
    <Data Name="Image">C:\Windows\System32\svchost.exe</Data>
    <Data Name="CommandLine">powershell.exe -NoP -Command Get-Process</Data>
    <Data Name="User">NT AUTHORITY\SYSTEM</Data>
    <Data Name="DestinationIp">203.0.113.188</Data>
    </EventData>
  </Event>
  <Event xmlns="http://schemas.microsoft.com/win/2004/08/events/event">
    <System>
      <Provider Name="Microsoft-Windows-Sysmon"/>
      <EventID>3</EventID>
      <Level>0</Level>
      <Task>0</Task>
      <Opcode>0</Opcode>
      <Keywords>0x8020000000000000</Keywords>
      <TimeCreated SystemTime="2026-07-02T16:48:12Z"/>
      <EventRecordID>357114</EventRecordID>
      <Channel>Microsoft-Windows-Sysmon/Operational</Channel>
      <Computer>finance-pc-07.corp.local</Computer>
      <Security/>
    </System>
    <EventData>
    <Data Name="ArtifactEventId">artifact-sysmon-20260706-008954</Data>
    <Data Name="Image">C:\Windows\System32\WindowsPowerShell\v1.0\powershell.exe</Data>
    <Data Name="CommandLine">robocopy.exe C:\Data D:\Backup</Data>
    <Data Name="User">NT AUTHORITY\SYSTEM</Data>
    <Data Name="DestinationIp">10.20.40.10</Data>
    </EventData>
  </Event>
  <Event xmlns="http://schemas.microsoft.com/win/2004/08/events/event">
    <System>
      <Provider Name="Microsoft-Windows-Sysmon"/>
      <EventID>1</EventID>
      <Level>0</Level>
      <Task>0</Task>
      <Opcode>0</Opcode>
      <Keywords>0x8020000000000000</Keywords>
      <TimeCreated SystemTime="2026-07-02T16:49:04Z"/>
      <EventRecordID>855971</EventRecordID>
      <Channel>Microsoft-Windows-Sysmon/Operational</Channel>
      <Computer>ad-dc-01.corp.local</Computer>
      <Security/>
    </System>
    <EventData>
    <Data Name="ArtifactEventId">artifact-sysmon-20260706-005291</Data>
    <Data Name="Image">C:\Windows\System32\svchost.exe</Data>
    <Data Name="CommandLine">7z.exe l archive.7z</Data>
    <Data Name="User">CORP\chen.yu</Data>
    <Data Name="DestinationIp">203.0.113.188</Data>
    </EventData>
  </Event>
  <Event xmlns="http://schemas.microsoft.com/win/2004/08/events/event">
    <System>
      <Provider Name="Microsoft-Windows-Sysmon"/>
      <EventID>22</EventID>
      <Level>0</Level>
      <Task>0</Task>
      <Opcode>0</Opcode>
      <Keywords>0x8020000000000000</Keywords>
      <TimeCreated SystemTime="2026-07-02T16:50:05Z"/>
      <EventRecordID>286297</EventRecordID>
      <Channel>Microsoft-Windows-Sysmon/Operational</Channel>
      <Computer>win-admin-01.corp.local</Computer>
      <Security/>
    </System>
    <EventData>
    <Data Name="ArtifactEventId">artifact-sysmon-20260706-002144</Data>
    <Data Name="Image">C:\Windows\System32\cmd.exe</Data>
    <Data Name="CommandLine">7z.exe l archive.7z</Data>
    <Data Name="User">CORP\svc_backup</Data>
    <Data Name="DestinationIp">10.20.40.10</Data>
    </EventData>
  </Event>
  <Event xmlns="http://schemas.microsoft.com/win/2004/08/events/event">
    <System>
      <Provider Name="Microsoft-Windows-Sysmon"/>
      <EventID>3</EventID>
      <Level>0</Level>
      <Task>0</Task>
      <Opcode>0</Opcode>
      <Keywords>0x8020000000000000</Keywords>
      <TimeCreated SystemTime="2026-07-02T16:50:21Z"/>
      <EventRecordID>116407</EventRecordID>
      <Channel>Microsoft-Windows-Sysmon/Operational</Channel>
      <Computer>ad-dc-01.corp.local</Computer>
      <Security/>
    </System>
    <EventData>
    <Data Name="ArtifactEventId">artifact-sysmon-20260706-006877</Data>
    <Data Name="Image">C:\Windows\System32\svchost.exe</Data>
    <Data Name="CommandLine">powershell.exe -NoP -Command Get-Process</Data>
    <Data Name="User">CORP\admin.li</Data>
    <Data Name="DestinationIp">203.0.113.188</Data>
    </EventData>
  </Event>
  <Event xmlns="http://schemas.microsoft.com/win/2004/08/events/event">
    <System>
      <Provider Name="Microsoft-Windows-Sysmon"/>
      <EventID>1</EventID>
      <Level>0</Level>
      <Task>0</Task>
      <Opcode>0</Opcode>
      <Keywords>0x8020000000000000</Keywords>
      <TimeCreated SystemTime="2026-07-02T16:51:08Z"/>
      <EventRecordID>892538</EventRecordID>
      <Channel>Microsoft-Windows-Sysmon/Operational</Channel>
      <Computer>file-srv-01.corp.local</Computer>
      <Security/>
    </System>
    <EventData>
    <Data Name="ArtifactEventId">artifact-sysmon-20260706-005282</Data>
    <Data Name="Image">C:\Windows\System32\WindowsPowerShell\v1.0\powershell.exe</Data>
    <Data Name="CommandLine">svchost.exe -k netsvcs</Data>
    <Data Name="User">CORP\svc_backup</Data>
    <Data Name="DestinationIp">203.0.113.188</Data>
    </EventData>
  </Event>
  <Event xmlns="http://schemas.microsoft.com/win/2004/08/events/event">
    <System>
      <Provider Name="Microsoft-Windows-Sysmon"/>
      <EventID>7</EventID>
      <Level>0</Level>
      <Task>0</Task>
      <Opcode>0</Opcode>
      <Keywords>0x8020000000000000</Keywords>
      <TimeCreated SystemTime="2026-07-02T16:52:02Z"/>
      <EventRecordID>264551</EventRecordID>
      <Channel>Microsoft-Windows-Sysmon/Operational</Channel>
      <Computer>ad-dc-01.corp.local</Computer>
      <Security/>
    </System>
    <EventData>
    <Data Name="ArtifactEventId">artifact-sysmon-20260706-007796</Data>
    <Data Name="Image">C:\Windows\System32\svchost.exe</Data>
    <Data Name="CommandLine">svchost.exe -k netsvcs</Data>
    <Data Name="User">CORP\svc_backup</Data>
    <Data Name="DestinationIp">10.20.40.10</Data>
    </EventData>
  </Event>
  <Event xmlns="http://schemas.microsoft.com/win/2004/08/events/event">
    <System>
      <Provider Name="Microsoft-Windows-Sysmon"/>
      <EventID>1</EventID>
      <Level>0</Level>
      <Task>0</Task>
      <Opcode>0</Opcode>
      <Keywords>0x8020000000000000</Keywords>
      <TimeCreated SystemTime="2026-07-02T16:54:44Z"/>
      <EventRecordID>635167</EventRecordID>
      <Channel>Microsoft-Windows-Sysmon/Operational</Channel>
      <Computer>win-admin-01.corp.local</Computer>
      <Security/>
    </System>
    <EventData>
    <Data Name="ArtifactEventId">artifact-sysmon-20260706-008080</Data>
    <Data Name="Image">C:\Windows\System32\WindowsPowerShell\v1.0\powershell.exe</Data>
    <Data Name="CommandLine">robocopy.exe C:\Data D:\Backup</Data>
    <Data Name="User">NT AUTHORITY\SYSTEM</Data>
    <Data Name="DestinationIp">10.20.30.41</Data>
    </EventData>
  </Event>
  <Event xmlns="http://schemas.microsoft.com/win/2004/08/events/event">
    <System>
      <Provider Name="Microsoft-Windows-Sysmon"/>
      <EventID>3</EventID>
      <Level>0</Level>
      <Task>0</Task>
      <Opcode>0</Opcode>
      <Keywords>0x8020000000000000</Keywords>
      <TimeCreated SystemTime="2026-07-02T16:54:58Z"/>
      <EventRecordID>603326</EventRecordID>
      <Channel>Microsoft-Windows-Sysmon/Operational</Channel>
      <Computer>file-srv-01.corp.local</Computer>
      <Security/>
    </System>
    <EventData>
    <Data Name="ArtifactEventId">artifact-sysmon-20260706-006268</Data>
    <Data Name="Image">C:\Windows\System32\WindowsPowerShell\v1.0\powershell.exe</Data>
    <Data Name="CommandLine">cmd.exe /c whoami</Data>
    <Data Name="User">CORP\svc_backup</Data>
    <Data Name="DestinationIp">203.0.113.188</Data>
    </EventData>
  </Event>
  <Event xmlns="http://schemas.microsoft.com/win/2004/08/events/event">
    <System>
      <Provider Name="Microsoft-Windows-Sysmon"/>
      <EventID>1</EventID>
      <Level>0</Level>
      <Task>0</Task>
      <Opcode>0</Opcode>
      <Keywords>0x8020000000000000</Keywords>
      <TimeCreated SystemTime="2026-07-02T16:55:17Z"/>
      <EventRecordID>361012</EventRecordID>
      <Channel>Microsoft-Windows-Sysmon/Operational</Channel>
      <Computer>file-srv-01.corp.local</Computer>
      <Security/>
    </System>
    <EventData>
    <Data Name="ArtifactEventId">artifact-sysmon-20260706-003404</Data>
    <Data Name="Image">C:\Windows\System32\WindowsPowerShell\v1.0\powershell.exe</Data>
    <Data Name="CommandLine">powershell.exe -NoP -Command Get-Process</Data>
    <Data Name="User">NT AUTHORITY\SYSTEM</Data>
    <Data Name="DestinationIp">10.20.30.41</Data>
    </EventData>
  </Event>
  <Event xmlns="http://schemas.microsoft.com/win/2004/08/events/event">
    <System>
      <Provider Name="Microsoft-Windows-Sysmon"/>
      <EventID>7</EventID>
      <Level>0</Level>
      <Task>0</Task>
      <Opcode>0</Opcode>
      <Keywords>0x8020000000000000</Keywords>
      <TimeCreated SystemTime="2026-07-02T16:55:52Z"/>
      <EventRecordID>918928</EventRecordID>
      <Channel>Microsoft-Windows-Sysmon/Operational</Channel>
      <Computer>win-admin-01.corp.local</Computer>
      <Security/>
    </System>
    <EventData>
    <Data Name="ArtifactEventId">artifact-sysmon-20260706-007702</Data>
    <Data Name="Image">C:\Program Files\7-Zip\7z.exe</Data>
    <Data Name="CommandLine">svchost.exe -k netsvcs</Data>
    <Data Name="User">CORP\admin.li</Data>
    <Data Name="DestinationIp">10.20.30.41</Data>
    </EventData>
  </Event>
  <Event xmlns="http://schemas.microsoft.com/win/2004/08/events/event">
    <System>
      <Provider Name="Microsoft-Windows-Sysmon"/>
      <EventID>11</EventID>
      <Level>0</Level>
      <Task>0</Task>
      <Opcode>0</Opcode>
      <Keywords>0x8020000000000000</Keywords>
      <TimeCreated SystemTime="2026-07-02T16:56:25Z"/>
      <EventRecordID>485148</EventRecordID>
      <Channel>Microsoft-Windows-Sysmon/Operational</Channel>
      <Computer>file-srv-01.corp.local</Computer>
      <Security/>
    </System>
    <EventData>
    <Data Name="ArtifactEventId">artifact-sysmon-20260706-007468</Data>
    <Data Name="Image">C:\Windows\System32\svchost.exe</Data>
    <Data Name="CommandLine">svchost.exe -k netsvcs</Data>
    <Data Name="User">CORP\admin.li</Data>
    <Data Name="DestinationIp">203.0.113.188</Data>
    </EventData>
  </Event>
  <Event xmlns="http://schemas.microsoft.com/win/2004/08/events/event">
    <System>
      <Provider Name="Microsoft-Windows-Sysmon"/>
      <EventID>1</EventID>
      <Level>0</Level>
      <Task>0</Task>
      <Opcode>0</Opcode>
      <Keywords>0x8020000000000000</Keywords>
      <TimeCreated SystemTime="2026-07-02T16:57:03Z"/>
      <EventRecordID>497131</EventRecordID>
      <Channel>Microsoft-Windows-Sysmon/Operational</Channel>
      <Computer>ad-dc-01.corp.local</Computer>
      <Security/>
    </System>
    <EventData>
    <Data Name="ArtifactEventId">artifact-sysmon-20260706-001556</Data>
    <Data Name="Image">C:\Windows\System32\svchost.exe</Data>
    <Data Name="CommandLine">cmd.exe /c whoami</Data>
    <Data Name="User">CORP\admin.li</Data>
    <Data Name="DestinationIp">10.20.30.41</Data>
    </EventData>
  </Event>
  <Event xmlns="http://schemas.microsoft.com/win/2004/08/events/event">
    <System>
      <Provider Name="Microsoft-Windows-Sysmon"/>
      <EventID>7</EventID>
      <Level>0</Level>
      <Task>0</Task>
      <Opcode>0</Opcode>
      <Keywords>0x8020000000000000</Keywords>
      <TimeCreated SystemTime="2026-07-02T16:57:52Z"/>
      <EventRecordID>910872</EventRecordID>
      <Channel>Microsoft-Windows-Sysmon/Operational</Channel>
      <Computer>file-srv-01.corp.local</Computer>
      <Security/>
    </System>
    <EventData>
    <Data Name="ArtifactEventId">artifact-sysmon-20260706-003215</Data>
    <Data Name="Image">C:\Windows\System32\WindowsPowerShell\v1.0\powershell.exe</Data>
    <Data Name="CommandLine">svchost.exe -k netsvcs</Data>
    <Data Name="User">CORP\chen.yu</Data>
    <Data Name="DestinationIp">10.20.40.10</Data>
    </EventData>
  </Event>
  <Event xmlns="http://schemas.microsoft.com/win/2004/08/events/event">
    <System>
      <Provider Name="Microsoft-Windows-Sysmon"/>
      <EventID>1</EventID>
      <Level>0</Level>
      <Task>0</Task>
      <Opcode>0</Opcode>
      <Keywords>0x8020000000000000</Keywords>
      <TimeCreated SystemTime="2026-07-02T16:58:21Z"/>
      <EventRecordID>856716</EventRecordID>
      <Channel>Microsoft-Windows-Sysmon/Operational</Channel>
      <Computer>win-admin-01.corp.local</Computer>
      <Security/>
    </System>
    <EventData>
    <Data Name="ArtifactEventId">artifact-sysmon-20260706-006698</Data>
    <Data Name="Image">C:\Program Files\7-Zip\7z.exe</Data>
    <Data Name="CommandLine">cmd.exe /c whoami</Data>
    <Data Name="User">CORP\chen.yu</Data>
    <Data Name="DestinationIp">10.20.40.10</Data>
    </EventData>
  </Event>
  <Event xmlns="http://schemas.microsoft.com/win/2004/08/events/event">
    <System>
      <Provider Name="Microsoft-Windows-Sysmon"/>
      <EventID>22</EventID>
      <Level>0</Level>
      <Task>0</Task>
      <Opcode>0</Opcode>
      <Keywords>0x8020000000000000</Keywords>
      <TimeCreated SystemTime="2026-07-02T17:00:23Z"/>
      <EventRecordID>727547</EventRecordID>
      <Channel>Microsoft-Windows-Sysmon/Operational</Channel>
      <Computer>ad-dc-01.corp.local</Computer>
      <Security/>
    </System>
    <EventData>
    <Data Name="ArtifactEventId">artifact-sysmon-20260706-004026</Data>
    <Data Name="Image">C:\Windows\System32\cmd.exe</Data>
    <Data Name="CommandLine">svchost.exe -k netsvcs</Data>
    <Data Name="User">CORP\svc_backup</Data>
    <Data Name="DestinationIp">203.0.113.188</Data>
    </EventData>
  </Event>
  <Event xmlns="http://schemas.microsoft.com/win/2004/08/events/event">
    <System>
      <Provider Name="Microsoft-Windows-Sysmon"/>
      <EventID>11</EventID>
      <Level>0</Level>
      <Task>0</Task>
      <Opcode>0</Opcode>
      <Keywords>0x8020000000000000</Keywords>
      <TimeCreated SystemTime="2026-07-02T17:00:53Z"/>
      <EventRecordID>471948</EventRecordID>
      <Channel>Microsoft-Windows-Sysmon/Operational</Channel>
      <Computer>win-admin-01.corp.local</Computer>
      <Security/>
    </System>
    <EventData>
    <Data Name="ArtifactEventId">artifact-sysmon-20260706-004097</Data>
    <Data Name="Image">C:\Windows\System32\robocopy.exe</Data>
    <Data Name="CommandLine">cmd.exe /c whoami</Data>
    <Data Name="User">NT AUTHORITY\SYSTEM</Data>
    <Data Name="DestinationIp">203.0.113.188</Data>
    </EventData>
  </Event>
  <Event xmlns="http://schemas.microsoft.com/win/2004/08/events/event">
    <System>
      <Provider Name="Microsoft-Windows-Sysmon"/>
      <EventID>11</EventID>
      <Level>0</Level>
      <Task>0</Task>
      <Opcode>0</Opcode>
      <Keywords>0x8020000000000000</Keywords>
      <TimeCreated SystemTime="2026-07-02T17:01:39Z"/>
      <EventRecordID>468611</EventRecordID>
      <Channel>Microsoft-Windows-Sysmon/Operational</Channel>
      <Computer>win-admin-01.corp.local</Computer>
      <Security/>
    </System>
    <EventData>
    <Data Name="ArtifactEventId">artifact-sysmon-20260706-003393</Data>
    <Data Name="Image">C:\Windows\System32\WindowsPowerShell\v1.0\powershell.exe</Data>
    <Data Name="CommandLine">7z.exe l archive.7z</Data>
    <Data Name="User">NT AUTHORITY\SYSTEM</Data>
    <Data Name="DestinationIp">10.20.40.10</Data>
    </EventData>
  </Event>
  <Event xmlns="http://schemas.microsoft.com/win/2004/08/events/event">
    <System>
      <Provider Name="Microsoft-Windows-Sysmon"/>
      <EventID>1</EventID>
      <Level>0</Level>
      <Task>0</Task>
      <Opcode>0</Opcode>
      <Keywords>0x8020000000000000</Keywords>
      <TimeCreated SystemTime="2026-07-02T17:02:19Z"/>
      <EventRecordID>679098</EventRecordID>
      <Channel>Microsoft-Windows-Sysmon/Operational</Channel>
      <Computer>ad-dc-01.corp.local</Computer>
      <Security/>
    </System>
    <EventData>
    <Data Name="ArtifactEventId">artifact-sysmon-20260706-008907</Data>
    <Data Name="Image">C:\Windows\System32\robocopy.exe</Data>
    <Data Name="CommandLine">robocopy.exe C:\Data D:\Backup</Data>
    <Data Name="User">CORP\admin.li</Data>
    <Data Name="DestinationIp">10.20.40.10</Data>
    </EventData>
  </Event>
  <Event xmlns="http://schemas.microsoft.com/win/2004/08/events/event">
    <System>
      <Provider Name="Microsoft-Windows-Sysmon"/>
      <EventID>22</EventID>
      <Level>0</Level>
      <Task>0</Task>
      <Opcode>0</Opcode>
      <Keywords>0x8020000000000000</Keywords>
      <TimeCreated SystemTime="2026-07-02T17:02:21Z"/>
      <EventRecordID>130852</EventRecordID>
      <Channel>Microsoft-Windows-Sysmon/Operational</Channel>
      <Computer>file-srv-01.corp.local</Computer>
      <Security/>
    </System>
    <EventData>
    <Data Name="ArtifactEventId">artifact-sysmon-20260706-004887</Data>
    <Data Name="Image">C:\Windows\System32\WindowsPowerShell\v1.0\powershell.exe</Data>
    <Data Name="CommandLine">robocopy.exe C:\Data D:\Backup</Data>
    <Data Name="User">CORP\chen.yu</Data>
    <Data Name="DestinationIp">10.20.30.41</Data>
    </EventData>
  </Event>
  <Event xmlns="http://schemas.microsoft.com/win/2004/08/events/event">
    <System>
      <Provider Name="Microsoft-Windows-Sysmon"/>
      <EventID>22</EventID>
      <Level>0</Level>
      <Task>0</Task>
      <Opcode>0</Opcode>
      <Keywords>0x8020000000000000</Keywords>
      <TimeCreated SystemTime="2026-07-02T17:04:37Z"/>
      <EventRecordID>913764</EventRecordID>
      <Channel>Microsoft-Windows-Sysmon/Operational</Channel>
      <Computer>ad-dc-01.corp.local</Computer>
      <Security/>
    </System>
    <EventData>
    <Data Name="ArtifactEventId">artifact-sysmon-20260706-005117</Data>
    <Data Name="Image">C:\Windows\System32\cmd.exe</Data>
    <Data Name="CommandLine">7z.exe l archive.7z</Data>
    <Data Name="User">NT AUTHORITY\SYSTEM</Data>
    <Data Name="DestinationIp">10.20.30.41</Data>
    </EventData>
  </Event>
  <Event xmlns="http://schemas.microsoft.com/win/2004/08/events/event">
    <System>
      <Provider Name="Microsoft-Windows-Sysmon"/>
      <EventID>1</EventID>
      <Level>0</Level>
      <Task>0</Task>
      <Opcode>0</Opcode>
      <Keywords>0x8020000000000000</Keywords>
      <TimeCreated SystemTime="2026-07-02T17:04:46Z"/>
      <EventRecordID>570529</EventRecordID>
      <Channel>Microsoft-Windows-Sysmon/Operational</Channel>
      <Computer>finance-pc-07.corp.local</Computer>
      <Security/>
    </System>
    <EventData>
    <Data Name="ArtifactEventId">artifact-sysmon-20260706-006766</Data>
    <Data Name="Image">C:\Windows\System32\robocopy.exe</Data>
    <Data Name="CommandLine">cmd.exe /c whoami</Data>
    <Data Name="User">NT AUTHORITY\SYSTEM</Data>
    <Data Name="DestinationIp">10.20.30.41</Data>
    </EventData>
  </Event>
  <Event xmlns="http://schemas.microsoft.com/win/2004/08/events/event">
    <System>
      <Provider Name="Microsoft-Windows-Sysmon"/>
      <EventID>1</EventID>
      <Level>0</Level>
      <Task>0</Task>
      <Opcode>0</Opcode>
      <Keywords>0x8020000000000000</Keywords>
      <TimeCreated SystemTime="2026-07-02T17:04:56Z"/>
      <EventRecordID>513283</EventRecordID>
      <Channel>Microsoft-Windows-Sysmon/Operational</Channel>
      <Computer>ad-dc-01.corp.local</Computer>
      <Security/>
    </System>
    <EventData>
    <Data Name="ArtifactEventId">artifact-sysmon-20260706-002220</Data>
    <Data Name="Image">C:\Windows\System32\svchost.exe</Data>
    <Data Name="CommandLine">cmd.exe /c whoami</Data>
    <Data Name="User">CORP\svc_backup</Data>
    <Data Name="DestinationIp">203.0.113.188</Data>
    </EventData>
  </Event>
  <Event xmlns="http://schemas.microsoft.com/win/2004/08/events/event">
    <System>
      <Provider Name="Microsoft-Windows-Sysmon"/>
      <EventID>3</EventID>
      <Level>0</Level>
      <Task>0</Task>
      <Opcode>0</Opcode>
      <Keywords>0x8020000000000000</Keywords>
      <TimeCreated SystemTime="2026-07-02T17:06:31Z"/>
      <EventRecordID>846637</EventRecordID>
      <Channel>Microsoft-Windows-Sysmon/Operational</Channel>
      <Computer>finance-pc-07.corp.local</Computer>
      <Security/>
    </System>
    <EventData>
    <Data Name="ArtifactEventId">artifact-sysmon-20260706-004277</Data>
    <Data Name="Image">C:\Program Files\7-Zip\7z.exe</Data>
    <Data Name="CommandLine">7z.exe l archive.7z</Data>
    <Data Name="User">CORP\chen.yu</Data>
    <Data Name="DestinationIp">10.20.30.41</Data>
    </EventData>
  </Event>
  <Event xmlns="http://schemas.microsoft.com/win/2004/08/events/event">
    <System>
      <Provider Name="Microsoft-Windows-Sysmon"/>
      <EventID>22</EventID>
      <Level>0</Level>
      <Task>0</Task>
      <Opcode>0</Opcode>
      <Keywords>0x8020000000000000</Keywords>
      <TimeCreated SystemTime="2026-07-02T17:06:36Z"/>
      <EventRecordID>288877</EventRecordID>
      <Channel>Microsoft-Windows-Sysmon/Operational</Channel>
      <Computer>file-srv-01.corp.local</Computer>
      <Security/>
    </System>
    <EventData>
    <Data Name="ArtifactEventId">artifact-sysmon-20260706-004492</Data>
    <Data Name="Image">C:\Windows\System32\WindowsPowerShell\v1.0\powershell.exe</Data>
    <Data Name="CommandLine">svchost.exe -k netsvcs</Data>
    <Data Name="User">NT AUTHORITY\SYSTEM</Data>
    <Data Name="DestinationIp">10.20.30.41</Data>
    </EventData>
  </Event>
  <Event xmlns="http://schemas.microsoft.com/win/2004/08/events/event">
    <System>
      <Provider Name="Microsoft-Windows-Sysmon"/>
      <EventID>7</EventID>
      <Level>0</Level>
      <Task>0</Task>
      <Opcode>0</Opcode>
      <Keywords>0x8020000000000000</Keywords>
      <TimeCreated SystemTime="2026-07-02T17:07:01Z"/>
      <EventRecordID>278432</EventRecordID>
      <Channel>Microsoft-Windows-Sysmon/Operational</Channel>
      <Computer>ad-dc-01.corp.local</Computer>
      <Security/>
    </System>
    <EventData>
    <Data Name="ArtifactEventId">artifact-sysmon-20260706-007068</Data>
    <Data Name="Image">C:\Program Files\7-Zip\7z.exe</Data>
    <Data Name="CommandLine">cmd.exe /c whoami</Data>
    <Data Name="User">CORP\admin.li</Data>
    <Data Name="DestinationIp">10.20.40.10</Data>
    </EventData>
  </Event>
  <Event xmlns="http://schemas.microsoft.com/win/2004/08/events/event">
    <System>
      <Provider Name="Microsoft-Windows-Sysmon"/>
      <EventID>1</EventID>
      <Level>0</Level>
      <Task>0</Task>
      <Opcode>0</Opcode>
      <Keywords>0x8020000000000000</Keywords>
      <TimeCreated SystemTime="2026-07-02T17:07:18Z"/>
      <EventRecordID>189208</EventRecordID>
      <Channel>Microsoft-Windows-Sysmon/Operational</Channel>
      <Computer>finance-pc-07.corp.local</Computer>
      <Security/>
    </System>
    <EventData>
    <Data Name="ArtifactEventId">artifact-sysmon-20260706-005589</Data>
    <Data Name="Image">C:\Windows\System32\cmd.exe</Data>
    <Data Name="CommandLine">cmd.exe /c whoami</Data>
    <Data Name="User">CORP\svc_backup</Data>
    <Data Name="DestinationIp">10.20.40.10</Data>
    </EventData>
  </Event>
  <Event xmlns="http://schemas.microsoft.com/win/2004/08/events/event">
    <System>
      <Provider Name="Microsoft-Windows-Sysmon"/>
      <EventID>1</EventID>
      <Level>0</Level>
      <Task>0</Task>
      <Opcode>0</Opcode>
      <Keywords>0x8020000000000000</Keywords>
      <TimeCreated SystemTime="2026-07-02T17:07:37Z"/>
      <EventRecordID>705668</EventRecordID>
      <Channel>Microsoft-Windows-Sysmon/Operational</Channel>
      <Computer>file-srv-01.corp.local</Computer>
      <Security/>
    </System>
    <EventData>
    <Data Name="ArtifactEventId">artifact-sysmon-20260706-000050</Data>
    <Data Name="Image">C:\Windows\System32\svchost.exe</Data>
    <Data Name="CommandLine">robocopy.exe C:\Data D:\Backup</Data>
    <Data Name="User">CORP\admin.li</Data>
    <Data Name="DestinationIp">203.0.113.188</Data>
    </EventData>
  </Event>
  <Event xmlns="http://schemas.microsoft.com/win/2004/08/events/event">
    <System>
      <Provider Name="Microsoft-Windows-Sysmon"/>
      <EventID>22</EventID>
      <Level>0</Level>
      <Task>0</Task>
      <Opcode>0</Opcode>
      <Keywords>0x8020000000000000</Keywords>
      <TimeCreated SystemTime="2026-07-02T17:08:21Z"/>
      <EventRecordID>571122</EventRecordID>
      <Channel>Microsoft-Windows-Sysmon/Operational</Channel>
      <Computer>finance-pc-07.corp.local</Computer>
      <Security/>
    </System>
    <EventData>
    <Data Name="ArtifactEventId">artifact-sysmon-20260706-000038</Data>
    <Data Name="Image">C:\Windows\System32\robocopy.exe</Data>
    <Data Name="CommandLine">robocopy.exe C:\Data D:\Backup</Data>
    <Data Name="User">CORP\svc_backup</Data>
    <Data Name="DestinationIp">10.20.40.10</Data>
    </EventData>
  </Event>
  