<Event xmlns="http://schemas.microsoft.com/win/2004/08/events/event">
    <System>
      <Provider Name="Microsoft-Windows-Sysmon"/>
      <EventID>22</EventID>
      <Level>0</Level>
      <Task>0</Task>
      <Opcode>0</Opcode>
      <Keywords>0x8020000000000000</Keywords>
      <TimeCreated SystemTime="2026-07-01T18:49:58Z"/>
      <EventRecordID>988544</EventRecordID>
      <Channel>Microsoft-Windows-Sysmon/Operational</Channel>
      <Computer>finance-pc-07.corp.local</Computer>
      <Security/>
    </System>
    <EventData>
    <Data Name="ArtifactEventId">artifact-sysmon-20260706-001530</Data>
    <Data Name="Image">C:\Program Files\7-Zip\7z.exe</Data>
    <Data Name="CommandLine">powershell.exe -NoP -Command Get-Process</Data>
    <Data Name="User">NT AUTHORITY\SYSTEM</Data>
    <Data Name="DestinationIp">10.20.40.10</Data>
    </EventData>
  </Event>
  <Event xmlns="http://schemas.microsoft.com/win/2004/08/events/event">
    <System>
      <Provider Name="Microsoft-Windows-Sysmon"/>
      <EventID>11</EventID>
      <Level>0</Level>
      <Task>0</Task>
      <Opcode>0</Opcode>
      <Keywords>0x8020000000000000</Keywords>
      <TimeCreated SystemTime="2026-07-01T18:50:37Z"/>
      <EventRecordID>593172</EventRecordID>
      <Channel>Microsoft-Windows-Sysmon/Operational</Channel>
      <Computer>finance-pc-07.corp.local</Computer>
      <Security/>
    </System>
    <EventData>
    <Data Name="ArtifactEventId">artifact-sysmon-20260706-008297</Data>
    <Data Name="Image">C:\Windows\System32\WindowsPowerShell\v1.0\powershell.exe</Data>
    <Data Name="CommandLine">powershell.exe -NoP -Command Get-Process</Data>
    <Data Name="User">CORP\admin.li</Data>
    <Data Name="DestinationIp">203.0.113.188</Data>
    </EventData>
  </Event>
  <Event xmlns="http://schemas.microsoft.com/win/2004/08/events/event">
    <System>
      <Provider Name="Microsoft-Windows-Sysmon"/>
      <EventID>3</EventID>
      <Level>0</Level>
      <Task>0</Task>
      <Opcode>0</Opcode>
      <Keywords>0x8020000000000000</Keywords>
      <TimeCreated SystemTime="2026-07-01T18:51:15Z"/>
      <EventRecordID>215774</EventRecordID>
      <Channel>Microsoft-Windows-Sysmon/Operational</Channel>
      <Computer>finance-pc-07.corp.local</Computer>
      <Security/>
    </System>
    <EventData>
    <Data Name="ArtifactEventId">artifact-sysmon-20260706-003724</Data>
    <Data Name="Image">C:\Windows\System32\robocopy.exe</Data>
    <Data Name="CommandLine">robocopy.exe C:\Data D:\Backup</Data>
    <Data Name="User">CORP\svc_backup</Data>
    <Data Name="DestinationIp">10.20.40.10</Data>
    </EventData>
  </Event>
  <Event xmlns="http://schemas.microsoft.com/win/2004/08/events/event">
    <System>
      <Provider Name="Microsoft-Windows-Sysmon"/>
      <EventID>7</EventID>
      <Level>0</Level>
      <Task>0</Task>
      <Opcode>0</Opcode>
      <Keywords>0x8020000000000000</Keywords>
      <TimeCreated SystemTime="2026-07-01T18:51:19Z"/>
      <EventRecordID>386129</EventRecordID>
      <Channel>Microsoft-Windows-Sysmon/Operational</Channel>
      <Computer>win-admin-01.corp.local</Computer>
      <Security/>
    </System>
    <EventData>
    <Data Name="ArtifactEventId">artifact-sysmon-20260706-002567</Data>
    <Data Name="Image">C:\Program Files\7-Zip\7z.exe</Data>
    <Data Name="CommandLine">powershell.exe -NoP -Command Get-Process</Data>
    <Data Name="User">NT AUTHORITY\SYSTEM</Data>
    <Data Name="DestinationIp">10.20.30.41</Data>
    </EventData>
  </Event>
  <Event xmlns="http://schemas.microsoft.com/win/2004/08/events/event">
    <System>
      <Provider Name="Microsoft-Windows-Sysmon"/>
      <EventID>22</EventID>
      <Level>0</Level>
      <Task>0</Task>
      <Opcode>0</Opcode>
      <Keywords>0x8020000000000000</Keywords>
      <TimeCreated SystemTime="2026-07-01T18:51:22Z"/>
      <EventRecordID>157504</EventRecordID>
      <Channel>Microsoft-Windows-Sysmon/Operational</Channel>
      <Computer>ad-dc-01.corp.local</Computer>
      <Security/>
    </System>
    <EventData>
    <Data Name="ArtifactEventId">artifact-sysmon-20260706-003887</Data>
    <Data Name="Image">C:\Windows\System32\WindowsPowerShell\v1.0\powershell.exe</Data>
    <Data Name="CommandLine">svchost.exe -k netsvcs</Data>
    <Data Name="User">CORP\svc_backup</Data>
    <Data Name="DestinationIp">10.20.40.10</Data>
    </EventData>
  </Event>
  <Event xmlns="http://schemas.microsoft.com/win/2004/08/events/event">
    <System>
      <Provider Name="Microsoft-Windows-Sysmon"/>
      <EventID>11</EventID>
      <Level>0</Level>
      <Task>0</Task>
      <Opcode>0</Opcode>
      <Keywords>0x8020000000000000</Keywords>
      <TimeCreated SystemTime="2026-07-01T18:51:33Z"/>
      <EventRecordID>230729</EventRecordID>
      <Channel>Microsoft-Windows-Sysmon/Operational</Channel>
      <Computer>win-admin-01.corp.local</Computer>
      <Security/>
    </System>
    <EventData>
    <Data Name="ArtifactEventId">artifact-sysmon-20260706-005374</Data>
    <Data Name="Image">C:\Windows\System32\robocopy.exe</Data>
    <Data Name="CommandLine">7z.exe l archive.7z</Data>
    <Data Name="User">CORP\svc_backup</Data>
    <Data Name="DestinationIp">203.0.113.188</Data>
    </EventData>
  </Event>
  <Event xmlns="http://schemas.microsoft.com/win/2004/08/events/event">
    <System>
      <Provider Name="Microsoft-Windows-Sysmon"/>
      <EventID>1</EventID>
      <Level>0</Level>
      <Task>0</Task>
      <Opcode>0</Opcode>
      <Keywords>0x8020000000000000</Keywords>
      <TimeCreated SystemTime="2026-07-01T18:52:22Z"/>
      <EventRecordID>810616</EventRecordID>
      <Channel>Microsoft-Windows-Sysmon/Operational</Channel>
      <Computer>win-admin-01.corp.local</Computer>
      <Security/>
    </System>
    <EventData>
    <Data Name="ArtifactEventId">artifact-sysmon-20260706-005187</Data>
    <Data Name="Image">C:\Program Files\7-Zip\7z.exe</Data>
    <Data Name="CommandLine">robocopy.exe C:\Data D:\Backup</Data>
    <Data Name="User">CORP\svc_backup</Data>
    <Data Name="DestinationIp">10.20.40.10</Data>
    </EventData>
  </Event>
  <Event xmlns="http://schemas.microsoft.com/win/2004/08/events/event">
    <System>
      <Provider Name="Microsoft-Windows-Sysmon"/>
      <EventID>1</EventID>
      <Level>0</Level>
      <Task>0</Task>
      <Opcode>0</Opcode>
      <Keywords>0x8020000000000000</Keywords>
      <TimeCreated SystemTime="2026-07-01T18:53:20Z"/>
      <EventRecordID>607464</EventRecordID>
      <Channel>Microsoft-Windows-Sysmon/Operational</Channel>
      <Computer>finance-pc-07.corp.local</Computer>
      <Security/>
    </System>
    <EventData>
    <Data Name="ArtifactEventId">artifact-sysmon-20260706-004851</Data>
    <Data Name="Image">C:\Windows\System32\svchost.exe</Data>
    <Data Name="CommandLine">svchost.exe -k netsvcs</Data>
    <Data Name="User">CORP\svc_backup</Data>
    <Data Name="DestinationIp">203.0.113.188</Data>
    </EventData>
  </Event>
  <Event xmlns="http://schemas.microsoft.com/win/2004/08/events/event">
    <System>
      <Provider Name="Microsoft-Windows-Sysmon"/>
      <EventID>1</EventID>
      <Level>0</Level>
      <Task>0</Task>
      <Opcode>0</Opcode>
      <Keywords>0x8020000000000000</Keywords>
      <TimeCreated SystemTime="2026-07-01T18:54:44Z"/>
      <EventRecordID>786289</EventRecordID>
      <Channel>Microsoft-Windows-Sysmon/Operational</Channel>
      <Computer>ad-dc-01.corp.local</Computer>
      <Security/>
    </System>
    <EventData>
    <Data Name="ArtifactEventId">artifact-sysmon-20260706-002556</Data>
    <Data Name="Image">C:\Windows\System32\cmd.exe</Data>
    <Data Name="CommandLine">7z.exe l archive.7z</Data>
    <Data Name="User">CORP\chen.yu</Data>
    <Data Name="DestinationIp">10.20.30.41</Data>
    </EventData>
  </Event>
  <Event xmlns="http://schemas.microsoft.com/win/2004/08/events/event">
    <System>
      <Provider Name="Microsoft-Windows-Sysmon"/>
      <EventID>3</EventID>
      <Level>0</Level>
      <Task>0</Task>
      <Opcode>0</Opcode>
      <Keywords>0x8020000000000000</Keywords>
      <TimeCreated SystemTime="2026-07-01T18:57:14Z"/>
      <EventRecordID>407311</EventRecordID>
      <Channel>Microsoft-Windows-Sysmon/Operational</Channel>
      <Computer>finance-pc-07.corp.local</Computer>
      <Security/>
    </System>
    <EventData>
    <Data Name="ArtifactEventId">artifact-sysmon-20260706-007376</Data>
    <Data Name="Image">C:\Program Files\7-Zip\7z.exe</Data>
    <Data Name="CommandLine">powershell.exe -NoP -Command Get-Process</Data>
    <Data Name="User">CORP\chen.yu</Data>
    <Data Name="DestinationIp">203.0.113.188</Data>
    </EventData>
  </Event>
  <Event xmlns="http://schemas.microsoft.com/win/2004/08/events/event">
    <System>
      <Provider Name="Microsoft-Windows-Sysmon"/>
      <EventID>1</EventID>
      <Level>0</Level>
      <Task>0</Task>
      <Opcode>0</Opcode>
      <Keywords>0x8020000000000000</Keywords>
      <TimeCreated SystemTime="2026-07-01T18:57:17Z"/>
      <EventRecordID>319430</EventRecordID>
      <Channel>Microsoft-Windows-Sysmon/Operational</Channel>
      <Computer>file-srv-01.corp.local</Computer>
      <Security/>
    </System>
    <EventData>
    <Data Name="ArtifactEventId">artifact-sysmon-20260706-000199</Data>
    <Data Name="Image">C:\Windows\System32\WindowsPowerShell\v1.0\powershell.exe</Data>
    <Data Name="CommandLine">7z.exe l archive.7z</Data>
    <Data Name="User">CORP\chen.yu</Data>
    <Data Name="DestinationIp">10.20.40.10</Data>
    </EventData>
  </Event>
  <Event xmlns="http://schemas.microsoft.com/win/2004/08/events/event">
    <System>
      <Provider Name="Microsoft-Windows-Sysmon"/>
      <EventID>11</EventID>
      <Level>0</Level>
      <Task>0</Task>
      <Opcode>0</Opcode>
      <Keywords>0x8020000000000000</Keywords>
      <TimeCreated SystemTime="2026-07-01T18:57:28Z"/>
      <EventRecordID>814855</EventRecordID>
      <Channel>Microsoft-Windows-Sysmon/Operational</Channel>
      <Computer>ad-dc-01.corp.local</Computer>
      <Security/>
    </System>
    <EventData>
    <Data Name="ArtifactEventId">artifact-sysmon-20260706-000515</Data>
    <Data Name="Image">C:\Windows\System32\WindowsPowerShell\v1.0\powershell.exe</Data>
    <Data Name="CommandLine">7z.exe l archive.7z</Data>
    <Data Name="User">NT AUTHORITY\SYSTEM</Data>
    <Data Name="DestinationIp">10.20.40.10</Data>
    </EventData>
  </Event>
  <Event xmlns="http://schemas.microsoft.com/win/2004/08/events/event">
    <System>
      <Provider Name="Microsoft-Windows-Sysmon"/>
      <EventID>11</EventID>
      <Level>0</Level>
      <Task>0</Task>
      <Opcode>0</Opcode>
      <Keywords>0x8020000000000000</Keywords>
      <TimeCreated SystemTime="2026-07-01T18:58:43Z"/>
      <EventRecordID>405723</EventRecordID>
      <Channel>Microsoft-Windows-Sysmon/Operational</Channel>
      <Computer>finance-pc-07.corp.local</Computer>
      <Security/>
    </System>
    <EventData>
    <Data Name="ArtifactEventId">artifact-sysmon-20260706-000983</Data>
    <Data Name="Image">C:\Windows\System32\cmd.exe</Data>
    <Data Name="CommandLine">powershell.exe -NoP -Command Get-Process</Data>
    <Data Name="User">CORP\svc_backup</Data>
    <Data Name="DestinationIp">203.0.113.188</Data>
    </EventData>
  </Event>
  <Event xmlns="http://schemas.microsoft.com/win/2004/08/events/event">
    <System>
      <Provider Name="Microsoft-Windows-Sysmon"/>
      <EventID>1</EventID>
      <Level>0</Level>
      <Task>0</Task>
      <Opcode>0</Opcode>
      <Keywords>0x8020000000000000</Keywords>
      <TimeCreated SystemTime="2026-07-01T18:59:31Z"/>
      <EventRecordID>171042</EventRecordID>
      <Channel>Microsoft-Windows-Sysmon/Operational</Channel>
      <Computer>file-srv-01.corp.local</Computer>
      <Security/>
    </System>
    <EventData>
    <Data Name="ArtifactEventId">artifact-sysmon-20260706-007804</Data>
    <Data Name="Image">C:\Windows\System32\cmd.exe</Data>
    <Data Name="CommandLine">robocopy.exe C:\Data D:\Backup</Data>
    <Data Name="User">CORP\admin.li</Data>
    <Data Name="DestinationIp">10.20.40.10</Data>
    </EventData>
  </Event>
  <Event xmlns="http://schemas.microsoft.com/win/2004/08/events/event">
    <System>
      <Provider Name="Microsoft-Windows-Sysmon"/>
      <EventID>11</EventID>
      <Level>0</Level>
      <Task>0</Task>
      <Opcode>0</Opcode>
      <Keywords>0x8020000000000000</Keywords>
      <TimeCreated SystemTime="2026-07-01T18:59:58Z"/>
      <EventRecordID>526817</EventRecordID>
      <Channel>Microsoft-Windows-Sysmon/Operational</Channel>
      <Computer>file-srv-01.corp.local</Computer>
      <Security/>
    </System>
    <EventData>
    <Data Name="ArtifactEventId">artifact-sysmon-20260706-007608</Data>
    <Data Name="Image">C:\Program Files\7-Zip\7z.exe</Data>
    <Data Name="CommandLine">powershell.exe -NoP -Command Get-Process</Data>
    <Data Name="User">CORP\admin.li</Data>
    <Data Name="DestinationIp">203.0.113.188</Data>
    </EventData>
  </Event>
  <Event xmlns="http://schemas.microsoft.com/win/2004/08/events/event">
    <System>
      <Provider Name="Microsoft-Windows-Sysmon"/>
      <EventID>22</EventID>
      <Level>0</Level>
      <Task>0</Task>
      <Opcode>0</Opcode>
      <Keywords>0x8020000000000000</Keywords>
      <TimeCreated SystemTime="2026-07-01T19:00:09Z"/>
      <EventRecordID>707554</EventRecordID>
      <Channel>Microsoft-Windows-Sysmon/Operational</Channel>
      <Computer>finance-pc-07.corp.local</Computer>
      <Security/>
    </System>
    <EventData>
    <Data Name="ArtifactEventId">artifact-sysmon-20260706-000304</Data>
    <Data Name="Image">C:\Windows\System32\robocopy.exe</Data>
    <Data Name="CommandLine">robocopy.exe C:\Data D:\Backup</Data>
    <Data Name="User">CORP\chen.yu</Data>
    <Data Name="DestinationIp">10.20.30.41</Data>
    </EventData>
  </Event>
  <Event xmlns="http://schemas.microsoft.com/win/2004/08/events/event">
    <System>
      <Provider Name="Microsoft-Windows-Sysmon"/>
      <EventID>7</EventID>
      <Level>0</Level>
      <Task>0</Task>
      <Opcode>0</Opcode>
      <Keywords>0x8020000000000000</Keywords>
      <TimeCreated SystemTime="2026-07-01T19:01:19Z"/>
      <EventRecordID>356291</EventRecordID>
      <Channel>Microsoft-Windows-Sysmon/Operational</Channel>
      <Computer>file-srv-01.corp.local</Computer>
      <Security/>
    </System>
    <EventData>
    <Data Name="ArtifactEventId">artifact-sysmon-20260706-008825</Data>
    <Data Name="Image">C:\Program Files\7-Zip\7z.exe</Data>
    <Data Name="CommandLine">powershell.exe -NoP -Command Get-Process</Data>
    <Data Name="User">CORP\svc_backup</Data>
    <Data Name="DestinationIp">10.20.40.10</Data>
    </EventData>
  </Event>
  <Event xmlns="http://schemas.microsoft.com/win/2004/08/events/event">
    <System>
      <Provider Name="Microsoft-Windows-Sysmon"/>
      <EventID>3</EventID>
      <Level>0</Level>
      <Task>0</Task>
      <Opcode>0</Opcode>
      <Keywords>0x8020000000000000</Keywords>
      <TimeCreated SystemTime="2026-07-01T19:01:36Z"/>
      <EventRecordID>766878</EventRecordID>
      <Channel>Microsoft-Windows-Sysmon/Operational</Channel>
      <Computer>file-srv-01.corp.local</Computer>
      <Security/>
    </System>
    <EventData>
    <Data Name="ArtifactEventId">artifact-sysmon-20260706-002758</Data>
    <Data Name="Image">C:\Windows\System32\robocopy.exe</Data>
    <Data Name="CommandLine">svchost.exe -k netsvcs</Data>
    <Data Name="User">CORP\svc_backup</Data>
    <Data Name="DestinationIp">10.20.40.10</Data>
    </EventData>
  </Event>
  <Event xmlns="http://schemas.microsoft.com/win/2004/08/events/event">
    <System>
      <Provider Name="Microsoft-Windows-Sysmon"/>
      <EventID>22</EventID>
      <Level>0</Level>
      <Task>0</Task>
      <Opcode>0</Opcode>
      <Keywords>0x8020000000000000</Keywords>
      <TimeCreated SystemTime="2026-07-01T19:01:52Z"/>
      <EventRecordID>519107</EventRecordID>
      <Channel>Microsoft-Windows-Sysmon/Operational</Channel>
      <Computer>file-srv-01.corp.local</Computer>
      <Security/>
    </System>
    <EventData>
    <Data Name="ArtifactEventId">artifact-sysmon-20260706-002898</Data>
    <Data Name="Image">C:\Windows\System32\svchost.exe</Data>
    <Data Name="CommandLine">cmd.exe /c whoami</Data>
    <Data Name="User">NT AUTHORITY\SYSTEM</Data>
    <Data Name="DestinationIp">10.20.30.41</Data>
    </EventData>
  </Event>
  <Event xmlns="http://schemas.microsoft.com/win/2004/08/events/event">
    <System>
      <Provider Name="Microsoft-Windows-Sysmon"/>
      <EventID>11</EventID>
      <Level>0</Level>
      <Task>0</Task>
      <Opcode>0</Opcode>
      <Keywords>0x8020000000000000</Keywords>
      <TimeCreated SystemTime="2026-07-01T19:02:13Z"/>
      <EventRecordID>661799</EventRecordID>
      <Channel>Microsoft-Windows-Sysmon/Operational</Channel>
      <Computer>ad-dc-01.corp.local</Computer>
      <Security/>
    </System>
    <EventData>
    <Data Name="ArtifactEventId">artifact-sysmon-20260706-000338</Data>
    <Data Name="Image">C:\Program Files\7-Zip\7z.exe</Data>
    <Data Name="CommandLine">robocopy.exe C:\Data D:\Backup</Data>
    <Data Name="User">CORP\svc_backup</Data>
    <Data Name="DestinationIp">10.20.30.41</Data>
    </EventData>
  </Event>
  <Event xmlns="http://schemas.microsoft.com/win/2004/08/events/event">
    <System>
      <Provider Name="Microsoft-Windows-Sysmon"/>
      <EventID>1</EventID>
      <Level>0</Level>
      <Task>0</Task>
      <Opcode>0</Opcode>
      <Keywords>0x8020000000000000</Keywords>
      <TimeCreated SystemTime="2026-07-01T19:02:37Z"/>
      <EventRecordID>103930</EventRecordID>
      <Channel>Microsoft-Windows-Sysmon/Operational</Channel>
      <Computer>finance-pc-07.corp.local</Computer>
      <Security/>
    </System>
    <EventData>
    <Data Name="ArtifactEventId">artifact-sysmon-20260706-007973</Data>
    <Data Name="Image">C:\Windows\System32\WindowsPowerShell\v1.0\powershell.exe</Data>
    <Data Name="CommandLine">robocopy.exe C:\Data D:\Backup</Data>
    <Data Name="User">CORP\svc_backup</Data>
    <Data Name="DestinationIp">10.20.40.10</Data>
    </EventData>
  </Event>
  <Event xmlns="http://schemas.microsoft.com/win/2004/08/events/event">
    <System>
      <Provider Name="Microsoft-Windows-Sysmon"/>
      <EventID>11</EventID>
      <Level>0</Level>
      <Task>0</Task>
      <Opcode>0</Opcode>
      <Keywords>0x8020000000000000</Keywords>
      <TimeCreated SystemTime="2026-07-01T19:03:13Z"/>
      <EventRecordID>383182</EventRecordID>
      <Channel>Microsoft-Windows-Sysmon/Operational</Channel>
      <Computer>win-admin-01.corp.local</Computer>
      <Security/>
    </System>
    <EventData>
    <Data Name="ArtifactEventId">artifact-sysmon-20260706-002117</Data>
    <Data Name="Image">C:\Windows\System32\robocopy.exe</Data>
    <Data Name="CommandLine">svchost.exe -k netsvcs</Data>
    <Data Name="User">NT AUTHORITY\SYSTEM</Data>
    <Data Name="DestinationIp">10.20.40.10</Data>
    </EventData>
  </Event>
  <Event xmlns="http://schemas.microsoft.com/win/2004/08/events/event">
    <System>
      <Provider Name="Microsoft-Windows-Sysmon"/>
      <EventID>1</EventID>
      <Level>0</Level>
      <Task>0</Task>
      <Opcode>0</Opcode>
      <Keywords>0x8020000000000000</Keywords>
      <TimeCreated SystemTime="2026-07-01T19:03:53Z"/>
      <EventRecordID>741498</EventRecordID>
      <Channel>Microsoft-Windows-Sysmon/Operational</Channel>
      <Computer>ad-dc-01.corp.local</Computer>
      <Security/>
    </System>
    <EventData>
    <Data Name="ArtifactEventId">artifact-sysmon-20260706-008124</Data>
    <Data Name="Image">C:\Windows\System32\robocopy.exe</Data>
    <Data Name="CommandLine">svchost.exe -k netsvcs</Data>
    <Data Name="User">NT AUTHORITY\SYSTEM</Data>
    <Data Name="DestinationIp">10.20.30.41</Data>
    </EventData>
  </Event>
  <Event xmlns="http://schemas.microsoft.com/win/2004/08/events/event">
    <System>
      <Provider Name="Microsoft-Windows-Sysmon"/>
      <EventID>3</EventID>
      <Level>0</Level>
      <Task>0</Task>
      <Opcode>0</Opcode>
      <Keywords>0x8020000000000000</Keywords>
      <TimeCreated SystemTime="2026-07-01T19:04:03Z"/>
      <EventRecordID>215939</EventRecordID>
      <Channel>Microsoft-Windows-Sysmon/Operational</Channel>
      <Computer>file-srv-01.corp.local</Computer>
      <Security/>
    </System>
    <EventData>
    <Data Name="ArtifactEventId">artifact-sysmon-20260706-006147</Data>
    <Data Name="Image">C:\Windows\System32\svchost.exe</Data>
    <Data Name="CommandLine">robocopy.exe C:\Data D:\Backup</Data>
    <Data Name="User">CORP\admin.li</Data>
    <Data Name="DestinationIp">10.20.40.10</Data>
    </EventData>
  </Event>
  <Event xmlns="http://schemas.microsoft.com/win/2004/08/events/event">
    <System>
      <Provider Name="Microsoft-Windows-Sysmon"/>
      <EventID>1</EventID>
      <Level>0</Level>
      <Task>0</Task>
      <Opcode>0</Opcode>
      <Keywords>0x8020000000000000</Keywords>
      <TimeCreated SystemTime="2026-07-01T19:05:11Z"/>
      <EventRecordID>538346</EventRecordID>
      <Channel>Microsoft-Windows-Sysmon/Operational</Channel>
      <Computer>file-srv-01.corp.local</Computer>
      <Security/>
    </System>
    <EventData>
    <Data Name="ArtifactEventId">artifact-sysmon-20260706-006306</Data>
    <Data Name="Image">C:\Program Files\7-Zip\7z.exe</Data>
    <Data Name="CommandLine">7z.exe l archive.7z</Data>
    <Data Name="User">CORP\chen.yu</Data>
    <Data Name="DestinationIp">203.0.113.188</Data>
    </EventData>
  </Event>
  <Event xmlns="http://schemas.microsoft.com/win/2004/08/events/event">
    <System>
      <Provider Name="Microsoft-Windows-Sysmon"/>
      <EventID>22</EventID>
      <Level>0</Level>
      <Task>0</Task>
      <Opcode>0</Opcode>
      <Keywords>0x8020000000000000</Keywords>
      <TimeCreated SystemTime="2026-07-01T19:05:18Z"/>
      <EventRecordID>411925</EventRecordID>
      <Channel>Microsoft-Windows-Sysmon/Operational</Channel>
      <Computer>win-admin-01.corp.local</Computer>
      <Security/>
    </System>
    <EventData>
    <Data Name="ArtifactEventId">artifact-sysmon-20260706-005904</Data>
    <Data Name="Image">C:\Windows\System32\WindowsPowerShell\v1.0\powershell.exe</Data>
    <Data Name="CommandLine">cmd.exe /c whoami</Data>
    <Data Name="User">NT AUTHORITY\SYSTEM</Data>
    <Data Name="DestinationIp">10.20.30.41</Data>
    </EventData>
  </Event>
  <Event xmlns="http://schemas.microsoft.com/win/2004/08/events/event">
    <System>
      <Provider Name="Microsoft-Windows-Sysmon"/>
      <EventID>7</EventID>
      <Level>0</Level>
      <Task>0</Task>
      <Opcode>0</Opcode>
      <Keywords>0x8020000000000000</Keywords>
      <TimeCreated SystemTime="2026-07-01T19:05:40Z"/>
      <EventRecordID>582319</EventRecordID>
      <Channel>Microsoft-Windows-Sysmon/Operational</Channel>
      <Computer>win-admin-01.corp.local</Computer>
      <Security/>
    </System>
    <EventData>
    <Data Name="ArtifactEventId">artifact-sysmon-20260706-006750</Data>
    <Data Name="Image">C:\Windows\System32\cmd.exe</Data>
    <Data Name="CommandLine">powershell.exe -NoP -Command Get-Process</Data>
    <Data Name="User">CORP\chen.yu</Data>
    <Data Name="DestinationIp">10.20.30.41</Data>
    </EventData>
  </Event>
  <Event xmlns="http://schemas.microsoft.com/win/2004/08/events/event">
    <System>
      <Provider Name="Microsoft-Windows-Sysmon"/>
      <EventID>1</EventID>
      <Level>0</Level>
      <Task>0</Task>
      <Opcode>0</Opcode>
      <Keywords>0x8020000000000000</Keywords>
      <TimeCreated SystemTime="2026-07-01T19:06:09Z"/>
      <EventRecordID>142899</EventRecordID>
      <Channel>Microsoft-Windows-Sysmon/Operational</Channel>
      <Computer>file-srv-01.corp.local</Computer>
      <Security/>
    </System>
    <EventData>
    <Data Name="ArtifactEventId">artifact-sysmon-20260706-008109</Data>
    <Data Name="Image">C:\Windows\System32\svchost.exe</Data>
    <Data Name="CommandLine">7z.exe l archive.7z</Data>
    <Data Name="User">NT AUTHORITY\SYSTEM</Data>
    <Data Name="DestinationIp">10.20.30.41</Data>
    </EventData>
  </Event>
  <Event xmlns="http://schemas.microsoft.com/win/2004/08/events/event">
    <System>
      <Provider Name="Microsoft-Windows-Sysmon"/>
      <EventID>11</EventID>
      <Level>0</Level>
      <Task>0</Task>
      <Opcode>0</Opcode>
      <Keywords>0x8020000000000000</Keywords>
      <TimeCreated SystemTime="2026-07-01T19:06:51Z"/>
      <EventRecordID>924693</EventRecordID>
      <Channel>Microsoft-Windows-Sysmon/Operational</Channel>
      <Computer>win-admin-01.corp.local</Computer>
      <Security/>
    </System>
    <EventData>
    <Data Name="ArtifactEventId">artifact-sysmon-20260706-007328</Data>
    <Data Name="Image">C:\Windows\System32\cmd.exe</Data>
    <Data Name="CommandLine">7z.exe l archive.7z</Data>
    <Data Name="User">CORP\admin.li</Data>
    <Data Name="DestinationIp">10.20.40.10</Data>
    </EventData>
  </Event>
  <Event xmlns="http://schemas.microsoft.com/win/2004/08/events/event">
    <System>
      <Provider Name="Microsoft-Windows-Sysmon"/>
      <EventID>11</EventID>
      <Level>0</Level>
      <Task>0</Task>
      <Opcode>0</Opcode>
      <Keywords>0x8020000000000000</Keywords>
      <TimeCreated SystemTime="2026-07-01T19:07:11Z"/>
      <EventRecordID>226514</EventRecordID>
      <Channel>Microsoft-Windows-Sysmon/Operational</Channel>
      <Computer>file-srv-01.corp.local</Computer>
      <Security/>
    </System>
    <EventData>
    <Data Name="ArtifactEventId">artifact-sysmon-20260706-006426</Data>
    <Data Name="Image">C:\Program Files\7-Zip\7z.exe</Data>
    <Data Name="CommandLine">powershell.exe -NoP -Command Get-Process</Data>
    <Data Name="User">NT AUTHORITY\SYSTEM</Data>
    <Data Name="DestinationIp">10.20.30.41</Data>
    </EventData>
  </Event>
  <Event xmlns="http://schemas.microsoft.com/win/2004/08/events/event">
    <System>
      <Provider Name="Microsoft-Windows-Sysmon"/>
      <EventID>7</EventID>
      <Level>0</Level>
      <Task>0</Task>
      <Opcode>0</Opcode>
      <Keywords>0x8020000000000000</Keywords>
      <TimeCreated SystemTime="2026-07-01T19:08:19Z"/>
      <EventRecordID>606955</EventRecordID>
      <Channel>Microsoft-Windows-Sysmon/Operational</Channel>
      <Computer>file-srv-01.corp.local</Computer>
      <Security/>
    </System>
    <EventData>
    <Data Name="ArtifactEventId">artifact-sysmon-20260706-004133</Data>
    <Data Name="Image">C:\Program Files\7-Zip\7z.exe</Data>
    <Data Name="CommandLine">svchost.exe -k netsvcs</Data>
    <Data Name="User">CORP\chen.yu</Data>
    <Data Name="DestinationIp">10.20.30.41</Data>
    </EventData>
  </Event>
  <Event xmlns="http://schemas.microsoft.com/win/2004/08/events/event">
    <System>
      <Provider Name="Microsoft-Windows-Sysmon"/>
      <EventID>3</EventID>
      <Level>0</Level>
      <Task>0</Task>
      <Opcode>0</Opcode>
      <Keywords>0x8020000000000000</Keywords>
      <TimeCreated SystemTime="2026-07-01T19:08:51Z"/>
      <EventRecordID>668514</EventRecordID>
      <Channel>Microsoft-Windows-Sysmon/Operational</Channel>
      <Computer>ad-dc-01.corp.local</Computer>
      <Security/>
    </System>
    <EventData>
    <Data Name="ArtifactEventId">artifact-sysmon-20260706-004792</Data>
    <Data Name="Image">C:\Windows\System32\cmd.exe</Data>
    <Data Name="CommandLine">7z.exe l archive.7z</Data>
    <Data Name="User">CORP\chen.yu</Data>
    <Data Name="DestinationIp">203.0.113.188</Data>
    </EventData>
  </Event>
  <Event xmlns="http://schemas.microsoft.com/win/2004/08/events/event">
    <System>
      <Provider Name="Microsoft-Windows-Sysmon"/>
      <EventID>1</EventID>
      <Level>0</Level>
      <Task>0</Task>
      <Opcode>0</Opcode>
      <Keywords>0x8020000000000000</Keywords>
      <TimeCreated SystemTime="2026-07-01T19:08:55Z"/>
      <EventRecordID>688095</EventRecordID>
      <Channel>Microsoft-Windows-Sysmon/Operational</Channel>
      <Computer>finance-pc-07.corp.local</Computer>
      <Security/>
    </System>
    <EventData>
    <Data Name="ArtifactEventId">artifact-sysmon-20260706-002333</Data>
    <Data Name="Image">C:\Windows\System32\cmd.exe</Data>
    <Data Name="CommandLine">svchost.exe -k netsvcs</Data>
    <Data Name="User">CORP\chen.yu</Data>
    <Data Name="DestinationIp">10.20.40.10</Data>
    </EventData>
  </Event>
  <Event xmlns="http://schemas.microsoft.com/win/2004/08/events/event">
    <System>
      <Provider Name="Microsoft-Windows-Sysmon"/>
      <EventID>11</EventID>
      <Level>0</Level>
      <Task>0</Task>
      <Opcode>0</Opcode>
      <Keywords>0x8020000000000000</Keywords>
      <TimeCreated SystemTime="2026-07-01T19:09:01Z"/>
      <EventRecordID>647807</EventRecordID>
      <Channel>Microsoft-Windows-Sysmon/Operational</Channel>
      <Computer>win-admin-01.corp.local</Computer>
      <Security/>
    </System>
    <EventData>
    <Data Name="ArtifactEventId">artifact-sysmon-20260706-004415</Data>
    <Data Name="Image">C:\Windows\System32\svchost.exe</Data>
    <Data Name="CommandLine">cmd.exe /c whoami</Data>
    <Data Name="User">CORP\chen.yu</Data>
    <Data Name="DestinationIp">10.20.40.10</Data>
    </EventData>
  </Event>
  <Event xmlns="http://schemas.microsoft.com/win/2004/08/events/event">
    <System>
      <Provider Name="Microsoft-Windows-Sysmon"/>
      <EventID>11</EventID>
      <Level>0</Level>
      <Task>0</Task>
      <Opcode>0</Opcode>
      <Keywords>0x8020000000000000</Keywords>
      <TimeCreated SystemTime="2026-07-01T19:09:35Z"/>
      <EventRecordID>138049</EventRecordID>
      <Channel>Microsoft-Windows-Sysmon/Operational</Channel>
      <Computer>file-srv-01.corp.local</Computer>
      <Security/>
    </System>
    <EventData>
    <Data Name="ArtifactEventId">artifact-sysmon-20260706-001613</Data>
    <Data Name="Image">C:\Windows\System32\svchost.exe</Data>
    <Data Name="CommandLine">powershell.exe -NoP -Command Get-Process</Data>
    <Data Name="User">CORP\chen.yu</Data>
    <Data Name="DestinationIp">203.0.113.188</Data>
    </EventData>
  </Event>
  <Event xmlns="http://schemas.microsoft.com/win/2004/08/events/event">
    <System>
      <Provider Name="Microsoft-Windows-Sysmon"/>
      <EventID>11</EventID>
      <Level>0</Level>
      <Task>0</Task>
      <Opcode>0</Opcode>
      <Keywords>0x8020000000000000</Keywords>
      <TimeCreated SystemTime="2026-07-01T19:09:52Z"/>
      <EventRecordID>124208</EventRecordID>
      <Channel>Microsoft-Windows-Sysmon/Operational</Channel>
      <Computer>win-admin-01.corp.local</Computer>
      <Security/>
    </System>
    <EventData>
    <Data Name="ArtifactEventId">artifact-sysmon-20260706-000914</Data>
    <Data Name="Image">C:\Program Files\7-Zip\7z.exe</Data>
    <Data Name="CommandLine">cmd.exe /c whoami</Data>
    <Data Name="User">CORP\chen.yu</Data>
    <Data Name="DestinationIp">10.20.30.41</Data>
    </EventData>
  </Event>
  <Event xmlns="http://schemas.microsoft.com/win/2004/08/events/event">
    <System>
      <Provider Name="Microsoft-Windows-Sysmon"/>
      <EventID>3</EventID>
      <Level>0</Level>
      <Task>0</Task>
      <Opcode>0</Opcode>
      <Keywords>0x8020000000000000</Keywords>
      <TimeCreated SystemTime="2026-07-01T19:09:56Z"/>
      <EventRecordID>786707</EventRecordID>
      <Channel>Microsoft-Windows-Sysmon/Operational</Channel>
      <Computer>win-admin-01.corp.local</Computer>
      <Security/>
    </System>
    <EventData>
    <Data Name="ArtifactEventId">artifact-sysmon-20260706-003954</Data>
    <Data Name="Image">C:\Windows\System32\cmd.exe</Data>
    <Data Name="CommandLine">powershell.exe -NoP -Command Get-Process</Data>
    <Data Name="User">NT AUTHORITY\SYSTEM</Data>
    <Data Name="DestinationIp">10.20.30.41</Data>
    </EventData>
  </Event>
  <Event xmlns="http://schemas.microsoft.com/win/2004/08/events/event">
    <System>
      <Provider Name="Microsoft-Windows-Sysmon"/>
      <EventID>11</EventID>
      <Level>0</Level>
      <Task>0</Task>
      <Opcode>0</Opcode>
      <Keywords>0x8020000000000000</Keywords>
      <TimeCreated SystemTime="2026-07-01T19:10:12Z"/>
      <EventRecordID>844244</EventRecordID>
      <Channel>Microsoft-Windows-Sysmon/Operational</Channel>
      <Computer>ad-dc-01.corp.local</Computer>
      <Security/>
    </System>
    <EventData>
    <Data Name="ArtifactEventId">artifact-sysmon-20260706-007166</Data>
    <Data Name="Image">C:\Windows\System32\svchost.exe</Data>
    <Data Name="CommandLine">robocopy.exe C:\Data D:\Backup</Data>
    <Data Name="User">CORP\chen.yu</Data>
    <Data Name="DestinationIp">203.0.113.188</Data>
    </EventData>
  </Event>
  <Event xmlns="http://schemas.microsoft.com/win/2004/08/events/event">
    <System>
      <Provider Name="Microsoft-Windows-Sysmon"/>
      <EventID>11</EventID>
      <Level>0</Level>
      <Task>0</Task>
      <Opcode>0</Opcode>
      <Keywords>0x8020000000000000</Keywords>
      <TimeCreated SystemTime="2026-07-01T19:12:58Z"/>
      <EventRecordID>479415</EventRecordID>
      <Channel>Microsoft-Windows-Sysmon/Operational</Channel>
      <Computer>ad-dc-01.corp.local</Computer>
      <Security/>
    </System>
    <EventData>
    <Data Name="ArtifactEventId">artifact-sysmon-20260706-003563</Data>
    <Data Name="Image">C:\Windows\System32\WindowsPowerShell\v1.0\powershell.exe</Data>
    <Data Name="CommandLine">svchost.exe -k netsvcs</Data>
    <Data Name="User">CORP\admin.li</Data>
    <Data Name="DestinationIp">10.20.30.41</Data>
    </EventData>
  </Event>
  <Event xmlns="http://schemas.microsoft.com/win/2004/08/events/event">
    <System>
      <Provider Name="Microsoft-Windows-Sysmon"/>
      <EventID>22</EventID>
      <Level>0</Level>
      <Task>0</Task>
      <Opcode>0</Opcode>
      <Keywords>0x8020000000000000</Keywords>
      <TimeCreated SystemTime="2026-07-01T19:13:43Z"/>
      <EventRecordID>291218</EventRecordID>
      <Channel>Microsoft-Windows-Sysmon/Operational</Channel>
      <Computer>ad-dc-01.corp.local</Computer>
      <Security/>
    </System>
    <EventData>
    <Data Name="ArtifactEventId">artifact-sysmon-20260706-001426</Data>
    <Data Name="Image">C:\Windows\System32\cmd.exe</Data>
    <Data Name="CommandLine">svchost.exe -k netsvcs</Data>
    <Data Name="User">CORP\chen.yu</Data>
    <Data Name="DestinationIp">10.20.30.41</Data>
    </EventData>
  </Event>
  <Event xmlns="http://schemas.microsoft.com/win/2004/08/events/event">
    <System>
      <Provider Name="Microsoft-Windows-Sysmon"/>
      <EventID>3</EventID>
      <Level>0</Level>
      <Task>0</Task>
      <Opcode>0</Opcode>
      <Keywords>0x8020000000000000</Keywords>
      <TimeCreated SystemTime="2026-07-01T19:14:17Z"/>
      <EventRecordID>759541</EventRecordID>
      <Channel>Microsoft-Windows-Sysmon/Operational</Channel>
      <Computer>finance-pc-07.corp.local</Computer>
      <Security/>
    </System>
    <EventData>
    <Data Name="ArtifactEventId">artifact-sysmon-20260706-003160</Data>
    <Data Name="Image">C:\Windows\System32\svchost.exe</Data>
    <Data Name="CommandLine">powershell.exe -NoP -Command Get-Process</Data>
    <Data Name="User">CORP\chen.yu</Data>
    <Data Name="DestinationIp">10.20.40.10</Data>
    </EventData>
  </Event>
  <Event xmlns="http://schemas.microsoft.com/win/2004/08/events/event">
    <System>
      <Provider Name="Microsoft-Windows-Sysmon"/>
      <EventID>3</EventID>
      <Level>0</Level>
      <Task>0</Task>
      <Opcode>0</Opcode>
      <Keywords>0x8020000000000000</Keywords>
      <TimeCreated SystemTime="2026-07-01T19:14:30Z"/>
      <EventRecordID>167935</EventRecordID>
      <Channel>Microsoft-Windows-Sysmon/Operational</Channel>
      <Computer>win-admin-01.corp.local</Computer>
      <Security/>
    </System>
    <EventData>
    <Data Name="ArtifactEventId">artifact-sysmon-20260706-004091</Data>
    <Data Name="Image">C:\Windows\System32\cmd.exe</Data>
    <Data Name="CommandLine">powershell.exe -NoP -Command Get-Process</Data>
    <Data Name="User">NT AUTHORITY\SYSTEM</Data>
    <Data Name="DestinationIp">10.20.40.10</Data>
    </EventData>
  </Event>
  <Event xmlns="http://schemas.microsoft.com/win/2004/08/events/event">
    <System>
      <Provider Name="Microsoft-Windows-Sysmon"/>
      <EventID>7</EventID>
      <Level>0</Level>
      <Task>0</Task>
      <Opcode>0</Opcode>
      <Keywords>0x8020000000000000</Keywords>
      <TimeCreated SystemTime="2026-07-01T19:15:14Z"/>
      <EventRecordID>811391</EventRecordID>
      <Channel>Microsoft-Windows-Sysmon/Operational</Channel>
      <Computer>finance-pc-07.corp.local</Computer>
      <Security/>
    </System>
    <EventData>
    <Data Name="ArtifactEventId">artifact-sysmon-20260706-003156</Data>
    <Data Name="Image">C:\Windows\System32\svchost.exe</Data>
    <Data Name="CommandLine">robocopy.exe C:\Data D:\Backup</Data>
    <Data Name="User">CORP\svc_backup</Data>
    <Data Name="DestinationIp">203.0.113.188</Data>
    </EventData>
  </Event>
  <Event xmlns="http://schemas.microsoft.com/win/2004/08/events/event">
    <System>
      <Provider Name="Microsoft-Windows-Sysmon"/>
      <EventID>11</EventID>
      <Level>0</Level>
      <Task>0</Task>
      <Opcode>0</Opcode>
      <Keywords>0x8020000000000000</Keywords>
      <TimeCreated SystemTime="2026-07-01T19:15:38Z"/>
      <EventRecordID>684563</EventRecordID>
      <Channel>Microsoft-Windows-Sysmon/Operational</Channel>
      <Computer>ad-dc-01.corp.local</Computer>
      <Security/>
    </System>
    <EventData>
    <Data Name="ArtifactEventId">artifact-sysmon-20260706-004884</Data>
    <Data Name="Image">C:\Windows\System32\WindowsPowerShell\v1.0\powershell.exe</Data>
    <Data Name="CommandLine">svchost.exe -k netsvcs</Data>
    <Data Name="User">CORP\chen.yu</Data>
    <Data Name="DestinationIp">203.0.113.188</Data>
    </EventData>
  </Event>
  <Event xmlns="http://schemas.microsoft.com/win/2004/08/events/event">
    <System>
      <Provider Name="Microsoft-Windows-Sysmon"/>
      <EventID>7</EventID>
      <Level>0</Level>
      <Task>0</Task>
      <Opcode>0</Opcode>
      <Keywords>0x8020000000000000</Keywords>
      <TimeCreated SystemTime="2026-07-01T19:17:12Z"/>
      <EventRecordID>615644</EventRecordID>
      <Channel>Microsoft-Windows-Sysmon/Operational</Channel>
      <Computer>file-srv-01.corp.local</Computer>
      <Security/>
    </System>
    <EventData>
    <Data Name="ArtifactEventId">artifact-sysmon-20260706-007986</Data>
    <Data Name="Image">C:\Program Files\7-Zip\7z.exe</Data>
    <Data Name="CommandLine">cmd.exe /c whoami</Data>
    <Data Name="User">CORP\admin.li</Data>
    <Data Name="DestinationIp">203.0.113.188</Data>
    </EventData>
  </Event>
  <Event xmlns="http://schemas.microsoft.com/win/2004/08/events/event">
    <System>
      <Provider Name="Microsoft-Windows-Sysmon"/>
      <EventID>1</EventID>
      <Level>0</Level>
      <Task>0</Task>
      <Opcode>0</Opcode>
      <Keywords>0x8020000000000000</Keywords>
      <TimeCreated SystemTime="2026-07-01T19:18:03Z"/>
      <EventRecordID>761951</EventRecordID>
      <Channel>Microsoft-Windows-Sysmon/Operational</Channel>
      <Computer>file-srv-01.corp.local</Computer>
      <Security/>
    </System>
    <EventData>
    <Data Name="ArtifactEventId">artifact-sysmon-20260706-004592</Data>
    <Data Name="Image">C:\Windows\System32\robocopy.exe</Data>
    <Data Name="CommandLine">robocopy.exe C:\Data D:\Backup</Data>
    <Data Name="User">CORP\svc_backup</Data>
    <Data Name="DestinationIp">203.0.113.188</Data>
    </EventData>
  </Event>
  <Event xmlns="http://schemas.microsoft.com/win/2004/08/events/event">
    <System>
      <Provider Name="Microsoft-Windows-Sysmon"/>
      <EventID>22</EventID>
      <Level>0</Level>
      <Task>0</Task>
      <Opcode>0</Opcode>
      <Keywords>0x8020000000000000</Keywords>
      <TimeCreated SystemTime="2026-07-01T19:19:51Z"/>
      <EventRecordID>111477</EventRecordID>
      <Channel>Microsoft-Windows-Sysmon/Operational</Channel>
      <Computer>file-srv-01.corp.local</Computer>
      <Security/>
    </System>
    <EventData>
    <Data Name="ArtifactEventId">artifact-sysmon-20260706-000970</Data>
    <Data Name="Image">C:\Program Files\7-Zip\7z.exe</Data>
    <Data Name="CommandLine">7z.exe l archive.7z</Data>
    <Data Name="User">NT AUTHORITY\SYSTEM</Data>
    <Data Name="DestinationIp">10.20.40.10</Data>
    </EventData>
  </Event>
  <Event xmlns="http://schemas.microsoft.com/win/2004/08/events/event">
    <System>
      <Provider Name="Microsoft-Windows-Sysmon"/>
      <EventID>7</EventID>
      <Level>0</Level>
      <Task>0</Task>
      <Opcode>0</Opcode>
      <Keywords>0x8020000000000000</Keywords>
      <TimeCreated SystemTime="2026-07-01T19:22:25Z"/>
      <EventRecordID>672027</EventRecordID>
      <Channel>Microsoft-Windows-Sysmon/Operational</Channel>
      <Computer>ad-dc-01.corp.local</Computer>
      <Security/>
    </System>
    <EventData>
    <Data Name="ArtifactEventId">artifact-sysmon-20260706-006104</Data>
    <Data Name="Image">C:\Windows\System32\svchost.exe</Data>
    <Data Name="CommandLine">powershell.exe -NoP -Command Get-Process</Data>
    <Data Name="User">NT AUTHORITY\SYSTEM</Data>
    <Data Name="DestinationIp">10.20.30.41</Data>
    </EventData>
  </Event>
  <Event xmlns="http://schemas.microsoft.com/win/2004/08/events/event">
    <System>
      <Provider Name="Microsoft-Windows-Sysmon"/>
      <EventID>11</EventID>
      <Level>0</Level>
      <Task>0</Task>
      <Opcode>0</Opcode>
      <Keywords>0x8020000000000000</Keywords>
      <TimeCreated SystemTime="2026-07-01T19:24:59Z"/>
      <EventRecordID>791854</EventRecordID>
      <Channel>Microsoft-Windows-Sysmon/Operational</Channel>
      <Computer>file-srv-01.corp.local</Computer>
      <Security/>
    </System>
    <EventData>
    <Data Name="ArtifactEventId">artifact-sysmon-20260706-005292</Data>
    <Data Name="Image">C:\Windows\System32\WindowsPowerShell\v1.0\powershell.exe</Data>
    <Data Name="CommandLine">robocopy.exe C:\Data D:\Backup</Data>
    <Data Name="User">CORP\chen.yu</Data>
    <Data Name="DestinationIp">203.0.113.188</Data>
    </EventData>
  </Event>
  <Event xmlns="http://schemas.microsoft.com/win/2004/08/events/event">
    <System>
      <Provider Name="Microsoft-Windows-Sysmon"/>
      <EventID>22</EventID>
      <Level>0</Level>
      <Task>0</Task>
      <Opcode>0</Opcode>
      <Keywords>0x8020000000000000</Keywords>
      <TimeCreated SystemTime="2026-07-01T19:26:34Z"/>
      <EventRecordID>536686</EventRecordID>
      <Channel>Microsoft-Windows-Sysmon/Operational</Channel>
      <Computer>win-admin-01.corp.local</Computer>
      <Security/>
    </System>
    <EventData>
    <Data Name="ArtifactEventId">artifact-sysmon-20260706-008713</Data>
    <Data Name="Image">C:\Windows\System32\cmd.exe</Data>
    <Data Name="CommandLine">cmd.exe /c whoami</Data>
    <Data Name="User">CORP\svc_backup</Data>
    <Data Name="DestinationIp">10.20.30.41</Data>
    </EventData>
  </Event>
  <Event xmlns="http://schemas.microsoft.com/win/2004/08/events/event">
    <System>
      <Provider Name="Microsoft-Windows-Sysmon"/>
      <EventID>1</EventID>
      <Level>0</Level>
      <Task>0</Task>
      <Opcode>0</Opcode>
      <Keywords>0x8020000000000000</Keywords>
      <TimeCreated SystemTime="2026-07-01T19:26:38Z"/>
      <EventRecordID>228726</EventRecordID>
      <Channel>Microsoft-Windows-Sysmon/Operational</Channel>
      <Computer>finance-pc-07.corp.local</Computer>
      <Security/>
    </System>
    <EventData>
    <Data Name="ArtifactEventId">artifact-sysmon-20260706-008187</Data>
    <Data Name="Image">C:\Program Files\7-Zip\7z.exe</Data>
    <Data Name="CommandLine">cmd.exe /c whoami</Data>
    <Data Name="User">NT AUTHORITY\SYSTEM</Data>
    <Data Name="DestinationIp">10.20.40.10</Data>
    </EventData>
  </Event>
  <Event xmlns="http://schemas.microsoft.com/win/2004/08/events/event">
    <System>
      <Provider Name="Microsoft-Windows-Sysmon"/>
      <EventID>7</EventID>
      <Level>0</Level>
      <Task>0</Task>
      <Opcode>0</Opcode>
      <Keywords>0x8020000000000000</Keywords>
      <TimeCreated SystemTime="2026-07-01T19:26:40Z"/>
      <EventRecordID>230367</EventRecordID>
      <Channel>Microsoft-Windows-Sysmon/Operational</Channel>
      <Computer>file-srv-01.corp.local</Computer>
      <Security/>
    </System>
    <EventData>
    <Data Name="ArtifactEventId">artifact-sysmon-20260706-006383</Data>
    <Data Name="Image">C:\Program Files\7-Zip\7z.exe</Data>
    <Data Name="CommandLine">svchost.exe -k netsvcs</Data>
    <Data Name="User">NT AUTHORITY\SYSTEM</Data>
    <Data Name="DestinationIp">10.20.30.41</Data>
    </EventData>
  </Event>
  <Event xmlns="http://schemas.microsoft.com/win/2004/08/events/event">
    <System>
      <Provider Name="Microsoft-Windows-Sysmon"/>
      <EventID>1</EventID>
      <Level>0</Level>
      <Task>0</Task>
      <Opcode>0</Opcode>
      <Keywords>0x8020000000000000</Keywords>
      <TimeCreated SystemTime="2026-07-01T19:27:24Z"/>
      <EventRecordID>975193</EventRecordID>
      <Channel>Microsoft-Windows-Sysmon/Operational</Channel>
      <Computer>win-admin-01.corp.local</Computer>
      <Security/>
    </System>
    <EventData>
    <Data Name="ArtifactEventId">artifact-sysmon-20260706-006963</Data>
    <Data Name="Image">C:\Windows\System32\svchost.exe</Data>
    <Data Name="CommandLine">cmd.exe /c whoami</Data>
    <Data Name="User">CORP\svc_backup</Data>
    <Data Name="DestinationIp">203.0.113.188</Data>
    </EventData>
  </Event>
  <Event xmlns="http://schemas.microsoft.com/win/2004/08/events/event">
    <System>
      <Provider Name="Microsoft-Windows-Sysmon"/>
      <EventID>11</EventID>
      <Level>0</Level>
      <Task>0</Task>
      <Opcode>0</Opcode>
      <Keywords>0x8020000000000000</Keywords>
      <TimeCreated SystemTime="2026-07-01T19:28:34Z"/>
      <EventRecordID>680880</EventRecordID>
      <Channel>Microsoft-Windows-Sysmon/Operational</Channel>
      <Computer>ad-dc-01.corp.local</Computer>
      <Security/>
    </System>
    <EventData>
    <Data Name="ArtifactEventId">artifact-sysmon-20260706-003032</Data>
    <Data Name="Image">C:\Windows\System32\svchost.exe</Data>
    <Data Name="CommandLine">robocopy.exe C:\Data D:\Backup</Data>
    <Data Name="User">CORP\svc_backup</Data>
    <Data Name="DestinationIp">10.20.40.10</Data>
    </EventData>
  </Event>
  <Event xmlns="http://schemas.microsoft.com/win/2004/08/events/event">
    <System>
      <Provider Name="Microsoft-Windows-Sysmon"/>
      <EventID>1</EventID>
      <Level>0</Level>
      <Task>0</Task>
      <Opcode>0</Opcode>
      <Keywords>0x8020000000000000</Keywords>
      <TimeCreated SystemTime="2026-07-01T19:29:14Z"/>
      <EventRecordID>820989</EventRecordID>
      <Channel>Microsoft-Windows-Sysmon/Operational</Channel>
      <Computer>ad-dc-01.corp.local</Computer>
      <Security/>
    </System>
    <EventData>
    <Data Name="ArtifactEventId">artifact-sysmon-20260706-002785</Data>
    <Data Name="Image">C:\Windows\System32\robocopy.exe</Data>
    <Data Name="CommandLine">powershell.exe -NoP -Command Get-Process</Data>
    <Data Name="User">CORP\chen.yu</Data>
    <Data Name="DestinationIp">10.20.40.10</Data>
    </EventData>
  </Event>
  <Event xmlns="http://schemas.microsoft.com/win/2004/08/events/event">
    <System>
      <Provider Name="Microsoft-Windows-Sysmon"/>
      <EventID>7</EventID>
      <Level>0</Level>
      <Task>0</Task>
      <Opcode>0</Opcode>
      <Keywords>0x8020000000000000</Keywords>
      <TimeCreated SystemTime="2026-07-01T19:29:37Z"/>
      <EventRecordID>672285</EventRecordID>
      <Channel>Microsoft-Windows-Sysmon/Operational</Channel>
      <Computer>win-admin-01.corp.local</Computer>
      <Security/>
    </System>
    <EventData>
    <Data Name="ArtifactEventId">artifact-sysmon-20260706-003254</Data>
    <Data Name="Image">C:\Windows\System32\cmd.exe</Data>
    <Data Name="CommandLine">7z.exe l archive.7z</Data>
    <Data Name="User">CORP\admin.li</Data>
    <Data Name="DestinationIp">10.20.30.41</Data>
    </EventData>
  </Event>
  <Event xmlns="http://schemas.microsoft.com/win/2004/08/events/event">
    <System>
      <Provider Name="Microsoft-Windows-Sysmon"/>
      <EventID>11</EventID>
      <Level>0</Level>
      <Task>0</Task>
      <Opcode>0</Opcode>
      <Keywords>0x8020000000000000</Keywords>
      <TimeCreated SystemTime="2026-07-01T19:30:15Z"/>
      <EventRecordID>936354</EventRecordID>
      <Channel>Microsoft-Windows-Sysmon/Operational</Channel>
      <Computer>ad-dc-01.corp.local</Computer>
      <Security/>
    </System>
    <EventData>
    <Data Name="ArtifactEventId">artifact-sysmon-20260706-005669</Data>
    <Data Name="Image">C:\Windows\System32\cmd.exe</Data>
    <Data Name="CommandLine">7z.exe l archive.7z</Data>
    <Data Name="User">CORP\chen.yu</Data>
    <Data Name="DestinationIp">10.20.30.41</Data>
    </EventData>
  </Event>
  <Event xmlns="http://schemas.microsoft.com/win/2004/08/events/event">
    <System>
      <Provider Name="Microsoft-Windows-Sysmon"/>
      <EventID>7</EventID>
      <Level>0</Level>
      <Task>0</Task>
      <Opcode>0</Opcode>
      <Keywords>0x8020000000000000</Keywords>
      <TimeCreated SystemTime="2026-07-01T19:31:16Z"/>
      <EventRecordID>841415</EventRecordID>
      <Channel>Microsoft-Windows-Sysmon/Operational</Channel>
      <Computer>file-srv-01.corp.local</Computer>
      <Security/>
    </System>
    <EventData>
    <Data Name="ArtifactEventId">artifact-sysmon-20260706-001413</Data>
    <Data Name="Image">C:\Program Files\7-Zip\7z.exe</Data>
    <Data Name="CommandLine">7z.exe l archive.7z</Data>
    <Data Name="User">CORP\admin.li</Data>
    <Data Name="DestinationIp">203.0.113.188</Data>
    </EventData>
  </Event>
  