<Event xmlns="http://schemas.microsoft.com/win/2004/08/events/event">
    <System>
      <Provider Name="Microsoft-Windows-Sysmon"/>
      <EventID>1</EventID>
      <Level>0</Level>
      <Task>0</Task>
      <Opcode>0</Opcode>
      <Keywords>0x8020000000000000</Keywords>
      <TimeCreated SystemTime="2026-07-02T07:51:46Z"/>
      <EventRecordID>738433</EventRecordID>
      <Channel>Microsoft-Windows-Sysmon/Operational</Channel>
      <Computer>ad-dc-01.corp.local</Computer>
      <Security/>
    </System>
    <EventData>
    <Data Name="ArtifactEventId">artifact-sysmon-20260706-005663</Data>
    <Data Name="Image">C:\Windows\System32\cmd.exe</Data>
    <Data Name="CommandLine">7z.exe l archive.7z</Data>
    <Data Name="User">CORP\chen.yu</Data>
    <Data Name="DestinationIp">10.20.40.10</Data>
    </EventData>
  </Event>
  <Event xmlns="http://schemas.microsoft.com/win/2004/08/events/event">
    <System>
      <Provider Name="Microsoft-Windows-Sysmon"/>
      <EventID>22</EventID>
      <Level>0</Level>
      <Task>0</Task>
      <Opcode>0</Opcode>
      <Keywords>0x8020000000000000</Keywords>
      <TimeCreated SystemTime="2026-07-02T07:51:59Z"/>
      <EventRecordID>703718</EventRecordID>
      <Channel>Microsoft-Windows-Sysmon/Operational</Channel>
      <Computer>finance-pc-07.corp.local</Computer>
      <Security/>
    </System>
    <EventData>
    <Data Name="ArtifactEventId">artifact-sysmon-20260706-006869</Data>
    <Data Name="Image">C:\Windows\System32\robocopy.exe</Data>
    <Data Name="CommandLine">robocopy.exe C:\Data D:\Backup</Data>
    <Data Name="User">CORP\admin.li</Data>
    <Data Name="DestinationIp">10.20.30.41</Data>
    </EventData>
  </Event>
  <Event xmlns="http://schemas.microsoft.com/win/2004/08/events/event">
    <System>
      <Provider Name="Microsoft-Windows-Sysmon"/>
      <EventID>11</EventID>
      <Level>0</Level>
      <Task>0</Task>
      <Opcode>0</Opcode>
      <Keywords>0x8020000000000000</Keywords>
      <TimeCreated SystemTime="2026-07-02T07:52:08Z"/>
      <EventRecordID>570004</EventRecordID>
      <Channel>Microsoft-Windows-Sysmon/Operational</Channel>
      <Computer>finance-pc-07.corp.local</Computer>
      <Security/>
    </System>
    <EventData>
    <Data Name="ArtifactEventId">artifact-sysmon-20260706-008926</Data>
    <Data Name="Image">C:\Windows\System32\WindowsPowerShell\v1.0\powershell.exe</Data>
    <Data Name="CommandLine">cmd.exe /c whoami</Data>
    <Data Name="User">NT AUTHORITY\SYSTEM</Data>
    <Data Name="DestinationIp">203.0.113.188</Data>
    </EventData>
  </Event>
  <Event xmlns="http://schemas.microsoft.com/win/2004/08/events/event">
    <System>
      <Provider Name="Microsoft-Windows-Sysmon"/>
      <EventID>1</EventID>
      <Level>0</Level>
      <Task>0</Task>
      <Opcode>0</Opcode>
      <Keywords>0x8020000000000000</Keywords>
      <TimeCreated SystemTime="2026-07-02T07:52:14Z"/>
      <EventRecordID>500761</EventRecordID>
      <Channel>Microsoft-Windows-Sysmon/Operational</Channel>
      <Computer>win-admin-01.corp.local</Computer>
      <Security/>
    </System>
    <EventData>
    <Data Name="ArtifactEventId">artifact-sysmon-20260706-008598</Data>
    <Data Name="Image">C:\Windows\System32\WindowsPowerShell\v1.0\powershell.exe</Data>
    <Data Name="CommandLine">7z.exe l archive.7z</Data>
    <Data Name="User">CORP\svc_backup</Data>
    <Data Name="DestinationIp">10.20.30.41</Data>
    </EventData>
  </Event>
  <Event xmlns="http://schemas.microsoft.com/win/2004/08/events/event">
    <System>
      <Provider Name="Microsoft-Windows-Sysmon"/>
      <EventID>7</EventID>
      <Level>0</Level>
      <Task>0</Task>
      <Opcode>0</Opcode>
      <Keywords>0x8020000000000000</Keywords>
      <TimeCreated SystemTime="2026-07-02T07:53:19Z"/>
      <EventRecordID>669755</EventRecordID>
      <Channel>Microsoft-Windows-Sysmon/Operational</Channel>
      <Computer>ad-dc-01.corp.local</Computer>
      <Security/>
    </System>
    <EventData>
    <Data Name="ArtifactEventId">artifact-sysmon-20260706-006279</Data>
    <Data Name="Image">C:\Windows\System32\WindowsPowerShell\v1.0\powershell.exe</Data>
    <Data Name="CommandLine">7z.exe l archive.7z</Data>
    <Data Name="User">CORP\chen.yu</Data>
    <Data Name="DestinationIp">10.20.40.10</Data>
    </EventData>
  </Event>
  <Event xmlns="http://schemas.microsoft.com/win/2004/08/events/event">
    <System>
      <Provider Name="Microsoft-Windows-Sysmon"/>
      <EventID>11</EventID>
      <Level>0</Level>
      <Task>0</Task>
      <Opcode>0</Opcode>
      <Keywords>0x8020000000000000</Keywords>
      <TimeCreated SystemTime="2026-07-02T07:53:20Z"/>
      <EventRecordID>752876</EventRecordID>
      <Channel>Microsoft-Windows-Sysmon/Operational</Channel>
      <Computer>file-srv-01.corp.local</Computer>
      <Security/>
    </System>
    <EventData>
    <Data Name="ArtifactEventId">artifact-sysmon-20260706-003891</Data>
    <Data Name="Image">C:\Windows\System32\robocopy.exe</Data>
    <Data Name="CommandLine">powershell.exe -NoP -Command Get-Process</Data>
    <Data Name="User">CORP\svc_backup</Data>
    <Data Name="DestinationIp">10.20.30.41</Data>
    </EventData>
  </Event>
  <Event xmlns="http://schemas.microsoft.com/win/2004/08/events/event">
    <System>
      <Provider Name="Microsoft-Windows-Sysmon"/>
      <EventID>11</EventID>
      <Level>0</Level>
      <Task>0</Task>
      <Opcode>0</Opcode>
      <Keywords>0x8020000000000000</Keywords>
      <TimeCreated SystemTime="2026-07-02T07:58:07Z"/>
      <EventRecordID>155811</EventRecordID>
      <Channel>Microsoft-Windows-Sysmon/Operational</Channel>
      <Computer>ad-dc-01.corp.local</Computer>
      <Security/>
    </System>
    <EventData>
    <Data Name="ArtifactEventId">artifact-sysmon-20260706-001439</Data>
    <Data Name="Image">C:\Windows\System32\WindowsPowerShell\v1.0\powershell.exe</Data>
    <Data Name="CommandLine">robocopy.exe C:\Data D:\Backup</Data>
    <Data Name="User">CORP\svc_backup</Data>
    <Data Name="DestinationIp">203.0.113.188</Data>
    </EventData>
  </Event>
  <Event xmlns="http://schemas.microsoft.com/win/2004/08/events/event">
    <System>
      <Provider Name="Microsoft-Windows-Sysmon"/>
      <EventID>7</EventID>
      <Level>0</Level>
      <Task>0</Task>
      <Opcode>0</Opcode>
      <Keywords>0x8020000000000000</Keywords>
      <TimeCreated SystemTime="2026-07-02T07:58:15Z"/>
      <EventRecordID>426525</EventRecordID>
      <Channel>Microsoft-Windows-Sysmon/Operational</Channel>
      <Computer>finance-pc-07.corp.local</Computer>
      <Security/>
    </System>
    <EventData>
    <Data Name="ArtifactEventId">artifact-sysmon-20260706-000395</Data>
    <Data Name="Image">C:\Program Files\7-Zip\7z.exe</Data>
    <Data Name="CommandLine">powershell.exe -NoP -Command Get-Process</Data>
    <Data Name="User">CORP\chen.yu</Data>
    <Data Name="DestinationIp">10.20.40.10</Data>
    </EventData>
  </Event>
  <Event xmlns="http://schemas.microsoft.com/win/2004/08/events/event">
    <System>
      <Provider Name="Microsoft-Windows-Sysmon"/>
      <EventID>11</EventID>
      <Level>0</Level>
      <Task>0</Task>
      <Opcode>0</Opcode>
      <Keywords>0x8020000000000000</Keywords>
      <TimeCreated SystemTime="2026-07-02T07:58:20Z"/>
      <EventRecordID>661350</EventRecordID>
      <Channel>Microsoft-Windows-Sysmon/Operational</Channel>
      <Computer>win-admin-01.corp.local</Computer>
      <Security/>
    </System>
    <EventData>
    <Data Name="ArtifactEventId">artifact-sysmon-20260706-001251</Data>
    <Data Name="Image">C:\Windows\System32\cmd.exe</Data>
    <Data Name="CommandLine">robocopy.exe C:\Data D:\Backup</Data>
    <Data Name="User">NT AUTHORITY\SYSTEM</Data>
    <Data Name="DestinationIp">10.20.30.41</Data>
    </EventData>
  </Event>
  <Event xmlns="http://schemas.microsoft.com/win/2004/08/events/event">
    <System>
      <Provider Name="Microsoft-Windows-Sysmon"/>
      <EventID>22</EventID>
      <Level>0</Level>
      <Task>0</Task>
      <Opcode>0</Opcode>
      <Keywords>0x8020000000000000</Keywords>
      <TimeCreated SystemTime="2026-07-02T07:58:42Z"/>
      <EventRecordID>741653</EventRecordID>
      <Channel>Microsoft-Windows-Sysmon/Operational</Channel>
      <Computer>finance-pc-07.corp.local</Computer>
      <Security/>
    </System>
    <EventData>
    <Data Name="ArtifactEventId">artifact-sysmon-20260706-008874</Data>
    <Data Name="Image">C:\Windows\System32\WindowsPowerShell\v1.0\powershell.exe</Data>
    <Data Name="CommandLine">cmd.exe /c whoami</Data>
    <Data Name="User">NT AUTHORITY\SYSTEM</Data>
    <Data Name="DestinationIp">10.20.30.41</Data>
    </EventData>
  </Event>
  <Event xmlns="http://schemas.microsoft.com/win/2004/08/events/event">
    <System>
      <Provider Name="Microsoft-Windows-Sysmon"/>
      <EventID>1</EventID>
      <Level>0</Level>
      <Task>0</Task>
      <Opcode>0</Opcode>
      <Keywords>0x8020000000000000</Keywords>
      <TimeCreated SystemTime="2026-07-02T08:00:02Z"/>
      <EventRecordID>253911</EventRecordID>
      <Channel>Microsoft-Windows-Sysmon/Operational</Channel>
      <Computer>ad-dc-01.corp.local</Computer>
      <Security/>
    </System>
    <EventData>
    <Data Name="ArtifactEventId">artifact-sysmon-20260706-001518</Data>
    <Data Name="Image">C:\Windows\System32\WindowsPowerShell\v1.0\powershell.exe</Data>
    <Data Name="CommandLine">robocopy.exe C:\Data D:\Backup</Data>
    <Data Name="User">CORP\svc_backup</Data>
    <Data Name="DestinationIp">10.20.30.41</Data>
    </EventData>
  </Event>
  <Event xmlns="http://schemas.microsoft.com/win/2004/08/events/event">
    <System>
      <Provider Name="Microsoft-Windows-Sysmon"/>
      <EventID>1</EventID>
      <Level>0</Level>
      <Task>0</Task>
      <Opcode>0</Opcode>
      <Keywords>0x8020000000000000</Keywords>
      <TimeCreated SystemTime="2026-07-02T08:01:42Z"/>
      <EventRecordID>232576</EventRecordID>
      <Channel>Microsoft-Windows-Sysmon/Operational</Channel>
      <Computer>ad-dc-01.corp.local</Computer>
      <Security/>
    </System>
    <EventData>
    <Data Name="ArtifactEventId">artifact-sysmon-20260706-000423</Data>
    <Data Name="Image">C:\Windows\System32\WindowsPowerShell\v1.0\powershell.exe</Data>
    <Data Name="CommandLine">svchost.exe -k netsvcs</Data>
    <Data Name="User">CORP\chen.yu</Data>
    <Data Name="DestinationIp">10.20.30.41</Data>
    </EventData>
  </Event>
  <Event xmlns="http://schemas.microsoft.com/win/2004/08/events/event">
    <System>
      <Provider Name="Microsoft-Windows-Sysmon"/>
      <EventID>1</EventID>
      <Level>0</Level>
      <Task>0</Task>
      <Opcode>0</Opcode>
      <Keywords>0x8020000000000000</Keywords>
      <TimeCreated SystemTime="2026-07-02T08:01:57Z"/>
      <EventRecordID>587349</EventRecordID>
      <Channel>Microsoft-Windows-Sysmon/Operational</Channel>
      <Computer>win-admin-01.corp.local</Computer>
      <Security/>
    </System>
    <EventData>
    <Data Name="ArtifactEventId">artifact-sysmon-20260706-002620</Data>
    <Data Name="Image">C:\Windows\System32\WindowsPowerShell\v1.0\powershell.exe</Data>
    <Data Name="CommandLine">7z.exe l archive.7z</Data>
    <Data Name="User">CORP\admin.li</Data>
    <Data Name="DestinationIp">10.20.30.41</Data>
    </EventData>
  </Event>
  <Event xmlns="http://schemas.microsoft.com/win/2004/08/events/event">
    <System>
      <Provider Name="Microsoft-Windows-Sysmon"/>
      <EventID>1</EventID>
      <Level>0</Level>
      <Task>0</Task>
      <Opcode>0</Opcode>
      <Keywords>0x8020000000000000</Keywords>
      <TimeCreated SystemTime="2026-07-02T08:03:39Z"/>
      <EventRecordID>879547</EventRecordID>
      <Channel>Microsoft-Windows-Sysmon/Operational</Channel>
      <Computer>win-admin-01.corp.local</Computer>
      <Security/>
    </System>
    <EventData>
    <Data Name="ArtifactEventId">artifact-sysmon-20260706-001911</Data>
    <Data Name="Image">C:\Windows\System32\robocopy.exe</Data>
    <Data Name="CommandLine">cmd.exe /c whoami</Data>
    <Data Name="User">CORP\admin.li</Data>
    <Data Name="DestinationIp">10.20.30.41</Data>
    </EventData>
  </Event>
  <Event xmlns="http://schemas.microsoft.com/win/2004/08/events/event">
    <System>
      <Provider Name="Microsoft-Windows-Sysmon"/>
      <EventID>11</EventID>
      <Level>0</Level>
      <Task>0</Task>
      <Opcode>0</Opcode>
      <Keywords>0x8020000000000000</Keywords>
      <TimeCreated SystemTime="2026-07-02T08:06:05Z"/>
      <EventRecordID>752614</EventRecordID>
      <Channel>Microsoft-Windows-Sysmon/Operational</Channel>
      <Computer>finance-pc-07.corp.local</Computer>
      <Security/>
    </System>
    <EventData>
    <Data Name="ArtifactEventId">artifact-sysmon-20260706-001919</Data>
    <Data Name="Image">C:\Windows\System32\cmd.exe</Data>
    <Data Name="CommandLine">powershell.exe -NoP -Command Get-Process</Data>
    <Data Name="User">CORP\chen.yu</Data>
    <Data Name="DestinationIp">203.0.113.188</Data>
    </EventData>
  </Event>
  <Event xmlns="http://schemas.microsoft.com/win/2004/08/events/event">
    <System>
      <Provider Name="Microsoft-Windows-Sysmon"/>
      <EventID>7</EventID>
      <Level>0</Level>
      <Task>0</Task>
      <Opcode>0</Opcode>
      <Keywords>0x8020000000000000</Keywords>
      <TimeCreated SystemTime="2026-07-02T08:06:06Z"/>
      <EventRecordID>124442</EventRecordID>
      <Channel>Microsoft-Windows-Sysmon/Operational</Channel>
      <Computer>ad-dc-01.corp.local</Computer>
      <Security/>
    </System>
    <EventData>
    <Data Name="ArtifactEventId">artifact-sysmon-20260706-005639</Data>
    <Data Name="Image">C:\Windows\System32\WindowsPowerShell\v1.0\powershell.exe</Data>
    <Data Name="CommandLine">svchost.exe -k netsvcs</Data>
    <Data Name="User">CORP\chen.yu</Data>
    <Data Name="DestinationIp">10.20.30.41</Data>
    </EventData>
  </Event>
  <Event xmlns="http://schemas.microsoft.com/win/2004/08/events/event">
    <System>
      <Provider Name="Microsoft-Windows-Sysmon"/>
      <EventID>1</EventID>
      <Level>0</Level>
      <Task>0</Task>
      <Opcode>0</Opcode>
      <Keywords>0x8020000000000000</Keywords>
      <TimeCreated SystemTime="2026-07-02T08:06:50Z"/>
      <EventRecordID>853183</EventRecordID>
      <Channel>Microsoft-Windows-Sysmon/Operational</Channel>
      <Computer>file-srv-01.corp.local</Computer>
      <Security/>
    </System>
    <EventData>
    <Data Name="ArtifactEventId">artifact-sysmon-20260706-004516</Data>
    <Data Name="Image">C:\Windows\System32\svchost.exe</Data>
    <Data Name="CommandLine">robocopy.exe C:\Data D:\Backup</Data>
    <Data Name="User">NT AUTHORITY\SYSTEM</Data>
    <Data Name="DestinationIp">10.20.30.41</Data>
    </EventData>
  </Event>
  <Event xmlns="http://schemas.microsoft.com/win/2004/08/events/event">
    <System>
      <Provider Name="Microsoft-Windows-Sysmon"/>
      <EventID>1</EventID>
      <Level>0</Level>
      <Task>0</Task>
      <Opcode>0</Opcode>
      <Keywords>0x8020000000000000</Keywords>
      <TimeCreated SystemTime="2026-07-02T08:08:29Z"/>
      <EventRecordID>828234</EventRecordID>
      <Channel>Microsoft-Windows-Sysmon/Operational</Channel>
      <Computer>file-srv-01.corp.local</Computer>
      <Security/>
    </System>
    <EventData>
    <Data Name="ArtifactEventId">artifact-sysmon-20260706-005515</Data>
    <Data Name="Image">C:\Windows\System32\svchost.exe</Data>
    <Data Name="CommandLine">powershell.exe -NoP -Command Get-Process</Data>
    <Data Name="User">CORP\chen.yu</Data>
    <Data Name="DestinationIp">203.0.113.188</Data>
    </EventData>
  </Event>
  <Event xmlns="http://schemas.microsoft.com/win/2004/08/events/event">
    <System>
      <Provider Name="Microsoft-Windows-Sysmon"/>
      <EventID>1</EventID>
      <Level>0</Level>
      <Task>0</Task>
      <Opcode>0</Opcode>
      <Keywords>0x8020000000000000</Keywords>
      <TimeCreated SystemTime="2026-07-02T08:08:34Z"/>
      <EventRecordID>772819</EventRecordID>
      <Channel>Microsoft-Windows-Sysmon/Operational</Channel>
      <Computer>ad-dc-01.corp.local</Computer>
      <Security/>
    </System>
    <EventData>
    <Data Name="ArtifactEventId">artifact-sysmon-20260706-004044</Data>
    <Data Name="Image">C:\Windows\System32\robocopy.exe</Data>
    <Data Name="CommandLine">robocopy.exe C:\Data D:\Backup</Data>
    <Data Name="User">NT AUTHORITY\SYSTEM</Data>
    <Data Name="DestinationIp">203.0.113.188</Data>
    </EventData>
  </Event>
  <Event xmlns="http://schemas.microsoft.com/win/2004/08/events/event">
    <System>
      <Provider Name="Microsoft-Windows-Sysmon"/>
      <EventID>1</EventID>
      <Level>0</Level>
      <Task>0</Task>
      <Opcode>0</Opcode>
      <Keywords>0x8020000000000000</Keywords>
      <TimeCreated SystemTime="2026-07-02T08:08:50Z"/>
      <EventRecordID>108905</EventRecordID>
      <Channel>Microsoft-Windows-Sysmon/Operational</Channel>
      <Computer>finance-pc-07.corp.local</Computer>
      <Security/>
    </System>
    <EventData>
    <Data Name="ArtifactEventId">artifact-sysmon-20260706-006272</Data>
    <Data Name="Image">C:\Windows\System32\WindowsPowerShell\v1.0\powershell.exe</Data>
    <Data Name="CommandLine">powershell.exe -NoP -Command Get-Process</Data>
    <Data Name="User">CORP\admin.li</Data>
    <Data Name="DestinationIp">203.0.113.188</Data>
    </EventData>
  </Event>
  <Event xmlns="http://schemas.microsoft.com/win/2004/08/events/event">
    <System>
      <Provider Name="Microsoft-Windows-Sysmon"/>
      <EventID>1</EventID>
      <Level>0</Level>
      <Task>0</Task>
      <Opcode>0</Opcode>
      <Keywords>0x8020000000000000</Keywords>
      <TimeCreated SystemTime="2026-07-02T08:09:35Z"/>
      <EventRecordID>116314</EventRecordID>
      <Channel>Microsoft-Windows-Sysmon/Operational</Channel>
      <Computer>ad-dc-01.corp.local</Computer>
      <Security/>
    </System>
    <EventData>
    <Data Name="ArtifactEventId">artifact-sysmon-20260706-006124</Data>
    <Data Name="Image">C:\Windows\System32\WindowsPowerShell\v1.0\powershell.exe</Data>
    <Data Name="CommandLine">svchost.exe -k netsvcs</Data>
    <Data Name="User">NT AUTHORITY\SYSTEM</Data>
    <Data Name="DestinationIp">203.0.113.188</Data>
    </EventData>
  </Event>
  <Event xmlns="http://schemas.microsoft.com/win/2004/08/events/event">
    <System>
      <Provider Name="Microsoft-Windows-Sysmon"/>
      <EventID>7</EventID>
      <Level>0</Level>
      <Task>0</Task>
      <Opcode>0</Opcode>
      <Keywords>0x8020000000000000</Keywords>
      <TimeCreated SystemTime="2026-07-02T08:11:54Z"/>
      <EventRecordID>338630</EventRecordID>
      <Channel>Microsoft-Windows-Sysmon/Operational</Channel>
      <Computer>ad-dc-01.corp.local</Computer>
      <Security/>
    </System>
    <EventData>
    <Data Name="ArtifactEventId">artifact-sysmon-20260706-001040</Data>
    <Data Name="Image">C:\Program Files\7-Zip\7z.exe</Data>
    <Data Name="CommandLine">7z.exe l archive.7z</Data>
    <Data Name="User">NT AUTHORITY\SYSTEM</Data>
    <Data Name="DestinationIp">10.20.30.41</Data>
    </EventData>
  </Event>
  <Event xmlns="http://schemas.microsoft.com/win/2004/08/events/event">
    <System>
      <Provider Name="Microsoft-Windows-Sysmon"/>
      <EventID>11</EventID>
      <Level>0</Level>
      <Task>0</Task>
      <Opcode>0</Opcode>
      <Keywords>0x8020000000000000</Keywords>
      <TimeCreated SystemTime="2026-07-02T08:12:06Z"/>
      <EventRecordID>352908</EventRecordID>
      <Channel>Microsoft-Windows-Sysmon/Operational</Channel>
      <Computer>finance-pc-07.corp.local</Computer>
      <Security/>
    </System>
    <EventData>
    <Data Name="ArtifactEventId">artifact-sysmon-20260706-007407</Data>
    <Data Name="Image">C:\Windows\System32\robocopy.exe</Data>
    <Data Name="CommandLine">cmd.exe /c whoami</Data>
    <Data Name="User">NT AUTHORITY\SYSTEM</Data>
    <Data Name="DestinationIp">10.20.40.10</Data>
    </EventData>
  </Event>
  <Event xmlns="http://schemas.microsoft.com/win/2004/08/events/event">
    <System>
      <Provider Name="Microsoft-Windows-Sysmon"/>
      <EventID>11</EventID>
      <Level>0</Level>
      <Task>0</Task>
      <Opcode>0</Opcode>
      <Keywords>0x8020000000000000</Keywords>
      <TimeCreated SystemTime="2026-07-02T08:12:08Z"/>
      <EventRecordID>567221</EventRecordID>
      <Channel>Microsoft-Windows-Sysmon/Operational</Channel>
      <Computer>file-srv-01.corp.local</Computer>
      <Security/>
    </System>
    <EventData>
    <Data Name="ArtifactEventId">artifact-sysmon-20260706-008460</Data>
    <Data Name="Image">C:\Windows\System32\cmd.exe</Data>
    <Data Name="CommandLine">robocopy.exe C:\Data D:\Backup</Data>
    <Data Name="User">CORP\svc_backup</Data>
    <Data Name="DestinationIp">10.20.30.41</Data>
    </EventData>
  </Event>
  <Event xmlns="http://schemas.microsoft.com/win/2004/08/events/event">
    <System>
      <Provider Name="Microsoft-Windows-Sysmon"/>
      <EventID>3</EventID>
      <Level>0</Level>
      <Task>0</Task>
      <Opcode>0</Opcode>
      <Keywords>0x8020000000000000</Keywords>
      <TimeCreated SystemTime="2026-07-02T08:12:26Z"/>
      <EventRecordID>944314</EventRecordID>
      <Channel>Microsoft-Windows-Sysmon/Operational</Channel>
      <Computer>ad-dc-01.corp.local</Computer>
      <Security/>
    </System>
    <EventData>
    <Data Name="ArtifactEventId">artifact-sysmon-20260706-006061</Data>
    <Data Name="Image">C:\Windows\System32\WindowsPowerShell\v1.0\powershell.exe</Data>
    <Data Name="CommandLine">7z.exe l archive.7z</Data>
    <Data Name="User">CORP\admin.li</Data>
    <Data Name="DestinationIp">10.20.30.41</Data>
    </EventData>
  </Event>
  <Event xmlns="http://schemas.microsoft.com/win/2004/08/events/event">
    <System>
      <Provider Name="Microsoft-Windows-Sysmon"/>
      <EventID>3</EventID>
      <Level>0</Level>
      <Task>0</Task>
      <Opcode>0</Opcode>
      <Keywords>0x8020000000000000</Keywords>
      <TimeCreated SystemTime="2026-07-02T08:12:55Z"/>
      <EventRecordID>480546</EventRecordID>
      <Channel>Microsoft-Windows-Sysmon/Operational</Channel>
      <Computer>finance-pc-07.corp.local</Computer>
      <Security/>
    </System>
    <EventData>
    <Data Name="ArtifactEventId">artifact-sysmon-20260706-000211</Data>
    <Data Name="Image">C:\Windows\System32\WindowsPowerShell\v1.0\powershell.exe</Data>
    <Data Name="CommandLine">robocopy.exe C:\Data D:\Backup</Data>
    <Data Name="User">CORP\admin.li</Data>
    <Data Name="DestinationIp">10.20.30.41</Data>
    </EventData>
  </Event>
  <Event xmlns="http://schemas.microsoft.com/win/2004/08/events/event">
    <System>
      <Provider Name="Microsoft-Windows-Sysmon"/>
      <EventID>22</EventID>
      <Level>0</Level>
      <Task>0</Task>
      <Opcode>0</Opcode>
      <Keywords>0x8020000000000000</Keywords>
      <TimeCreated SystemTime="2026-07-02T08:13:54Z"/>
      <EventRecordID>987981</EventRecordID>
      <Channel>Microsoft-Windows-Sysmon/Operational</Channel>
      <Computer>file-srv-01.corp.local</Computer>
      <Security/>
    </System>
    <EventData>
    <Data Name="ArtifactEventId">artifact-sysmon-20260706-005736</Data>
    <Data Name="Image">C:\Windows\System32\svchost.exe</Data>
    <Data Name="CommandLine">7z.exe l archive.7z</Data>
    <Data Name="User">CORP\admin.li</Data>
    <Data Name="DestinationIp">203.0.113.188</Data>
    </EventData>
  </Event>
  <Event xmlns="http://schemas.microsoft.com/win/2004/08/events/event">
    <System>
      <Provider Name="Microsoft-Windows-Sysmon"/>
      <EventID>3</EventID>
      <Level>0</Level>
      <Task>0</Task>
      <Opcode>0</Opcode>
      <Keywords>0x8020000000000000</Keywords>
      <TimeCreated SystemTime="2026-07-02T08:15:23Z"/>
      <EventRecordID>827445</EventRecordID>
      <Channel>Microsoft-Windows-Sysmon/Operational</Channel>
      <Computer>file-srv-01.corp.local</Computer>
      <Security/>
    </System>
    <EventData>
    <Data Name="ArtifactEventId">artifact-sysmon-20260706-001171</Data>
    <Data Name="Image">C:\Windows\System32\svchost.exe</Data>
    <Data Name="CommandLine">cmd.exe /c whoami</Data>
    <Data Name="User">CORP\svc_backup</Data>
    <Data Name="DestinationIp">203.0.113.188</Data>
    </EventData>
  </Event>
  <Event xmlns="http://schemas.microsoft.com/win/2004/08/events/event">
    <System>
      <Provider Name="Microsoft-Windows-Sysmon"/>
      <EventID>1</EventID>
      <Level>0</Level>
      <Task>0</Task>
      <Opcode>0</Opcode>
      <Keywords>0x8020000000000000</Keywords>
      <TimeCreated SystemTime="2026-07-02T08:15:57Z"/>
      <EventRecordID>700966</EventRecordID>
      <Channel>Microsoft-Windows-Sysmon/Operational</Channel>
      <Computer>finance-pc-07.corp.local</Computer>
      <Security/>
    </System>
    <EventData>
    <Data Name="ArtifactEventId">artifact-sysmon-20260706-002514</Data>
    <Data Name="Image">C:\Windows\System32\cmd.exe</Data>
    <Data Name="CommandLine">7z.exe l archive.7z</Data>
    <Data Name="User">CORP\chen.yu</Data>
    <Data Name="DestinationIp">203.0.113.188</Data>
    </EventData>
  </Event>
  <Event xmlns="http://schemas.microsoft.com/win/2004/08/events/event">
    <System>
      <Provider Name="Microsoft-Windows-Sysmon"/>
      <EventID>1</EventID>
      <Level>0</Level>
      <Task>0</Task>
      <Opcode>0</Opcode>
      <Keywords>0x8020000000000000</Keywords>
      <TimeCreated SystemTime="2026-07-02T08:17:40Z"/>
      <EventRecordID>179183</EventRecordID>
      <Channel>Microsoft-Windows-Sysmon/Operational</Channel>
      <Computer>ad-dc-01.corp.local</Computer>
      <Security/>
    </System>
    <EventData>
    <Data Name="ArtifactEventId">artifact-sysmon-20260706-007283</Data>
    <Data Name="Image">C:\Windows\System32\svchost.exe</Data>
    <Data Name="CommandLine">robocopy.exe C:\Data D:\Backup</Data>
    <Data Name="User">NT AUTHORITY\SYSTEM</Data>
    <Data Name="DestinationIp">10.20.30.41</Data>
    </EventData>
  </Event>
  <Event xmlns="http://schemas.microsoft.com/win/2004/08/events/event">
    <System>
      <Provider Name="Microsoft-Windows-Sysmon"/>
      <EventID>22</EventID>
      <Level>0</Level>
      <Task>0</Task>
      <Opcode>0</Opcode>
      <Keywords>0x8020000000000000</Keywords>
      <TimeCreated SystemTime="2026-07-02T08:17:50Z"/>
      <EventRecordID>228306</EventRecordID>
      <Channel>Microsoft-Windows-Sysmon/Operational</Channel>
      <Computer>finance-pc-07.corp.local</Computer>
      <Security/>
    </System>
    <EventData>
    <Data Name="ArtifactEventId">artifact-sysmon-20260706-004565</Data>
    <Data Name="Image">C:\Program Files\7-Zip\7z.exe</Data>
    <Data Name="CommandLine">powershell.exe -NoP -Command Get-Process</Data>
    <Data Name="User">CORP\admin.li</Data>
    <Data Name="DestinationIp">10.20.40.10</Data>
    </EventData>
  </Event>
  <Event xmlns="http://schemas.microsoft.com/win/2004/08/events/event">
    <System>
      <Provider Name="Microsoft-Windows-Sysmon"/>
      <EventID>1</EventID>
      <Level>0</Level>
      <Task>0</Task>
      <Opcode>0</Opcode>
      <Keywords>0x8020000000000000</Keywords>
      <TimeCreated SystemTime="2026-07-02T08:18:00Z"/>
      <EventRecordID>869262</EventRecordID>
      <Channel>Microsoft-Windows-Sysmon/Operational</Channel>
      <Computer>win-admin-01.corp.local</Computer>
      <Security/>
    </System>
    <EventData>
    <Data Name="ArtifactEventId">artifact-sysmon-20260706-006427</Data>
    <Data Name="Image">C:\Windows\System32\svchost.exe</Data>
    <Data Name="CommandLine">powershell.exe -NoP -Command Get-Process</Data>
    <Data Name="User">NT AUTHORITY\SYSTEM</Data>
    <Data Name="DestinationIp">203.0.113.188</Data>
    </EventData>
  </Event>
  <Event xmlns="http://schemas.microsoft.com/win/2004/08/events/event">
    <System>
      <Provider Name="Microsoft-Windows-Sysmon"/>
      <EventID>22</EventID>
      <Level>0</Level>
      <Task>0</Task>
      <Opcode>0</Opcode>
      <Keywords>0x8020000000000000</Keywords>
      <TimeCreated SystemTime="2026-07-02T08:18:00Z"/>
      <EventRecordID>390987</EventRecordID>
      <Channel>Microsoft-Windows-Sysmon/Operational</Channel>
      <Computer>file-srv-01.corp.local</Computer>
      <Security/>
    </System>
    <EventData>
    <Data Name="ArtifactEventId">artifact-sysmon-20260706-006589</Data>
    <Data Name="Image">C:\Program Files\7-Zip\7z.exe</Data>
    <Data Name="CommandLine">powershell.exe -NoP -Command Get-Process</Data>
    <Data Name="User">NT AUTHORITY\SYSTEM</Data>
    <Data Name="DestinationIp">10.20.40.10</Data>
    </EventData>
  </Event>
  <Event xmlns="http://schemas.microsoft.com/win/2004/08/events/event">
    <System>
      <Provider Name="Microsoft-Windows-Sysmon"/>
      <EventID>11</EventID>
      <Level>0</Level>
      <Task>0</Task>
      <Opcode>0</Opcode>
      <Keywords>0x8020000000000000</Keywords>
      <TimeCreated SystemTime="2026-07-02T08:18:01Z"/>
      <EventRecordID>217368</EventRecordID>
      <Channel>Microsoft-Windows-Sysmon/Operational</Channel>
      <Computer>file-srv-01.corp.local</Computer>
      <Security/>
    </System>
    <EventData>
    <Data Name="ArtifactEventId">artifact-sysmon-20260706-003101</Data>
    <Data Name="Image">C:\Windows\System32\svchost.exe</Data>
    <Data Name="CommandLine">powershell.exe -NoP -Command Get-Process</Data>
    <Data Name="User">NT AUTHORITY\SYSTEM</Data>
    <Data Name="DestinationIp">10.20.30.41</Data>
    </EventData>
  </Event>
  <Event xmlns="http://schemas.microsoft.com/win/2004/08/events/event">
    <System>
      <Provider Name="Microsoft-Windows-Sysmon"/>
      <EventID>3</EventID>
      <Level>0</Level>
      <Task>0</Task>
      <Opcode>0</Opcode>
      <Keywords>0x8020000000000000</Keywords>
      <TimeCreated SystemTime="2026-07-02T08:18:35Z"/>
      <EventRecordID>249248</EventRecordID>
      <Channel>Microsoft-Windows-Sysmon/Operational</Channel>
      <Computer>finance-pc-07.corp.local</Computer>
      <Security/>
    </System>
    <EventData>
    <Data Name="ArtifactEventId">artifact-sysmon-20260706-003232</Data>
    <Data Name="Image">C:\Windows\System32\WindowsPowerShell\v1.0\powershell.exe</Data>
    <Data Name="CommandLine">svchost.exe -k netsvcs</Data>
    <Data Name="User">CORP\svc_backup</Data>
    <Data Name="DestinationIp">10.20.40.10</Data>
    </EventData>
  </Event>
  <Event xmlns="http://schemas.microsoft.com/win/2004/08/events/event">
    <System>
      <Provider Name="Microsoft-Windows-Sysmon"/>
      <EventID>7</EventID>
      <Level>0</Level>
      <Task>0</Task>
      <Opcode>0</Opcode>
      <Keywords>0x8020000000000000</Keywords>
      <TimeCreated SystemTime="2026-07-02T08:18:38Z"/>
      <EventRecordID>758674</EventRecordID>
      <Channel>Microsoft-Windows-Sysmon/Operational</Channel>
      <Computer>win-admin-01.corp.local</Computer>
      <Security/>
    </System>
    <EventData>
    <Data Name="ArtifactEventId">artifact-sysmon-20260706-002436</Data>
    <Data Name="Image">C:\Windows\System32\cmd.exe</Data>
    <Data Name="CommandLine">robocopy.exe C:\Data D:\Backup</Data>
    <Data Name="User">NT AUTHORITY\SYSTEM</Data>
    <Data Name="DestinationIp">10.20.30.41</Data>
    </EventData>
  </Event>
  <Event xmlns="http://schemas.microsoft.com/win/2004/08/events/event">
    <System>
      <Provider Name="Microsoft-Windows-Sysmon"/>
      <EventID>1</EventID>
      <Level>0</Level>
      <Task>0</Task>
      <Opcode>0</Opcode>
      <Keywords>0x8020000000000000</Keywords>
      <TimeCreated SystemTime="2026-07-02T08:18:48Z"/>
      <EventRecordID>523413</EventRecordID>
      <Channel>Microsoft-Windows-Sysmon/Operational</Channel>
      <Computer>ad-dc-01.corp.local</Computer>
      <Security/>
    </System>
    <EventData>
    <Data Name="ArtifactEventId">artifact-sysmon-20260706-003791</Data>
    <Data Name="Image">C:\Windows\System32\cmd.exe</Data>
    <Data Name="CommandLine">7z.exe l archive.7z</Data>
    <Data Name="User">CORP\admin.li</Data>
    <Data Name="DestinationIp">10.20.30.41</Data>
    </EventData>
  </Event>
  <Event xmlns="http://schemas.microsoft.com/win/2004/08/events/event">
    <System>
      <Provider Name="Microsoft-Windows-Sysmon"/>
      <EventID>3</EventID>
      <Level>0</Level>
      <Task>0</Task>
      <Opcode>0</Opcode>
      <Keywords>0x8020000000000000</Keywords>
      <TimeCreated SystemTime="2026-07-02T08:18:50Z"/>
      <EventRecordID>616448</EventRecordID>
      <Channel>Microsoft-Windows-Sysmon/Operational</Channel>
      <Computer>ad-dc-01.corp.local</Computer>
      <Security/>
    </System>
    <EventData>
    <Data Name="ArtifactEventId">artifact-sysmon-20260706-002969</Data>
    <Data Name="Image">C:\Windows\System32\WindowsPowerShell\v1.0\powershell.exe</Data>
    <Data Name="CommandLine">svchost.exe -k netsvcs</Data>
    <Data Name="User">CORP\admin.li</Data>
    <Data Name="DestinationIp">10.20.40.10</Data>
    </EventData>
  </Event>
  <Event xmlns="http://schemas.microsoft.com/win/2004/08/events/event">
    <System>
      <Provider Name="Microsoft-Windows-Sysmon"/>
      <EventID>1</EventID>
      <Level>0</Level>
      <Task>0</Task>
      <Opcode>0</Opcode>
      <Keywords>0x8020000000000000</Keywords>
      <TimeCreated SystemTime="2026-07-02T08:18:57Z"/>
      <EventRecordID>378736</EventRecordID>
      <Channel>Microsoft-Windows-Sysmon/Operational</Channel>
      <Computer>file-srv-01.corp.local</Computer>
      <Security/>
    </System>
    <EventData>
    <Data Name="ArtifactEventId">artifact-sysmon-20260706-002070</Data>
    <Data Name="Image">C:\Windows\System32\robocopy.exe</Data>
    <Data Name="CommandLine">7z.exe l archive.7z</Data>
    <Data Name="User">CORP\svc_backup</Data>
    <Data Name="DestinationIp">10.20.40.10</Data>
    </EventData>
  </Event>
  <Event xmlns="http://schemas.microsoft.com/win/2004/08/events/event">
    <System>
      <Provider Name="Microsoft-Windows-Sysmon"/>
      <EventID>1</EventID>
      <Level>0</Level>
      <Task>0</Task>
      <Opcode>0</Opcode>
      <Keywords>0x8020000000000000</Keywords>
      <TimeCreated SystemTime="2026-07-02T08:19:40Z"/>
      <EventRecordID>526905</EventRecordID>
      <Channel>Microsoft-Windows-Sysmon/Operational</Channel>
      <Computer>ad-dc-01.corp.local</Computer>
      <Security/>
    </System>
    <EventData>
    <Data Name="ArtifactEventId">artifact-sysmon-20260706-008200</Data>
    <Data Name="Image">C:\Windows\System32\WindowsPowerShell\v1.0\powershell.exe</Data>
    <Data Name="CommandLine">robocopy.exe C:\Data D:\Backup</Data>
    <Data Name="User">NT AUTHORITY\SYSTEM</Data>
    <Data Name="DestinationIp">10.20.30.41</Data>
    </EventData>
  </Event>
  <Event xmlns="http://schemas.microsoft.com/win/2004/08/events/event">
    <System>
      <Provider Name="Microsoft-Windows-Sysmon"/>
      <EventID>11</EventID>
      <Level>0</Level>
      <Task>0</Task>
      <Opcode>0</Opcode>
      <Keywords>0x8020000000000000</Keywords>
      <TimeCreated SystemTime="2026-07-02T08:21:56Z"/>
      <EventRecordID>971677</EventRecordID>
      <Channel>Microsoft-Windows-Sysmon/Operational</Channel>
      <Computer>win-admin-01.corp.local</Computer>
      <Security/>
    </System>
    <EventData>
    <Data Name="ArtifactEventId">artifact-sysmon-20260706-005406</Data>
    <Data Name="Image">C:\Program Files\7-Zip\7z.exe</Data>
    <Data Name="CommandLine">robocopy.exe C:\Data D:\Backup</Data>
    <Data Name="User">CORP\chen.yu</Data>
    <Data Name="DestinationIp">10.20.30.41</Data>
    </EventData>
  </Event>
  <Event xmlns="http://schemas.microsoft.com/win/2004/08/events/event">
    <System>
      <Provider Name="Microsoft-Windows-Sysmon"/>
      <EventID>22</EventID>
      <Level>0</Level>
      <Task>0</Task>
      <Opcode>0</Opcode>
      <Keywords>0x8020000000000000</Keywords>
      <TimeCreated SystemTime="2026-07-02T08:22:30Z"/>
      <EventRecordID>974312</EventRecordID>
      <Channel>Microsoft-Windows-Sysmon/Operational</Channel>
      <Computer>ad-dc-01.corp.local</Computer>
      <Security/>
    </System>
    <EventData>
    <Data Name="ArtifactEventId">artifact-sysmon-20260706-001358</Data>
    <Data Name="Image">C:\Windows\System32\svchost.exe</Data>
    <Data Name="CommandLine">robocopy.exe C:\Data D:\Backup</Data>
    <Data Name="User">CORP\chen.yu</Data>
    <Data Name="DestinationIp">10.20.30.41</Data>
    </EventData>
  </Event>
  <Event xmlns="http://schemas.microsoft.com/win/2004/08/events/event">
    <System>
      <Provider Name="Microsoft-Windows-Sysmon"/>
      <EventID>22</EventID>
      <Level>0</Level>
      <Task>0</Task>
      <Opcode>0</Opcode>
      <Keywords>0x8020000000000000</Keywords>
      <TimeCreated SystemTime="2026-07-02T08:22:31Z"/>
      <EventRecordID>800548</EventRecordID>
      <Channel>Microsoft-Windows-Sysmon/Operational</Channel>
      <Computer>ad-dc-01.corp.local</Computer>
      <Security/>
    </System>
    <EventData>
    <Data Name="ArtifactEventId">artifact-sysmon-20260706-000691</Data>
    <Data Name="Image">C:\Windows\System32\WindowsPowerShell\v1.0\powershell.exe</Data>
    <Data Name="CommandLine">cmd.exe /c whoami</Data>
    <Data Name="User">NT AUTHORITY\SYSTEM</Data>
    <Data Name="DestinationIp">10.20.30.41</Data>
    </EventData>
  </Event>
  <Event xmlns="http://schemas.microsoft.com/win/2004/08/events/event">
    <System>
      <Provider Name="Microsoft-Windows-Sysmon"/>
      <EventID>7</EventID>
      <Level>0</Level>
      <Task>0</Task>
      <Opcode>0</Opcode>
      <Keywords>0x8020000000000000</Keywords>
      <TimeCreated SystemTime="2026-07-02T08:23:52Z"/>
      <EventRecordID>515035</EventRecordID>
      <Channel>Microsoft-Windows-Sysmon/Operational</Channel>
      <Computer>win-admin-01.corp.local</Computer>
      <Security/>
    </System>
    <EventData>
    <Data Name="ArtifactEventId">artifact-sysmon-20260706-005421</Data>
    <Data Name="Image">C:\Program Files\7-Zip\7z.exe</Data>
    <Data Name="CommandLine">svchost.exe -k netsvcs</Data>
    <Data Name="User">CORP\chen.yu</Data>
    <Data Name="DestinationIp">203.0.113.188</Data>
    </EventData>
  </Event>
  <Event xmlns="http://schemas.microsoft.com/win/2004/08/events/event">
    <System>
      <Provider Name="Microsoft-Windows-Sysmon"/>
      <EventID>22</EventID>
      <Level>0</Level>
      <Task>0</Task>
      <Opcode>0</Opcode>
      <Keywords>0x8020000000000000</Keywords>
      <TimeCreated SystemTime="2026-07-02T08:23:53Z"/>
      <EventRecordID>484987</EventRecordID>
      <Channel>Microsoft-Windows-Sysmon/Operational</Channel>
      <Computer>finance-pc-07.corp.local</Computer>
      <Security/>
    </System>
    <EventData>
    <Data Name="ArtifactEventId">artifact-sysmon-20260706-003403</Data>
    <Data Name="Image">C:\Windows\System32\cmd.exe</Data>
    <Data Name="CommandLine">7z.exe l archive.7z</Data>
    <Data Name="User">CORP\admin.li</Data>
    <Data Name="DestinationIp">203.0.113.188</Data>
    </EventData>
  </Event>
  <Event xmlns="http://schemas.microsoft.com/win/2004/08/events/event">
    <System>
      <Provider Name="Microsoft-Windows-Sysmon"/>
      <EventID>7</EventID>
      <Level>0</Level>
      <Task>0</Task>
      <Opcode>0</Opcode>
      <Keywords>0x8020000000000000</Keywords>
      <TimeCreated SystemTime="2026-07-02T08:24:10Z"/>
      <EventRecordID>578712</EventRecordID>
      <Channel>Microsoft-Windows-Sysmon/Operational</Channel>
      <Computer>file-srv-01.corp.local</Computer>
      <Security/>
    </System>
    <EventData>
    <Data Name="ArtifactEventId">artifact-sysmon-20260706-000182</Data>
    <Data Name="Image">C:\Program Files\7-Zip\7z.exe</Data>
    <Data Name="CommandLine">7z.exe l archive.7z</Data>
    <Data Name="User">CORP\chen.yu</Data>
    <Data Name="DestinationIp">10.20.30.41</Data>
    </EventData>
  </Event>
  <Event xmlns="http://schemas.microsoft.com/win/2004/08/events/event">
    <System>
      <Provider Name="Microsoft-Windows-Sysmon"/>
      <EventID>22</EventID>
      <Level>0</Level>
      <Task>0</Task>
      <Opcode>0</Opcode>
      <Keywords>0x8020000000000000</Keywords>
      <TimeCreated SystemTime="2026-07-02T08:24:13Z"/>
      <EventRecordID>347573</EventRecordID>
      <Channel>Microsoft-Windows-Sysmon/Operational</Channel>
      <Computer>file-srv-01.corp.local</Computer>
      <Security/>
    </System>
    <EventData>
    <Data Name="ArtifactEventId">artifact-sysmon-20260706-007624</Data>
    <Data Name="Image">C:\Windows\System32\svchost.exe</Data>
    <Data Name="CommandLine">robocopy.exe C:\Data D:\Backup</Data>
    <Data Name="User">CORP\chen.yu</Data>
    <Data Name="DestinationIp">10.20.40.10</Data>
    </EventData>
  </Event>
  <Event xmlns="http://schemas.microsoft.com/win/2004/08/events/event">
    <System>
      <Provider Name="Microsoft-Windows-Sysmon"/>
      <EventID>11</EventID>
      <Level>0</Level>
      <Task>0</Task>
      <Opcode>0</Opcode>
      <Keywords>0x8020000000000000</Keywords>
      <TimeCreated SystemTime="2026-07-02T08:24:20Z"/>
      <EventRecordID>193656</EventRecordID>
      <Channel>Microsoft-Windows-Sysmon/Operational</Channel>
      <Computer>ad-dc-01.corp.local</Computer>
      <Security/>
    </System>
    <EventData>
    <Data Name="ArtifactEventId">artifact-sysmon-20260706-007777</Data>
    <Data Name="Image">C:\Windows\System32\cmd.exe</Data>
    <Data Name="CommandLine">svchost.exe -k netsvcs</Data>
    <Data Name="User">NT AUTHORITY\SYSTEM</Data>
    <Data Name="DestinationIp">10.20.30.41</Data>
    </EventData>
  </Event>
  <Event xmlns="http://schemas.microsoft.com/win/2004/08/events/event">
    <System>
      <Provider Name="Microsoft-Windows-Sysmon"/>
      <EventID>7</EventID>
      <Level>0</Level>
      <Task>0</Task>
      <Opcode>0</Opcode>
      <Keywords>0x8020000000000000</Keywords>
      <TimeCreated SystemTime="2026-07-02T08:24:26Z"/>
      <EventRecordID>277278</EventRecordID>
      <Channel>Microsoft-Windows-Sysmon/Operational</Channel>
      <Computer>finance-pc-07.corp.local</Computer>
      <Security/>
    </System>
    <EventData>
    <Data Name="ArtifactEventId">artifact-sysmon-20260706-001632</Data>
    <Data Name="Image">C:\Windows\System32\WindowsPowerShell\v1.0\powershell.exe</Data>
    <Data Name="CommandLine">cmd.exe /c whoami</Data>
    <Data Name="User">CORP\chen.yu</Data>
    <Data Name="DestinationIp">10.20.40.10</Data>
    </EventData>
  </Event>
  <Event xmlns="http://schemas.microsoft.com/win/2004/08/events/event">
    <System>
      <Provider Name="Microsoft-Windows-Sysmon"/>
      <EventID>7</EventID>
      <Level>0</Level>
      <Task>0</Task>
      <Opcode>0</Opcode>
      <Keywords>0x8020000000000000</Keywords>
      <TimeCreated SystemTime="2026-07-02T08:25:25Z"/>
      <EventRecordID>832864</EventRecordID>
      <Channel>Microsoft-Windows-Sysmon/Operational</Channel>
      <Computer>finance-pc-07.corp.local</Computer>
      <Security/>
    </System>
    <EventData>
    <Data Name="ArtifactEventId">artifact-sysmon-20260706-006946</Data>
    <Data Name="Image">C:\Windows\System32\WindowsPowerShell\v1.0\powershell.exe</Data>
    <Data Name="CommandLine">svchost.exe -k netsvcs</Data>
    <Data Name="User">CORP\chen.yu</Data>
    <Data Name="DestinationIp">10.20.30.41</Data>
    </EventData>
  </Event>
  <Event xmlns="http://schemas.microsoft.com/win/2004/08/events/event">
    <System>
      <Provider Name="Microsoft-Windows-Sysmon"/>
      <EventID>7</EventID>
      <Level>0</Level>
      <Task>0</Task>
      <Opcode>0</Opcode>
      <Keywords>0x8020000000000000</Keywords>
      <TimeCreated SystemTime="2026-07-02T08:27:34Z"/>
      <EventRecordID>565124</EventRecordID>
      <Channel>Microsoft-Windows-Sysmon/Operational</Channel>
      <Computer>finance-pc-07.corp.local</Computer>
      <Security/>
    </System>
    <EventData>
    <Data Name="ArtifactEventId">artifact-sysmon-20260706-007763</Data>
    <Data Name="Image">C:\Windows\System32\cmd.exe</Data>
    <Data Name="CommandLine">powershell.exe -NoP -Command Get-Process</Data>
    <Data Name="User">CORP\svc_backup</Data>
    <Data Name="DestinationIp">10.20.40.10</Data>
    </EventData>
  </Event>
  <Event xmlns="http://schemas.microsoft.com/win/2004/08/events/event">
    <System>
      <Provider Name="Microsoft-Windows-Sysmon"/>
      <EventID>1</EventID>
      <Level>0</Level>
      <Task>0</Task>
      <Opcode>0</Opcode>
      <Keywords>0x8020000000000000</Keywords>
      <TimeCreated SystemTime="2026-07-02T08:28:25Z"/>
      <EventRecordID>564740</EventRecordID>
      <Channel>Microsoft-Windows-Sysmon/Operational</Channel>
      <Computer>ad-dc-01.corp.local</Computer>
      <Security/>
    </System>
    <EventData>
    <Data Name="ArtifactEventId">artifact-sysmon-20260706-006376</Data>
    <Data Name="Image">C:\Windows\System32\svchost.exe</Data>
    <Data Name="CommandLine">cmd.exe /c whoami</Data>
    <Data Name="User">NT AUTHORITY\SYSTEM</Data>
    <Data Name="DestinationIp">10.20.40.10</Data>
    </EventData>
  </Event>
  <Event xmlns="http://schemas.microsoft.com/win/2004/08/events/event">
    <System>
      <Provider Name="Microsoft-Windows-Sysmon"/>
      <EventID>22</EventID>
      <Level>0</Level>
      <Task>0</Task>
      <Opcode>0</Opcode>
      <Keywords>0x8020000000000000</Keywords>
      <TimeCreated SystemTime="2026-07-02T08:30:42Z"/>
      <EventRecordID>908148</EventRecordID>
      <Channel>Microsoft-Windows-Sysmon/Operational</Channel>
      <Computer>win-admin-01.corp.local</Computer>
      <Security/>
    </System>
    <EventData>
    <Data Name="ArtifactEventId">artifact-sysmon-20260706-003997</Data>
    <Data Name="Image">C:\Windows\System32\robocopy.exe</Data>
    <Data Name="CommandLine">7z.exe l archive.7z</Data>
    <Data Name="User">CORP\admin.li</Data>
    <Data Name="DestinationIp">10.20.40.10</Data>
    </EventData>
  </Event>
  <Event xmlns="http://schemas.microsoft.com/win/2004/08/events/event">
    <System>
      <Provider Name="Microsoft-Windows-Sysmon"/>
      <EventID>3</EventID>
      <Level>0</Level>
      <Task>0</Task>
      <Opcode>0</Opcode>
      <Keywords>0x8020000000000000</Keywords>
      <TimeCreated SystemTime="2026-07-02T08:30:56Z"/>
      <EventRecordID>469995</EventRecordID>
      <Channel>Microsoft-Windows-Sysmon/Operational</Channel>
      <Computer>ad-dc-01.corp.local</Computer>
      <Security/>
    </System>
    <EventData>
    <Data Name="ArtifactEventId">artifact-sysmon-20260706-001857</Data>
    <Data Name="Image">C:\Windows\System32\WindowsPowerShell\v1.0\powershell.exe</Data>
    <Data Name="CommandLine">svchost.exe -k netsvcs</Data>
    <Data Name="User">CORP\chen.yu</Data>
    <Data Name="DestinationIp">203.0.113.188</Data>
    </EventData>
  </Event>
  <Event xmlns="http://schemas.microsoft.com/win/2004/08/events/event">
    <System>
      <Provider Name="Microsoft-Windows-Sysmon"/>
      <EventID>11</EventID>
      <Level>0</Level>
      <Task>0</Task>
      <Opcode>0</Opcode>
      <Keywords>0x8020000000000000</Keywords>
      <TimeCreated SystemTime="2026-07-02T08:31:13Z"/>
      <EventRecordID>915323</EventRecordID>
      <Channel>Microsoft-Windows-Sysmon/Operational</Channel>
      <Computer>win-admin-01.corp.local</Computer>
      <Security/>
    </System>
    <EventData>
    <Data Name="ArtifactEventId">artifact-sysmon-20260706-001485</Data>
    <Data Name="Image">C:\Windows\System32\WindowsPowerShell\v1.0\powershell.exe</Data>
    <Data Name="CommandLine">svchost.exe -k netsvcs</Data>
    <Data Name="User">CORP\chen.yu</Data>
    <Data Name="DestinationIp">203.0.113.188</Data>
    </EventData>
  </Event>
  <Event xmlns="http://schemas.microsoft.com/win/2004/08/events/event">
    <System>
      <Provider Name="Microsoft-Windows-Sysmon"/>
      <EventID>1</EventID>
      <Level>0</Level>
      <Task>0</Task>
      <Opcode>0</Opcode>
      <Keywords>0x8020000000000000</Keywords>
      <TimeCreated SystemTime="2026-07-02T08:31:59Z"/>
      <EventRecordID>923877</EventRecordID>
      <Channel>Microsoft-Windows-Sysmon/Operational</Channel>
      <Computer>win-admin-01.corp.local</Computer>
      <Security/>
    </System>
    <EventData>
    <Data Name="ArtifactEventId">artifact-sysmon-20260706-007700</Data>
    <Data Name="Image">C:\Windows\System32\robocopy.exe</Data>
    <Data Name="CommandLine">robocopy.exe C:\Data D:\Backup</Data>
    <Data Name="User">CORP\svc_backup</Data>
    <Data Name="DestinationIp">10.20.30.41</Data>
    </EventData>
  </Event>
  <Event xmlns="http://schemas.microsoft.com/win/2004/08/events/event">
    <System>
      <Provider Name="Microsoft-Windows-Sysmon"/>
      <EventID>22</EventID>
      <Level>0</Level>
      <Task>0</Task>
      <Opcode>0</Opcode>
      <Keywords>0x8020000000000000</Keywords>
      <TimeCreated SystemTime="2026-07-02T08:32:18Z"/>
      <EventRecordID>166209</EventRecordID>
      <Channel>Microsoft-Windows-Sysmon/Operational</Channel>
      <Computer>file-srv-01.corp.local</Computer>
      <Security/>
    </System>
    <EventData>
    <Data Name="ArtifactEventId">artifact-sysmon-20260706-008763</Data>
    <Data Name="Image">C:\Windows\System32\WindowsPowerShell\v1.0\powershell.exe</Data>
    <Data Name="CommandLine">7z.exe l archive.7z</Data>
    <Data Name="User">CORP\chen.yu</Data>
    <Data Name="DestinationIp">10.20.40.10</Data>
    </EventData>
  </Event>
  