<Event xmlns="http://schemas.microsoft.com/win/2004/08/events/event">
    <System>
      <Provider Name="Microsoft-Windows-Sysmon"/>
      <EventID>22</EventID>
      <Level>0</Level>
      <Task>0</Task>
      <Opcode>0</Opcode>
      <Keywords>0x8020000000000000</Keywords>
      <TimeCreated SystemTime="2026-07-02T06:25:16Z"/>
      <EventRecordID>823560</EventRecordID>
      <Channel>Microsoft-Windows-Sysmon/Operational</Channel>
      <Computer>ad-dc-01.corp.local</Computer>
      <Security/>
    </System>
    <EventData>
    <Data Name="ArtifactEventId">artifact-sysmon-20260706-004520</Data>
    <Data Name="Image">C:\Windows\System32\svchost.exe</Data>
    <Data Name="CommandLine">powershell.exe -NoP -Command Get-Process</Data>
    <Data Name="User">CORP\svc_backup</Data>
    <Data Name="DestinationIp">10.20.40.10</Data>
    </EventData>
  </Event>
  <Event xmlns="http://schemas.microsoft.com/win/2004/08/events/event">
    <System>
      <Provider Name="Microsoft-Windows-Sysmon"/>
      <EventID>22</EventID>
      <Level>0</Level>
      <Task>0</Task>
      <Opcode>0</Opcode>
      <Keywords>0x8020000000000000</Keywords>
      <TimeCreated SystemTime="2026-07-02T06:26:16Z"/>
      <EventRecordID>515195</EventRecordID>
      <Channel>Microsoft-Windows-Sysmon/Operational</Channel>
      <Computer>finance-pc-07.corp.local</Computer>
      <Security/>
    </System>
    <EventData>
    <Data Name="ArtifactEventId">artifact-sysmon-20260706-002648</Data>
    <Data Name="Image">C:\Program Files\7-Zip\7z.exe</Data>
    <Data Name="CommandLine">robocopy.exe C:\Data D:\Backup</Data>
    <Data Name="User">NT AUTHORITY\SYSTEM</Data>
    <Data Name="DestinationIp">203.0.113.188</Data>
    </EventData>
  </Event>
  <Event xmlns="http://schemas.microsoft.com/win/2004/08/events/event">
    <System>
      <Provider Name="Microsoft-Windows-Sysmon"/>
      <EventID>1</EventID>
      <Level>0</Level>
      <Task>0</Task>
      <Opcode>0</Opcode>
      <Keywords>0x8020000000000000</Keywords>
      <TimeCreated SystemTime="2026-07-02T06:26:44Z"/>
      <EventRecordID>274045</EventRecordID>
      <Channel>Microsoft-Windows-Sysmon/Operational</Channel>
      <Computer>win-admin-01.corp.local</Computer>
      <Security/>
    </System>
    <EventData>
    <Data Name="ArtifactEventId">artifact-sysmon-20260706-004324</Data>
    <Data Name="Image">C:\Program Files\7-Zip\7z.exe</Data>
    <Data Name="CommandLine">7z.exe l archive.7z</Data>
    <Data Name="User">NT AUTHORITY\SYSTEM</Data>
    <Data Name="DestinationIp">10.20.40.10</Data>
    </EventData>
  </Event>
  <Event xmlns="http://schemas.microsoft.com/win/2004/08/events/event">
    <System>
      <Provider Name="Microsoft-Windows-Sysmon"/>
      <EventID>1</EventID>
      <Level>0</Level>
      <Task>0</Task>
      <Opcode>0</Opcode>
      <Keywords>0x8020000000000000</Keywords>
      <TimeCreated SystemTime="2026-07-02T06:26:49Z"/>
      <EventRecordID>592354</EventRecordID>
      <Channel>Microsoft-Windows-Sysmon/Operational</Channel>
      <Computer>win-admin-01.corp.local</Computer>
      <Security/>
    </System>
    <EventData>
    <Data Name="ArtifactEventId">artifact-sysmon-20260706-004436</Data>
    <Data Name="Image">C:\Windows\System32\cmd.exe</Data>
    <Data Name="CommandLine">powershell.exe -NoP -Command Get-Process</Data>
    <Data Name="User">CORP\admin.li</Data>
    <Data Name="DestinationIp">10.20.40.10</Data>
    </EventData>
  </Event>
  <Event xmlns="http://schemas.microsoft.com/win/2004/08/events/event">
    <System>
      <Provider Name="Microsoft-Windows-Sysmon"/>
      <EventID>1</EventID>
      <Level>0</Level>
      <Task>0</Task>
      <Opcode>0</Opcode>
      <Keywords>0x8020000000000000</Keywords>
      <TimeCreated SystemTime="2026-07-02T06:27:25Z"/>
      <EventRecordID>888787</EventRecordID>
      <Channel>Microsoft-Windows-Sysmon/Operational</Channel>
      <Computer>file-srv-01.corp.local</Computer>
      <Security/>
    </System>
    <EventData>
    <Data Name="ArtifactEventId">artifact-sysmon-20260706-005959</Data>
    <Data Name="Image">C:\Windows\System32\WindowsPowerShell\v1.0\powershell.exe</Data>
    <Data Name="CommandLine">7z.exe l archive.7z</Data>
    <Data Name="User">CORP\chen.yu</Data>
    <Data Name="DestinationIp">10.20.30.41</Data>
    </EventData>
  </Event>
  <Event xmlns="http://schemas.microsoft.com/win/2004/08/events/event">
    <System>
      <Provider Name="Microsoft-Windows-Sysmon"/>
      <EventID>3</EventID>
      <Level>0</Level>
      <Task>0</Task>
      <Opcode>0</Opcode>
      <Keywords>0x8020000000000000</Keywords>
      <TimeCreated SystemTime="2026-07-02T06:27:40Z"/>
      <EventRecordID>327755</EventRecordID>
      <Channel>Microsoft-Windows-Sysmon/Operational</Channel>
      <Computer>finance-pc-07.corp.local</Computer>
      <Security/>
    </System>
    <EventData>
    <Data Name="ArtifactEventId">artifact-sysmon-20260706-008682</Data>
    <Data Name="Image">C:\Program Files\7-Zip\7z.exe</Data>
    <Data Name="CommandLine">cmd.exe /c whoami</Data>
    <Data Name="User">NT AUTHORITY\SYSTEM</Data>
    <Data Name="DestinationIp">10.20.30.41</Data>
    </EventData>
  </Event>
  <Event xmlns="http://schemas.microsoft.com/win/2004/08/events/event">
    <System>
      <Provider Name="Microsoft-Windows-Sysmon"/>
      <EventID>22</EventID>
      <Level>0</Level>
      <Task>0</Task>
      <Opcode>0</Opcode>
      <Keywords>0x8020000000000000</Keywords>
      <TimeCreated SystemTime="2026-07-02T06:27:51Z"/>
      <EventRecordID>883490</EventRecordID>
      <Channel>Microsoft-Windows-Sysmon/Operational</Channel>
      <Computer>win-admin-01.corp.local</Computer>
      <Security/>
    </System>
    <EventData>
    <Data Name="ArtifactEventId">artifact-sysmon-20260706-007206</Data>
    <Data Name="Image">C:\Windows\System32\WindowsPowerShell\v1.0\powershell.exe</Data>
    <Data Name="CommandLine">svchost.exe -k netsvcs</Data>
    <Data Name="User">CORP\chen.yu</Data>
    <Data Name="DestinationIp">10.20.30.41</Data>
    </EventData>
  </Event>
  <Event xmlns="http://schemas.microsoft.com/win/2004/08/events/event">
    <System>
      <Provider Name="Microsoft-Windows-Sysmon"/>
      <EventID>3</EventID>
      <Level>0</Level>
      <Task>0</Task>
      <Opcode>0</Opcode>
      <Keywords>0x8020000000000000</Keywords>
      <TimeCreated SystemTime="2026-07-02T06:28:49Z"/>
      <EventRecordID>745989</EventRecordID>
      <Channel>Microsoft-Windows-Sysmon/Operational</Channel>
      <Computer>ad-dc-01.corp.local</Computer>
      <Security/>
    </System>
    <EventData>
    <Data Name="ArtifactEventId">artifact-sysmon-20260706-006511</Data>
    <Data Name="Image">C:\Program Files\7-Zip\7z.exe</Data>
    <Data Name="CommandLine">powershell.exe -NoP -Command Get-Process</Data>
    <Data Name="User">CORP\svc_backup</Data>
    <Data Name="DestinationIp">10.20.30.41</Data>
    </EventData>
  </Event>
  <Event xmlns="http://schemas.microsoft.com/win/2004/08/events/event">
    <System>
      <Provider Name="Microsoft-Windows-Sysmon"/>
      <EventID>1</EventID>
      <Level>0</Level>
      <Task>0</Task>
      <Opcode>0</Opcode>
      <Keywords>0x8020000000000000</Keywords>
      <TimeCreated SystemTime="2026-07-02T06:29:18Z"/>
      <EventRecordID>672921</EventRecordID>
      <Channel>Microsoft-Windows-Sysmon/Operational</Channel>
      <Computer>finance-pc-07.corp.local</Computer>
      <Security/>
    </System>
    <EventData>
    <Data Name="ArtifactEventId">artifact-sysmon-20260706-001948</Data>
    <Data Name="Image">C:\Windows\System32\WindowsPowerShell\v1.0\powershell.exe</Data>
    <Data Name="CommandLine">svchost.exe -k netsvcs</Data>
    <Data Name="User">NT AUTHORITY\SYSTEM</Data>
    <Data Name="DestinationIp">203.0.113.188</Data>
    </EventData>
  </Event>
  <Event xmlns="http://schemas.microsoft.com/win/2004/08/events/event">
    <System>
      <Provider Name="Microsoft-Windows-Sysmon"/>
      <EventID>1</EventID>
      <Level>0</Level>
      <Task>0</Task>
      <Opcode>0</Opcode>
      <Keywords>0x8020000000000000</Keywords>
      <TimeCreated SystemTime="2026-07-02T06:30:01Z"/>
      <EventRecordID>605960</EventRecordID>
      <Channel>Microsoft-Windows-Sysmon/Operational</Channel>
      <Computer>ad-dc-01.corp.local</Computer>
      <Security/>
    </System>
    <EventData>
    <Data Name="ArtifactEventId">artifact-sysmon-20260706-004824</Data>
    <Data Name="Image">C:\Windows\System32\cmd.exe</Data>
    <Data Name="CommandLine">svchost.exe -k netsvcs</Data>
    <Data Name="User">CORP\svc_backup</Data>
    <Data Name="DestinationIp">203.0.113.188</Data>
    </EventData>
  </Event>
  <Event xmlns="http://schemas.microsoft.com/win/2004/08/events/event">
    <System>
      <Provider Name="Microsoft-Windows-Sysmon"/>
      <EventID>22</EventID>
      <Level>0</Level>
      <Task>0</Task>
      <Opcode>0</Opcode>
      <Keywords>0x8020000000000000</Keywords>
      <TimeCreated SystemTime="2026-07-02T06:30:41Z"/>
      <EventRecordID>223932</EventRecordID>
      <Channel>Microsoft-Windows-Sysmon/Operational</Channel>
      <Computer>finance-pc-07.corp.local</Computer>
      <Security/>
    </System>
    <EventData>
    <Data Name="ArtifactEventId">artifact-sysmon-20260706-000935</Data>
    <Data Name="Image">C:\Program Files\7-Zip\7z.exe</Data>
    <Data Name="CommandLine">svchost.exe -k netsvcs</Data>
    <Data Name="User">CORP\chen.yu</Data>
    <Data Name="DestinationIp">10.20.40.10</Data>
    </EventData>
  </Event>
  <Event xmlns="http://schemas.microsoft.com/win/2004/08/events/event">
    <System>
      <Provider Name="Microsoft-Windows-Sysmon"/>
      <EventID>3</EventID>
      <Level>0</Level>
      <Task>0</Task>
      <Opcode>0</Opcode>
      <Keywords>0x8020000000000000</Keywords>
      <TimeCreated SystemTime="2026-07-02T06:32:16Z"/>
      <EventRecordID>429658</EventRecordID>
      <Channel>Microsoft-Windows-Sysmon/Operational</Channel>
      <Computer>win-admin-01.corp.local</Computer>
      <Security/>
    </System>
    <EventData>
    <Data Name="ArtifactEventId">artifact-sysmon-20260706-000771</Data>
    <Data Name="Image">C:\Windows\System32\svchost.exe</Data>
    <Data Name="CommandLine">7z.exe l archive.7z</Data>
    <Data Name="User">CORP\chen.yu</Data>
    <Data Name="DestinationIp">10.20.40.10</Data>
    </EventData>
  </Event>
  <Event xmlns="http://schemas.microsoft.com/win/2004/08/events/event">
    <System>
      <Provider Name="Microsoft-Windows-Sysmon"/>
      <EventID>11</EventID>
      <Level>0</Level>
      <Task>0</Task>
      <Opcode>0</Opcode>
      <Keywords>0x8020000000000000</Keywords>
      <TimeCreated SystemTime="2026-07-02T06:35:00Z"/>
      <EventRecordID>474384</EventRecordID>
      <Channel>Microsoft-Windows-Sysmon/Operational</Channel>
      <Computer>win-admin-01.corp.local</Computer>
      <Security/>
    </System>
    <EventData>
    <Data Name="ArtifactEventId">artifact-sysmon-20260706-003651</Data>
    <Data Name="Image">C:\Program Files\7-Zip\7z.exe</Data>
    <Data Name="CommandLine">svchost.exe -k netsvcs</Data>
    <Data Name="User">CORP\admin.li</Data>
    <Data Name="DestinationIp">10.20.30.41</Data>
    </EventData>
  </Event>
  <Event xmlns="http://schemas.microsoft.com/win/2004/08/events/event">
    <System>
      <Provider Name="Microsoft-Windows-Sysmon"/>
      <EventID>7</EventID>
      <Level>0</Level>
      <Task>0</Task>
      <Opcode>0</Opcode>
      <Keywords>0x8020000000000000</Keywords>
      <TimeCreated SystemTime="2026-07-02T06:35:07Z"/>
      <EventRecordID>301169</EventRecordID>
      <Channel>Microsoft-Windows-Sysmon/Operational</Channel>
      <Computer>win-admin-01.corp.local</Computer>
      <Security/>
    </System>
    <EventData>
    <Data Name="ArtifactEventId">artifact-sysmon-20260706-005951</Data>
    <Data Name="Image">C:\Windows\System32\svchost.exe</Data>
    <Data Name="CommandLine">7z.exe l archive.7z</Data>
    <Data Name="User">CORP\admin.li</Data>
    <Data Name="DestinationIp">203.0.113.188</Data>
    </EventData>
  </Event>
  <Event xmlns="http://schemas.microsoft.com/win/2004/08/events/event">
    <System>
      <Provider Name="Microsoft-Windows-Sysmon"/>
      <EventID>1</EventID>
      <Level>0</Level>
      <Task>0</Task>
      <Opcode>0</Opcode>
      <Keywords>0x8020000000000000</Keywords>
      <TimeCreated SystemTime="2026-07-02T06:35:40Z"/>
      <EventRecordID>432708</EventRecordID>
      <Channel>Microsoft-Windows-Sysmon/Operational</Channel>
      <Computer>win-admin-01.corp.local</Computer>
      <Security/>
    </System>
    <EventData>
    <Data Name="ArtifactEventId">artifact-sysmon-20260706-003964</Data>
    <Data Name="Image">C:\Windows\System32\svchost.exe</Data>
    <Data Name="CommandLine">robocopy.exe C:\Data D:\Backup</Data>
    <Data Name="User">CORP\chen.yu</Data>
    <Data Name="DestinationIp">203.0.113.188</Data>
    </EventData>
  </Event>
  <Event xmlns="http://schemas.microsoft.com/win/2004/08/events/event">
    <System>
      <Provider Name="Microsoft-Windows-Sysmon"/>
      <EventID>7</EventID>
      <Level>0</Level>
      <Task>0</Task>
      <Opcode>0</Opcode>
      <Keywords>0x8020000000000000</Keywords>
      <TimeCreated SystemTime="2026-07-02T06:35:55Z"/>
      <EventRecordID>307395</EventRecordID>
      <Channel>Microsoft-Windows-Sysmon/Operational</Channel>
      <Computer>win-admin-01.corp.local</Computer>
      <Security/>
    </System>
    <EventData>
    <Data Name="ArtifactEventId">artifact-sysmon-20260706-004643</Data>
    <Data Name="Image">C:\Windows\System32\robocopy.exe</Data>
    <Data Name="CommandLine">svchost.exe -k netsvcs</Data>
    <Data Name="User">CORP\svc_backup</Data>
    <Data Name="DestinationIp">10.20.30.41</Data>
    </EventData>
  </Event>
  <Event xmlns="http://schemas.microsoft.com/win/2004/08/events/event">
    <System>
      <Provider Name="Microsoft-Windows-Sysmon"/>
      <EventID>11</EventID>
      <Level>0</Level>
      <Task>0</Task>
      <Opcode>0</Opcode>
      <Keywords>0x8020000000000000</Keywords>
      <TimeCreated SystemTime="2026-07-02T06:35:56Z"/>
      <EventRecordID>551386</EventRecordID>
      <Channel>Microsoft-Windows-Sysmon/Operational</Channel>
      <Computer>finance-pc-07.corp.local</Computer>
      <Security/>
    </System>
    <EventData>
    <Data Name="ArtifactEventId">artifact-sysmon-20260706-008828</Data>
    <Data Name="Image">C:\Windows\System32\svchost.exe</Data>
    <Data Name="CommandLine">powershell.exe -NoP -Command Get-Process</Data>
    <Data Name="User">NT AUTHORITY\SYSTEM</Data>
    <Data Name="DestinationIp">10.20.40.10</Data>
    </EventData>
  </Event>
  <Event xmlns="http://schemas.microsoft.com/win/2004/08/events/event">
    <System>
      <Provider Name="Microsoft-Windows-Sysmon"/>
      <EventID>1</EventID>
      <Level>0</Level>
      <Task>0</Task>
      <Opcode>0</Opcode>
      <Keywords>0x8020000000000000</Keywords>
      <TimeCreated SystemTime="2026-07-02T06:36:08Z"/>
      <EventRecordID>933910</EventRecordID>
      <Channel>Microsoft-Windows-Sysmon/Operational</Channel>
      <Computer>finance-pc-07.corp.local</Computer>
      <Security/>
    </System>
    <EventData>
    <Data Name="ArtifactEventId">artifact-sysmon-20260706-007084</Data>
    <Data Name="Image">C:\Program Files\7-Zip\7z.exe</Data>
    <Data Name="CommandLine">cmd.exe /c whoami</Data>
    <Data Name="User">CORP\admin.li</Data>
    <Data Name="DestinationIp">10.20.40.10</Data>
    </EventData>
  </Event>
  <Event xmlns="http://schemas.microsoft.com/win/2004/08/events/event">
    <System>
      <Provider Name="Microsoft-Windows-Sysmon"/>
      <EventID>1</EventID>
      <Level>0</Level>
      <Task>0</Task>
      <Opcode>0</Opcode>
      <Keywords>0x8020000000000000</Keywords>
      <TimeCreated SystemTime="2026-07-02T06:37:38Z"/>
      <EventRecordID>196608</EventRecordID>
      <Channel>Microsoft-Windows-Sysmon/Operational</Channel>
      <Computer>ad-dc-01.corp.local</Computer>
      <Security/>
    </System>
    <EventData>
    <Data Name="ArtifactEventId">artifact-sysmon-20260706-002650</Data>
    <Data Name="Image">C:\Windows\System32\robocopy.exe</Data>
    <Data Name="CommandLine">svchost.exe -k netsvcs</Data>
    <Data Name="User">CORP\svc_backup</Data>
    <Data Name="DestinationIp">10.20.30.41</Data>
    </EventData>
  </Event>
  <Event xmlns="http://schemas.microsoft.com/win/2004/08/events/event">
    <System>
      <Provider Name="Microsoft-Windows-Sysmon"/>
      <EventID>7</EventID>
      <Level>0</Level>
      <Task>0</Task>
      <Opcode>0</Opcode>
      <Keywords>0x8020000000000000</Keywords>
      <TimeCreated SystemTime="2026-07-02T06:38:16Z"/>
      <EventRecordID>819914</EventRecordID>
      <Channel>Microsoft-Windows-Sysmon/Operational</Channel>
      <Computer>win-admin-01.corp.local</Computer>
      <Security/>
    </System>
    <EventData>
    <Data Name="ArtifactEventId">artifact-sysmon-20260706-004206</Data>
    <Data Name="Image">C:\Windows\System32\WindowsPowerShell\v1.0\powershell.exe</Data>
    <Data Name="CommandLine">7z.exe l archive.7z</Data>
    <Data Name="User">CORP\admin.li</Data>
    <Data Name="DestinationIp">10.20.30.41</Data>
    </EventData>
  </Event>
  <Event xmlns="http://schemas.microsoft.com/win/2004/08/events/event">
    <System>
      <Provider Name="Microsoft-Windows-Sysmon"/>
      <EventID>1</EventID>
      <Level>0</Level>
      <Task>0</Task>
      <Opcode>0</Opcode>
      <Keywords>0x8020000000000000</Keywords>
      <TimeCreated SystemTime="2026-07-02T06:38:28Z"/>
      <EventRecordID>587195</EventRecordID>
      <Channel>Microsoft-Windows-Sysmon/Operational</Channel>
      <Computer>file-srv-01.corp.local</Computer>
      <Security/>
    </System>
    <EventData>
    <Data Name="ArtifactEventId">artifact-sysmon-20260706-003983</Data>
    <Data Name="Image">C:\Windows\System32\robocopy.exe</Data>
    <Data Name="CommandLine">svchost.exe -k netsvcs</Data>
    <Data Name="User">CORP\chen.yu</Data>
    <Data Name="DestinationIp">10.20.30.41</Data>
    </EventData>
  </Event>
  <Event xmlns="http://schemas.microsoft.com/win/2004/08/events/event">
    <System>
      <Provider Name="Microsoft-Windows-Sysmon"/>
      <EventID>22</EventID>
      <Level>0</Level>
      <Task>0</Task>
      <Opcode>0</Opcode>
      <Keywords>0x8020000000000000</Keywords>
      <TimeCreated SystemTime="2026-07-02T06:39:25Z"/>
      <EventRecordID>474127</EventRecordID>
      <Channel>Microsoft-Windows-Sysmon/Operational</Channel>
      <Computer>win-admin-01.corp.local</Computer>
      <Security/>
    </System>
    <EventData>
    <Data Name="ArtifactEventId">artifact-sysmon-20260706-006528</Data>
    <Data Name="Image">C:\Windows\System32\cmd.exe</Data>
    <Data Name="CommandLine">svchost.exe -k netsvcs</Data>
    <Data Name="User">NT AUTHORITY\SYSTEM</Data>
    <Data Name="DestinationIp">10.20.40.10</Data>
    </EventData>
  </Event>
  <Event xmlns="http://schemas.microsoft.com/win/2004/08/events/event">
    <System>
      <Provider Name="Microsoft-Windows-Sysmon"/>
      <EventID>3</EventID>
      <Level>0</Level>
      <Task>0</Task>
      <Opcode>0</Opcode>
      <Keywords>0x8020000000000000</Keywords>
      <TimeCreated SystemTime="2026-07-02T06:39:59Z"/>
      <EventRecordID>405269</EventRecordID>
      <Channel>Microsoft-Windows-Sysmon/Operational</Channel>
      <Computer>win-admin-01.corp.local</Computer>
      <Security/>
    </System>
    <EventData>
    <Data Name="ArtifactEventId">artifact-sysmon-20260706-001820</Data>
    <Data Name="Image">C:\Windows\System32\cmd.exe</Data>
    <Data Name="CommandLine">7z.exe l archive.7z</Data>
    <Data Name="User">CORP\svc_backup</Data>
    <Data Name="DestinationIp">203.0.113.188</Data>
    </EventData>
  </Event>
  <Event xmlns="http://schemas.microsoft.com/win/2004/08/events/event">
    <System>
      <Provider Name="Microsoft-Windows-Sysmon"/>
      <EventID>3</EventID>
      <Level>0</Level>
      <Task>0</Task>
      <Opcode>0</Opcode>
      <Keywords>0x8020000000000000</Keywords>
      <TimeCreated SystemTime="2026-07-02T06:40:03Z"/>
      <EventRecordID>514583</EventRecordID>
      <Channel>Microsoft-Windows-Sysmon/Operational</Channel>
      <Computer>file-srv-01.corp.local</Computer>
      <Security/>
    </System>
    <EventData>
    <Data Name="ArtifactEventId">artifact-sysmon-20260706-002066</Data>
    <Data Name="Image">C:\Windows\System32\robocopy.exe</Data>
    <Data Name="CommandLine">cmd.exe /c whoami</Data>
    <Data Name="User">NT AUTHORITY\SYSTEM</Data>
    <Data Name="DestinationIp">10.20.40.10</Data>
    </EventData>
  </Event>
  <Event xmlns="http://schemas.microsoft.com/win/2004/08/events/event">
    <System>
      <Provider Name="Microsoft-Windows-Sysmon"/>
      <EventID>1</EventID>
      <Level>0</Level>
      <Task>0</Task>
      <Opcode>0</Opcode>
      <Keywords>0x8020000000000000</Keywords>
      <TimeCreated SystemTime="2026-07-02T06:41:55Z"/>
      <EventRecordID>155907</EventRecordID>
      <Channel>Microsoft-Windows-Sysmon/Operational</Channel>
      <Computer>win-admin-01.corp.local</Computer>
      <Security/>
    </System>
    <EventData>
    <Data Name="ArtifactEventId">artifact-sysmon-20260706-002701</Data>
    <Data Name="Image">C:\Windows\System32\svchost.exe</Data>
    <Data Name="CommandLine">robocopy.exe C:\Data D:\Backup</Data>
    <Data Name="User">NT AUTHORITY\SYSTEM</Data>
    <Data Name="DestinationIp">10.20.30.41</Data>
    </EventData>
  </Event>
  <Event xmlns="http://schemas.microsoft.com/win/2004/08/events/event">
    <System>
      <Provider Name="Microsoft-Windows-Sysmon"/>
      <EventID>1</EventID>
      <Level>0</Level>
      <Task>0</Task>
      <Opcode>0</Opcode>
      <Keywords>0x8020000000000000</Keywords>
      <TimeCreated SystemTime="2026-07-02T06:42:28Z"/>
      <EventRecordID>598038</EventRecordID>
      <Channel>Microsoft-Windows-Sysmon/Operational</Channel>
      <Computer>finance-pc-07.corp.local</Computer>
      <Security/>
    </System>
    <EventData>
    <Data Name="ArtifactEventId">artifact-sysmon-20260706-000817</Data>
    <Data Name="Image">C:\Windows\System32\robocopy.exe</Data>
    <Data Name="CommandLine">powershell.exe -NoP -Command Get-Process</Data>
    <Data Name="User">NT AUTHORITY\SYSTEM</Data>
    <Data Name="DestinationIp">10.20.40.10</Data>
    </EventData>
  </Event>
  <Event xmlns="http://schemas.microsoft.com/win/2004/08/events/event">
    <System>
      <Provider Name="Microsoft-Windows-Sysmon"/>
      <EventID>1</EventID>
      <Level>0</Level>
      <Task>0</Task>
      <Opcode>0</Opcode>
      <Keywords>0x8020000000000000</Keywords>
      <TimeCreated SystemTime="2026-07-02T06:43:17Z"/>
      <EventRecordID>512196</EventRecordID>
      <Channel>Microsoft-Windows-Sysmon/Operational</Channel>
      <Computer>ad-dc-01.corp.local</Computer>
      <Security/>
    </System>
    <EventData>
    <Data Name="ArtifactEventId">artifact-sysmon-20260706-000365</Data>
    <Data Name="Image">C:\Windows\System32\svchost.exe</Data>
    <Data Name="CommandLine">7z.exe l archive.7z</Data>
    <Data Name="User">CORP\chen.yu</Data>
    <Data Name="DestinationIp">203.0.113.188</Data>
    </EventData>
  </Event>
  <Event xmlns="http://schemas.microsoft.com/win/2004/08/events/event">
    <System>
      <Provider Name="Microsoft-Windows-Sysmon"/>
      <EventID>7</EventID>
      <Level>0</Level>
      <Task>0</Task>
      <Opcode>0</Opcode>
      <Keywords>0x8020000000000000</Keywords>
      <TimeCreated SystemTime="2026-07-02T06:43:17Z"/>
      <EventRecordID>835678</EventRecordID>
      <Channel>Microsoft-Windows-Sysmon/Operational</Channel>
      <Computer>file-srv-01.corp.local</Computer>
      <Security/>
    </System>
    <EventData>
    <Data Name="ArtifactEventId">artifact-sysmon-20260706-007010</Data>
    <Data Name="Image">C:\Windows\System32\robocopy.exe</Data>
    <Data Name="CommandLine">powershell.exe -NoP -Command Get-Process</Data>
    <Data Name="User">CORP\svc_backup</Data>
    <Data Name="DestinationIp">10.20.30.41</Data>
    </EventData>
  </Event>
  <Event xmlns="http://schemas.microsoft.com/win/2004/08/events/event">
    <System>
      <Provider Name="Microsoft-Windows-Sysmon"/>
      <EventID>7</EventID>
      <Level>0</Level>
      <Task>0</Task>
      <Opcode>0</Opcode>
      <Keywords>0x8020000000000000</Keywords>
      <TimeCreated SystemTime="2026-07-02T06:43:38Z"/>
      <EventRecordID>493308</EventRecordID>
      <Channel>Microsoft-Windows-Sysmon/Operational</Channel>
      <Computer>finance-pc-07.corp.local</Computer>
      <Security/>
    </System>
    <EventData>
    <Data Name="ArtifactEventId">artifact-sysmon-20260706-001385</Data>
    <Data Name="Image">C:\Program Files\7-Zip\7z.exe</Data>
    <Data Name="CommandLine">7z.exe l archive.7z</Data>
    <Data Name="User">CORP\svc_backup</Data>
    <Data Name="DestinationIp">10.20.30.41</Data>
    </EventData>
  </Event>
  <Event xmlns="http://schemas.microsoft.com/win/2004/08/events/event">
    <System>
      <Provider Name="Microsoft-Windows-Sysmon"/>
      <EventID>22</EventID>
      <Level>0</Level>
      <Task>0</Task>
      <Opcode>0</Opcode>
      <Keywords>0x8020000000000000</Keywords>
      <TimeCreated SystemTime="2026-07-02T06:45:23Z"/>
      <EventRecordID>272772</EventRecordID>
      <Channel>Microsoft-Windows-Sysmon/Operational</Channel>
      <Computer>finance-pc-07.corp.local</Computer>
      <Security/>
    </System>
    <EventData>
    <Data Name="ArtifactEventId">artifact-sysmon-20260706-002429</Data>
    <Data Name="Image">C:\Windows\System32\svchost.exe</Data>
    <Data Name="CommandLine">robocopy.exe C:\Data D:\Backup</Data>
    <Data Name="User">CORP\chen.yu</Data>
    <Data Name="DestinationIp">10.20.30.41</Data>
    </EventData>
  </Event>
  <Event xmlns="http://schemas.microsoft.com/win/2004/08/events/event">
    <System>
      <Provider Name="Microsoft-Windows-Sysmon"/>
      <EventID>22</EventID>
      <Level>0</Level>
      <Task>0</Task>
      <Opcode>0</Opcode>
      <Keywords>0x8020000000000000</Keywords>
      <TimeCreated SystemTime="2026-07-02T06:45:33Z"/>
      <EventRecordID>574625</EventRecordID>
      <Channel>Microsoft-Windows-Sysmon/Operational</Channel>
      <Computer>file-srv-01.corp.local</Computer>
      <Security/>
    </System>
    <EventData>
    <Data Name="ArtifactEventId">artifact-sysmon-20260706-007971</Data>
    <Data Name="Image">C:\Windows\System32\svchost.exe</Data>
    <Data Name="CommandLine">7z.exe l archive.7z</Data>
    <Data Name="User">CORP\chen.yu</Data>
    <Data Name="DestinationIp">10.20.40.10</Data>
    </EventData>
  </Event>
  <Event xmlns="http://schemas.microsoft.com/win/2004/08/events/event">
    <System>
      <Provider Name="Microsoft-Windows-Sysmon"/>
      <EventID>7</EventID>
      <Level>0</Level>
      <Task>0</Task>
      <Opcode>0</Opcode>
      <Keywords>0x8020000000000000</Keywords>
      <TimeCreated SystemTime="2026-07-02T06:48:08Z"/>
      <EventRecordID>334964</EventRecordID>
      <Channel>Microsoft-Windows-Sysmon/Operational</Channel>
      <Computer>win-admin-01.corp.local</Computer>
      <Security/>
    </System>
    <EventData>
    <Data Name="ArtifactEventId">artifact-sysmon-20260706-004370</Data>
    <Data Name="Image">C:\Windows\System32\WindowsPowerShell\v1.0\powershell.exe</Data>
    <Data Name="CommandLine">svchost.exe -k netsvcs</Data>
    <Data Name="User">CORP\svc_backup</Data>
    <Data Name="DestinationIp">10.20.30.41</Data>
    </EventData>
  </Event>
  <Event xmlns="http://schemas.microsoft.com/win/2004/08/events/event">
    <System>
      <Provider Name="Microsoft-Windows-Sysmon"/>
      <EventID>1</EventID>
      <Level>0</Level>
      <Task>0</Task>
      <Opcode>0</Opcode>
      <Keywords>0x8020000000000000</Keywords>
      <TimeCreated SystemTime="2026-07-02T06:48:28Z"/>
      <EventRecordID>357368</EventRecordID>
      <Channel>Microsoft-Windows-Sysmon/Operational</Channel>
      <Computer>win-admin-01.corp.local</Computer>
      <Security/>
    </System>
    <EventData>
    <Data Name="ArtifactEventId">artifact-sysmon-20260706-008639</Data>
    <Data Name="Image">C:\Windows\System32\robocopy.exe</Data>
    <Data Name="CommandLine">cmd.exe /c whoami</Data>
    <Data Name="User">CORP\admin.li</Data>
    <Data Name="DestinationIp">203.0.113.188</Data>
    </EventData>
  </Event>
  <Event xmlns="http://schemas.microsoft.com/win/2004/08/events/event">
    <System>
      <Provider Name="Microsoft-Windows-Sysmon"/>
      <EventID>11</EventID>
      <Level>0</Level>
      <Task>0</Task>
      <Opcode>0</Opcode>
      <Keywords>0x8020000000000000</Keywords>
      <TimeCreated SystemTime="2026-07-02T06:50:58Z"/>
      <EventRecordID>339608</EventRecordID>
      <Channel>Microsoft-Windows-Sysmon/Operational</Channel>
      <Computer>win-admin-01.corp.local</Computer>
      <Security/>
    </System>
    <EventData>
    <Data Name="ArtifactEventId">artifact-sysmon-20260706-008463</Data>
    <Data Name="Image">C:\Program Files\7-Zip\7z.exe</Data>
    <Data Name="CommandLine">robocopy.exe C:\Data D:\Backup</Data>
    <Data Name="User">CORP\svc_backup</Data>
    <Data Name="DestinationIp">10.20.30.41</Data>
    </EventData>
  </Event>
  <Event xmlns="http://schemas.microsoft.com/win/2004/08/events/event">
    <System>
      <Provider Name="Microsoft-Windows-Sysmon"/>
      <EventID>1</EventID>
      <Level>0</Level>
      <Task>0</Task>
      <Opcode>0</Opcode>
      <Keywords>0x8020000000000000</Keywords>
      <TimeCreated SystemTime="2026-07-02T06:51:25Z"/>
      <EventRecordID>172052</EventRecordID>
      <Channel>Microsoft-Windows-Sysmon/Operational</Channel>
      <Computer>ad-dc-01.corp.local</Computer>
      <Security/>
    </System>
    <EventData>
    <Data Name="ArtifactEventId">artifact-sysmon-20260706-001658</Data>
    <Data Name="Image">C:\Windows\System32\robocopy.exe</Data>
    <Data Name="CommandLine">7z.exe l archive.7z</Data>
    <Data Name="User">CORP\admin.li</Data>
    <Data Name="DestinationIp">10.20.40.10</Data>
    </EventData>
  </Event>
  <Event xmlns="http://schemas.microsoft.com/win/2004/08/events/event">
    <System>
      <Provider Name="Microsoft-Windows-Sysmon"/>
      <EventID>22</EventID>
      <Level>0</Level>
      <Task>0</Task>
      <Opcode>0</Opcode>
      <Keywords>0x8020000000000000</Keywords>
      <TimeCreated SystemTime="2026-07-02T06:52:43Z"/>
      <EventRecordID>149583</EventRecordID>
      <Channel>Microsoft-Windows-Sysmon/Operational</Channel>
      <Computer>ad-dc-01.corp.local</Computer>
      <Security/>
    </System>
    <EventData>
    <Data Name="ArtifactEventId">artifact-sysmon-20260706-004540</Data>
    <Data Name="Image">C:\Windows\System32\cmd.exe</Data>
    <Data Name="CommandLine">cmd.exe /c whoami</Data>
    <Data Name="User">CORP\chen.yu</Data>
    <Data Name="DestinationIp">10.20.30.41</Data>
    </EventData>
  </Event>
  <Event xmlns="http://schemas.microsoft.com/win/2004/08/events/event">
    <System>
      <Provider Name="Microsoft-Windows-Sysmon"/>
      <EventID>1</EventID>
      <Level>0</Level>
      <Task>0</Task>
      <Opcode>0</Opcode>
      <Keywords>0x8020000000000000</Keywords>
      <TimeCreated SystemTime="2026-07-02T06:52:55Z"/>
      <EventRecordID>855602</EventRecordID>
      <Channel>Microsoft-Windows-Sysmon/Operational</Channel>
      <Computer>file-srv-01.corp.local</Computer>
      <Security/>
    </System>
    <EventData>
    <Data Name="ArtifactEventId">artifact-sysmon-20260706-008274</Data>
    <Data Name="Image">C:\Windows\System32\svchost.exe</Data>
    <Data Name="CommandLine">powershell.exe -NoP -Command Get-Process</Data>
    <Data Name="User">CORP\chen.yu</Data>
    <Data Name="DestinationIp">203.0.113.188</Data>
    </EventData>
  </Event>
  <Event xmlns="http://schemas.microsoft.com/win/2004/08/events/event">
    <System>
      <Provider Name="Microsoft-Windows-Sysmon"/>
      <EventID>11</EventID>
      <Level>0</Level>
      <Task>0</Task>
      <Opcode>0</Opcode>
      <Keywords>0x8020000000000000</Keywords>
      <TimeCreated SystemTime="2026-07-02T06:54:09Z"/>
      <EventRecordID>409735</EventRecordID>
      <Channel>Microsoft-Windows-Sysmon/Operational</Channel>
      <Computer>finance-pc-07.corp.local</Computer>
      <Security/>
    </System>
    <EventData>
    <Data Name="ArtifactEventId">artifact-sysmon-20260706-003514</Data>
    <Data Name="Image">C:\Windows\System32\cmd.exe</Data>
    <Data Name="CommandLine">powershell.exe -NoP -Command Get-Process</Data>
    <Data Name="User">CORP\admin.li</Data>
    <Data Name="DestinationIp">10.20.30.41</Data>
    </EventData>
  </Event>
  <Event xmlns="http://schemas.microsoft.com/win/2004/08/events/event">
    <System>
      <Provider Name="Microsoft-Windows-Sysmon"/>
      <EventID>22</EventID>
      <Level>0</Level>
      <Task>0</Task>
      <Opcode>0</Opcode>
      <Keywords>0x8020000000000000</Keywords>
      <TimeCreated SystemTime="2026-07-02T06:55:15Z"/>
      <EventRecordID>237405</EventRecordID>
      <Channel>Microsoft-Windows-Sysmon/Operational</Channel>
      <Computer>finance-pc-07.corp.local</Computer>
      <Security/>
    </System>
    <EventData>
    <Data Name="ArtifactEventId">artifact-sysmon-20260706-004566</Data>
    <Data Name="Image">C:\Windows\System32\robocopy.exe</Data>
    <Data Name="CommandLine">robocopy.exe C:\Data D:\Backup</Data>
    <Data Name="User">CORP\svc_backup</Data>
    <Data Name="DestinationIp">203.0.113.188</Data>
    </EventData>
  </Event>
  <Event xmlns="http://schemas.microsoft.com/win/2004/08/events/event">
    <System>
      <Provider Name="Microsoft-Windows-Sysmon"/>
      <EventID>7</EventID>
      <Level>0</Level>
      <Task>0</Task>
      <Opcode>0</Opcode>
      <Keywords>0x8020000000000000</Keywords>
      <TimeCreated SystemTime="2026-07-02T06:55:55Z"/>
      <EventRecordID>543094</EventRecordID>
      <Channel>Microsoft-Windows-Sysmon/Operational</Channel>
      <Computer>win-admin-01.corp.local</Computer>
      <Security/>
    </System>
    <EventData>
    <Data Name="ArtifactEventId">artifact-sysmon-20260706-008646</Data>
    <Data Name="Image">C:\Windows\System32\cmd.exe</Data>
    <Data Name="CommandLine">7z.exe l archive.7z</Data>
    <Data Name="User">CORP\svc_backup</Data>
    <Data Name="DestinationIp">10.20.40.10</Data>
    </EventData>
  </Event>
  <Event xmlns="http://schemas.microsoft.com/win/2004/08/events/event">
    <System>
      <Provider Name="Microsoft-Windows-Sysmon"/>
      <EventID>1</EventID>
      <Level>0</Level>
      <Task>0</Task>
      <Opcode>0</Opcode>
      <Keywords>0x8020000000000000</Keywords>
      <TimeCreated SystemTime="2026-07-02T06:56:23Z"/>
      <EventRecordID>468800</EventRecordID>
      <Channel>Microsoft-Windows-Sysmon/Operational</Channel>
      <Computer>file-srv-01.corp.local</Computer>
      <Security/>
    </System>
    <EventData>
    <Data Name="ArtifactEventId">artifact-sysmon-20260706-004293</Data>
    <Data Name="Image">C:\Program Files\7-Zip\7z.exe</Data>
    <Data Name="CommandLine">cmd.exe /c whoami</Data>
    <Data Name="User">CORP\svc_backup</Data>
    <Data Name="DestinationIp">203.0.113.188</Data>
    </EventData>
  </Event>
  <Event xmlns="http://schemas.microsoft.com/win/2004/08/events/event">
    <System>
      <Provider Name="Microsoft-Windows-Sysmon"/>
      <EventID>1</EventID>
      <Level>0</Level>
      <Task>0</Task>
      <Opcode>0</Opcode>
      <Keywords>0x8020000000000000</Keywords>
      <TimeCreated SystemTime="2026-07-02T06:57:32Z"/>
      <EventRecordID>335103</EventRecordID>
      <Channel>Microsoft-Windows-Sysmon/Operational</Channel>
      <Computer>finance-pc-07.corp.local</Computer>
      <Security/>
    </System>
    <EventData>
    <Data Name="ArtifactEventId">artifact-sysmon-20260706-000425</Data>
    <Data Name="Image">C:\Windows\System32\robocopy.exe</Data>
    <Data Name="CommandLine">cmd.exe /c whoami</Data>
    <Data Name="User">NT AUTHORITY\SYSTEM</Data>
    <Data Name="DestinationIp">10.20.40.10</Data>
    </EventData>
  </Event>
  <Event xmlns="http://schemas.microsoft.com/win/2004/08/events/event">
    <System>
      <Provider Name="Microsoft-Windows-Sysmon"/>
      <EventID>1</EventID>
      <Level>0</Level>
      <Task>0</Task>
      <Opcode>0</Opcode>
      <Keywords>0x8020000000000000</Keywords>
      <TimeCreated SystemTime="2026-07-02T06:59:27Z"/>
      <EventRecordID>871320</EventRecordID>
      <Channel>Microsoft-Windows-Sysmon/Operational</Channel>
      <Computer>win-admin-01.corp.local</Computer>
      <Security/>
    </System>
    <EventData>
    <Data Name="ArtifactEventId">artifact-sysmon-20260706-000013</Data>
    <Data Name="Image">C:\Windows\System32\robocopy.exe</Data>
    <Data Name="CommandLine">cmd.exe /c whoami</Data>
    <Data Name="User">CORP\chen.yu</Data>
    <Data Name="DestinationIp">10.20.40.10</Data>
    </EventData>
  </Event>
  <Event xmlns="http://schemas.microsoft.com/win/2004/08/events/event">
    <System>
      <Provider Name="Microsoft-Windows-Sysmon"/>
      <EventID>3</EventID>
      <Level>0</Level>
      <Task>0</Task>
      <Opcode>0</Opcode>
      <Keywords>0x8020000000000000</Keywords>
      <TimeCreated SystemTime="2026-07-02T06:59:33Z"/>
      <EventRecordID>982717</EventRecordID>
      <Channel>Microsoft-Windows-Sysmon/Operational</Channel>
      <Computer>ad-dc-01.corp.local</Computer>
      <Security/>
    </System>
    <EventData>
    <Data Name="ArtifactEventId">artifact-sysmon-20260706-001375</Data>
    <Data Name="Image">C:\Windows\System32\WindowsPowerShell\v1.0\powershell.exe</Data>
    <Data Name="CommandLine">robocopy.exe C:\Data D:\Backup</Data>
    <Data Name="User">CORP\admin.li</Data>
    <Data Name="DestinationIp">203.0.113.188</Data>
    </EventData>
  </Event>
  <Event xmlns="http://schemas.microsoft.com/win/2004/08/events/event">
    <System>
      <Provider Name="Microsoft-Windows-Sysmon"/>
      <EventID>11</EventID>
      <Level>0</Level>
      <Task>0</Task>
      <Opcode>0</Opcode>
      <Keywords>0x8020000000000000</Keywords>
      <TimeCreated SystemTime="2026-07-02T06:59:45Z"/>
      <EventRecordID>982027</EventRecordID>
      <Channel>Microsoft-Windows-Sysmon/Operational</Channel>
      <Computer>ad-dc-01.corp.local</Computer>
      <Security/>
    </System>
    <EventData>
    <Data Name="ArtifactEventId">artifact-sysmon-20260706-000673</Data>
    <Data Name="Image">C:\Windows\System32\svchost.exe</Data>
    <Data Name="CommandLine">svchost.exe -k netsvcs</Data>
    <Data Name="User">NT AUTHORITY\SYSTEM</Data>
    <Data Name="DestinationIp">203.0.113.188</Data>
    </EventData>
  </Event>
  <Event xmlns="http://schemas.microsoft.com/win/2004/08/events/event">
    <System>
      <Provider Name="Microsoft-Windows-Sysmon"/>
      <EventID>1</EventID>
      <Level>0</Level>
      <Task>0</Task>
      <Opcode>0</Opcode>
      <Keywords>0x8020000000000000</Keywords>
      <TimeCreated SystemTime="2026-07-02T07:00:29Z"/>
      <EventRecordID>603946</EventRecordID>
      <Channel>Microsoft-Windows-Sysmon/Operational</Channel>
      <Computer>finance-pc-07.corp.local</Computer>
      <Security/>
    </System>
    <EventData>
    <Data Name="ArtifactEventId">artifact-sysmon-20260706-006787</Data>
    <Data Name="Image">C:\Windows\System32\svchost.exe</Data>
    <Data Name="CommandLine">robocopy.exe C:\Data D:\Backup</Data>
    <Data Name="User">CORP\chen.yu</Data>
    <Data Name="DestinationIp">10.20.30.41</Data>
    </EventData>
  </Event>
  <Event xmlns="http://schemas.microsoft.com/win/2004/08/events/event">
    <System>
      <Provider Name="Microsoft-Windows-Sysmon"/>
      <EventID>11</EventID>
      <Level>0</Level>
      <Task>0</Task>
      <Opcode>0</Opcode>
      <Keywords>0x8020000000000000</Keywords>
      <TimeCreated SystemTime="2026-07-02T07:01:16Z"/>
      <EventRecordID>474384</EventRecordID>
      <Channel>Microsoft-Windows-Sysmon/Operational</Channel>
      <Computer>file-srv-01.corp.local</Computer>
      <Security/>
    </System>
    <EventData>
    <Data Name="ArtifactEventId">artifact-sysmon-20260706-002191</Data>
    <Data Name="Image">C:\Windows\System32\svchost.exe</Data>
    <Data Name="CommandLine">powershell.exe -NoP -Command Get-Process</Data>
    <Data Name="User">CORP\admin.li</Data>
    <Data Name="DestinationIp">203.0.113.188</Data>
    </EventData>
  </Event>
  <Event xmlns="http://schemas.microsoft.com/win/2004/08/events/event">
    <System>
      <Provider Name="Microsoft-Windows-Sysmon"/>
      <EventID>22</EventID>
      <Level>0</Level>
      <Task>0</Task>
      <Opcode>0</Opcode>
      <Keywords>0x8020000000000000</Keywords>
      <TimeCreated SystemTime="2026-07-02T07:04:48Z"/>
      <EventRecordID>146532</EventRecordID>
      <Channel>Microsoft-Windows-Sysmon/Operational</Channel>
      <Computer>finance-pc-07.corp.local</Computer>
      <Security/>
    </System>
    <EventData>
    <Data Name="ArtifactEventId">artifact-sysmon-20260706-004016</Data>
    <Data Name="Image">C:\Windows\System32\svchost.exe</Data>
    <Data Name="CommandLine">robocopy.exe C:\Data D:\Backup</Data>
    <Data Name="User">NT AUTHORITY\SYSTEM</Data>
    <Data Name="DestinationIp">10.20.30.41</Data>
    </EventData>
  </Event>
  <Event xmlns="http://schemas.microsoft.com/win/2004/08/events/event">
    <System>
      <Provider Name="Microsoft-Windows-Sysmon"/>
      <EventID>11</EventID>
      <Level>0</Level>
      <Task>0</Task>
      <Opcode>0</Opcode>
      <Keywords>0x8020000000000000</Keywords>
      <TimeCreated SystemTime="2026-07-02T07:05:26Z"/>
      <EventRecordID>573168</EventRecordID>
      <Channel>Microsoft-Windows-Sysmon/Operational</Channel>
      <Computer>file-srv-01.corp.local</Computer>
      <Security/>
    </System>
    <EventData>
    <Data Name="ArtifactEventId">artifact-sysmon-20260706-001937</Data>
    <Data Name="Image">C:\Windows\System32\WindowsPowerShell\v1.0\powershell.exe</Data>
    <Data Name="CommandLine">7z.exe l archive.7z</Data>
    <Data Name="User">CORP\svc_backup</Data>
    <Data Name="DestinationIp">10.20.40.10</Data>
    </EventData>
  </Event>
  <Event xmlns="http://schemas.microsoft.com/win/2004/08/events/event">
    <System>
      <Provider Name="Microsoft-Windows-Sysmon"/>
      <EventID>22</EventID>
      <Level>0</Level>
      <Task>0</Task>
      <Opcode>0</Opcode>
      <Keywords>0x8020000000000000</Keywords>
      <TimeCreated SystemTime="2026-07-02T07:05:34Z"/>
      <EventRecordID>757226</EventRecordID>
      <Channel>Microsoft-Windows-Sysmon/Operational</Channel>
      <Computer>win-admin-01.corp.local</Computer>
      <Security/>
    </System>
    <EventData>
    <Data Name="ArtifactEventId">artifact-sysmon-20260706-000259</Data>
    <Data Name="Image">C:\Windows\System32\svchost.exe</Data>
    <Data Name="CommandLine">svchost.exe -k netsvcs</Data>
    <Data Name="User">NT AUTHORITY\SYSTEM</Data>
    <Data Name="DestinationIp">10.20.40.10</Data>
    </EventData>
  </Event>
  <Event xmlns="http://schemas.microsoft.com/win/2004/08/events/event">
    <System>
      <Provider Name="Microsoft-Windows-Sysmon"/>
      <EventID>22</EventID>
      <Level>0</Level>
      <Task>0</Task>
      <Opcode>0</Opcode>
      <Keywords>0x8020000000000000</Keywords>
      <TimeCreated SystemTime="2026-07-02T07:05:42Z"/>
      <EventRecordID>205596</EventRecordID>
      <Channel>Microsoft-Windows-Sysmon/Operational</Channel>
      <Computer>finance-pc-07.corp.local</Computer>
      <Security/>
    </System>
    <EventData>
    <Data Name="ArtifactEventId">artifact-sysmon-20260706-004405</Data>
    <Data Name="Image">C:\Windows\System32\svchost.exe</Data>
    <Data Name="CommandLine">svchost.exe -k netsvcs</Data>
    <Data Name="User">NT AUTHORITY\SYSTEM</Data>
    <Data Name="DestinationIp">203.0.113.188</Data>
    </EventData>
  </Event>
  <Event xmlns="http://schemas.microsoft.com/win/2004/08/events/event">
    <System>
      <Provider Name="Microsoft-Windows-Sysmon"/>
      <EventID>1</EventID>
      <Level>0</Level>
      <Task>0</Task>
      <Opcode>0</Opcode>
      <Keywords>0x8020000000000000</Keywords>
      <TimeCreated SystemTime="2026-07-02T07:06:10Z"/>
      <EventRecordID>372377</EventRecordID>
      <Channel>Microsoft-Windows-Sysmon/Operational</Channel>
      <Computer>finance-pc-07.corp.local</Computer>
      <Security/>
    </System>
    <EventData>
    <Data Name="ArtifactEventId">artifact-sysmon-20260706-008088</Data>
    <Data Name="Image">C:\Windows\System32\WindowsPowerShell\v1.0\powershell.exe</Data>
    <Data Name="CommandLine">cmd.exe /c whoami</Data>
    <Data Name="User">CORP\admin.li</Data>
    <Data Name="DestinationIp">10.20.40.10</Data>
    </EventData>
  </Event>
  <Event xmlns="http://schemas.microsoft.com/win/2004/08/events/event">
    <System>
      <Provider Name="Microsoft-Windows-Sysmon"/>
      <EventID>7</EventID>
      <Level>0</Level>
      <Task>0</Task>
      <Opcode>0</Opcode>
      <Keywords>0x8020000000000000</Keywords>
      <TimeCreated SystemTime="2026-07-02T07:07:07Z"/>
      <EventRecordID>863161</EventRecordID>
      <Channel>Microsoft-Windows-Sysmon/Operational</Channel>
      <Computer>file-srv-01.corp.local</Computer>
      <Security/>
    </System>
    <EventData>
    <Data Name="ArtifactEventId">artifact-sysmon-20260706-008754</Data>
    <Data Name="Image">C:\Windows\System32\cmd.exe</Data>
    <Data Name="CommandLine">cmd.exe /c whoami</Data>
    <Data Name="User">CORP\admin.li</Data>
    <Data Name="DestinationIp">203.0.113.188</Data>
    </EventData>
  </Event>
  <Event xmlns="http://schemas.microsoft.com/win/2004/08/events/event">
    <System>
      <Provider Name="Microsoft-Windows-Sysmon"/>
      <EventID>1</EventID>
      <Level>0</Level>
      <Task>0</Task>
      <Opcode>0</Opcode>
      <Keywords>0x8020000000000000</Keywords>
      <TimeCreated SystemTime="2026-07-02T07:07:10Z"/>
      <EventRecordID>927719</EventRecordID>
      <Channel>Microsoft-Windows-Sysmon/Operational</Channel>
      <Computer>win-admin-01.corp.local</Computer>
      <Security/>
    </System>
    <EventData>
    <Data Name="ArtifactEventId">artifact-sysmon-20260706-007250</Data>
    <Data Name="Image">C:\Windows\System32\cmd.exe</Data>
    <Data Name="CommandLine">svchost.exe -k netsvcs</Data>
    <Data Name="User">CORP\chen.yu</Data>
    <Data Name="DestinationIp">10.20.30.41</Data>
    </EventData>
  </Event>
  <Event xmlns="http://schemas.microsoft.com/win/2004/08/events/event">
    <System>
      <Provider Name="Microsoft-Windows-Sysmon"/>
      <EventID>1</EventID>
      <Level>0</Level>
      <Task>0</Task>
      <Opcode>0</Opcode>
      <Keywords>0x8020000000000000</Keywords>
      <TimeCreated SystemTime="2026-07-02T07:07:48Z"/>
      <EventRecordID>606042</EventRecordID>
      <Channel>Microsoft-Windows-Sysmon/Operational</Channel>
      <Computer>file-srv-01.corp.local</Computer>
      <Security/>
    </System>
    <EventData>
    <Data Name="ArtifactEventId">artifact-sysmon-20260706-003290</Data>
    <Data Name="Image">C:\Windows\System32\cmd.exe</Data>
    <Data Name="CommandLine">7z.exe l archive.7z</Data>
    <Data Name="User">NT AUTHORITY\SYSTEM</Data>
    <Data Name="DestinationIp">10.20.30.41</Data>
    </EventData>
  </Event>
  <Event xmlns="http://schemas.microsoft.com/win/2004/08/events/event">
    <System>
      <Provider Name="Microsoft-Windows-Sysmon"/>
      <EventID>1</EventID>
      <Level>0</Level>
      <Task>0</Task>
      <Opcode>0</Opcode>
      <Keywords>0x8020000000000000</Keywords>
      <TimeCreated SystemTime="2026-07-02T07:07:48Z"/>
      <EventRecordID>483008</EventRecordID>
      <Channel>Microsoft-Windows-Sysmon/Operational</Channel>
      <Computer>file-srv-01.corp.local</Computer>
      <Security/>
    </System>
    <EventData>
    <Data Name="ArtifactEventId">artifact-sysmon-20260706-006773</Data>
    <Data Name="Image">C:\Windows\System32\robocopy.exe</Data>
    <Data Name="CommandLine">robocopy.exe C:\Data D:\Backup</Data>
    <Data Name="User">CORP\svc_backup</Data>
    <Data Name="DestinationIp">203.0.113.188</Data>
    </EventData>
  </Event>
  <Event xmlns="http://schemas.microsoft.com/win/2004/08/events/event">
    <System>
      <Provider Name="Microsoft-Windows-Sysmon"/>
      <EventID>3</EventID>
      <Level>0</Level>
      <Task>0</Task>
      <Opcode>0</Opcode>
      <Keywords>0x8020000000000000</Keywords>
      <TimeCreated SystemTime="2026-07-02T07:07:55Z"/>
      <EventRecordID>129934</EventRecordID>
      <Channel>Microsoft-Windows-Sysmon/Operational</Channel>
      <Computer>file-srv-01.corp.local</Computer>
      <Security/>
    </System>
    <EventData>
    <Data Name="ArtifactEventId">artifact-sysmon-20260706-000324</Data>
    <Data Name="Image">C:\Windows\System32\robocopy.exe</Data>
    <Data Name="CommandLine">robocopy.exe C:\Data D:\Backup</Data>
    <Data Name="User">CORP\svc_backup</Data>
    <Data Name="DestinationIp">10.20.30.41</Data>
    </EventData>
  </Event>
  <Event xmlns="http://schemas.microsoft.com/win/2004/08/events/event">
    <System>
      <Provider Name="Microsoft-Windows-Sysmon"/>
      <EventID>1</EventID>
      <Level>0</Level>
      <Task>0</Task>
      <Opcode>0</Opcode>
      <Keywords>0x8020000000000000</Keywords>
      <TimeCreated SystemTime="2026-07-02T07:08:26Z"/>
      <EventRecordID>585976</EventRecordID>
      <Channel>Microsoft-Windows-Sysmon/Operational</Channel>
      <Computer>ad-dc-01.corp.local</Computer>
      <Security/>
    </System>
    <EventData>
    <Data Name="ArtifactEventId">artifact-sysmon-20260706-003508</Data>
    <Data Name="Image">C:\Windows\System32\WindowsPowerShell\v1.0\powershell.exe</Data>
    <Data Name="CommandLine">cmd.exe /c whoami</Data>
    <Data Name="User">CORP\svc_backup</Data>
    <Data Name="DestinationIp">10.20.40.10</Data>
    </EventData>
  </Event>
  